{"C:/Users/Administrator/AppData/Local/Temp/deploy-20250824194733/private/src/db/index.ts": {"path":"C:/Users/Administrator/AppData/Local/Temp/deploy-20250824194733/private/src/db/index.ts","statementMap":{"0":{"start":{"line":5,"column":2},"end":{"line":5,"column":null}}},"fnMap":{"0":{"name":"getDb","decl":{"start":{"line":4,"column":16},"end":{"line":4,"column":22}},"loc":{"start":{"line":4,"column":32},"end":{"line":6,"column":null}}}},"branchMap":{},"s":{"0":18},"f":{"0":18},"b":{}}
,"C:/Users/Administrator/AppData/Local/Temp/deploy-20250824194733/private/src/durable-objects/ai-embeddings.ts": {"path":"C:/Users/Administrator/AppData/Local/Temp/deploy-20250824194733/private/src/durable-objects/ai-embeddings.ts","statementMap":{"0":{"start":{"line":41,"column":36},"end":{"line":43,"column":null}},"1":{"start":{"line":46,"column":4},"end":{"line":46,"column":null}},"2":{"start":{"line":52,"column":18},"end":{"line":52,"column":null}},"3":{"start":{"line":53,"column":21},"end":{"line":61,"column":null}},"4":{"start":{"line":64,"column":26},"end":{"line":70,"column":null}},"5":{"start":{"line":72,"column":4},"end":{"line":77,"column":null}},"6":{"start":{"line":80,"column":4},"end":{"line":80,"column":null}},"7":{"start":{"line":89,"column":18},"end":{"line":89,"column":null}},"8":{"start":{"line":92,"column":21},"end":{"line":100,"column":null}},"9":{"start":{"line":103,"column":26},"end":{"line":109,"column":null}},"10":{"start":{"line":111,"column":4},"end":{"line":116,"column":null}},"11":{"start":{"line":118,"column":4},"end":{"line":118,"column":null}},"12":{"start":{"line":123,"column":4},"end":{"line":123,"column":null}},"13":{"start":{"line":127,"column":21},"end":{"line":127,"column":null}},"14":{"start":{"line":128,"column":19},"end":{"line":128,"column":null}},"15":{"start":{"line":129,"column":4},"end":{"line":129,"column":null}},"16":{"start":{"line":137,"column":18},"end":{"line":137,"column":null}},"17":{"start":{"line":138,"column":21},"end":{"line":146,"column":null}},"18":{"start":{"line":149,"column":26},"end":{"line":155,"column":null}},"19":{"start":{"line":157,"column":4},"end":{"line":162,"column":null}},"20":{"start":{"line":165,"column":4},"end":{"line":165,"column":null}},"21":{"start":{"line":176,"column":4},"end":{"line":198,"column":null}}},"fnMap":{"0":{"name":"(anonymous_0)","decl":{"start":{"line":45,"column":2},"end":{"line":45,"column":14}},"loc":{"start":{"line":45,"column":49},"end":{"line":47,"column":null}}},"1":{"name":"(anonymous_1)","decl":{"start":{"line":50,"column":2},"end":{"line":50,"column":8}},"loc":{"start":{"line":50,"column":120},"end":{"line":81,"column":null}}},"2":{"name":"(anonymous_2)","decl":{"start":{"line":84,"column":2},"end":{"line":84,"column":8}},"loc":{"start":{"line":88,"column":5},"end":{"line":119,"column":null}}},"3":{"name":"(anonymous_3)","decl":{"start":{"line":122,"column":2},"end":{"line":122,"column":8}},"loc":{"start":{"line":122,"column":67},"end":{"line":124,"column":null}}},"4":{"name":"(anonymous_4)","decl":{"start":{"line":126,"column":2},"end":{"line":126,"column":8}},"loc":{"start":{"line":126,"column":46},"end":{"line":130,"column":null}}},"5":{"name":"(anonymous_5)","decl":{"start":{"line":132,"column":2},"end":{"line":132,"column":8}},"loc":{"start":{"line":135,"column":89},"end":{"line":166,"column":null}}},"6":{"name":"(anonymous_6)","decl":{"start":{"line":169,"column":2},"end":{"line":169,"column":8}},"loc":{"start":{"line":175,"column":6},"end":{"line":199,"column":null}}}},"branchMap":{"0":{"loc":{"start":{"line":57,"column":15},"end":{"line":57,"column":null}},"type":"binary-expr","locations":[{"start":{"line":57,"column":15},"end":{"line":57,"column":24}},{"start":{"line":57,"column":24},"end":{"line":57,"column":null}}]},"1":{"loc":{"start":{"line":96,"column":15},"end":{"line":96,"column":null}},"type":"binary-expr","locations":[{"start":{"line":96,"column":15},"end":{"line":96,"column":24}},{"start":{"line":96,"column":24},"end":{"line":96,"column":null}}]},"2":{"loc":{"start":{"line":97,"column":19},"end":{"line":97,"column":null}},"type":"binary-expr","locations":[{"start":{"line":97,"column":19},"end":{"line":97,"column":41}},{"start":{"line":97,"column":41},"end":{"line":97,"column":null}}]},"3":{"loc":{"start":{"line":98,"column":25},"end":{"line":98,"column":null}},"type":"binary-expr","locations":[{"start":{"line":98,"column":25},"end":{"line":98,"column":53}},{"start":{"line":98,"column":53},"end":{"line":98,"column":null}}]},"4":{"loc":{"start":{"line":142,"column":15},"end":{"line":142,"column":null}},"type":"binary-expr","locations":[{"start":{"line":142,"column":15},"end":{"line":142,"column":24}},{"start":{"line":142,"column":24},"end":{"line":142,"column":null}}]},"5":{"loc":{"start":{"line":143,"column":19},"end":{"line":143,"column":null}},"type":"binary-expr","locations":[{"start":{"line":143,"column":19},"end":{"line":143,"column":41}},{"start":{"line":143,"column":41},"end":{"line":143,"column":null}}]},"6":{"loc":{"start":{"line":144,"column":25},"end":{"line":144,"column":null}},"type":"binary-expr","locations":[{"start":{"line":144,"column":25},"end":{"line":144,"column":53}},{"start":{"line":144,"column":53},"end":{"line":144,"column":null}}]}},"s":{"0":11,"1":11,"2":2,"3":2,"4":2,"5":2,"6":2,"7":2,"8":2,"9":2,"10":2,"11":2,"12":2,"13":1,"14":1,"15":1,"16":2,"17":2,"18":2,"19":2,"20":2,"21":1},"f":{"0":11,"1":2,"2":2,"3":2,"4":1,"5":2,"6":1},"b":{"0":[2,1],"1":[2,1],"2":[2,1],"3":[2,1],"4":[2,1],"5":[2,1],"6":[2,1]}}
,"C:/Users/Administrator/AppData/Local/Temp/deploy-20250824194733/private/src/durable-objects/notion-manager.ts": {"path":"C:/Users/Administrator/AppData/Local/Temp/deploy-20250824194733/private/src/durable-objects/notion-manager.ts","statementMap":{"0":{"start":{"line":63,"column":37},"end":{"line":79,"column":null}},"1":{"start":{"line":82,"column":4},"end":{"line":82,"column":null}},"2":{"start":{"line":86,"column":4},"end":{"line":92,"column":null}},"3":{"start":{"line":87,"column":26},"end":{"line":87,"column":null}},"4":{"start":{"line":88,"column":6},"end":{"line":90,"column":null}},"5":{"start":{"line":89,"column":8},"end":{"line":89,"column":null}},"6":{"start":{"line":91,"column":6},"end":{"line":91,"column":null}},"7":{"start":{"line":93,"column":4},"end":{"line":93,"column":null}},"8":{"start":{"line":97,"column":4},"end":{"line":97,"column":null}},"9":{"start":{"line":109,"column":18},"end":{"line":109,"column":null}},"10":{"start":{"line":112,"column":21},"end":{"line":121,"column":null}},"11":{"start":{"line":124,"column":41},"end":{"line":140,"column":null}},"12":{"start":{"line":143,"column":4},"end":{"line":153,"column":null}},"13":{"start":{"line":156,"column":4},"end":{"line":162,"column":null}},"14":{"start":{"line":164,"column":4},"end":{"line":164,"column":null}},"15":{"start":{"line":184,"column":22},"end":{"line":184,"column":null}},"16":{"start":{"line":185,"column":24},"end":{"line":185,"column":null}},"17":{"start":{"line":186,"column":21},"end":{"line":186,"column":null}},"18":{"start":{"line":189,"column":4},"end":{"line":209,"column":null}},"19":{"start":{"line":190,"column":6},"end":{"line":208,"column":null}},"20":{"start":{"line":191,"column":23},"end":{"line":195,"column":null}},"21":{"start":{"line":197,"column":8},"end":{"line":201,"column":null}},"22":{"start":{"line":203,"column":8},"end":{"line":207,"column":null}},"23":{"start":{"line":212,"column":45},"end":{"line":226,"column":null}},"24":{"start":{"line":228,"column":4},"end":{"line":234,"column":null}},"25":{"start":{"line":236,"column":4},"end":{"line":236,"column":null}},"26":{"start":{"line":245,"column":16},"end":{"line":245,"column":null}},"27":{"start":{"line":246,"column":4},"end":{"line":246,"column":null}},"28":{"start":{"line":246,"column":14},"end":{"line":246,"column":null}},"29":{"start":{"line":248,"column":43},"end":{"line":254,"column":null}},"30":{"start":{"line":257,"column":4},"end":{"line":276,"column":null}},"31":{"start":{"line":279,"column":4},"end":{"line":286,"column":null}},"32":{"start":{"line":291,"column":4},"end":{"line":291,"column":null}},"33":{"start":{"line":296,"column":4},"end":{"line":296,"column":null}},"34":{"start":{"line":301,"column":4},"end":{"line":303,"column":null}},"35":{"start":{"line":302,"column":13},"end":{"line":302,"column":null}},"36":{"start":{"line":308,"column":4},"end":{"line":308,"column":null}},"37":{"start":{"line":315,"column":4},"end":{"line":321,"column":null}},"38":{"start":{"line":326,"column":4},"end":{"line":326,"column":null}},"39":{"start":{"line":331,"column":26},"end":{"line":331,"column":null}},"40":{"start":{"line":334,"column":15},"end":{"line":334,"column":null}},"41":{"start":{"line":337,"column":4},"end":{"line":343,"column":null}},"42":{"start":{"line":338,"column":25},"end":{"line":338,"column":null}},"43":{"start":{"line":339,"column":6},"end":{"line":342,"column":null}},"44":{"start":{"line":340,"column":8},"end":{"line":340,"column":null}},"45":{"start":{"line":341,"column":8},"end":{"line":341,"column":null}},"46":{"start":{"line":345,"column":4},"end":{"line":345,"column":null}},"47":{"start":{"line":354,"column":26},"end":{"line":354,"column":null}},"48":{"start":{"line":357,"column":26},"end":{"line":357,"column":null}},"49":{"start":{"line":359,"column":4},"end":{"line":364,"column":null}},"50":{"start":{"line":360,"column":6},"end":{"line":363,"column":null}},"51":{"start":{"line":367,"column":19},"end":{"line":369,"column":null}},"52":{"start":{"line":372,"column":4},"end":{"line":374,"column":null}},"53":{"start":{"line":373,"column":6},"end":{"line":373,"column":null}},"54":{"start":{"line":376,"column":4},"end":{"line":376,"column":null}},"55":{"start":{"line":382,"column":19},"end":{"line":382,"column":null}},"56":{"start":{"line":383,"column":23},"end":{"line":383,"column":null}},"57":{"start":{"line":384,"column":17},"end":{"line":384,"column":null}},"58":{"start":{"line":385,"column":31},"end":{"line":385,"column":null}},"59":{"start":{"line":387,"column":4},"end":{"line":391,"column":null}},"60":{"start":{"line":388,"column":6},"end":{"line":390,"column":null}},"61":{"start":{"line":389,"column":8},"end":{"line":389,"column":null}},"62":{"start":{"line":393,"column":4},"end":{"line":395,"column":null}},"63":{"start":{"line":394,"column":6},"end":{"line":394,"column":null}},"64":{"start":{"line":397,"column":20},"end":{"line":397,"column":null}},"65":{"start":{"line":398,"column":4},"end":{"line":398,"column":null}},"66":{"start":{"line":398,"column":30},"end":{"line":398,"column":51}},"67":{"start":{"line":400,"column":4},"end":{"line":403,"column":null}},"68":{"start":{"line":406,"column":4},"end":{"line":408,"column":null}},"69":{"start":{"line":407,"column":6},"end":{"line":407,"column":null}},"70":{"start":{"line":410,"column":4},"end":{"line":410,"column":null}},"71":{"start":{"line":415,"column":4},"end":{"line":421,"column":null}},"72":{"start":{"line":416,"column":23},"end":{"line":416,"column":null}},"73":{"start":{"line":417,"column":6},"end":{"line":417,"column":null}},"74":{"start":{"line":419,"column":6},"end":{"line":419,"column":null}},"75":{"start":{"line":420,"column":6},"end":{"line":420,"column":null}}},"fnMap":{"0":{"name":"(anonymous_0)","decl":{"start":{"line":81,"column":2},"end":{"line":81,"column":14}},"loc":{"start":{"line":81,"column":49},"end":{"line":83,"column":null}}},"1":{"name":"(anonymous_1)","decl":{"start":{"line":85,"column":10},"end":{"line":85,"column":44}},"loc":{"start":{"line":85,"column":44},"end":{"line":94,"column":null}}},"2":{"name":"(anonymous_2)","decl":{"start":{"line":96,"column":2},"end":{"line":96,"column":14}},"loc":{"start":{"line":96,"column":19},"end":{"line":98,"column":null}}},"3":{"name":"(anonymous_3)","decl":{"start":{"line":101,"column":2},"end":{"line":101,"column":8}},"loc":{"start":{"line":108,"column":68},"end":{"line":165,"column":null}}},"4":{"name":"(anonymous_4)","decl":{"start":{"line":168,"column":2},"end":{"line":168,"column":8}},"loc":{"start":{"line":183,"column":5},"end":{"line":237,"column":null}}},"5":{"name":"(anonymous_5)","decl":{"start":{"line":240,"column":2},"end":{"line":240,"column":8}},"loc":{"start":{"line":244,"column":19},"end":{"line":287,"column":null}}},"6":{"name":"(anonymous_6)","decl":{"start":{"line":290,"column":2},"end":{"line":290,"column":8}},"loc":{"start":{"line":290,"column":72},"end":{"line":292,"column":null}}},"7":{"name":"(anonymous_7)","decl":{"start":{"line":295,"column":2},"end":{"line":295,"column":8}},"loc":{"start":{"line":295,"column":52},"end":{"line":297,"column":null}}},"8":{"name":"(anonymous_8)","decl":{"start":{"line":300,"column":2},"end":{"line":300,"column":8}},"loc":{"start":{"line":300,"column":55},"end":{"line":304,"column":null}}},"9":{"name":"(anonymous_9)","decl":{"start":{"line":302,"column":6},"end":{"line":302,"column":13}},"loc":{"start":{"line":302,"column":13},"end":{"line":302,"column":null}}},"10":{"name":"(anonymous_10)","decl":{"start":{"line":307,"column":2},"end":{"line":307,"column":8}},"loc":{"start":{"line":307,"column":41},"end":{"line":309,"column":null}}},"11":{"name":"(anonymous_11)","decl":{"start":{"line":312,"column":2},"end":{"line":312,"column":8}},"loc":{"start":{"line":314,"column":19},"end":{"line":322,"column":null}}},"12":{"name":"(anonymous_12)","decl":{"start":{"line":325,"column":2},"end":{"line":325,"column":8}},"loc":{"start":{"line":325,"column":63},"end":{"line":327,"column":null}}},"13":{"name":"(anonymous_13)","decl":{"start":{"line":330,"column":2},"end":{"line":330,"column":8}},"loc":{"start":{"line":330,"column":86},"end":{"line":346,"column":null}}},"14":{"name":"(anonymous_14)","decl":{"start":{"line":349,"column":2},"end":{"line":349,"column":8}},"loc":{"start":{"line":353,"column":64},"end":{"line":377,"column":null}}},"15":{"name":"(anonymous_15)","decl":{"start":{"line":380,"column":2},"end":{"line":380,"column":8}},"loc":{"start":{"line":380,"column":69},"end":{"line":411,"column":null}}},"16":{"name":"(anonymous_16)","decl":{"start":{"line":398,"column":21},"end":{"line":398,"column":30}},"loc":{"start":{"line":398,"column":30},"end":{"line":398,"column":51}}},"17":{"name":"(anonymous_17)","decl":{"start":{"line":414,"column":2},"end":{"line":414,"column":8}},"loc":{"start":{"line":414,"column":46},"end":{"line":422,"column":null}}}},"branchMap":{"0":{"loc":{"start":{"line":86,"column":4},"end":{"line":92,"column":null}},"type":"if","locations":[{"start":{"line":86,"column":4},"end":{"line":92,"column":null}},{"start":{},"end":{}}]},"1":{"loc":{"start":{"line":88,"column":6},"end":{"line":90,"column":null}},"type":"if","locations":[{"start":{"line":88,"column":6},"end":{"line":90,"column":null}},{"start":{},"end":{}}]},"2":{"loc":{"start":{"line":103,"column":4},"end":{"line":107,"column":null}},"type":"default-arg","locations":[{"start":{"line":107,"column":8},"end":{"line":107,"column":null}}]},"3":{"loc":{"start":{"line":117,"column":23},"end":{"line":117,"column":null}},"type":"binary-expr","locations":[{"start":{"line":117,"column":23},"end":{"line":117,"column":48}},{"start":{"line":117,"column":48},"end":{"line":117,"column":null}}]},"4":{"loc":{"start":{"line":118,"column":27},"end":{"line":118,"column":null}},"type":"binary-expr","locations":[{"start":{"line":118,"column":27},"end":{"line":118,"column":56}},{"start":{"line":118,"column":56},"end":{"line":118,"column":null}}]},"5":{"loc":{"start":{"line":119,"column":19},"end":{"line":119,"column":null}},"type":"binary-expr","locations":[{"start":{"line":119,"column":19},"end":{"line":119,"column":40}},{"start":{"line":119,"column":40},"end":{"line":119,"column":null}}]},"6":{"loc":{"start":{"line":170,"column":4},"end":{"line":175,"column":null}},"type":"default-arg","locations":[{"start":{"line":175,"column":8},"end":{"line":175,"column":null}}]},"7":{"loc":{"start":{"line":185,"column":41},"end":{"line":185,"column":63}},"type":"binary-expr","locations":[{"start":{"line":185,"column":41},"end":{"line":185,"column":61}},{"start":{"line":185,"column":61},"end":{"line":185,"column":63}}]},"8":{"loc":{"start":{"line":246,"column":4},"end":{"line":246,"column":null}},"type":"if","locations":[{"start":{"line":246,"column":4},"end":{"line":246,"column":null}},{"start":{},"end":{}}]},"9":{"loc":{"start":{"line":252,"column":10},"end":{"line":252,"column":null}},"type":"binary-expr","locations":[{"start":{"line":252,"column":10},"end":{"line":252,"column":36}},{"start":{"line":252,"column":36},"end":{"line":252,"column":null}}]},"10":{"loc":{"start":{"line":253,"column":10},"end":{"line":253,"column":null}},"type":"binary-expr","locations":[{"start":{"line":253,"column":10},"end":{"line":253,"column":33}},{"start":{"line":253,"column":33},"end":{"line":253,"column":null}}]},"11":{"loc":{"start":{"line":265,"column":23},"end":{"line":267,"column":null}},"type":"cond-expr","locations":[{"start":{"line":266,"column":12},"end":{"line":266,"column":null}},{"start":{"line":267,"column":12},"end":{"line":267,"column":null}}]},"12":{"loc":{"start":{"line":268,"column":20},"end":{"line":270,"column":null}},"type":"cond-expr","locations":[{"start":{"line":269,"column":12},"end":{"line":269,"column":null}},{"start":{"line":270,"column":12},"end":{"line":270,"column":null}}]},"13":{"loc":{"start":{"line":271,"column":29},"end":{"line":273,"column":null}},"type":"cond-expr","locations":[{"start":{"line":272,"column":12},"end":{"line":272,"column":null}},{"start":{"line":273,"column":12},"end":{"line":273,"column":null}}]},"14":{"loc":{"start":{"line":274,"column":20},"end":{"line":274,"column":null}},"type":"cond-expr","locations":[{"start":{"line":274,"column":31},"end":{"line":274,"column":72}},{"start":{"line":274,"column":72},"end":{"line":274,"column":null}}]},"15":{"loc":{"start":{"line":291,"column":11},"end":{"line":291,"column":null}},"type":"binary-expr","locations":[{"start":{"line":291,"column":11},"end":{"line":291,"column":41}},{"start":{"line":291,"column":41},"end":{"line":291,"column":null}}]},"16":{"loc":{"start":{"line":302,"column":13},"end":{"line":302,"column":null}},"type":"binary-expr","locations":[{"start":{"line":302,"column":13},"end":{"line":302,"column":41}},{"start":{"line":302,"column":41},"end":{"line":302,"column":null}}]},"17":{"loc":{"start":{"line":337,"column":4},"end":{"line":343,"column":null}},"type":"if","locations":[{"start":{"line":337,"column":4},"end":{"line":343,"column":null}},{"start":{},"end":{}}]},"18":{"loc":{"start":{"line":339,"column":6},"end":{"line":342,"column":null}},"type":"if","locations":[{"start":{"line":339,"column":6},"end":{"line":342,"column":null}},{"start":{},"end":{}}]},"19":{"loc":{"start":{"line":349,"column":18},"end":{"line":353,"column":64}},"type":"default-arg","locations":[{"start":{"line":353,"column":6},"end":{"line":353,"column":64}}]},"20":{"loc":{"start":{"line":359,"column":4},"end":{"line":364,"column":null}},"type":"if","locations":[{"start":{"line":359,"column":4},"end":{"line":364,"column":null}},{"start":{},"end":{}}]},"21":{"loc":{"start":{"line":380,"column":23},"end":{"line":380,"column":69}},"type":"default-arg","locations":[{"start":{"line":380,"column":48},"end":{"line":380,"column":69}}]},"22":{"loc":{"start":{"line":388,"column":6},"end":{"line":390,"column":null}},"type":"if","locations":[{"start":{"line":388,"column":6},"end":{"line":390,"column":null}},{"start":{},"end":{}}]},"23":{"loc":{"start":{"line":388,"column":10},"end":{"line":388,"column":97}},"type":"binary-expr","locations":[{"start":{"line":388,"column":10},"end":{"line":388,"column":41}},{"start":{"line":388,"column":41},"end":{"line":388,"column":71}},{"start":{"line":388,"column":71},"end":{"line":388,"column":97}}]},"24":{"loc":{"start":{"line":393,"column":4},"end":{"line":395,"column":null}},"type":"if","locations":[{"start":{"line":393,"column":4},"end":{"line":395,"column":null}},{"start":{},"end":{}}]}},"s":{"0":31,"1":31,"2":9,"3":2,"4":2,"5":1,"6":1,"7":8,"8":42,"9":33,"10":33,"11":33,"12":33,"13":33,"14":33,"15":3,"16":3,"17":3,"18":3,"19":16,"20":16,"21":15,"22":1,"23":3,"24":3,"25":3,"26":7,"27":7,"28":1,"29":6,"30":6,"31":6,"32":2,"33":1,"34":1,"35":3,"36":1,"37":1,"38":1,"39":3,"40":3,"41":3,"42":2,"43":2,"44":1,"45":1,"46":3,"47":3,"48":3,"49":3,"50":1,"51":2,"52":2,"53":2,"54":2,"55":4,"56":4,"57":4,"58":4,"59":4,"60":6,"61":3,"62":4,"63":2,"64":2,"65":2,"66":3,"67":2,"68":2,"69":3,"70":2,"71":2,"72":2,"73":1,"74":1,"75":1},"f":{"0":31,"1":9,"2":42,"3":33,"4":3,"5":7,"6":2,"7":1,"8":1,"9":3,"10":1,"11":1,"12":1,"13":3,"14":3,"15":4,"16":3,"17":2},"b":{"0":[2,7],"1":[1,1],"2":[19],"3":[33,32],"4":[33,32],"5":[33,32],"6":[2],"7":[3,2],"8":[1,6],"9":[6,5],"10":[6,1],"11":[5,1],"12":[1,5],"13":[2,4],"14":[5,1],"15":[2,1],"16":[3,1],"17":[2,1],"18":[1,1],"19":[1],"20":[1,2],"21":[1],"22":[3,3],"23":[6,4,2],"24":[2,2]}}
,"C:/Users/Administrator/AppData/Local/Temp/deploy-20250824194733/private/src/durable-objects/vector-manager.ts": {"path":"C:/Users/Administrator/AppData/Local/Temp/deploy-20250824194733/private/src/durable-objects/vector-manager.ts","statementMap":{"0":{"start":{"line":58,"column":37},"end":{"line":62,"column":null}},"1":{"start":{"line":65,"column":4},"end":{"line":65,"column":null}},"2":{"start":{"line":66,"column":4},"end":{"line":66,"column":null}},"3":{"start":{"line":71,"column":26},"end":{"line":71,"column":null}},"4":{"start":{"line":72,"column":4},"end":{"line":77,"column":null}},"5":{"start":{"line":80,"column":4},"end":{"line":82,"column":null}},"6":{"start":{"line":81,"column":6},"end":{"line":81,"column":null}},"7":{"start":{"line":84,"column":4},"end":{"line":87,"column":null}},"8":{"start":{"line":91,"column":4},"end":{"line":91,"column":null}},"9":{"start":{"line":96,"column":4},"end":{"line":96,"column":null}},"10":{"start":{"line":100,"column":20},"end":{"line":100,"column":null}},"11":{"start":{"line":103,"column":4},"end":{"line":103,"column":null}},"12":{"start":{"line":105,"column":4},"end":{"line":105,"column":null}},"13":{"start":{"line":109,"column":4},"end":{"line":109,"column":null}},"14":{"start":{"line":113,"column":4},"end":{"line":113,"column":null}},"15":{"start":{"line":117,"column":4},"end":{"line":117,"column":null}},"16":{"start":{"line":124,"column":20},"end":{"line":124,"column":null}},"17":{"start":{"line":125,"column":4},"end":{"line":127,"column":null}},"18":{"start":{"line":126,"column":6},"end":{"line":126,"column":null}},"19":{"start":{"line":130,"column":26},"end":{"line":130,"column":null}},"20":{"start":{"line":132,"column":48},"end":{"line":137,"column":null}},"21":{"start":{"line":139,"column":20},"end":{"line":139,"column":null}},"22":{"start":{"line":141,"column":4},"end":{"line":145,"column":null}},"23":{"start":{"line":142,"column":6},"end":{"line":144,"column":null}},"24":{"start":{"line":143,"column":43},"end":{"line":143,"column":64}},"25":{"start":{"line":147,"column":4},"end":{"line":147,"column":null}},"26":{"start":{"line":156,"column":4},"end":{"line":160,"column":null}},"27":{"start":{"line":158,"column":8},"end":{"line":158,"column":null}},"28":{"start":{"line":170,"column":18},"end":{"line":170,"column":null}},"29":{"start":{"line":173,"column":21},"end":{"line":182,"column":null}},"30":{"start":{"line":185,"column":27},"end":{"line":194,"column":null}},"31":{"start":{"line":196,"column":4},"end":{"line":202,"column":null}},"32":{"start":{"line":204,"column":4},"end":{"line":204,"column":null}},"33":{"start":{"line":211,"column":18},"end":{"line":211,"column":null}},"34":{"start":{"line":214,"column":21},"end":{"line":220,"column":null}},"35":{"start":{"line":223,"column":27},"end":{"line":229,"column":null}},"36":{"start":{"line":231,"column":4},"end":{"line":237,"column":null}},"37":{"start":{"line":239,"column":4},"end":{"line":239,"column":null}},"38":{"start":{"line":244,"column":21},"end":{"line":244,"column":null}},"39":{"start":{"line":245,"column":19},"end":{"line":245,"column":null}},"40":{"start":{"line":246,"column":4},"end":{"line":246,"column":null}},"41":{"start":{"line":251,"column":16},"end":{"line":251,"column":null}},"42":{"start":{"line":252,"column":4},"end":{"line":252,"column":null}},"43":{"start":{"line":252,"column":14},"end":{"line":252,"column":null}},"44":{"start":{"line":254,"column":4},"end":{"line":264,"column":null}},"45":{"start":{"line":269,"column":4},"end":{"line":269,"column":null}},"46":{"start":{"line":274,"column":4},"end":{"line":274,"column":null}},"47":{"start":{"line":280,"column":19},"end":{"line":280,"column":null}},"48":{"start":{"line":281,"column":23},"end":{"line":281,"column":null}},"49":{"start":{"line":282,"column":17},"end":{"line":282,"column":null}},"50":{"start":{"line":283,"column":31},"end":{"line":283,"column":null}},"51":{"start":{"line":285,"column":4},"end":{"line":289,"column":null}},"52":{"start":{"line":286,"column":6},"end":{"line":288,"column":null}},"53":{"start":{"line":287,"column":8},"end":{"line":287,"column":null}},"54":{"start":{"line":291,"column":4},"end":{"line":293,"column":null}},"55":{"start":{"line":292,"column":6},"end":{"line":292,"column":null}},"56":{"start":{"line":295,"column":20},"end":{"line":295,"column":null}},"57":{"start":{"line":296,"column":4},"end":{"line":296,"column":null}},"58":{"start":{"line":296,"column":30},"end":{"line":296,"column":51}},"59":{"start":{"line":298,"column":4},"end":{"line":301,"column":null}},"60":{"start":{"line":303,"column":4},"end":{"line":303,"column":null}},"61":{"start":{"line":315,"column":18},"end":{"line":315,"column":null}},"62":{"start":{"line":318,"column":21},"end":{"line":328,"column":null}},"63":{"start":{"line":331,"column":35},"end":{"line":340,"column":null}},"64":{"start":{"line":342,"column":4},"end":{"line":348,"column":null}},"65":{"start":{"line":350,"column":4},"end":{"line":350,"column":null}},"66":{"start":{"line":355,"column":4},"end":{"line":355,"column":null}},"67":{"start":{"line":360,"column":4},"end":{"line":360,"column":null}},"68":{"start":{"line":365,"column":21},"end":{"line":365,"column":null}},"69":{"start":{"line":366,"column":19},"end":{"line":366,"column":null}},"70":{"start":{"line":367,"column":4},"end":{"line":367,"column":null}},"71":{"start":{"line":376,"column":16},"end":{"line":376,"column":null}},"72":{"start":{"line":377,"column":4},"end":{"line":377,"column":null}},"73":{"start":{"line":377,"column":14},"end":{"line":377,"column":null}},"74":{"start":{"line":379,"column":4},"end":{"line":389,"column":null}},"75":{"start":{"line":395,"column":19},"end":{"line":395,"column":null}},"76":{"start":{"line":396,"column":23},"end":{"line":396,"column":null}},"77":{"start":{"line":397,"column":17},"end":{"line":397,"column":null}},"78":{"start":{"line":398,"column":31},"end":{"line":398,"column":null}},"79":{"start":{"line":400,"column":4},"end":{"line":404,"column":null}},"80":{"start":{"line":401,"column":6},"end":{"line":403,"column":null}},"81":{"start":{"line":402,"column":8},"end":{"line":402,"column":null}},"82":{"start":{"line":406,"column":4},"end":{"line":408,"column":null}},"83":{"start":{"line":407,"column":6},"end":{"line":407,"column":null}},"84":{"start":{"line":410,"column":20},"end":{"line":410,"column":null}},"85":{"start":{"line":411,"column":4},"end":{"line":411,"column":null}},"86":{"start":{"line":411,"column":30},"end":{"line":411,"column":51}},"87":{"start":{"line":413,"column":4},"end":{"line":416,"column":null}},"88":{"start":{"line":418,"column":4},"end":{"line":418,"column":null}},"89":{"start":{"line":433,"column":4},"end":{"line":437,"column":null}}},"fnMap":{"0":{"name":"(anonymous_0)","decl":{"start":{"line":64,"column":2},"end":{"line":64,"column":14}},"loc":{"start":{"line":64,"column":49},"end":{"line":67,"column":null}}},"1":{"name":"(anonymous_1)","decl":{"start":{"line":70,"column":2},"end":{"line":70,"column":8}},"loc":{"start":{"line":70,"column":64},"end":{"line":88,"column":null}}},"2":{"name":"(anonymous_2)","decl":{"start":{"line":90,"column":2},"end":{"line":90,"column":8}},"loc":{"start":{"line":90,"column":58},"end":{"line":92,"column":null}}},"3":{"name":"(anonymous_3)","decl":{"start":{"line":95,"column":2},"end":{"line":95,"column":8}},"loc":{"start":{"line":95,"column":65},"end":{"line":97,"column":null}}},"4":{"name":"(anonymous_4)","decl":{"start":{"line":99,"column":2},"end":{"line":99,"column":8}},"loc":{"start":{"line":99,"column":99},"end":{"line":106,"column":null}}},"5":{"name":"(anonymous_5)","decl":{"start":{"line":108,"column":2},"end":{"line":108,"column":8}},"loc":{"start":{"line":108,"column":67},"end":{"line":110,"column":null}}},"6":{"name":"(anonymous_6)","decl":{"start":{"line":112,"column":2},"end":{"line":112,"column":8}},"loc":{"start":{"line":112,"column":70},"end":{"line":114,"column":null}}},"7":{"name":"(anonymous_7)","decl":{"start":{"line":116,"column":2},"end":{"line":116,"column":8}},"loc":{"start":{"line":116,"column":65},"end":{"line":118,"column":null}}},"8":{"name":"(anonymous_8)","decl":{"start":{"line":120,"column":2},"end":{"line":120,"column":8}},"loc":{"start":{"line":123,"column":31},"end":{"line":148,"column":null}}},"9":{"name":"(anonymous_9)","decl":{"start":{"line":143,"column":16},"end":{"line":143,"column":17}},"loc":{"start":{"line":143,"column":43},"end":{"line":143,"column":64}}},"10":{"name":"(anonymous_10)","decl":{"start":{"line":150,"column":2},"end":{"line":150,"column":8}},"loc":{"start":{"line":155,"column":33},"end":{"line":161,"column":null}}},"11":{"name":"(anonymous_11)","decl":{"start":{"line":157,"column":18},"end":{"line":157,"column":null}},"loc":{"start":{"line":158,"column":8},"end":{"line":158,"column":null}}},"12":{"name":"(anonymous_12)","decl":{"start":{"line":164,"column":2},"end":{"line":164,"column":8}},"loc":{"start":{"line":169,"column":68},"end":{"line":205,"column":null}}},"13":{"name":"(anonymous_13)","decl":{"start":{"line":208,"column":2},"end":{"line":208,"column":8}},"loc":{"start":{"line":210,"column":68},"end":{"line":240,"column":null}}},"14":{"name":"(anonymous_14)","decl":{"start":{"line":243,"column":2},"end":{"line":243,"column":8}},"loc":{"start":{"line":243,"column":46},"end":{"line":247,"column":null}}},"15":{"name":"(anonymous_15)","decl":{"start":{"line":250,"column":10},"end":{"line":250,"column":26}},"loc":{"start":{"line":250,"column":106},"end":{"line":265,"column":null}}},"16":{"name":"(anonymous_16)","decl":{"start":{"line":268,"column":2},"end":{"line":268,"column":8}},"loc":{"start":{"line":268,"column":68},"end":{"line":270,"column":null}}},"17":{"name":"(anonymous_17)","decl":{"start":{"line":273,"column":2},"end":{"line":273,"column":8}},"loc":{"start":{"line":273,"column":43},"end":{"line":275,"column":null}}},"18":{"name":"(anonymous_18)","decl":{"start":{"line":278,"column":2},"end":{"line":278,"column":8}},"loc":{"start":{"line":278,"column":69},"end":{"line":304,"column":null}}},"19":{"name":"(anonymous_19)","decl":{"start":{"line":296,"column":21},"end":{"line":296,"column":30}},"loc":{"start":{"line":296,"column":30},"end":{"line":296,"column":51}}},"20":{"name":"(anonymous_20)","decl":{"start":{"line":307,"column":2},"end":{"line":307,"column":8}},"loc":{"start":{"line":314,"column":68},"end":{"line":351,"column":null}}},"21":{"name":"(anonymous_21)","decl":{"start":{"line":354,"column":2},"end":{"line":354,"column":8}},"loc":{"start":{"line":354,"column":84},"end":{"line":356,"column":null}}},"22":{"name":"(anonymous_22)","decl":{"start":{"line":359,"column":2},"end":{"line":359,"column":8}},"loc":{"start":{"line":359,"column":65},"end":{"line":361,"column":null}}},"23":{"name":"(anonymous_23)","decl":{"start":{"line":364,"column":2},"end":{"line":364,"column":8}},"loc":{"start":{"line":364,"column":60},"end":{"line":368,"column":null}}},"24":{"name":"(anonymous_24)","decl":{"start":{"line":371,"column":10},"end":{"line":371,"column":null}},"loc":{"start":{"line":375,"column":10},"end":{"line":390,"column":null}}},"25":{"name":"(anonymous_25)","decl":{"start":{"line":393,"column":2},"end":{"line":393,"column":8}},"loc":{"start":{"line":393,"column":83},"end":{"line":419,"column":null}}},"26":{"name":"(anonymous_26)","decl":{"start":{"line":411,"column":21},"end":{"line":411,"column":30}},"loc":{"start":{"line":411,"column":30},"end":{"line":411,"column":51}}},"27":{"name":"(anonymous_27)","decl":{"start":{"line":422,"column":2},"end":{"line":422,"column":8}},"loc":{"start":{"line":430,"column":5},"end":{"line":438,"column":null}}}},"branchMap":{"0":{"loc":{"start":{"line":76,"column":16},"end":{"line":76,"column":null}},"type":"binary-expr","locations":[{"start":{"line":76,"column":16},"end":{"line":76,"column":45}},{"start":{"line":76,"column":45},"end":{"line":76,"column":null}}]},"1":{"loc":{"start":{"line":80,"column":4},"end":{"line":82,"column":null}},"type":"if","locations":[{"start":{"line":80,"column":4},"end":{"line":82,"column":null}},{"start":{},"end":{}}]},"2":{"loc":{"start":{"line":125,"column":4},"end":{"line":127,"column":null}},"type":"if","locations":[{"start":{"line":125,"column":4},"end":{"line":127,"column":null}},{"start":{},"end":{}}]},"3":{"loc":{"start":{"line":125,"column":8},"end":{"line":125,"column":42}},"type":"binary-expr","locations":[{"start":{"line":125,"column":8},"end":{"line":125,"column":20}},{"start":{"line":125,"column":20},"end":{"line":125,"column":42}}]},"4":{"loc":{"start":{"line":130,"column":57},"end":{"line":130,"column":70}},"type":"binary-expr","locations":[{"start":{"line":130,"column":57},"end":{"line":130,"column":68}},{"start":{"line":130,"column":68},"end":{"line":130,"column":70}}]},"5":{"loc":{"start":{"line":133,"column":12},"end":{"line":133,"column":null}},"type":"cond-expr","locations":[{"start":{"line":133,"column":40},"end":{"line":133,"column":65}},{"start":{"line":133,"column":65},"end":{"line":133,"column":null}}]},"6":{"loc":{"start":{"line":134,"column":17},"end":{"line":134,"column":null}},"type":"binary-expr","locations":[{"start":{"line":134,"column":17},"end":{"line":134,"column":44}},{"start":{"line":134,"column":44},"end":{"line":134,"column":null}}]},"7":{"loc":{"start":{"line":141,"column":4},"end":{"line":145,"column":null}},"type":"if","locations":[{"start":{"line":141,"column":4},"end":{"line":145,"column":null}},{"start":{},"end":{}}]},"8":{"loc":{"start":{"line":252,"column":4},"end":{"line":252,"column":null}},"type":"if","locations":[{"start":{"line":252,"column":4},"end":{"line":252,"column":null}},{"start":{},"end":{}}]},"9":{"loc":{"start":{"line":278,"column":23},"end":{"line":278,"column":69}},"type":"default-arg","locations":[{"start":{"line":278,"column":48},"end":{"line":278,"column":69}}]},"10":{"loc":{"start":{"line":286,"column":6},"end":{"line":288,"column":null}},"type":"if","locations":[{"start":{"line":286,"column":6},"end":{"line":288,"column":null}},{"start":{},"end":{}}]},"11":{"loc":{"start":{"line":286,"column":10},"end":{"line":286,"column":97}},"type":"binary-expr","locations":[{"start":{"line":286,"column":10},"end":{"line":286,"column":41}},{"start":{"line":286,"column":41},"end":{"line":286,"column":71}},{"start":{"line":286,"column":71},"end":{"line":286,"column":97}}]},"12":{"loc":{"start":{"line":291,"column":4},"end":{"line":293,"column":null}},"type":"if","locations":[{"start":{"line":291,"column":4},"end":{"line":293,"column":null}},{"start":{},"end":{}}]},"13":{"loc":{"start":{"line":377,"column":4},"end":{"line":377,"column":null}},"type":"if","locations":[{"start":{"line":377,"column":4},"end":{"line":377,"column":null}},{"start":{},"end":{}}]},"14":{"loc":{"start":{"line":393,"column":37},"end":{"line":393,"column":83}},"type":"default-arg","locations":[{"start":{"line":393,"column":62},"end":{"line":393,"column":83}}]},"15":{"loc":{"start":{"line":401,"column":6},"end":{"line":403,"column":null}},"type":"if","locations":[{"start":{"line":401,"column":6},"end":{"line":403,"column":null}},{"start":{},"end":{}}]},"16":{"loc":{"start":{"line":401,"column":10},"end":{"line":401,"column":97}},"type":"binary-expr","locations":[{"start":{"line":401,"column":10},"end":{"line":401,"column":41}},{"start":{"line":401,"column":41},"end":{"line":401,"column":71}},{"start":{"line":401,"column":71},"end":{"line":401,"column":97}}]},"17":{"loc":{"start":{"line":406,"column":4},"end":{"line":408,"column":null}},"type":"if","locations":[{"start":{"line":406,"column":4},"end":{"line":408,"column":null}},{"start":{},"end":{}}]}},"s":{"0":37,"1":37,"2":37,"3":103,"4":103,"5":103,"6":1,"7":103,"8":2,"9":1,"10":1,"11":1,"12":1,"13":1,"14":1,"15":1,"16":5,"17":5,"18":1,"19":4,"20":4,"21":4,"22":4,"23":2,"24":15,"25":4,"26":1,"27":2,"28":11,"29":11,"30":11,"31":11,"32":11,"33":3,"34":3,"35":3,"36":3,"37":3,"38":1,"39":1,"40":1,"41":2,"42":2,"43":1,"44":1,"45":1,"46":8,"47":4,"48":4,"49":4,"50":4,"51":4,"52":7,"53":4,"54":4,"55":2,"56":2,"57":2,"58":4,"59":2,"60":2,"61":11,"62":11,"63":11,"64":11,"65":11,"66":2,"67":9,"68":1,"69":1,"70":1,"71":2,"72":2,"73":1,"74":1,"75":4,"76":4,"77":4,"78":4,"79":4,"80":6,"81":3,"82":4,"83":2,"84":2,"85":2,"86":3,"87":2,"88":2,"89":2},"f":{"0":37,"1":103,"2":2,"3":1,"4":1,"5":1,"6":1,"7":1,"8":5,"9":15,"10":1,"11":2,"12":11,"13":3,"14":1,"15":2,"16":1,"17":8,"18":4,"19":4,"20":11,"21":2,"22":9,"23":1,"24":2,"25":4,"26":3,"27":2},"b":{"0":[103,101],"1":[1,102],"2":[1,4],"3":[5,5],"4":[4,1],"5":[2,2],"6":[4,3],"7":[2,2],"8":[1,1],"9":[1],"10":[4,3],"11":[7,5,1],"12":[2,2],"13":[1,1],"14":[1],"15":[3,3],"16":[6,4,1],"17":[2,2]}}
,"C:/Users/Administrator/AppData/Local/Temp/deploy-20250824194733/private/src/durable-objects/schemas/notion-manager.schema.ts": {"path":"C:/Users/Administrator/AppData/Local/Temp/deploy-20250824194733/private/src/durable-objects/schemas/notion-manager.schema.ts","statementMap":{"0":{"start":{"line":4,"column":33},"end":{"line":11,"column":null}},"1":{"start":{"line":14,"column":39},"end":{"line":16,"column":null}},"2":{"start":{"line":19,"column":38},"end":{"line":23,"column":null}}},"fnMap":{},"branchMap":{},"s":{"0":1,"1":1,"2":1},"f":{},"b":{}}
,"C:/Users/Administrator/AppData/Local/Temp/deploy-20250824194733/private/src/durable-objects/schemas/vector-manager.schema.ts": {"path":"C:/Users/Administrator/AppData/Local/Temp/deploy-20250824194733/private/src/durable-objects/schemas/vector-manager.schema.ts","statementMap":{"0":{"start":{"line":4,"column":40},"end":{"line":10,"column":null}},"1":{"start":{"line":13,"column":39},"end":{"line":15,"column":null}},"2":{"start":{"line":18,"column":33},"end":{"line":20,"column":null}}},"fnMap":{},"branchMap":{},"s":{"0":1,"1":1,"2":1},"f":{},"b":{}}
,"C:/Users/Administrator/AppData/Local/Temp/deploy-20250824194733/private/src/routes/api/embeddings/batch.ts": {"path":"C:/Users/Administrator/AppData/Local/Temp/deploy-20250824194733/private/src/routes/api/embeddings/batch.ts","statementMap":{"0":{"start":{"line":14,"column":35},"end":{"line":55,"column":null}},"1":{"start":{"line":58,"column":88},"end":{"line":88,"column":null}},"2":{"start":{"line":59,"column":2},"end":{"line":87,"column":null}},"3":{"start":{"line":60,"column":17},"end":{"line":60,"column":null}},"4":{"start":{"line":63,"column":27},"end":{"line":63,"column":null}},"5":{"start":{"line":64,"column":25},"end":{"line":64,"column":null}},"6":{"start":{"line":66,"column":19},"end":{"line":73,"column":null}},"7":{"start":{"line":75,"column":4},"end":{"line":79,"column":null}},"8":{"start":{"line":81,"column":4},"end":{"line":81,"column":null}},"9":{"start":{"line":82,"column":4},"end":{"line":86,"column":null}}},"fnMap":{"0":{"name":"(anonymous_0)","decl":{"start":{"line":58,"column":88},"end":{"line":58,"column":95}},"loc":{"start":{"line":58,"column":101},"end":{"line":88,"column":null}}}},"branchMap":{"0":{"loc":{"start":{"line":85,"column":15},"end":{"line":85,"column":null}},"type":"cond-expr","locations":[{"start":{"line":85,"column":40},"end":{"line":85,"column":56}},{"start":{"line":85,"column":56},"end":{"line":85,"column":null}}]}},"s":{"0":1,"1":1,"2":4,"3":4,"4":4,"5":4,"6":4,"7":2,"8":2,"9":2},"f":{"0":4},"b":{"0":[1,1]}}
,"C:/Users/Administrator/AppData/Local/Temp/deploy-20250824194733/private/src/routes/api/embeddings/generate.ts": {"path":"C:/Users/Administrator/AppData/Local/Temp/deploy-20250824194733/private/src/routes/api/embeddings/generate.ts","statementMap":{"0":{"start":{"line":21,"column":17},"end":{"line":21,"column":null}},"1":{"start":{"line":23,"column":2},"end":{"line":27,"column":null}},"2":{"start":{"line":31,"column":38},"end":{"line":72,"column":null}},"3":{"start":{"line":75,"column":94},"end":{"line":93,"column":null}},"4":{"start":{"line":76,"column":2},"end":{"line":92,"column":null}},"5":{"start":{"line":77,"column":17},"end":{"line":77,"column":null}},"6":{"start":{"line":80,"column":27},"end":{"line":80,"column":null}},"7":{"start":{"line":81,"column":25},"end":{"line":81,"column":null}},"8":{"start":{"line":83,"column":21},"end":{"line":83,"column":null}},"9":{"start":{"line":84,"column":4},"end":{"line":84,"column":null}},"10":{"start":{"line":86,"column":4},"end":{"line":86,"column":null}},"11":{"start":{"line":87,"column":4},"end":{"line":91,"column":null}}},"fnMap":{"0":{"name":"generateEmbedding","decl":{"start":{"line":17,"column":22},"end":{"line":17,"column":null}},"loc":{"start":{"line":20,"column":38},"end":{"line":28,"column":null}}},"1":{"name":"(anonymous_1)","decl":{"start":{"line":75,"column":94},"end":{"line":75,"column":101}},"loc":{"start":{"line":75,"column":107},"end":{"line":93,"column":null}}}},"branchMap":{"0":{"loc":{"start":{"line":90,"column":15},"end":{"line":90,"column":null}},"type":"cond-expr","locations":[{"start":{"line":90,"column":40},"end":{"line":90,"column":56}},{"start":{"line":90,"column":56},"end":{"line":90,"column":null}}]}},"s":{"0":7,"1":4,"2":2,"3":2,"4":3,"5":3,"6":3,"7":3,"8":3,"9":1,"10":2,"11":2},"f":{"0":7,"1":3},"b":{"0":[1,1]}}
,"C:/Users/Administrator/AppData/Local/Temp/deploy-20250824194733/private/src/routes/api/embeddings/index.ts": {"path":"C:/Users/Administrator/AppData/Local/Temp/deploy-20250824194733/private/src/routes/api/embeddings/index.ts","statementMap":{"0":{"start":{"line":9,"column":2},"end":{"line":9,"column":null}},"1":{"start":{"line":10,"column":2},"end":{"line":10,"column":null}},"2":{"start":{"line":11,"column":2},"end":{"line":11,"column":null}},"3":{"start":{"line":12,"column":2},"end":{"line":12,"column":null}}},"fnMap":{"0":{"name":"(anonymous_0)","decl":{"start":{"line":8,"column":15},"end":{"line":8,"column":16}},"loc":{"start":{"line":8,"column":56},"end":{"line":13,"column":null}}}},"branchMap":{},"s":{"0":4,"1":4,"2":4,"3":4},"f":{"0":4},"b":{}}
,"C:/Users/Administrator/AppData/Local/Temp/deploy-20250824194733/private/src/routes/api/embeddings/models.ts": {"path":"C:/Users/Administrator/AppData/Local/Temp/deploy-20250824194733/private/src/routes/api/embeddings/models.ts","statementMap":{"0":{"start":{"line":14,"column":31},"end":{"line":38,"column":null}},"1":{"start":{"line":41,"column":80},"end":{"line":60,"column":null}},"2":{"start":{"line":42,"column":2},"end":{"line":59,"column":null}},"3":{"start":{"line":43,"column":27},"end":{"line":43,"column":null}},"4":{"start":{"line":44,"column":25},"end":{"line":44,"column":null}},"5":{"start":{"line":46,"column":19},"end":{"line":46,"column":null}},"6":{"start":{"line":48,"column":4},"end":{"line":51,"column":null}},"7":{"start":{"line":53,"column":4},"end":{"line":53,"column":null}},"8":{"start":{"line":54,"column":4},"end":{"line":58,"column":null}}},"fnMap":{"0":{"name":"(anonymous_0)","decl":{"start":{"line":41,"column":80},"end":{"line":41,"column":87}},"loc":{"start":{"line":41,"column":93},"end":{"line":60,"column":null}}}},"branchMap":{"0":{"loc":{"start":{"line":57,"column":15},"end":{"line":57,"column":null}},"type":"cond-expr","locations":[{"start":{"line":57,"column":40},"end":{"line":57,"column":56}},{"start":{"line":57,"column":56},"end":{"line":57,"column":null}}]}},"s":{"0":1,"1":1,"2":5,"3":5,"4":5,"5":5,"6":2,"7":3,"8":3},"f":{"0":5},"b":{"0":[2,1]}}
,"C:/Users/Administrator/AppData/Local/Temp/deploy-20250824194733/private/src/routes/api/embeddings/schedule.ts": {"path":"C:/Users/Administrator/AppData/Local/Temp/deploy-20250824194733/private/src/routes/api/embeddings/schedule.ts","statementMap":{"0":{"start":{"line":14,"column":43},"end":{"line":55,"column":null}},"1":{"start":{"line":58,"column":104},"end":{"line":89,"column":null}},"2":{"start":{"line":59,"column":2},"end":{"line":88,"column":null}},"3":{"start":{"line":60,"column":17},"end":{"line":60,"column":null}},"4":{"start":{"line":63,"column":27},"end":{"line":63,"column":null}},"5":{"start":{"line":64,"column":25},"end":{"line":64,"column":null}},"6":{"start":{"line":66,"column":19},"end":{"line":74,"column":null}},"7":{"start":{"line":76,"column":4},"end":{"line":80,"column":null}},"8":{"start":{"line":82,"column":4},"end":{"line":82,"column":null}},"9":{"start":{"line":83,"column":4},"end":{"line":87,"column":null}}},"fnMap":{"0":{"name":"(anonymous_0)","decl":{"start":{"line":58,"column":104},"end":{"line":58,"column":111}},"loc":{"start":{"line":58,"column":117},"end":{"line":89,"column":null}}}},"branchMap":{"0":{"loc":{"start":{"line":86,"column":15},"end":{"line":86,"column":null}},"type":"cond-expr","locations":[{"start":{"line":86,"column":40},"end":{"line":86,"column":56}},{"start":{"line":86,"column":56},"end":{"line":86,"column":null}}]}},"s":{"0":1,"1":1,"2":4,"3":4,"4":4,"5":4,"6":4,"7":2,"8":2,"9":2},"f":{"0":4},"b":{"0":[1,1]}}
,"C:/Users/Administrator/AppData/Local/Temp/deploy-20250824194733/private/src/routes/api/files/index.ts": {"path":"C:/Users/Administrator/AppData/Local/Temp/deploy-20250824194733/private/src/routes/api/files/index.ts","statementMap":{"0":{"start":{"line":7,"column":2},"end":{"line":7,"column":null}},"1":{"start":{"line":8,"column":2},"end":{"line":8,"column":null}}},"fnMap":{"0":{"name":"(anonymous_0)","decl":{"start":{"line":6,"column":15},"end":{"line":6,"column":16}},"loc":{"start":{"line":6,"column":56},"end":{"line":9,"column":null}}}},"branchMap":{},"s":{"0":3,"1":3},"f":{"0":3},"b":{}}
,"C:/Users/Administrator/AppData/Local/Temp/deploy-20250824194733/private/src/routes/api/files/status.ts": {"path":"C:/Users/Administrator/AppData/Local/Temp/deploy-20250824194733/private/src/routes/api/files/status.ts","statementMap":{"0":{"start":{"line":12,"column":31},"end":{"line":57,"column":null}},"1":{"start":{"line":60,"column":80},"end":{"line":119,"column":null}},"2":{"start":{"line":61,"column":2},"end":{"line":118,"column":null}},"3":{"start":{"line":62,"column":27},"end":{"line":62,"column":null}},"4":{"start":{"line":65,"column":28},"end":{"line":65,"column":null}},"5":{"start":{"line":66,"column":26},"end":{"line":66,"column":null}},"6":{"start":{"line":69,"column":16},"end":{"line":69,"column":null}},"7":{"start":{"line":70,"column":4},"end":{"line":76,"column":null}},"8":{"start":{"line":71,"column":6},"end":{"line":75,"column":null}},"9":{"start":{"line":79,"column":19},"end":{"line":79,"column":null}},"10":{"start":{"line":83,"column":4},"end":{"line":91,"column":null}},"11":{"start":{"line":84,"column":6},"end":{"line":84,"column":null}},"12":{"start":{"line":85,"column":4},"end":{"line":91,"column":null}},"13":{"start":{"line":86,"column":6},"end":{"line":86,"column":null}},"14":{"start":{"line":87,"column":4},"end":{"line":91,"column":null}},"15":{"start":{"line":88,"column":6},"end":{"line":88,"column":null}},"16":{"start":{"line":90,"column":6},"end":{"line":90,"column":null}},"17":{"start":{"line":93,"column":4},"end":{"line":101,"column":null}},"18":{"start":{"line":104,"column":4},"end":{"line":110,"column":null}},"19":{"start":{"line":105,"column":6},"end":{"line":109,"column":null}},"20":{"start":{"line":112,"column":4},"end":{"line":112,"column":null}},"21":{"start":{"line":113,"column":4},"end":{"line":117,"column":null}}},"fnMap":{"0":{"name":"(anonymous_0)","decl":{"start":{"line":60,"column":80},"end":{"line":60,"column":87}},"loc":{"start":{"line":60,"column":93},"end":{"line":119,"column":null}}}},"branchMap":{"0":{"loc":{"start":{"line":70,"column":4},"end":{"line":76,"column":null}},"type":"if","locations":[{"start":{"line":70,"column":4},"end":{"line":76,"column":null}},{"start":{},"end":{}}]},"1":{"loc":{"start":{"line":83,"column":4},"end":{"line":91,"column":null}},"type":"if","locations":[{"start":{"line":83,"column":4},"end":{"line":91,"column":null}},{"start":{"line":85,"column":4},"end":{"line":91,"column":null}}]},"2":{"loc":{"start":{"line":83,"column":8},"end":{"line":83,"column":68}},"type":"binary-expr","locations":[{"start":{"line":83,"column":8},"end":{"line":83,"column":39}},{"start":{"line":83,"column":39},"end":{"line":83,"column":68}}]},"3":{"loc":{"start":{"line":85,"column":4},"end":{"line":91,"column":null}},"type":"if","locations":[{"start":{"line":85,"column":4},"end":{"line":91,"column":null}},{"start":{"line":87,"column":4},"end":{"line":91,"column":null}}]},"4":{"loc":{"start":{"line":85,"column":15},"end":{"line":85,"column":75}},"type":"binary-expr","locations":[{"start":{"line":85,"column":15},"end":{"line":85,"column":45}},{"start":{"line":85,"column":45},"end":{"line":85,"column":75}}]},"5":{"loc":{"start":{"line":87,"column":4},"end":{"line":91,"column":null}},"type":"if","locations":[{"start":{"line":87,"column":4},"end":{"line":91,"column":null}},{"start":{"line":89,"column":11},"end":{"line":91,"column":null}}]},"6":{"loc":{"start":{"line":87,"column":15},"end":{"line":87,"column":71}},"type":"binary-expr","locations":[{"start":{"line":87,"column":15},"end":{"line":87,"column":42}},{"start":{"line":87,"column":42},"end":{"line":87,"column":71}}]},"7":{"loc":{"start":{"line":98,"column":16},"end":{"line":98,"column":null}},"type":"cond-expr","locations":[{"start":{"line":98,"column":32},"end":{"line":98,"column":82}},{"start":{"line":98,"column":82},"end":{"line":98,"column":null}}]},"8":{"loc":{"start":{"line":99,"column":15},"end":{"line":99,"column":null}},"type":"binary-expr","locations":[{"start":{"line":99,"column":15},"end":{"line":99,"column":28}},{"start":{"line":99,"column":28},"end":{"line":99,"column":44}},{"start":{"line":99,"column":44},"end":{"line":99,"column":null}}]},"9":{"loc":{"start":{"line":104,"column":4},"end":{"line":110,"column":null}},"type":"if","locations":[{"start":{"line":104,"column":4},"end":{"line":110,"column":null}},{"start":{},"end":{}}]},"10":{"loc":{"start":{"line":104,"column":8},"end":{"line":104,"column":71}},"type":"binary-expr","locations":[{"start":{"line":104,"column":8},"end":{"line":104,"column":34}},{"start":{"line":104,"column":34},"end":{"line":104,"column":71}}]},"11":{"loc":{"start":{"line":116,"column":15},"end":{"line":116,"column":null}},"type":"cond-expr","locations":[{"start":{"line":116,"column":40},"end":{"line":116,"column":56}},{"start":{"line":116,"column":56},"end":{"line":116,"column":null}}]}},"s":{"0":1,"1":1,"2":11,"3":11,"4":11,"5":11,"6":11,"7":8,"8":1,"9":7,"10":7,"11":4,"12":3,"13":1,"14":2,"15":1,"16":1,"17":7,"18":3,"19":1,"20":2,"21":2},"f":{"0":11},"b":{"0":[1,7],"1":[4,3],"2":[7,4],"3":[1,2],"4":[3,2],"5":[1,1],"6":[2,1],"7":[1,6],"8":[7,6,5],"9":[1,2],"10":[3,2],"11":[1,1]}}
,"C:/Users/Administrator/AppData/Local/Temp/deploy-20250824194733/private/src/routes/api/files/upload.ts": {"path":"C:/Users/Administrator/AppData/Local/Temp/deploy-20250824194733/private/src/routes/api/files/upload.ts","statementMap":{"0":{"start":{"line":16,"column":23},"end":{"line":27,"column":null}},"1":{"start":{"line":17,"column":2},"end":{"line":17,"column":null}},"2":{"start":{"line":17,"column":12},"end":{"line":17,"column":null}},"3":{"start":{"line":18,"column":2},"end":{"line":26,"column":null}},"4":{"start":{"line":19,"column":4},"end":{"line":19,"column":null}},"5":{"start":{"line":21,"column":4},"end":{"line":24,"column":null}},"6":{"start":{"line":25,"column":4},"end":{"line":25,"column":null}},"7":{"start":{"line":30,"column":31},"end":{"line":91,"column":null}},"8":{"start":{"line":94,"column":80},"end":{"line":172,"column":null}},"9":{"start":{"line":95,"column":2},"end":{"line":171,"column":null}},"10":{"start":{"line":96,"column":21},"end":{"line":96,"column":null}},"11":{"start":{"line":97,"column":17},"end":{"line":97,"column":null}},"12":{"start":{"line":98,"column":22},"end":{"line":98,"column":null}},"13":{"start":{"line":99,"column":24},"end":{"line":99,"column":null}},"14":{"start":{"line":102,"column":4},"end":{"line":108,"column":null}},"15":{"start":{"line":103,"column":6},"end":{"line":107,"column":null}},"16":{"start":{"line":111,"column":21},"end":{"line":111,"column":null}},"17":{"start":{"line":112,"column":27},"end":{"line":112,"column":null}},"18":{"start":{"line":113,"column":4},"end":{"line":119,"column":null}},"19":{"start":{"line":114,"column":6},"end":{"line":118,"column":null}},"20":{"start":{"line":122,"column":24},"end":{"line":122,"column":null}},"21":{"start":{"line":123,"column":4},"end":{"line":130,"column":null}},"22":{"start":{"line":124,"column":25},"end":{"line":124,"column":null}},"23":{"start":{"line":125,"column":6},"end":{"line":129,"column":null}},"24":{"start":{"line":131,"column":30},"end":{"line":131,"column":null}},"25":{"start":{"line":134,"column":24},"end":{"line":134,"column":null}},"26":{"start":{"line":135,"column":27},"end":{"line":135,"column":null}},"27":{"start":{"line":138,"column":28},"end":{"line":138,"column":null}},"28":{"start":{"line":139,"column":26},"end":{"line":139,"column":null}},"29":{"start":{"line":141,"column":19},"end":{"line":148,"column":null}},"30":{"start":{"line":150,"column":4},"end":{"line":163,"column":null}},"31":{"start":{"line":165,"column":4},"end":{"line":165,"column":null}},"32":{"start":{"line":166,"column":4},"end":{"line":170,"column":null}}},"fnMap":{"0":{"name":"(anonymous_0)","decl":{"start":{"line":16,"column":66},"end":{"line":16,"column":67}},"loc":{"start":{"line":16,"column":80},"end":{"line":27,"column":1}}},"1":{"name":"(anonymous_1)","decl":{"start":{"line":94,"column":80},"end":{"line":94,"column":87}},"loc":{"start":{"line":94,"column":93},"end":{"line":172,"column":null}}}},"branchMap":{"0":{"loc":{"start":{"line":17,"column":2},"end":{"line":17,"column":null}},"type":"if","locations":[{"start":{"line":17,"column":2},"end":{"line":17,"column":null}},{"start":{},"end":{}}]},"1":{"loc":{"start":{"line":102,"column":4},"end":{"line":108,"column":null}},"type":"if","locations":[{"start":{"line":102,"column":4},"end":{"line":108,"column":null}},{"start":{},"end":{}}]},"2":{"loc":{"start":{"line":113,"column":4},"end":{"line":119,"column":null}},"type":"if","locations":[{"start":{"line":113,"column":4},"end":{"line":119,"column":null}},{"start":{},"end":{}}]},"3":{"loc":{"start":{"line":123,"column":4},"end":{"line":130,"column":null}},"type":"if","locations":[{"start":{"line":123,"column":4},"end":{"line":130,"column":null}},{"start":{},"end":{}}]},"4":{"loc":{"start":{"line":146,"column":6},"end":{"line":146,"column":null}},"type":"binary-expr","locations":[{"start":{"line":146,"column":6},"end":{"line":146,"column":19}},{"start":{"line":146,"column":19},"end":{"line":146,"column":null}}]},"5":{"loc":{"start":{"line":169,"column":15},"end":{"line":169,"column":null}},"type":"cond-expr","locations":[{"start":{"line":169,"column":40},"end":{"line":169,"column":56}},{"start":{"line":169,"column":56},"end":{"line":169,"column":null}}]}},"s":{"0":1,"1":10,"2":8,"3":2,"4":2,"5":1,"6":1,"7":1,"8":1,"9":12,"10":12,"11":12,"12":12,"13":12,"14":12,"15":1,"16":11,"17":11,"18":11,"19":1,"20":10,"21":10,"22":1,"23":1,"24":9,"25":9,"26":9,"27":9,"28":9,"29":9,"30":7,"31":2,"32":2},"f":{"0":10,"1":12},"b":{"0":[8,2],"1":[1,11],"2":[1,10],"3":[1,9],"4":[9,8],"5":[1,1]}}
,"C:/Users/Administrator/AppData/Local/Temp/deploy-20250824194733/private/src/routes/api/notion/bulk-sync.ts": {"path":"C:/Users/Administrator/AppData/Local/Temp/deploy-20250824194733/private/src/routes/api/notion/bulk-sync.ts","statementMap":{"0":{"start":{"line":12,"column":37},"end":{"line":24,"column":null}},"1":{"start":{"line":27,"column":40},"end":{"line":75,"column":null}},"2":{"start":{"line":78,"column":98},"end":{"line":144,"column":null}},"3":{"start":{"line":79,"column":2},"end":{"line":143,"column":null}},"4":{"start":{"line":80,"column":17},"end":{"line":80,"column":null}},"5":{"start":{"line":83,"column":24},"end":{"line":83,"column":null}},"6":{"start":{"line":84,"column":4},"end":{"line":90,"column":null}},"7":{"start":{"line":85,"column":6},"end":{"line":89,"column":null}},"8":{"start":{"line":93,"column":28},"end":{"line":93,"column":null}},"9":{"start":{"line":94,"column":26},"end":{"line":94,"column":null}},"10":{"start":{"line":96,"column":32},"end":{"line":96,"column":null}},"11":{"start":{"line":99,"column":4},"end":{"line":119,"column":null}},"12":{"start":{"line":100,"column":6},"end":{"line":100,"column":null}},"13":{"start":{"line":103,"column":65},"end":{"line":107,"column":null}},"14":{"start":{"line":109,"column":6},"end":{"line":118,"column":null}},"15":{"start":{"line":110,"column":8},"end":{"line":117,"column":null}},"16":{"start":{"line":112,"column":29},"end":{"line":112,"column":null}},"17":{"start":{"line":113,"column":10},"end":{"line":113,"column":null}},"18":{"start":{"line":116,"column":10},"end":{"line":116,"column":null}},"19":{"start":{"line":121,"column":19},"end":{"line":126,"column":null}},"20":{"start":{"line":128,"column":4},"end":{"line":135,"column":null}},"21":{"start":{"line":137,"column":4},"end":{"line":137,"column":null}},"22":{"start":{"line":138,"column":4},"end":{"line":142,"column":null}}},"fnMap":{"0":{"name":"(anonymous_0)","decl":{"start":{"line":78,"column":98},"end":{"line":78,"column":105}},"loc":{"start":{"line":78,"column":111},"end":{"line":144,"column":null}}},"1":{"name":"(anonymous_1)","decl":{"start":{"line":109,"column":30},"end":{"line":109,"column":31}},"loc":{"start":{"line":109,"column":86},"end":{"line":118,"column":7}}}},"branchMap":{"0":{"loc":{"start":{"line":84,"column":4},"end":{"line":90,"column":null}},"type":"if","locations":[{"start":{"line":84,"column":4},"end":{"line":90,"column":null}},{"start":{},"end":{}}]},"1":{"loc":{"start":{"line":99,"column":4},"end":{"line":119,"column":null}},"type":"if","locations":[{"start":{"line":99,"column":4},"end":{"line":119,"column":null}},{"start":{"line":101,"column":11},"end":{"line":119,"column":null}}]},"2":{"loc":{"start":{"line":99,"column":8},"end":{"line":99,"column":49}},"type":"binary-expr","locations":[{"start":{"line":99,"column":8},"end":{"line":99,"column":24}},{"start":{"line":99,"column":24},"end":{"line":99,"column":49}}]},"3":{"loc":{"start":{"line":110,"column":8},"end":{"line":117,"column":null}},"type":"if","locations":[{"start":{"line":110,"column":8},"end":{"line":117,"column":null}},{"start":{"line":114,"column":15},"end":{"line":117,"column":null}}]},"4":{"loc":{"start":{"line":110,"column":12},"end":{"line":110,"column":75}},"type":"binary-expr","locations":[{"start":{"line":110,"column":12},"end":{"line":110,"column":37}},{"start":{"line":110,"column":37},"end":{"line":110,"column":75}}]},"5":{"loc":{"start":{"line":141,"column":15},"end":{"line":141,"column":null}},"type":"cond-expr","locations":[{"start":{"line":141,"column":40},"end":{"line":141,"column":56}},{"start":{"line":141,"column":56},"end":{"line":141,"column":null}}]}},"s":{"0":1,"1":1,"2":1,"3":9,"4":9,"5":9,"6":9,"7":1,"8":8,"9":8,"10":8,"11":8,"12":3,"13":5,"14":4,"15":5,"16":4,"17":4,"18":1,"19":7,"20":6,"21":2,"22":2},"f":{"0":9,"1":5},"b":{"0":[1,8],"1":[3,5],"2":[8,4],"3":[4,1],"4":[5,4],"5":[1,1]}}
,"C:/Users/Administrator/AppData/Local/Temp/deploy-20250824194733/private/src/routes/api/notion/index.ts": {"path":"C:/Users/Administrator/AppData/Local/Temp/deploy-20250824194733/private/src/routes/api/notion/index.ts","statementMap":{"0":{"start":{"line":10,"column":2},"end":{"line":10,"column":null}},"1":{"start":{"line":13,"column":2},"end":{"line":13,"column":null}},"2":{"start":{"line":16,"column":2},"end":{"line":16,"column":null}},"3":{"start":{"line":19,"column":2},"end":{"line":19,"column":null}},"4":{"start":{"line":22,"column":2},"end":{"line":22,"column":null}}},"fnMap":{"0":{"name":"notionRoutes","decl":{"start":{"line":8,"column":24},"end":{"line":8,"column":37}},"loc":{"start":{"line":8,"column":74},"end":{"line":23,"column":null}}}},"branchMap":{},"s":{"0":3,"1":3,"2":3,"3":3,"4":3},"f":{"0":3},"b":{}}
,"C:/Users/Administrator/AppData/Local/Temp/deploy-20250824194733/private/src/routes/api/notion/list-pages.ts": {"path":"C:/Users/Administrator/AppData/Local/Temp/deploy-20250824194733/private/src/routes/api/notion/list-pages.ts","statementMap":{"0":{"start":{"line":12,"column":37},"end":{"line":33,"column":null}},"1":{"start":{"line":36,"column":36},"end":{"line":75,"column":null}},"2":{"start":{"line":41,"column":60},"end":{"line":41,"column":73}},"3":{"start":{"line":42,"column":68},"end":{"line":42,"column":82}},"4":{"start":{"line":43,"column":63},"end":{"line":43,"column":77}},"5":{"start":{"line":78,"column":90},"end":{"line":194,"column":null}},"6":{"start":{"line":79,"column":2},"end":{"line":193,"column":null}},"7":{"start":{"line":80,"column":55},"end":{"line":80,"column":null}},"8":{"start":{"line":83,"column":24},"end":{"line":83,"column":null}},"9":{"start":{"line":84,"column":4},"end":{"line":90,"column":null}},"10":{"start":{"line":85,"column":6},"end":{"line":89,"column":null}},"11":{"start":{"line":93,"column":28},"end":{"line":93,"column":null}},"12":{"start":{"line":94,"column":26},"end":{"line":94,"column":null}},"13":{"start":{"line":96,"column":63},"end":{"line":100,"column":null}},"14":{"start":{"line":117,"column":44},"end":{"line":171,"column":null}},"15":{"start":{"line":118,"column":6},"end":{"line":170,"column":null}},"16":{"start":{"line":120,"column":27},"end":{"line":120,"column":null}},"17":{"start":{"line":121,"column":23},"end":{"line":121,"column":null}},"18":{"start":{"line":122,"column":27},"end":{"line":122,"column":null}},"19":{"start":{"line":125,"column":20},"end":{"line":125,"column":null}},"20":{"start":{"line":126,"column":8},"end":{"line":128,"column":null}},"21":{"start":{"line":127,"column":10},"end":{"line":127,"column":null}},"22":{"start":{"line":127,"column":57},"end":{"line":127,"column":75}},"23":{"start":{"line":130,"column":8},"end":{"line":143,"column":null}},"24":{"start":{"line":146,"column":24},"end":{"line":146,"column":null}},"25":{"start":{"line":147,"column":27},"end":{"line":147,"column":null}},"26":{"start":{"line":148,"column":31},"end":{"line":148,"column":null}},"27":{"start":{"line":151,"column":20},"end":{"line":151,"column":null}},"28":{"start":{"line":152,"column":8},"end":{"line":154,"column":null}},"29":{"start":{"line":153,"column":10},"end":{"line":153,"column":null}},"30":{"start":{"line":153,"column":61},"end":{"line":153,"column":79}},"31":{"start":{"line":156,"column":8},"end":{"line":169,"column":null}},"32":{"start":{"line":173,"column":18},"end":{"line":173,"column":null}},"33":{"start":{"line":174,"column":4},"end":{"line":176,"column":null}},"34":{"start":{"line":175,"column":6},"end":{"line":175,"column":null}},"35":{"start":{"line":178,"column":4},"end":{"line":185,"column":null}},"36":{"start":{"line":187,"column":4},"end":{"line":187,"column":null}},"37":{"start":{"line":188,"column":4},"end":{"line":192,"column":null}}},"fnMap":{"0":{"name":"(anonymous_0)","decl":{"start":{"line":41,"column":53},"end":{"line":41,"column":60}},"loc":{"start":{"line":41,"column":60},"end":{"line":41,"column":73}}},"1":{"name":"(anonymous_1)","decl":{"start":{"line":42,"column":61},"end":{"line":42,"column":68}},"loc":{"start":{"line":42,"column":68},"end":{"line":42,"column":82}}},"2":{"name":"(anonymous_2)","decl":{"start":{"line":43,"column":56},"end":{"line":43,"column":63}},"loc":{"start":{"line":43,"column":63},"end":{"line":43,"column":77}}},"3":{"name":"(anonymous_3)","decl":{"start":{"line":78,"column":90},"end":{"line":78,"column":97}},"loc":{"start":{"line":78,"column":103},"end":{"line":194,"column":null}}},"4":{"name":"(anonymous_4)","decl":{"start":{"line":117,"column":54},"end":{"line":117,"column":55}},"loc":{"start":{"line":117,"column":102},"end":{"line":171,"column":5}}},"5":{"name":"(anonymous_5)","decl":{"start":{"line":127,"column":45},"end":{"line":127,"column":46}},"loc":{"start":{"line":127,"column":57},"end":{"line":127,"column":75}}},"6":{"name":"(anonymous_6)","decl":{"start":{"line":153,"column":49},"end":{"line":153,"column":50}},"loc":{"start":{"line":153,"column":61},"end":{"line":153,"column":79}}}},"branchMap":{"0":{"loc":{"start":{"line":84,"column":4},"end":{"line":90,"column":null}},"type":"if","locations":[{"start":{"line":84,"column":4},"end":{"line":90,"column":null}},{"start":{},"end":{}}]},"1":{"loc":{"start":{"line":118,"column":6},"end":{"line":170,"column":null}},"type":"if","locations":[{"start":{"line":118,"column":6},"end":{"line":170,"column":null}},{"start":{"line":144,"column":13},"end":{"line":170,"column":null}}]},"2":{"loc":{"start":{"line":118,"column":10},"end":{"line":118,"column":47}},"type":"binary-expr","locations":[{"start":{"line":118,"column":10},"end":{"line":118,"column":24}},{"start":{"line":118,"column":24},"end":{"line":118,"column":47}}]},"3":{"loc":{"start":{"line":121,"column":23},"end":{"line":121,"column":null}},"type":"cond-expr","locations":[{"start":{"line":121,"column":63},"end":{"line":121,"column":95}},{"start":{"line":121,"column":95},"end":{"line":121,"column":null}}]},"4":{"loc":{"start":{"line":122,"column":27},"end":{"line":122,"column":null}},"type":"cond-expr","locations":[{"start":{"line":122,"column":71},"end":{"line":122,"column":107}},{"start":{"line":122,"column":107},"end":{"line":122,"column":null}}]},"5":{"loc":{"start":{"line":126,"column":8},"end":{"line":128,"column":null}},"type":"if","locations":[{"start":{"line":126,"column":8},"end":{"line":128,"column":null}},{"start":{},"end":{}}]},"6":{"loc":{"start":{"line":126,"column":12},"end":{"line":126,"column":148}},"type":"binary-expr","locations":[{"start":{"line":126,"column":12},"end":{"line":126,"column":26}},{"start":{"line":126,"column":26},"end":{"line":126,"column":46}},{"start":{"line":126,"column":46},"end":{"line":126,"column":72}},{"start":{"line":126,"column":72},"end":{"line":126,"column":113}},{"start":{"line":126,"column":113},"end":{"line":126,"column":148}}]},"7":{"loc":{"start":{"line":127,"column":57},"end":{"line":127,"column":75}},"type":"binary-expr","locations":[{"start":{"line":127,"column":57},"end":{"line":127,"column":73}},{"start":{"line":127,"column":73},"end":{"line":127,"column":75}}]},"8":{"loc":{"start":{"line":152,"column":8},"end":{"line":154,"column":null}},"type":"if","locations":[{"start":{"line":152,"column":8},"end":{"line":154,"column":null}},{"start":{},"end":{}}]},"9":{"loc":{"start":{"line":152,"column":12},"end":{"line":152,"column":168}},"type":"binary-expr","locations":[{"start":{"line":152,"column":12},"end":{"line":152,"column":30}},{"start":{"line":152,"column":30},"end":{"line":152,"column":54}},{"start":{"line":152,"column":54},"end":{"line":152,"column":84}},{"start":{"line":152,"column":84},"end":{"line":152,"column":129}},{"start":{"line":152,"column":129},"end":{"line":152,"column":168}}]},"10":{"loc":{"start":{"line":153,"column":61},"end":{"line":153,"column":79}},"type":"binary-expr","locations":[{"start":{"line":153,"column":61},"end":{"line":153,"column":77}},{"start":{"line":153,"column":77},"end":{"line":153,"column":79}}]},"11":{"loc":{"start":{"line":164,"column":25},"end":{"line":164,"column":47}},"type":"binary-expr","locations":[{"start":{"line":164,"column":25},"end":{"line":164,"column":45}},{"start":{"line":164,"column":45},"end":{"line":164,"column":47}}]},"12":{"loc":{"start":{"line":165,"column":25},"end":{"line":165,"column":null}},"type":"cond-expr","locations":[{"start":{"line":165,"column":51},"end":{"line":165,"column":84}},{"start":{"line":165,"column":84},"end":{"line":165,"column":null}}]},"13":{"loc":{"start":{"line":166,"column":21},"end":{"line":166,"column":null}},"type":"cond-expr","locations":[{"start":{"line":166,"column":43},"end":{"line":166,"column":72}},{"start":{"line":166,"column":72},"end":{"line":166,"column":null}}]},"14":{"loc":{"start":{"line":167,"column":23},"end":{"line":167,"column":null}},"type":"cond-expr","locations":[{"start":{"line":167,"column":61},"end":{"line":167,"column":93}},{"start":{"line":167,"column":93},"end":{"line":167,"column":null}}]},"15":{"loc":{"start":{"line":174,"column":4},"end":{"line":176,"column":null}},"type":"if","locations":[{"start":{"line":174,"column":4},"end":{"line":176,"column":null}},{"start":{},"end":{}}]},"16":{"loc":{"start":{"line":191,"column":15},"end":{"line":191,"column":null}},"type":"cond-expr","locations":[{"start":{"line":191,"column":40},"end":{"line":191,"column":56}},{"start":{"line":191,"column":56},"end":{"line":191,"column":null}}]}},"s":{"0":1,"1":1,"2":17,"3":17,"4":17,"5":1,"6":17,"7":17,"8":17,"9":17,"10":1,"11":16,"12":16,"13":16,"14":14,"15":112,"16":5,"17":5,"18":5,"19":5,"20":5,"21":3,"22":6,"23":5,"24":107,"25":107,"26":107,"27":107,"28":107,"29":4,"30":4,"31":107,"32":14,"33":14,"34":9,"35":14,"36":2,"37":2},"f":{"0":17,"1":17,"2":17,"3":17,"4":112,"5":6,"6":4},"b":{"0":[1,16],"1":[5,107],"2":[112,5],"3":[4,1],"4":[4,1],"5":[3,2],"6":[5,5,5,4,3],"7":[6,1],"8":[4,103],"9":[107,107,5,5,5],"10":[4,1],"11":[107,1],"12":[1,106],"13":[1,106],"14":[104,3],"15":[9,5],"16":[1,1]}}
,"C:/Users/Administrator/AppData/Local/Temp/deploy-20250824194733/private/src/routes/api/notion/retrieve-blocks.ts": {"path":"C:/Users/Administrator/AppData/Local/Temp/deploy-20250824194733/private/src/routes/api/notion/retrieve-blocks.ts","statementMap":{"0":{"start":{"line":13,"column":41},"end":{"line":61,"column":null}},"1":{"start":{"line":21,"column":56},"end":{"line":21,"column":70}},"2":{"start":{"line":64,"column":100},"end":{"line":148,"column":null}},"3":{"start":{"line":65,"column":2},"end":{"line":147,"column":null}},"4":{"start":{"line":66,"column":23},"end":{"line":66,"column":null}},"5":{"start":{"line":67,"column":26},"end":{"line":67,"column":null}},"6":{"start":{"line":70,"column":24},"end":{"line":70,"column":null}},"7":{"start":{"line":71,"column":4},"end":{"line":77,"column":null}},"8":{"start":{"line":72,"column":6},"end":{"line":76,"column":null}},"9":{"start":{"line":79,"column":26},"end":{"line":79,"column":null}},"10":{"start":{"line":82,"column":4},"end":{"line":113,"column":null}},"11":{"start":{"line":83,"column":27},"end":{"line":83,"column":null}},"12":{"start":{"line":84,"column":6},"end":{"line":112,"column":null}},"13":{"start":{"line":85,"column":23},"end":{"line":102,"column":null}},"14":{"start":{"line":85,"column":50},"end":{"line":102,"column":10}},"15":{"start":{"line":104,"column":8},"end":{"line":111,"column":null}},"16":{"start":{"line":116,"column":19},"end":{"line":116,"column":null}},"17":{"start":{"line":118,"column":4},"end":{"line":127,"column":null}},"18":{"start":{"line":119,"column":6},"end":{"line":126,"column":null}},"19":{"start":{"line":130,"column":4},"end":{"line":130,"column":null}},"20":{"start":{"line":132,"column":4},"end":{"line":139,"column":null}},"21":{"start":{"line":141,"column":4},"end":{"line":141,"column":null}},"22":{"start":{"line":142,"column":4},"end":{"line":146,"column":null}}},"fnMap":{"0":{"name":"(anonymous_0)","decl":{"start":{"line":21,"column":49},"end":{"line":21,"column":56}},"loc":{"start":{"line":21,"column":56},"end":{"line":21,"column":70}}},"1":{"name":"(anonymous_1)","decl":{"start":{"line":64,"column":100},"end":{"line":64,"column":107}},"loc":{"start":{"line":64,"column":113},"end":{"line":148,"column":null}}},"2":{"name":"(anonymous_2)","decl":{"start":{"line":85,"column":40},"end":{"line":85,"column":50}},"loc":{"start":{"line":85,"column":50},"end":{"line":102,"column":10}}}},"branchMap":{"0":{"loc":{"start":{"line":71,"column":4},"end":{"line":77,"column":null}},"type":"if","locations":[{"start":{"line":71,"column":4},"end":{"line":77,"column":null}},{"start":{},"end":{}}]},"1":{"loc":{"start":{"line":82,"column":4},"end":{"line":113,"column":null}},"type":"if","locations":[{"start":{"line":82,"column":4},"end":{"line":113,"column":null}},{"start":{},"end":{}}]},"2":{"loc":{"start":{"line":84,"column":6},"end":{"line":112,"column":null}},"type":"if","locations":[{"start":{"line":84,"column":6},"end":{"line":112,"column":null}},{"start":{},"end":{}}]},"3":{"loc":{"start":{"line":90,"column":21},"end":{"line":90,"column":null}},"type":"cond-expr","locations":[{"start":{"line":90,"column":54},"end":{"line":90,"column":71}},{"start":{"line":90,"column":71},"end":{"line":90,"column":null}}]},"4":{"loc":{"start":{"line":91,"column":22},"end":{"line":91,"column":null}},"type":"cond-expr","locations":[{"start":{"line":91,"column":56},"end":{"line":91,"column":73}},{"start":{"line":91,"column":73},"end":{"line":91,"column":null}}]},"5":{"loc":{"start":{"line":118,"column":4},"end":{"line":127,"column":null}},"type":"if","locations":[{"start":{"line":118,"column":4},"end":{"line":127,"column":null}},{"start":{},"end":{}}]},"6":{"loc":{"start":{"line":145,"column":15},"end":{"line":145,"column":null}},"type":"cond-expr","locations":[{"start":{"line":145,"column":40},"end":{"line":145,"column":56}},{"start":{"line":145,"column":56},"end":{"line":145,"column":null}}]}},"s":{"0":1,"1":4,"2":1,"3":9,"4":9,"5":9,"6":9,"7":9,"8":1,"9":8,"10":8,"11":3,"12":3,"13":2,"14":4,"15":2,"16":6,"17":4,"18":2,"19":2,"20":2,"21":2,"22":2},"f":{"0":4,"1":9,"2":4},"b":{"0":[1,8],"1":[3,5],"2":[2,1],"3":[2,2],"4":[2,2],"5":[2,2],"6":[1,1]}}
,"C:/Users/Administrator/AppData/Local/Temp/deploy-20250824194733/private/src/routes/api/notion/retrieve-page.ts": {"path":"C:/Users/Administrator/AppData/Local/Temp/deploy-20250824194733/private/src/routes/api/notion/retrieve-page.ts","statementMap":{"0":{"start":{"line":13,"column":39},"end":{"line":61,"column":null}},"1":{"start":{"line":21,"column":56},"end":{"line":21,"column":70}},"2":{"start":{"line":64,"column":96},"end":{"line":171,"column":null}},"3":{"start":{"line":65,"column":2},"end":{"line":170,"column":null}},"4":{"start":{"line":66,"column":23},"end":{"line":66,"column":null}},"5":{"start":{"line":67,"column":26},"end":{"line":67,"column":null}},"6":{"start":{"line":70,"column":24},"end":{"line":70,"column":null}},"7":{"start":{"line":71,"column":4},"end":{"line":77,"column":null}},"8":{"start":{"line":72,"column":6},"end":{"line":76,"column":null}},"9":{"start":{"line":80,"column":26},"end":{"line":80,"column":null}},"10":{"start":{"line":83,"column":15},"end":{"line":83,"column":null}},"11":{"start":{"line":86,"column":4},"end":{"line":92,"column":null}},"12":{"start":{"line":87,"column":25},"end":{"line":87,"column":null}},"13":{"start":{"line":88,"column":6},"end":{"line":91,"column":null}},"14":{"start":{"line":89,"column":8},"end":{"line":89,"column":null}},"15":{"start":{"line":90,"column":8},"end":{"line":90,"column":null}},"16":{"start":{"line":94,"column":4},"end":{"line":100,"column":null}},"17":{"start":{"line":95,"column":6},"end":{"line":99,"column":null}},"18":{"start":{"line":103,"column":4},"end":{"line":162,"column":null}},"19":{"start":{"line":121,"column":37},"end":{"line":121,"column":null}},"20":{"start":{"line":123,"column":33},"end":{"line":123,"column":null}},"21":{"start":{"line":124,"column":31},"end":{"line":124,"column":null}},"22":{"start":{"line":126,"column":23},"end":{"line":141,"column":null}},"23":{"start":{"line":143,"column":6},"end":{"line":146,"column":null}},"24":{"start":{"line":149,"column":22},"end":{"line":149,"column":null}},"25":{"start":{"line":150,"column":6},"end":{"line":156,"column":null}},"26":{"start":{"line":151,"column":8},"end":{"line":155,"column":null}},"27":{"start":{"line":158,"column":6},"end":{"line":161,"column":null}},"28":{"start":{"line":164,"column":4},"end":{"line":164,"column":null}},"29":{"start":{"line":165,"column":4},"end":{"line":169,"column":null}}},"fnMap":{"0":{"name":"(anonymous_0)","decl":{"start":{"line":21,"column":49},"end":{"line":21,"column":56}},"loc":{"start":{"line":21,"column":56},"end":{"line":21,"column":70}}},"1":{"name":"(anonymous_1)","decl":{"start":{"line":64,"column":96},"end":{"line":64,"column":103}},"loc":{"start":{"line":64,"column":109},"end":{"line":171,"column":null}}}},"branchMap":{"0":{"loc":{"start":{"line":71,"column":4},"end":{"line":77,"column":null}},"type":"if","locations":[{"start":{"line":71,"column":4},"end":{"line":77,"column":null}},{"start":{},"end":{}}]},"1":{"loc":{"start":{"line":86,"column":4},"end":{"line":92,"column":null}},"type":"if","locations":[{"start":{"line":86,"column":4},"end":{"line":92,"column":null}},{"start":{},"end":{}}]},"2":{"loc":{"start":{"line":86,"column":8},"end":{"line":86,"column":29}},"type":"binary-expr","locations":[{"start":{"line":86,"column":8},"end":{"line":86,"column":17}},{"start":{"line":86,"column":17},"end":{"line":86,"column":29}}]},"3":{"loc":{"start":{"line":88,"column":6},"end":{"line":91,"column":null}},"type":"if","locations":[{"start":{"line":88,"column":6},"end":{"line":91,"column":null}},{"start":{},"end":{}}]},"4":{"loc":{"start":{"line":94,"column":4},"end":{"line":100,"column":null}},"type":"if","locations":[{"start":{"line":94,"column":4},"end":{"line":100,"column":null}},{"start":{},"end":{}}]},"5":{"loc":{"start":{"line":103,"column":4},"end":{"line":162,"column":null}},"type":"if","locations":[{"start":{"line":103,"column":4},"end":{"line":162,"column":null}},{"start":{"line":147,"column":11},"end":{"line":162,"column":null}}]},"6":{"loc":{"start":{"line":103,"column":8},"end":{"line":103,"column":37}},"type":"binary-expr","locations":[{"start":{"line":103,"column":8},"end":{"line":103,"column":16}},{"start":{"line":103,"column":16},"end":{"line":103,"column":37}}]},"7":{"loc":{"start":{"line":133,"column":15},"end":{"line":133,"column":null}},"type":"cond-expr","locations":[{"start":{"line":133,"column":34},"end":{"line":133,"column":65}},{"start":{"line":133,"column":65},"end":{"line":133,"column":null}}]},"8":{"loc":{"start":{"line":134,"column":14},"end":{"line":134,"column":null}},"type":"cond-expr","locations":[{"start":{"line":134,"column":32},"end":{"line":134,"column":62}},{"start":{"line":134,"column":62},"end":{"line":134,"column":null}}]},"9":{"loc":{"start":{"line":140,"column":20},"end":{"line":140,"column":null}},"type":"binary-expr","locations":[{"start":{"line":140,"column":20},"end":{"line":140,"column":44}},{"start":{"line":140,"column":44},"end":{"line":140,"column":null}}]},"10":{"loc":{"start":{"line":150,"column":6},"end":{"line":156,"column":null}},"type":"if","locations":[{"start":{"line":150,"column":6},"end":{"line":156,"column":null}},{"start":{},"end":{}}]},"11":{"loc":{"start":{"line":168,"column":15},"end":{"line":168,"column":null}},"type":"cond-expr","locations":[{"start":{"line":168,"column":40},"end":{"line":168,"column":56}},{"start":{"line":168,"column":56},"end":{"line":168,"column":null}}]}},"s":{"0":1,"1":5,"2":1,"3":15,"4":15,"5":15,"6":15,"7":15,"8":1,"9":14,"10":14,"11":12,"12":2,"13":2,"14":1,"15":1,"16":12,"17":2,"18":10,"19":7,"20":7,"21":7,"22":7,"23":7,"24":3,"25":3,"26":1,"27":2,"28":2,"29":2},"f":{"0":5,"1":15},"b":{"0":[1,14],"1":[2,10],"2":[12,3],"3":[1,1],"4":[2,10],"5":[7,3],"6":[10,10],"7":[1,6],"8":[1,6],"9":[7,6],"10":[1,2],"11":[1,1]}}
[...]
57,"column":null}},"105":{"start":{"line":350,"column":30},"end":{"line":350,"column":null}},"106":{"start":{"line":351,"column":6},"end":{"line":356,"column":null}},"107":{"start":{"line":352,"column":8},"end":{"line":355,"column":null}},"108":{"start":{"line":353,"column":24},"end":{"line":353,"column":37}},"109":{"start":{"line":354,"column":21},"end":{"line":354,"column":34}},"110":{"start":{"line":359,"column":4},"end":{"line":367,"column":null}},"111":{"start":{"line":360,"column":26},"end":{"line":360,"column":null}},"112":{"start":{"line":361,"column":6},"end":{"line":366,"column":null}},"113":{"start":{"line":362,"column":8},"end":{"line":365,"column":null}},"114":{"start":{"line":363,"column":24},"end":{"line":363,"column":37}},"115":{"start":{"line":364,"column":21},"end":{"line":364,"column":34}},"116":{"start":{"line":369,"column":4},"end":{"line":380,"column":null}},"117":{"start":{"line":370,"column":27},"end":{"line":370,"column":null}},"118":{"start":{"line":371,"column":6},"end":{"line":379,"column":null}},"119":{"start":{"line":372,"column":8},"end":{"line":378,"column":null}},"120":{"start":{"line":374,"column":12},"end":{"line":376,"column":null}},"121":{"start":{"line":374,"column":30},"end":{"line":374,"column":43}},"122":{"start":{"line":375,"column":25},"end":{"line":375,"column":38}},"123":{"start":{"line":382,"column":4},"end":{"line":382,"column":null}}},"fnMap":{"0":{"name":"(anonymous_0)","decl":{"start":{"line":23,"column":59},"end":{"line":23,"column":66}},"loc":{"start":{"line":23,"column":66},"end":{"line":23,"column":75}}},"1":{"name":"(anonymous_1)","decl":{"start":{"line":30,"column":59},"end":{"line":30,"column":66}},"loc":{"start":{"line":30,"column":66},"end":{"line":30,"column":75}}},"2":{"name":"(anonymous_2)","decl":{"start":{"line":38,"column":26},"end":{"line":38,"column":33}},"loc":{"start":{"line":38,"column":33},"end":{"line":38,"column":52}}},"3":{"name":"(anonymous_3)","decl":{"start":{"line":45,"column":27},"end":{"line":45,"column":34}},"loc":{"start":{"line":45,"column":34},"end":{"line":45,"column":43}}},"4":{"name":"(anonymous_4)","decl":{"start":{"line":78,"column":53},"end":{"line":78,"column":54}},"loc":{"start":{"line":78,"column":64},"end":{"line":84,"column":1}}},"5":{"name":"(anonymous_5)","decl":{"start":{"line":97,"column":2},"end":{"line":97,"column":8}},"loc":{"start":{"line":97,"column":99},"end":{"line":337,"column":null}}},"6":{"name":"(anonymous_6)","decl":{"start":{"line":107,"column":56},"end":{"line":107,"column":68}},"loc":{"start":{"line":107,"column":68},"end":{"line":114,"column":7}}},"7":{"name":"(anonymous_7)","decl":{"start":{"line":117,"column":64},"end":{"line":117,"column":76}},"loc":{"start":{"line":117,"column":76},"end":{"line":156,"column":7}}},"8":{"name":"(anonymous_8)","decl":{"start":{"line":119,"column":10},"end":{"line":119,"column":11}},"loc":{"start":{"line":119,"column":25},"end":{"line":119,"column":null}}},"9":{"name":"(anonymous_9)","decl":{"start":{"line":126,"column":15},"end":{"line":126,"column":21}},"loc":{"start":{"line":126,"column":21},"end":{"line":126,"column":34}}},"10":{"name":"(anonymous_10)","decl":{"start":{"line":162,"column":69},"end":{"line":162,"column":81}},"loc":{"start":{"line":162,"column":81},"end":{"line":232,"column":9}}},"11":{"name":"(anonymous_11)","decl":{"start":{"line":176,"column":25},"end":{"line":176,"column":31}},"loc":{"start":{"line":176,"column":31},"end":{"line":176,"column":44}}},"12":{"name":"(anonymous_12)","decl":{"start":{"line":181,"column":25},"end":{"line":181,"column":31}},"loc":{"start":{"line":181,"column":31},"end":{"line":181,"column":44}}},"13":{"name":"(anonymous_13)","decl":{"start":{"line":189,"column":25},"end":{"line":189,"column":30}},"loc":{"start":{"line":189,"column":30},"end":{"line":189,"column":36}}},"14":{"name":"(anonymous_14)","decl":{"start":{"line":240,"column":61},"end":{"line":240,"column":73}},"loc":{"start":{"line":240,"column":73},"end":{"line":284,"column":9}}},"15":{"name":"(anonymous_15)","decl":{"start":{"line":291,"column":41},"end":{"line":291,"column":53}},"loc":{"start":{"line":291,"column":53},"end":{"line":304,"column":7}}},"16":{"name":"(anonymous_16)","decl":{"start":{"line":316,"column":36},"end":{"line":316,"column":48}},"loc":{"start":{"line":316,"column":48},"end":{"line":325,"column":7}}},"17":{"name":"(anonymous_17)","decl":{"start":{"line":339,"column":10},"end":{"line":339,"column":36}},"loc":{"start":{"line":339,"column":56},"end":{"line":383,"column":null}}},"18":{"name":"(anonymous_18)","decl":{"start":{"line":353,"column":18},"end":{"line":353,"column":24}},"loc":{"start":{"line":353,"column":24},"end":{"line":353,"column":37}}},"19":{"name":"(anonymous_19)","decl":{"start":{"line":354,"column":15},"end":{"line":354,"column":21}},"loc":{"start":{"line":354,"column":21},"end":{"line":354,"column":34}}},"20":{"name":"(anonymous_20)","decl":{"start":{"line":363,"column":18},"end":{"line":363,"column":24}},"loc":{"start":{"line":363,"column":24},"end":{"line":363,"column":37}}},"21":{"name":"(anonymous_21)","decl":{"start":{"line":364,"column":15},"end":{"line":364,"column":21}},"loc":{"start":{"line":364,"column":21},"end":{"line":364,"column":34}}},"22":{"name":"(anonymous_22)","decl":{"start":{"line":373,"column":15},"end":{"line":373,"column":null}},"loc":{"start":{"line":374,"column":12},"end":{"line":376,"column":null}}},"23":{"name":"(anonymous_23)","decl":{"start":{"line":374,"column":24},"end":{"line":374,"column":30}},"loc":{"start":{"line":374,"column":30},"end":{"line":374,"column":43}}},"24":{"name":"(anonymous_24)","decl":{"start":{"line":375,"column":19},"end":{"line":375,"column":25}},"loc":{"start":{"line":375,"column":25},"end":{"line":375,"column":38}}}},"branchMap":{"0":{"loc":{"start":{"line":23,"column":66},"end":{"line":23,"column":75}},"type":"binary-expr","locations":[{"start":{"line":23,"column":66},"end":{"line":23,"column":73}},{"start":{"line":23,"column":73},"end":{"line":23,"column":75}}]},"1":{"loc":{"start":{"line":30,"column":66},"end":{"line":30,"column":75}},"type":"binary-expr","locations":[{"start":{"line":30,"column":66},"end":{"line":30,"column":73}},{"start":{"line":30,"column":73},"end":{"line":30,"column":75}}]},"2":{"loc":{"start":{"line":38,"column":33},"end":{"line":38,"column":52}},"type":"binary-expr","locations":[{"start":{"line":38,"column":33},"end":{"line":38,"column":40}},{"start":{"line":38,"column":40},"end":{"line":38,"column":52}}]},"3":{"loc":{"start":{"line":45,"column":34},"end":{"line":45,"column":43}},"type":"binary-expr","locations":[{"start":{"line":45,"column":34},"end":{"line":45,"column":41}},{"start":{"line":45,"column":41},"end":{"line":45,"column":43}}]},"4":{"loc":{"start":{"line":82,"column":13},"end":{"line":82,"column":null}},"type":"binary-expr","locations":[{"start":{"line":82,"column":13},"end":{"line":82,"column":24}},{"start":{"line":82,"column":24},"end":{"line":82,"column":null}}]},"5":{"loc":{"start":{"line":109,"column":8},"end":{"line":111,"column":null}},"type":"if","locations":[{"start":{"line":109,"column":8},"end":{"line":111,"column":null}},{"start":{},"end":{}}]},"6":{"loc":{"start":{"line":122,"column":8},"end":{"line":122,"column":null}},"type":"if","locations":[{"start":{"line":122,"column":8},"end":{"line":122,"column":null}},{"start":{},"end":{}}]},"7":{"loc":{"start":{"line":129,"column":8},"end":{"line":129,"column":null}},"type":"if","locations":[{"start":{"line":129,"column":8},"end":{"line":129,"column":null}},{"start":{},"end":{}}]},"8":{"loc":{"start":{"line":138,"column":10},"end":{"line":138,"column":null}},"type":"binary-expr","locations":[{"start":{"line":138,"column":10},"end":{"line":138,"column":30}},{"start":{"line":138,"column":30},"end":{"line":138,"column":null}}]},"9":{"loc":{"start":{"line":151,"column":10},"end":{"line":151,"column":null}},"type":"binary-expr","locations":[{"start":{"line":151,"column":10},"end":{"line":151,"column":30}},{"start":{"line":151,"column":30},"end":{"line":151,"column":null}}]},"10":{"loc":{"start":{"line":158,"column":6},"end":{"line":158,"column":null}},"type":"if","locations":[{"start":{"line":158,"column":6},"end":{"line":158,"column":null}},{"start":{},"end":{}}]},"11":{"loc":{"start":{"line":161,"column":6},"end":{"line":236,"column":null}},"type":"if","locations":[{"start":{"line":161,"column":6},"end":{"line":236,"column":null}},{"start":{},"end":{}}]},"12":{"loc":{"start":{"line":173,"column":14},"end":{"line":192,"column":null}},"type":"switch","locations":[{"start":{"line":174,"column":16},"end":{"line":178,"column":null}},{"start":{"line":179,"column":16},"end":{"line":183,"column":null}},{"start":{"line":184,"column":16},"end":{"line":186,"column":null}},{"start":{"line":187,"column":16},"end":{"line":191,"column":null}}]},"13":{"loc":{"start":{"line":194,"column":14},"end":{"line":196,"column":null}},"type":"if","locations":[{"start":{"line":194,"column":14},"end":{"line":196,"column":null}},{"start":{},"end":{}}]},"14":{"loc":{"start":{"line":210,"column":14},"end":{"line":210,"column":null}},"type":"binary-expr","locations":[{"start":{"line":210,"column":14},"end":{"line":210,"column":34}},{"start":{"line":210,"column":34},"end":{"line":210,"column":null}}]},"15":{"loc":{"start":{"line":223,"column":14},"end":{"line":223,"column":null}},"type":"binary-expr","locations":[{"start":{"line":223,"column":14},"end":{"line":223,"column":34}},{"start":{"line":223,"column":34},"end":{"line":223,"column":null}}]},"16":{"loc":{"start":{"line":239,"column":6},"end":{"line":288,"column":null}},"type":"if","locations":[{"start":{"line":239,"column":6},"end":{"line":288,"column":null}},{"start":{},"end":{}}]},"17":{"loc":{"start":{"line":253,"column":12},"end":{"line":277,"column":null}},"type":"if","locations":[{"start":{"line":253,"column":12},"end":{"line":277,"column":null}},{"start":{},"end":{}}]},"18":{"loc":{"start":{"line":253,"column":16},"end":{"line":253,"column":52}},"type":"binary-expr","locations":[{"start":{"line":253,"column":16},"end":{"line":253,"column":29}},{"start":{"line":253,"column":29},"end":{"line":253,"column":52}}]},"19":{"loc":{"start":{"line":257,"column":16},"end":{"line":257,"column":null}},"type":"binary-expr","locations":[{"start":{"line":257,"column":16},"end":{"line":257,"column":36}},{"start":{"line":257,"column":36},"end":{"line":257,"column":null}}]},"20":{"loc":{"start":{"line":271,"column":16},"end":{"line":271,"column":null}},"type":"binary-expr","locations":[{"start":{"line":271,"column":16},"end":{"line":271,"column":36}},{"start":{"line":271,"column":36},"end":{"line":271,"column":null}}]},"21":{"loc":{"start":{"line":323,"column":17},"end":{"line":323,"column":null}},"type":"cond-expr","locations":[{"start":{"line":323,"column":42},"end":{"line":323,"column":58}},{"start":{"line":323,"column":58},"end":{"line":323,"column":null}}]},"22":{"loc":{"start":{"line":333,"column":15},"end":{"line":333,"column":null}},"type":"cond-expr","locations":[{"start":{"line":333,"column":40},"end":{"line":333,"column":56}},{"start":{"line":333,"column":56},"end":{"line":333,"column":null}}]},"23":{"loc":{"start":{"line":349,"column":4},"end":{"line":357,"column":null}},"type":"if","locations":[{"start":{"line":349,"column":4},"end":{"line":357,"column":null}},{"start":{},"end":{}}]},"24":{"loc":{"start":{"line":351,"column":6},"end":{"line":356,"column":null}},"type":"if","locations":[{"start":{"line":351,"column":6},"end":{"line":356,"column":null}},{"start":{},"end":{}}]},"25":{"loc":{"start":{"line":359,"column":4},"end":{"line":367,"column":null}},"type":"if","locations":[{"start":{"line":359,"column":4},"end":{"line":367,"column":null}},{"start":{},"end":{}}]},"26":{"loc":{"start":{"line":361,"column":6},"end":{"line":366,"column":null}},"type":"if","locations":[{"start":{"line":361,"column":6},"end":{"line":366,"column":null}},{"start":{},"end":{}}]},"27":{"loc":{"start":{"line":369,"column":4},"end":{"line":380,"column":null}},"type":"if","locations":[{"start":{"line":369,"column":4},"end":{"line":380,"column":null}},{"start":{},"end":{}}]},"28":{"loc":{"start":{"line":371,"column":6},"end":{"line":379,"column":null}},"type":"if","locations":[{"start":{"line":371,"column":6},"end":{"line":379,"column":null}},{"start":{},"end":{}}]}},"s":{"0":2,"1":2,"2":23,"3":2,"4":13,"5":2,"6":8,"7":2,"8":8,"9":2,"10":2,"11":2,"12":2,"13":2,"14":2,"15":2,"16":17,"17":17,"18":11,"19":11,"20":11,"21":11,"22":11,"23":11,"24":11,"25":9,"26":9,"27":1,"28":8,"29":8,"30":8,"31":8,"32":8,"33":8,"34":1,"35":7,"36":7,"37":6,"38":7,"39":1,"40":6,"41":6,"42":6,"43":6,"44":6,"45":8,"46":6,"47":8,"48":5,"49":5,"50":5,"51":5,"52":10,"53":10,"54":8,"55":8,"56":4,"57":3,"58":4,"59":1,"60":1,"61":1,"62":2,"63":2,"64":1,"65":2,"66":1,"67":8,"68":7,"69":5,"70":5,"71":5,"72":7,"73":7,"74":5,"75":5,"76":5,"77":8,"78":6,"79":5,"80":5,"81":5,"82":5,"83":5,"84":5,"85":7,"86":7,"87":4,"88":4,"89":4,"90":3,"91":3,"92":3,"93":5,"94":1,"95":1,"96":5,"97":6,"98":3,"99":3,"100":6,"101":17,"102":17,"103":17,"104":17,"105":6,"106":6,"107":5,"108":8,"109":7,"110":12,"111":3,"112":3,"113":2,"114":2,"115":2,"116":10,"117":4,"118":4,"119":3,"120":9,"121":9,"122":9,"123":7},"f":{"0":23,"1":13,"2":8,"3":8,"4":17,"5":11,"6":9,"7":8,"8":8,"9":6,"10":5,"11":3,"12":1,"13":2,"14":5,"15":1,"16":3,"17":17,"18":8,"19":7,"20":2,"21":2,"22":9,"23":9,"24":9},"b":{"0":[23,6],"1":[13,6],"2":[8,2],"3":[8,2],"4":[17,1],"5":[1,8],"6":[1,7],"7":[1,6],"8":[6,5],"9":[6,5],"10":[6,2],"11":[5,3],"12":[4,1,2,1],"13":[7,1],"14":[7,5],"15":[7,5],"16":[6,2],"17":[4,3],"18":[7,6],"19":[4,3],"20":[4,3],"21":[2,1],"22":[5,1],"23":[6,11],"24":[5,1],"25":[3,9],"26":[2,1],"27":[4,6],"28":[3,1]}}
,"C:/Users/Administrator/AppData/Local/Temp/deploy-20250824194733/private/src/workflows/vector-operations.ts": {"path":"C:/Users/Administrator/AppData/Local/Temp/deploy-20250824194733/private/src/workflows/vector-operations.ts","statementMap":{"0":{"start":{"line":5,"column":36},"end":{"line":11,"column":null}},"1":{"start":{"line":13,"column":36},"end":{"line":16,"column":null}},"2":{"start":{"line":18,"column":43},"end":{"line":21,"column":null}},"3":{"start":{"line":41,"column":19},"end":{"line":41,"column":null}},"4":{"start":{"line":43,"column":4},"end":{"line":47,"column":null}},"5":{"start":{"line":44,"column":6},"end":{"line":44,"column":null}},"6":{"start":{"line":46,"column":6},"end":{"line":46,"column":null}},"7":{"start":{"line":54,"column":4},"end":{"line":108,"column":null}},"8":{"start":{"line":56,"column":24},"end":{"line":69,"column":null}},"9":{"start":{"line":57,"column":22},"end":{"line":57,"column":null}},"10":{"start":{"line":59,"column":25},"end":{"line":59,"column":null}},"11":{"start":{"line":61,"column":8},"end":{"line":63,"column":null}},"12":{"start":{"line":62,"column":10},"end":{"line":62,"column":null}},"13":{"start":{"line":65,"column":8},"end":{"line":68,"column":null}},"14":{"start":{"line":72,"column":23},"end":{"line":74,"column":null}},"15":{"start":{"line":73,"column":8},"end":{"line":73,"column":null}},"16":{"start":{"line":77,"column":6},"end":{"line":92,"column":null}},"17":{"start":{"line":78,"column":40},"end":{"line":89,"column":null}},"18":{"start":{"line":91,"column":8},"end":{"line":91,"column":null}},"19":{"start":{"line":94,"column":6},"end":{"line":100,"column":null}},"20":{"start":{"line":102,"column":6},"end":{"line":107,"column":null}},"21":{"start":{"line":115,"column":4},"end":{"line":134,"column":null}},"22":{"start":{"line":117,"column":21},"end":{"line":119,"column":null}},"23":{"start":{"line":118,"column":8},"end":{"line":118,"column":null}},"24":{"start":{"line":121,"column":6},"end":{"line":126,"column":null}},"25":{"start":{"line":128,"column":6},"end":{"line":133,"column":null}}},"fnMap":{"0":{"name":"(anonymous_0)","decl":{"start":{"line":39,"column":2},"end":{"line":39,"column":8}},"loc":{"start":{"line":39,"column":109},"end":{"line":48,"column":null}}},"1":{"name":"(anonymous_1)","decl":{"start":{"line":50,"column":2},"end":{"line":50,"column":16}},"loc":{"start":{"line":53,"column":36},"end":{"line":109,"column":null}}},"2":{"name":"(anonymous_2)","decl":{"start":{"line":56,"column":60},"end":{"line":56,"column":72}},"loc":{"start":{"line":56,"column":72},"end":{"line":69,"column":7}}},"3":{"name":"(anonymous_3)","decl":{"start":{"line":72,"column":57},"end":{"line":72,"column":69}},"loc":{"start":{"line":72,"column":69},"end":{"line":74,"column":7}}},"4":{"name":"(anonymous_4)","decl":{"start":{"line":77,"column":41},"end":{"line":77,"column":53}},"loc":{"start":{"line":77,"column":53},"end":{"line":92,"column":7}}},"5":{"name":"(anonymous_5)","decl":{"start":{"line":111,"column":2},"end":{"line":111,"column":16}},"loc":{"start":{"line":114,"column":36},"end":{"line":135,"column":null}}},"6":{"name":"(anonymous_6)","decl":{"start":{"line":117,"column":60},"end":{"line":117,"column":72}},"loc":{"start":{"line":117,"column":72},"end":{"line":119,"column":7}}}},"branchMap":{"0":{"loc":{"start":{"line":43,"column":4},"end":{"line":47,"column":null}},"type":"if","locations":[{"start":{"line":43,"column":4},"end":{"line":47,"column":null}},{"start":{"line":45,"column":11},"end":{"line":47,"column":null}}]},"1":{"loc":{"start":{"line":57,"column":22},"end":{"line":57,"column":null}},"type":"binary-expr","locations":[{"start":{"line":57,"column":22},"end":{"line":57,"column":38}},{"start":{"line":57,"column":38},"end":{"line":57,"column":null}}]},"2":{"loc":{"start":{"line":61,"column":8},"end":{"line":63,"column":null}},"type":"if","locations":[{"start":{"line":61,"column":8},"end":{"line":63,"column":null}},{"start":{},"end":{}}]},"3":{"loc":{"start":{"line":61,"column":12},"end":{"line":61,"column":83}},"type":"binary-expr","locations":[{"start":{"line":61,"column":12},"end":{"line":61,"column":37}},{"start":{"line":61,"column":37},"end":{"line":61,"column":55}},{"start":{"line":61,"column":55},"end":{"line":61,"column":83}}]},"4":{"loc":{"start":{"line":81,"column":21},"end":{"line":81,"column":null}},"type":"binary-expr","locations":[{"start":{"line":81,"column":21},"end":{"line":81,"column":41}},{"start":{"line":81,"column":41},"end":{"line":81,"column":null}}]},"5":{"loc":{"start":{"line":86,"column":16},"end":{"line":86,"column":null}},"type":"binary-expr","locations":[{"start":{"line":86,"column":16},"end":{"line":86,"column":31}},{"start":{"line":86,"column":31},"end":{"line":86,"column":null}}]},"6":{"loc":{"start":{"line":105,"column":15},"end":{"line":105,"column":null}},"type":"cond-expr","locations":[{"start":{"line":105,"column":40},"end":{"line":105,"column":56}},{"start":{"line":105,"column":56},"end":{"line":105,"column":null}}]},"7":{"loc":{"start":{"line":131,"column":15},"end":{"line":131,"column":null}},"type":"cond-expr","locations":[{"start":{"line":131,"column":40},"end":{"line":131,"column":56}},{"start":{"line":131,"column":56},"end":{"line":131,"column":null}}]}},"s":{"0":1,"1":1,"2":1,"3":16,"4":12,"5":7,"6":5,"7":7,"8":7,"9":6,"10":6,"11":6,"12":2,"13":4,"14":4,"15":4,"16":4,"17":4,"18":4,"19":3,"20":4,"21":5,"22":5,"23":4,"24":3,"25":2},"f":{"0":16,"1":7,"2":6,"3":4,"4":4,"5":5,"6":4},"b":{"0":[7,5],"1":[6,5],"2":[2,4],"3":[6,5,5],"4":[4,3],"5":[4,4],"6":[3,1],"7":[1,1]}}
,"C:/Users/Administrator/AppData/Local/Temp/deploy-20250824194733/private/src/workflows/schemas/workflow.schema.ts": {"path":"C:/Users/Administrator/AppData/Local/Temp/deploy-20250824194733/private/src/workflows/schemas/workflow.schema.ts","statementMap":{"0":{"start":{"line":4,"column":42},"end":{"line":9,"column":null}},"1":{"start":{"line":11,"column":42},"end":{"line":15,"column":null}},"2":{"start":{"line":18,"column":42},"end":{"line":25,"column":null}},"3":{"start":{"line":28,"column":38},"end":{"line":34,"column":null}},"4":{"start":{"line":37,"column":43},"end":{"line":46,"column":null}}},"fnMap":{},"branchMap":{},"s":{"0":2,"1":2,"2":2,"3":2,"4":2},"f":{},"b":{}}
}
