{"C:/Users/Administrator/AppData/Local/Temp/deploy-20250831232725/private/src/base/durable-object.ts": {"path":"C:/Users/Administrator/AppData/Local/Temp/deploy-20250831232725/private/src/base/durable-object.ts","statementMap":{"0":{"start":{"line":17,"column":4},"end":{"line":17,"column":null}},"1":{"start":{"line":18,"column":4},"end":{"line":18,"column":null}},"2":{"start":{"line":19,"column":4},"end":{"line":19,"column":null}},"3":{"start":{"line":33,"column":4},"end":{"line":43,"column":null}},"4":{"start":{"line":34,"column":6},"end":{"line":34,"column":null}},"5":{"start":{"line":36,"column":6},"end":{"line":36,"column":null}},"6":{"start":{"line":37,"column":6},"end":{"line":42,"column":null}},"7":{"start":{"line":50,"column":4},"end":{"line":60,"column":null}},"8":{"start":{"line":51,"column":6},"end":{"line":51,"column":null}},"9":{"start":{"line":53,"column":6},"end":{"line":53,"column":null}},"10":{"start":{"line":54,"column":6},"end":{"line":59,"column":null}},"11":{"start":{"line":67,"column":4},"end":{"line":77,"column":null}},"12":{"start":{"line":68,"column":6},"end":{"line":68,"column":null}},"13":{"start":{"line":70,"column":6},"end":{"line":70,"column":null}},"14":{"start":{"line":71,"column":6},"end":{"line":76,"column":null}},"15":{"start":{"line":86,"column":4},"end":{"line":96,"column":null}},"16":{"start":{"line":87,"column":6},"end":{"line":87,"column":null}},"17":{"start":{"line":89,"column":6},"end":{"line":89,"column":null}},"18":{"start":{"line":90,"column":6},"end":{"line":95,"column":null}},"19":{"start":{"line":105,"column":4},"end":{"line":115,"column":null}},"20":{"start":{"line":106,"column":6},"end":{"line":106,"column":null}},"21":{"start":{"line":108,"column":6},"end":{"line":108,"column":null}},"22":{"start":{"line":109,"column":6},"end":{"line":114,"column":null}},"23":{"start":{"line":124,"column":4},"end":{"line":136,"column":null}},"24":{"start":{"line":125,"column":6},"end":{"line":127,"column":null}},"25":{"start":{"line":126,"column":8},"end":{"line":126,"column":null}},"26":{"start":{"line":129,"column":6},"end":{"line":129,"column":null}},"27":{"start":{"line":130,"column":6},"end":{"line":135,"column":null}},"28":{"start":{"line":143,"column":4},"end":{"line":154,"column":null}},"29":{"start":{"line":144,"column":24},"end":{"line":144,"column":null}},"30":{"start":{"line":145,"column":6},"end":{"line":145,"column":null}},"31":{"start":{"line":147,"column":6},"end":{"line":147,"column":null}},"32":{"start":{"line":148,"column":6},"end":{"line":153,"column":null}},"33":{"start":{"line":161,"column":4},"end":{"line":171,"column":null}},"34":{"start":{"line":162,"column":6},"end":{"line":162,"column":null}},"35":{"start":{"line":164,"column":6},"end":{"line":164,"column":null}},"36":{"start":{"line":165,"column":6},"end":{"line":170,"column":null}},"37":{"start":{"line":185,"column":4},"end":{"line":185,"column":null}},"38":{"start":{"line":192,"column":4},"end":{"line":192,"column":null}},"39":{"start":{"line":199,"column":4},"end":{"line":233,"column":null}},"40":{"start":{"line":200,"column":18},"end":{"line":200,"column":null}},"41":{"start":{"line":201,"column":21},"end":{"line":201,"column":null}},"42":{"start":{"line":202,"column":19},"end":{"line":202,"column":null}},"43":{"start":{"line":205,"column":6},"end":{"line":205,"column":null}},"44":{"start":{"line":207,"column":6},"end":{"line":210,"column":null}},"45":{"start":{"line":212,"column":6},"end":{"line":220,"column":null}},"46":{"start":{"line":213,"column":8},"end":{"line":219,"column":null}},"47":{"start":{"line":222,"column":6},"end":{"line":232,"column":null}},"48":{"start":{"line":249,"column":4},"end":{"line":252,"column":null}},"49":{"start":{"line":263,"column":4},"end":{"line":270,"column":null}}},"fnMap":{"0":{"name":"(anonymous_0)","decl":{"start":{"line":16,"column":2},"end":{"line":16,"column":14}},"loc":{"start":{"line":16,"column":49},"end":{"line":20,"column":null}}},"1":{"name":"(anonymous_1)","decl":{"start":{"line":25,"column":2},"end":{"line":25,"column":18}},"loc":{"start":{"line":25,"column":46},"end":{"line":27,"column":null}}},"2":{"name":"(anonymous_2)","decl":{"start":{"line":32,"column":2},"end":{"line":32,"column":18}},"loc":{"start":{"line":32,"column":73},"end":{"line":44,"column":null}}},"3":{"name":"(anonymous_3)","decl":{"start":{"line":49,"column":2},"end":{"line":49,"column":18}},"loc":{"start":{"line":49,"column":72},"end":{"line":61,"column":null}}},"4":{"name":"(anonymous_4)","decl":{"start":{"line":66,"column":2},"end":{"line":66,"column":18}},"loc":{"start":{"line":66,"column":67},"end":{"line":78,"column":null}}},"5":{"name":"(anonymous_5)","decl":{"start":{"line":83,"column":2},"end":{"line":83,"column":18}},"loc":{"start":{"line":85,"column":29},"end":{"line":97,"column":null}}},"6":{"name":"(anonymous_6)","decl":{"start":{"line":102,"column":2},"end":{"line":102,"column":18}},"loc":{"start":{"line":104,"column":19},"end":{"line":116,"column":null}}},"7":{"name":"(anonymous_7)","decl":{"start":{"line":121,"column":2},"end":{"line":121,"column":18}},"loc":{"start":{"line":123,"column":16},"end":{"line":137,"column":null}}},"8":{"name":"(anonymous_8)","decl":{"start":{"line":125,"column":44},"end":{"line":125,"column":56}},"loc":{"start":{"line":125,"column":56},"end":{"line":127,"column":7}}},"9":{"name":"(anonymous_9)","decl":{"start":{"line":142,"column":2},"end":{"line":142,"column":18}},"loc":{"start":{"line":142,"column":59},"end":{"line":155,"column":null}}},"10":{"name":"(anonymous_10)","decl":{"start":{"line":160,"column":2},"end":{"line":160,"column":18}},"loc":{"start":{"line":160,"column":47},"end":{"line":172,"column":null}}},"11":{"name":"(anonymous_11)","decl":{"start":{"line":177,"column":2},"end":{"line":177,"column":8}},"loc":{"start":{"line":177,"column":31},"end":{"line":179,"column":null}}},"12":{"name":"(anonymous_12)","decl":{"start":{"line":184,"column":2},"end":{"line":184,"column":18}},"loc":{"start":{"line":184,"column":43},"end":{"line":186,"column":null}}},"13":{"name":"(anonymous_13)","decl":{"start":{"line":191,"column":2},"end":{"line":191,"column":18}},"loc":{"start":{"line":191,"column":57},"end":{"line":193,"column":null}}},"14":{"name":"(anonymous_14)","decl":{"start":{"line":198,"column":2},"end":{"line":198,"column":8}},"loc":{"start":{"line":198,"column":51},"end":{"line":234,"column":null}}},"15":{"name":"(anonymous_15)","decl":{"start":{"line":248,"column":12},"end":{"line":248,"column":25}},"loc":{"start":{"line":248,"column":68},"end":{"line":253,"column":null}}},"16":{"name":"(anonymous_16)","decl":{"start":{"line":258,"column":12},"end":{"line":258,"column":null}},"loc":{"start":{"line":262,"column":14},"end":{"line":271,"column":null}}}},"branchMap":{"0":{"loc":{"start":{"line":212,"column":6},"end":{"line":220,"column":null}},"type":"if","locations":[{"start":{"line":212,"column":6},"end":{"line":220,"column":null}},{"start":{},"end":{}}]},"1":{"loc":{"start":{"line":248,"column":36},"end":{"line":248,"column":68}},"type":"default-arg","locations":[{"start":{"line":248,"column":53},"end":{"line":248,"column":68}}]},"2":{"loc":{"start":{"line":260,"column":4},"end":{"line":260,"column":null}},"type":"default-arg","locations":[{"start":{"line":260,"column":21},"end":{"line":260,"column":null}}]},"3":{"loc":{"start":{"line":266,"column":15},"end":{"line":266,"column":null}},"type":"binary-expr","locations":[{"start":{"line":266,"column":15},"end":{"line":266,"column":23}},{"start":{"line":266,"column":23},"end":{"line":266,"column":null}}]}},"s":{"0":34,"1":34,"2":34,"3":3,"4":3,"5":1,"6":1,"7":3,"8":3,"9":1,"10":1,"11":3,"12":3,"13":1,"14":1,"15":3,"16":3,"17":1,"18":1,"19":3,"20":3,"21":1,"22":1,"23":2,"24":2,"25":1,"26":1,"27":1,"28":2,"29":2,"30":2,"31":1,"32":1,"33":2,"34":2,"35":1,"36":1,"37":2,"38":3,"39":6,"40":6,"41":6,"42":6,"43":6,"44":2,"45":2,"46":1,"47":1,"48":6,"49":3},"f":{"0":34,"1":0,"2":3,"3":3,"4":3,"5":3,"6":3,"7":2,"8":1,"9":2,"10":2,"11":0,"12":2,"13":3,"14":6,"15":6,"16":3},"b":{"0":[1,1],"1":[1],"2":[1],"3":[3,1]}}
,"C:/Users/Administrator/AppData/Local/Temp/deploy-20250831232725/private/src/base/job-manager.ts": {"path":"C:/Users/Administrator/AppData/Local/Temp/deploy-20250831232725/private/src/base/job-manager.ts","statementMap":{"0":{"start":{"line":11,"column":7},"end":{"line":11,"column":null}},"1":{"start":{"line":12,"column":2},"end":{"line":12,"column":null}},"2":{"start":{"line":13,"column":2},"end":{"line":13,"column":null}},"3":{"start":{"line":14,"column":2},"end":{"line":14,"column":null}},"4":{"start":{"line":15,"column":2},"end":{"line":15,"column":null}},"5":{"start":{"line":16,"column":2},"end":{"line":16,"column":null}},"6":{"start":{"line":17,"column":2},"end":{"line":17,"column":null}},"7":{"start":{"line":18,"column":2},"end":{"line":18,"column":null}},"8":{"start":{"line":11,"column":12},"end":{"line":11,"column":null}},"9":{"start":{"line":24,"column":7},"end":{"line":24,"column":null}},"10":{"start":{"line":25,"column":2},"end":{"line":25,"column":8}},"11":{"start":{"line":26,"column":2},"end":{"line":26,"column":11}},"12":{"start":{"line":27,"column":2},"end":{"line":27,"column":9}},"13":{"start":{"line":28,"column":2},"end":{"line":28,"column":13}},"14":{"start":{"line":24,"column":12},"end":{"line":24,"column":null}},"15":{"start":{"line":90,"column":23},"end":{"line":90,"column":null}},"16":{"start":{"line":93,"column":4},"end":{"line":93,"column":null}},"17":{"start":{"line":94,"column":4},"end":{"line":94,"column":null}},"18":{"start":{"line":80,"column":43},"end":{"line":80,"column":null}},"19":{"start":{"line":81,"column":30},"end":{"line":81,"column":null}},"20":{"start":{"line":82,"column":38},"end":{"line":82,"column":null}},"21":{"start":{"line":83,"column":58},"end":{"line":83,"column":null}},"22":{"start":{"line":85,"column":36},"end":{"line":85,"column":null}},"23":{"start":{"line":86,"column":36},"end":{"line":86,"column":null}},"24":{"start":{"line":87,"column":35},"end":{"line":87,"column":null}},"25":{"start":{"line":106,"column":27},"end":{"line":116,"column":null}},"26":{"start":{"line":118,"column":4},"end":{"line":118,"column":null}},"27":{"start":{"line":119,"column":4},"end":{"line":119,"column":null}},"28":{"start":{"line":121,"column":4},"end":{"line":125,"column":null}},"29":{"start":{"line":128,"column":4},"end":{"line":128,"column":null}},"30":{"start":{"line":130,"column":4},"end":{"line":130,"column":null}},"31":{"start":{"line":138,"column":18},"end":{"line":141,"column":null}},"32":{"start":{"line":139,"column":24},"end":{"line":139,"column":null}},"33":{"start":{"line":140,"column":6},"end":{"line":140,"column":null}},"34":{"start":{"line":143,"column":4},"end":{"line":147,"column":null}},"35":{"start":{"line":144,"column":6},"end":{"line":144,"column":null}},"36":{"start":{"line":146,"column":6},"end":{"line":146,"column":null}},"37":{"start":{"line":149,"column":4},"end":{"line":149,"column":null}},"38":{"start":{"line":156,"column":4},"end":{"line":156,"column":null}},"39":{"start":{"line":156,"column":27},"end":{"line":156,"column":null}},"40":{"start":{"line":158,"column":4},"end":{"line":158,"column":null}},"41":{"start":{"line":159,"column":4},"end":{"line":159,"column":null}},"42":{"start":{"line":161,"column":4},"end":{"line":174,"column":null}},"43":{"start":{"line":163,"column":6},"end":{"line":170,"column":null}},"44":{"start":{"line":164,"column":22},"end":{"line":164,"column":null}},"45":{"start":{"line":165,"column":8},"end":{"line":169,"column":null}},"46":{"start":{"line":166,"column":10},"end":{"line":168,"column":null}},"47":{"start":{"line":167,"column":12},"end":{"line":167,"column":null}},"48":{"start":{"line":173,"column":6},"end":{"line":173,"column":null}},"49":{"start":{"line":173,"column":35},"end":{"line":173,"column":73}},"50":{"start":{"line":176,"column":4},"end":{"line":176,"column":null}},"51":{"start":{"line":177,"column":4},"end":{"line":177,"column":null}},"52":{"start":{"line":184,"column":16},"end":{"line":184,"column":null}},"53":{"start":{"line":185,"column":4},"end":{"line":188,"column":null}},"54":{"start":{"line":186,"column":6},"end":{"line":186,"column":null}},"55":{"start":{"line":187,"column":6},"end":{"line":187,"column":null}},"56":{"start":{"line":190,"column":4},"end":{"line":190,"column":null}},"57":{"start":{"line":191,"column":4},"end":{"line":191,"column":null}},"58":{"start":{"line":192,"column":4},"end":{"line":192,"column":null}},"59":{"start":{"line":194,"column":4},"end":{"line":197,"column":null}},"60":{"start":{"line":199,"column":4},"end":{"line":259,"column":null}},"61":{"start":{"line":200,"column":24},"end":{"line":200,"column":null}},"62":{"start":{"line":201,"column":6},"end":{"line":207,"column":null}},"63":{"start":{"line":202,"column":8},"end":{"line":206,"column":null}},"64":{"start":{"line":209,"column":24},"end":{"line":209,"column":null}},"65":{"start":{"line":210,"column":21},"end":{"line":210,"column":null}},"66":{"start":{"line":211,"column":23},"end":{"line":211,"column":null}},"67":{"start":{"line":213,"column":6},"end":{"line":213,"column":null}},"68":{"start":{"line":214,"column":6},"end":{"line":214,"column":null}},"69":{"start":{"line":215,"column":6},"end":{"line":215,"column":null}},"70":{"start":{"line":217,"column":6},"end":{"line":220,"column":null}},"71":{"start":{"line":223,"column":6},"end":{"line":223,"column":null}},"72":{"start":{"line":225,"column":27},"end":{"line":225,"column":null}},"73":{"start":{"line":227,"column":6},"end":{"line":230,"column":null}},"74":{"start":{"line":232,"column":6},"end":{"line":256,"column":null}},"75":{"start":{"line":234,"column":8},"end":{"line":234,"column":null}},"76":{"start":{"line":235,"column":8},"end":{"line":235,"column":null}},"77":{"start":{"line":236,"column":8},"end":{"line":236,"column":null}},"78":{"start":{"line":238,"column":8},"end":{"line":241,"column":null}},"79":{"start":{"line":244,"column":22},"end":{"line":244,"column":null}},"80":{"start":{"line":245,"column":8},"end":{"line":247,"column":null}},"81":{"start":{"line":246,"column":10},"end":{"line":246,"column":null}},"82":{"start":{"line":250,"column":8},"end":{"line":250,"column":null}},"83":{"start":{"line":251,"column":8},"end":{"line":251,"column":null}},"84":{"start":{"line":252,"column":8},"end":{"line":252,"column":null}},"85":{"start":{"line":255,"column":8},"end":{"line":255,"column":null}},"86":{"start":{"line":258,"column":6},"end":{"line":258,"column":null}},"87":{"start":{"line":280,"column":4},"end":{"line":280,"column":null}},"88":{"start":{"line":287,"column":4},"end":{"line":287,"column":null}},"89":{"start":{"line":294,"column":4},"end":{"line":294,"column":null}},"90":{"start":{"line":294,"column":43},"end":{"line":294,"column":64}},"91":{"start":{"line":301,"column":4},"end":{"line":301,"column":null}},"92":{"start":{"line":301,"column":43},"end":{"line":301,"column":60}},"93":{"start":{"line":310,"column":4},"end":{"line":314,"column":null}},"94":{"start":{"line":323,"column":23},"end":{"line":323,"column":null}},"95":{"start":{"line":324,"column":4},"end":{"line":326,"column":null}},"96":{"start":{"line":325,"column":6},"end":{"line":325,"column":null}},"97":{"start":{"line":328,"column":4},"end":{"line":328,"column":null}},"98":{"start":{"line":329,"column":4},"end":{"line":329,"column":null}},"99":{"start":{"line":336,"column":16},"end":{"line":336,"column":null}},"100":{"start":{"line":337,"column":4},"end":{"line":337,"column":null}},"101":{"start":{"line":337,"column":14},"end":{"line":337,"column":null}},"102":{"start":{"line":339,"column":4},"end":{"line":342,"column":null}},"103":{"start":{"line":340,"column":6},"end":{"line":340,"column":null}},"104":{"start":{"line":341,"column":6},"end":{"line":341,"column":null}},"105":{"start":{"line":344,"column":4},"end":{"line":344,"column":null}},"106":{"start":{"line":345,"column":4},"end":{"line":345,"column":null}},"107":{"start":{"line":346,"column":4},"end":{"line":346,"column":null}},"108":{"start":{"line":353,"column":18},"end":{"line":353,"column":null}},"109":{"start":{"line":355,"column":4},"end":{"line":367,"column":null}},"110":{"start":{"line":356,"column":24},"end":{"line":356,"column":null}},"111":{"start":{"line":357,"column":6},"end":{"line":362,"column":null}},"112":{"start":{"line":358,"column":8},"end":{"line":361,"column":null}},"113":{"start":{"line":359,"column":10},"end":{"line":359,"column":null}},"114":{"start":{"line":360,"column":10},"end":{"line":360,"column":null}},"115":{"start":{"line":364,"column":6},"end":{"line":364,"column":null}},"116":{"start":{"line":365,"column":6},"end":{"line":365,"column":null}},"117":{"start":{"line":366,"column":6},"end":{"line":366,"column":null}},"118":{"start":{"line":369,"column":4},"end":{"line":369,"column":null}},"119":{"start":{"line":370,"column":4},"end":{"line":370,"column":null}},"120":{"start":{"line":377,"column":4},"end":{"line":377,"column":null}},"121":{"start":{"line":384,"column":42},"end":{"line":388,"column":null}},"122":{"start":{"line":391,"column":4},"end":{"line":393,"column":null}},"123":{"start":{"line":392,"column":6},"end":{"line":392,"column":null}},"124":{"start":{"line":395,"column":4},"end":{"line":395,"column":null}},"125":{"start":{"line":402,"column":4},"end":{"line":402,"column":null}},"126":{"start":{"line":403,"column":4},"end":{"line":403,"column":null}},"127":{"start":{"line":413,"column":4},"end":{"line":415,"column":null}},"128":{"start":{"line":414,"column":6},"end":{"line":414,"column":null}},"129":{"start":{"line":416,"column":4},"end":{"line":418,"column":null}},"130":{"start":{"line":417,"column":6},"end":{"line":417,"column":null}},"131":{"start":{"line":420,"column":4},"end":{"line":420,"column":null}}},"fnMap":{"0":{"name":"(anonymous_0)","decl":{"start":{"line":11,"column":7},"end":{"line":11,"column":12}},"loc":{"start":{"line":11,"column":7},"end":{"line":11,"column":null}}},"1":{"name":"(anonymous_1)","decl":{"start":{"line":24,"column":7},"end":{"line":24,"column":12}},"loc":{"start":{"line":24,"column":7},"end":{"line":24,"column":null}}},"2":{"name":"(anonymous_2)","decl":{"start":{"line":89,"column":2},"end":{"line":89,"column":null}},"loc":{"start":{"line":92,"column":4},"end":{"line":95,"column":null}}},"3":{"name":"(anonymous_3)","decl":{"start":{"line":105,"column":2},"end":{"line":105,"column":8}},"loc":{"start":{"line":105,"column":68},"end":{"line":131,"column":null}}},"4":{"name":"(anonymous_4)","decl":{"start":{"line":136,"column":12},"end":{"line":136,"column":23}},"loc":{"start":{"line":136,"column":45},"end":{"line":150,"column":null}}},"5":{"name":"(anonymous_5)","decl":{"start":{"line":138,"column":39},"end":{"line":138,"column":45}},"loc":{"start":{"line":138,"column":45},"end":{"line":141,"column":5}}},"6":{"name":"(anonymous_6)","decl":{"start":{"line":155,"column":2},"end":{"line":155,"column":18}},"loc":{"start":{"line":155,"column":51},"end":{"line":178,"column":null}}},"7":{"name":"(anonymous_7)","decl":{"start":{"line":166,"column":39},"end":{"line":166,"column":48}},"loc":{"start":{"line":166,"column":48},"end":{"line":168,"column":11}}},"8":{"name":"(anonymous_8)","decl":{"start":{"line":173,"column":24},"end":{"line":173,"column":35}},"loc":{"start":{"line":173,"column":35},"end":{"line":173,"column":73}}},"9":{"name":"(anonymous_9)","decl":{"start":{"line":183,"column":2},"end":{"line":183,"column":18}},"loc":{"start":{"line":183,"column":59},"end":{"line":260,"column":null}}},"10":{"name":"(anonymous_10)","decl":{"start":{"line":245,"column":19},"end":{"line":245,"column":25}},"loc":{"start":{"line":245,"column":25},"end":{"line":247,"column":11}}},"11":{"name":"(anonymous_11)","decl":{"start":{"line":265,"column":2},"end":{"line":265,"column":18}},"loc":{"start":{"line":265,"column":64},"end":{"line":267,"column":null}}},"12":{"name":"(anonymous_12)","decl":{"start":{"line":272,"column":2},"end":{"line":272,"column":18}},"loc":{"start":{"line":272,"column":77},"end":{"line":274,"column":null}}},"13":{"name":"(anonymous_13)","decl":{"start":{"line":279,"column":2},"end":{"line":279,"column":9}},"loc":{"start":{"line":279,"column":47},"end":{"line":281,"column":null}}},"14":{"name":"(anonymous_14)","decl":{"start":{"line":286,"column":2},"end":{"line":286,"column":28}},"loc":{"start":{"line":286,"column":28},"end":{"line":288,"column":null}}},"15":{"name":"(anonymous_15)","decl":{"start":{"line":293,"column":2},"end":{"line":293,"column":18}},"loc":{"start":{"line":293,"column":50},"end":{"line":295,"column":null}}},"16":{"name":"(anonymous_16)","decl":{"start":{"line":294,"column":36},"end":{"line":294,"column":43}},"loc":{"start":{"line":294,"column":43},"end":{"line":294,"column":64}}},"17":{"name":"(anonymous_17)","decl":{"start":{"line":300,"column":2},"end":{"line":300,"column":16}},"loc":{"start":{"line":300,"column":43},"end":{"line":302,"column":null}}},"18":{"name":"(anonymous_18)","decl":{"start":{"line":301,"column":36},"end":{"line":301,"column":43}},"loc":{"start":{"line":301,"column":43},"end":{"line":301,"column":60}}},"19":{"name":"(anonymous_19)","decl":{"start":{"line":307,"column":12},"end":{"line":307,"column":25}},"loc":{"start":{"line":307,"column":50},"end":{"line":316,"column":null}}},"20":{"name":"(anonymous_20)","decl":{"start":{"line":321,"column":12},"end":{"line":321,"column":29}},"loc":{"start":{"line":321,"column":66},"end":{"line":330,"column":null}}},"21":{"name":"(anonymous_21)","decl":{"start":{"line":335,"column":2},"end":{"line":335,"column":8}},"loc":{"start":{"line":335,"column":51},"end":{"line":347,"column":null}}},"22":{"name":"(anonymous_22)","decl":{"start":{"line":352,"column":2},"end":{"line":352,"column":12}},"loc":{"start":{"line":352,"column":52},"end":{"line":371,"column":null}}},"23":{"name":"(anonymous_23)","decl":{"start":{"line":376,"column":12},"end":{"line":376,"column":36}},"loc":{"start":{"line":376,"column":36},"end":{"line":378,"column":null}}},"24":{"name":"(anonymous_24)","decl":{"start":{"line":383,"column":2},"end":{"line":383,"column":42}},"loc":{"start":{"line":383,"column":42},"end":{"line":396,"column":null}}},"25":{"name":"(anonymous_25)","decl":{"start":{"line":401,"column":12},"end":{"line":401,"column":30}},"loc":{"start":{"line":401,"column":81},"end":{"line":404,"column":null}}},"26":{"name":"(anonymous_26)","decl":{"start":{"line":409,"column":2},"end":{"line":409,"column":15}},"loc":{"start":{"line":412,"column":11},"end":{"line":421,"column":null}}}},"branchMap":{"0":{"loc":{"start":{"line":11,"column":12},"end":{"line":11,"column":null}},"type":"binary-expr","locations":[{"start":{"line":11,"column":12},"end":{"line":11,"column":null}},{"start":{"line":11,"column":12},"end":{"line":11,"column":null}}]},"1":{"loc":{"start":{"line":24,"column":12},"end":{"line":24,"column":null}},"type":"binary-expr","locations":[{"start":{"line":24,"column":12},"end":{"line":24,"column":null}},{"start":{"line":24,"column":12},"end":{"line":24,"column":null}}]},"2":{"loc":{"start":{"line":110,"column":16},"end":{"line":110,"column":null}},"type":"binary-expr","locations":[{"start":{"line":110,"column":16},"end":{"line":110,"column":36}},{"start":{"line":110,"column":36},"end":{"line":110,"column":null}}]},"3":{"loc":{"start":{"line":113,"column":18},"end":{"line":113,"column":null}},"type":"binary-expr","locations":[{"start":{"line":113,"column":18},"end":{"line":113,"column":40}},{"start":{"line":113,"column":40},"end":{"line":113,"column":null}}]},"4":{"loc":{"start":{"line":140,"column":13},"end":{"line":140,"column":null}},"type":"binary-expr","locations":[{"start":{"line":140,"column":13},"end":{"line":140,"column":26}},{"start":{"line":140,"column":26},"end":{"line":140,"column":null}}]},"5":{"loc":{"start":{"line":143,"column":4},"end":{"line":147,"column":null}},"type":"if","locations":[{"start":{"line":143,"column":4},"end":{"line":147,"column":null}},{"start":{"line":145,"column":11},"end":{"line":147,"column":null}}]},"6":{"loc":{"start":{"line":156,"column":4},"end":{"line":156,"column":null}},"type":"if","locations":[{"start":{"line":156,"column":4},"end":{"line":156,"column":null}},{"start":{},"end":{}}]},"7":{"loc":{"start":{"line":161,"column":11},"end":{"line":161,"column":62}},"type":"binary-expr","locations":[{"start":{"line":161,"column":11},"end":{"line":161,"column":36}},{"start":{"line":161,"column":36},"end":{"line":161,"column":62}}]},"8":{"loc":{"start":{"line":163,"column":13},"end":{"line":163,"column":81}},"type":"binary-expr","locations":[{"start":{"line":163,"column":13},"end":{"line":163,"column":58}},{"start":{"line":163,"column":58},"end":{"line":163,"column":81}}]},"9":{"loc":{"start":{"line":165,"column":8},"end":{"line":169,"column":null}},"type":"if","locations":[{"start":{"line":165,"column":8},"end":{"line":169,"column":null}},{"start":{},"end":{}}]},"10":{"loc":{"start":{"line":185,"column":4},"end":{"line":188,"column":null}},"type":"if","locations":[{"start":{"line":185,"column":4},"end":{"line":188,"column":null}},{"start":{},"end":{}}]},"11":{"loc":{"start":{"line":201,"column":6},"end":{"line":207,"column":null}},"type":"if","locations":[{"start":{"line":201,"column":6},"end":{"line":207,"column":null}},{"start":{},"end":{}}]},"12":{"loc":{"start":{"line":232,"column":6},"end":{"line":256,"column":null}},"type":"if","locations":[{"start":{"line":232,"column":6},"end":{"line":256,"column":null}},{"start":{"line":248,"column":13},"end":{"line":256,"column":null}}]},"13":{"loc":{"start":{"line":311,"column":6},"end":{"line":314,"column":null}},"type":"binary-expr","locations":[{"start":{"line":311,"column":6},"end":{"line":311,"column":null}},{"start":{"line":312,"column":6},"end":{"line":312,"column":null}},{"start":{"line":313,"column":6},"end":{"line":313,"column":null}},{"start":{"line":314,"column":6},"end":{"line":314,"column":null}}]},"14":{"loc":{"start":{"line":324,"column":4},"end":{"line":326,"column":null}},"type":"if","locations":[{"start":{"line":324,"column":4},"end":{"line":326,"column":null}},{"start":{},"end":{}}]},"15":{"loc":{"start":{"line":337,"column":4},"end":{"line":337,"column":null}},"type":"if","locations":[{"start":{"line":337,"column":4},"end":{"line":337,"column":null}},{"start":{},"end":{}}]},"16":{"loc":{"start":{"line":339,"column":4},"end":{"line":342,"column":null}},"type":"if","locations":[{"start":{"line":339,"column":4},"end":{"line":342,"column":null}},{"start":{},"end":{}}]},"17":{"loc":{"start":{"line":352,"column":12},"end":{"line":352,"column":52}},"type":"default-arg","locations":[{"start":{"line":352,"column":37},"end":{"line":352,"column":52}}]},"18":{"loc":{"start":{"line":355,"column":4},"end":{"line":367,"column":null}},"type":"if","locations":[{"start":{"line":355,"column":4},"end":{"line":367,"column":null}},{"start":{"line":363,"column":11},"end":{"line":367,"column":null}}]},"19":{"loc":{"start":{"line":358,"column":8},"end":{"line":361,"column":null}},"type":"if","locations":[{"start":{"line":358,"column":8},"end":{"line":361,"column":null}},{"start":{},"end":{}}]},"20":{"loc":{"start":{"line":413,"column":4},"end":{"line":415,"column":null}},"type":"if","locations":[{"start":{"line":413,"column":4},"end":{"line":415,"column":null}},{"start":{},"end":{}}]},"21":{"loc":{"start":{"line":416,"column":4},"end":{"line":418,"column":null}},"type":"if","locations":[{"start":{"line":416,"column":4},"end":{"line":418,"column":null}},{"start":{},"end":{}}]}},"s":{"0":2,"1":2,"2":2,"3":2,"4":2,"5":2,"6":2,"7":2,"8":2,"9":2,"10":2,"11":2,"12":2,"13":2,"14":2,"15":48,"16":48,"17":48,"18":48,"19":48,"20":48,"21":48,"22":48,"23":48,"24":48,"25":59,"26":59,"27":59,"28":59,"29":59,"30":59,"31":66,"32":3,"33":3,"34":66,"35":65,"36":1,"37":66,"38":54,"39":16,"40":38,"41":38,"42":38,"43":3039,"44":40,"45":40,"46":40,"47":1,"48":3039,"49":3039,"50":18,"51":18,"52":42,"53":42,"54":1,"55":1,"56":41,"57":41,"58":41,"59":41,"60":41,"61":41,"62":41,"63":1,"64":40,"65":40,"66":32,"67":32,"68":32,"69":32,"70":32,"71":32,"72":9,"73":9,"74":9,"75":8,"76":8,"77":8,"78":8,"79":8,"80":8,"81":7,"82":1,"83":1,"84":1,"85":1,"86":41,"87":34,"88":30,"89":17,"90":41,"91":4,"92":11,"93":4,"94":1,"95":1,"96":1,"97":1,"98":1,"99":5,"100":5,"101":1,"102":4,"103":3,"104":3,"105":1,"106":1,"107":1,"108":3,"109":3,"110":1,"111":1,"112":2,"113":1,"114":1,"115":2,"116":2,"117":2,"118":3,"119":3,"120":59,"121":2,"122":2,"123":14,"124":2,"125":92,"126":92,"127":50,"128":1,"129":50,"130":49,"131":50},"f":{"0":2,"1":2,"2":48,"3":59,"4":66,"5":3,"6":54,"7":1,"8":3039,"9":42,"10":7,"11":32,"12":0,"13":34,"14":30,"15":17,"16":41,"17":4,"18":11,"19":4,"20":1,"21":5,"22":3,"23":59,"24":2,"25":92,"26":50},"b":{"0":[2,2],"1":[2,2],"2":[59,56],"3":[59,56],"4":[3,3],"5":[65,1],"6":[16,38],"7":[3057,3017],"8":[3079,3079],"9":[40,0],"10":[1,41],"11":[1,40],"12":[8,1],"13":[4,3,1,1],"14":[1,0],"15":[1,4],"16":[3,1],"17":[2],"18":[1,2],"19":[1,1],"20":[1,49],"21":[49,1]}}
,"C:/Users/Administrator/AppData/Local/Temp/deploy-20250831232725/private/src/base/workflow.ts": {"path":"C:/Users/Administrator/AppData/Local/Temp/deploy-20250831232725/private/src/base/workflow.ts","statementMap":{"0":{"start":{"line":13,"column":7},"end":{"line":13,"column":null}},"1":{"start":{"line":14,"column":2},"end":{"line":14,"column":null}},"2":{"start":{"line":15,"column":2},"end":{"line":15,"column":null}},"3":{"start":{"line":16,"column":2},"end":{"line":16,"column":null}},"4":{"start":{"line":17,"column":2},"end":{"line":17,"column":null}},"5":{"start":{"line":18,"column":2},"end":{"line":18,"column":null}},"6":{"start":{"line":13,"column":12},"end":{"line":13,"column":null}},"7":{"start":{"line":50,"column":32},"end":{"line":50,"column":null}},"8":{"start":{"line":51,"column":44},"end":{"line":51,"column":null}},"9":{"start":{"line":54,"column":4},"end":{"line":54,"column":null}},"10":{"start":{"line":55,"column":4},"end":{"line":55,"column":null}},"11":{"start":{"line":62,"column":4},"end":{"line":62,"column":null}},"12":{"start":{"line":63,"column":10},"end":{"line":63,"column":null}},"13":{"start":{"line":65,"column":4},"end":{"line":110,"column":null}},"14":{"start":{"line":66,"column":6},"end":{"line":69,"column":null}},"15":{"start":{"line":72,"column":21},"end":{"line":72,"column":null}},"16":{"start":{"line":74,"column":12},"end":{"line":74,"column":null}},"17":{"start":{"line":75,"column":23},"end":{"line":75,"column":null}},"18":{"start":{"line":77,"column":6},"end":{"line":80,"column":null}},"19":{"start":{"line":82,"column":6},"end":{"line":90,"column":null}},"20":{"start":{"line":92,"column":12},"end":{"line":92,"column":null}},"21":{"start":{"line":93,"column":23},"end":{"line":93,"column":null}},"22":{"start":{"line":94,"column":27},"end":{"line":94,"column":null}},"23":{"start":{"line":96,"column":6},"end":{"line":99,"column":null}},"24":{"start":{"line":101,"column":6},"end":{"line":109,"column":null}},"25":{"start":{"line":131,"column":21},"end":{"line":131,"column":null}},"26":{"start":{"line":133,"column":4},"end":{"line":184,"column":null}},"27":{"start":{"line":134,"column":6},"end":{"line":134,"column":null}},"28":{"start":{"line":137,"column":26},"end":{"line":141,"column":null}},"29":{"start":{"line":144,"column":21},"end":{"line":158,"column":null}},"30":{"start":{"line":145,"column":8},"end":{"line":156,"column":null}},"31":{"start":{"line":146,"column":10},"end":{"line":155,"column":null}},"32":{"start":{"line":149,"column":14},"end":{"line":153,"column":null}},"33":{"start":{"line":157,"column":8},"end":{"line":157,"column":null}},"34":{"start":{"line":160,"column":6},"end":{"line":160,"column":null}},"35":{"start":{"line":162,"column":6},"end":{"line":165,"column":null}},"36":{"start":{"line":167,"column":27},"end":{"line":167,"column":null}},"37":{"start":{"line":169,"column":6},"end":{"line":169,"column":null}},"38":{"start":{"line":171,"column":6},"end":{"line":178,"column":null}},"39":{"start":{"line":172,"column":8},"end":{"line":177,"column":null}},"40":{"start":{"line":180,"column":6},"end":{"line":183,"column":null}},"41":{"start":{"line":198,"column":4},"end":{"line":198,"column":null}},"42":{"start":{"line":200,"column":21},"end":{"line":202,"column":null}},"43":{"start":{"line":201,"column":6},"end":{"line":201,"column":null}},"44":{"start":{"line":204,"column":20},"end":{"line":204,"column":null}},"45":{"start":{"line":206,"column":19},"end":{"line":206,"column":null}},"46":{"start":{"line":206,"column":39},"end":{"line":206,"column":49}},"47":{"start":{"line":207,"column":4},"end":{"line":209,"column":null}},"48":{"start":{"line":208,"column":6},"end":{"line":208,"column":null}},"49":{"start":{"line":211,"column":4},"end":{"line":211,"column":null}},"50":{"start":{"line":223,"column":26},"end":{"line":223,"column":null}},"51":{"start":{"line":225,"column":4},"end":{"line":228,"column":null}},"52":{"start":{"line":226,"column":6},"end":{"line":226,"column":null}},"53":{"start":{"line":227,"column":6},"end":{"line":227,"column":null}},"54":{"start":{"line":230,"column":4},"end":{"line":230,"column":null}},"55":{"start":{"line":237,"column":4},"end":{"line":237,"column":null}},"56":{"start":{"line":238,"column":4},"end":{"line":238,"column":null}},"57":{"start":{"line":250,"column":4},"end":{"line":267,"column":null}},"58":{"start":{"line":251,"column":23},"end":{"line":253,"column":null}},"59":{"start":{"line":255,"column":21},"end":{"line":255,"column":null}},"60":{"start":{"line":257,"column":6},"end":{"line":259,"column":null}},"61":{"start":{"line":258,"column":8},"end":{"line":258,"column":null}},"62":{"start":{"line":261,"column":6},"end":{"line":266,"column":null}},"63":{"start":{"line":274,"column":4},"end":{"line":274,"column":null}},"64":{"start":{"line":281,"column":4},"end":{"line":281,"column":null}},"65":{"start":{"line":288,"column":23},"end":{"line":288,"column":null}},"66":{"start":{"line":290,"column":4},"end":{"line":295,"column":null}},"67":{"start":{"line":297,"column":4},"end":{"line":301,"column":null}},"68":{"start":{"line":308,"column":4},"end":{"line":311,"column":null}},"69":{"start":{"line":313,"column":4},"end":{"line":315,"column":null}},"70":{"start":{"line":314,"column":6},"end":{"line":314,"column":null}},"71":{"start":{"line":317,"column":4},"end":{"line":322,"column":null}}},"fnMap":{"0":{"name":"(anonymous_0)","decl":{"start":{"line":13,"column":7},"end":{"line":13,"column":12}},"loc":{"start":{"line":13,"column":7},"end":{"line":13,"column":null}}},"1":{"name":"(anonymous_1)","decl":{"start":{"line":53,"column":2},"end":{"line":53,"column":14}},"loc":{"start":{"line":53,"column":34},"end":{"line":56,"column":null}}},"2":{"name":"(anonymous_2)","decl":{"start":{"line":61,"column":2},"end":{"line":61,"column":8}},"loc":{"start":{"line":61,"column":97},"end":{"line":111,"column":null}}},"3":{"name":"(anonymous_3)","decl":{"start":{"line":121,"column":2},"end":{"line":121,"column":18}},"loc":{"start":{"line":130,"column":28},"end":{"line":185,"column":null}}},"4":{"name":"(anonymous_4)","decl":{"start":{"line":144,"column":45},"end":{"line":144,"column":57}},"loc":{"start":{"line":144,"column":57},"end":{"line":158,"column":7}}},"5":{"name":"(anonymous_5)","decl":{"start":{"line":148,"column":21},"end":{"line":148,"column":22}},"loc":{"start":{"line":148,"column":48},"end":{"line":154,"column":null}}},"6":{"name":"(anonymous_6)","decl":{"start":{"line":190,"column":2},"end":{"line":190,"column":18}},"loc":{"start":{"line":197,"column":35},"end":{"line":212,"column":null}}},"7":{"name":"(anonymous_7)","decl":{"start":{"line":200,"column":31},"end":{"line":200,"column":null}},"loc":{"start":{"line":201,"column":6},"end":{"line":201,"column":null}}},"8":{"name":"(anonymous_8)","decl":{"start":{"line":206,"column":34},"end":{"line":206,"column":39}},"loc":{"start":{"line":206,"column":39},"end":{"line":206,"column":49}}},"9":{"name":"(anonymous_9)","decl":{"start":{"line":217,"column":2},"end":{"line":217,"column":18}},"loc":{"start":{"line":222,"column":35},"end":{"line":231,"column":null}}},"10":{"name":"(anonymous_10)","decl":{"start":{"line":236,"column":2},"end":{"line":236,"column":18}},"loc":{"start":{"line":236,"column":96},"end":{"line":239,"column":null}}},"11":{"name":"(anonymous_11)","decl":{"start":{"line":244,"column":2},"end":{"line":244,"column":18}},"loc":{"start":{"line":249,"column":16},"end":{"line":268,"column":null}}},"12":{"name":"(anonymous_12)","decl":{"start":{"line":250,"column":50},"end":{"line":250,"column":62}},"loc":{"start":{"line":250,"column":62},"end":{"line":267,"column":5}}},"13":{"name":"(anonymous_13)","decl":{"start":{"line":273,"column":12},"end":{"line":273,"column":24}},"loc":{"start":{"line":273,"column":55},"end":{"line":275,"column":null}}},"14":{"name":"(anonymous_14)","decl":{"start":{"line":280,"column":12},"end":{"line":280,"column":24}},"loc":{"start":{"line":280,"column":42},"end":{"line":282,"column":null}}},"15":{"name":"(anonymous_15)","decl":{"start":{"line":287,"column":12},"end":{"line":287,"column":27}},"loc":{"start":{"line":287,"column":83},"end":{"line":302,"column":null}}},"16":{"name":"(anonymous_16)","decl":{"start":{"line":307,"column":12},"end":{"line":307,"column":24}},"loc":{"start":{"line":307,"column":64},"end":{"line":323,"column":null}}}},"branchMap":{"0":{"loc":{"start":{"line":13,"column":12},"end":{"line":13,"column":null}},"type":"binary-expr","locations":[{"start":{"line":13,"column":12},"end":{"line":13,"column":null}},{"start":{"line":13,"column":12},"end":{"line":13,"column":null}}]},"1":{"loc":{"start":{"line":137,"column":26},"end":{"line":141,"column":null}},"type":"cond-expr","locations":[{"start":{"line":138,"column":10},"end":{"line":138,"column":null}},{"start":{"line":139,"column":10},"end":{"line":141,"column":null}}]},"2":{"loc":{"start":{"line":139,"column":10},"end":{"line":141,"column":null}},"type":"cond-expr","locations":[{"start":{"line":140,"column":10},"end":{"line":140,"column":null}},{"start":{"line":141,"column":10},"end":{"line":141,"column":null}}]},"3":{"loc":{"start":{"line":145,"column":8},"end":{"line":156,"column":null}},"type":"if","locations":[{"start":{"line":145,"column":8},"end":{"line":156,"column":null}},{"start":{},"end":{}}]},"4":{"loc":{"start":{"line":171,"column":6},"end":{"line":178,"column":null}},"type":"if","locations":[{"start":{"line":171,"column":6},"end":{"line":178,"column":null}},{"start":{},"end":{}}]},"5":{"loc":{"start":{"line":207,"column":4},"end":{"line":209,"column":null}},"type":"if","locations":[{"start":{"line":207,"column":4},"end":{"line":209,"column":null}},{"start":{},"end":{}}]},"6":{"loc":{"start":{"line":225,"column":4},"end":{"line":228,"column":null}},"type":"if","locations":[{"start":{"line":225,"column":4},"end":{"line":228,"column":null}},{"start":{},"end":{}}]},"7":{"loc":{"start":{"line":257,"column":6},"end":{"line":259,"column":null}},"type":"if","locations":[{"start":{"line":257,"column":6},"end":{"line":259,"column":null}},{"start":{},"end":{}}]},"8":{"loc":{"start":{"line":313,"column":4},"end":{"line":315,"column":null}},"type":"if","locations":[{"start":{"line":313,"column":4},"end":{"line":315,"column":null}},{"start":{},"end":{}}]}},"s":{"0":3,"1":3,"2":3,"3":3,"4":3,"5":3,"6":3,"7":68,"8":68,"9":68,"10":68,"11":20,"12":20,"13":20,"14":20,"15":20,"16":18,"17":18,"18":18,"19":18,"20":2,"21":2,"22":2,"23":2,"24":2,"25":26,"26":26,"27":26,"28":26,"29":26,"30":26,"31":13,"32":2,"33":13,"34":23,"35":23,"36":3,"37":3,"38":3,"39":1,"40":2,"41":2,"42":2,"43":6,"44":2,"45":2,"46":6,"47":2,"48":1,"49":2,"50":3,"51":3,"52":1,"53":1,"54":2,"55":2,"56":2,"57":2,"58":2,"59":2,"60":2,"61":1,"62":1,"63":4,"64":5,"65":6,"66":6,"67":6,"68":3,"69":3,"70":1,"71":2},"f":{"0":3,"1":68,"2":20,"3":26,"4":26,"5":2,"6":2,"7":6,"8":6,"9":3,"10":2,"11":2,"12":2,"13":4,"14":5,"15":6,"16":3},"b":{"0":[3,3],"1":[11,15],"2":[1,14],"3":[13,13],"4":[1,2],"5":[1,1],"6":[1,2],"7":[1,1],"8":[1,2]}}
,"C:/Users/Administrator/AppData/Local/Temp/deploy-20250831232725/private/src/db/index.ts": {"path":"C:/Users/Administrator/AppData/Local/Temp/deploy-20250831232725/private/src/db/index.ts","statementMap":{"0":{"start":{"line":5,"column":2},"end":{"line":5,"column":null}}},"fnMap":{"0":{"name":"getDb","decl":{"start":{"line":4,"column":16},"end":{"line":4,"column":22}},"loc":{"start":{"line":4,"column":32},"end":{"line":6,"column":null}}}},"branchMap":{},"s":{"0":18},"f":{"0":18},"b":{}}
,"C:/Users/Administrator/AppData/Local/Temp/deploy-20250831232725/private/src/durable-objects/ai-embeddings.ts": {"path":"C:/Users/Administrator/AppData/Local/Temp/deploy-20250831232725/private/src/durable-objects/ai-embeddings.ts","statementMap":{"0":{"start":{"line":41,"column":36},"end":{"line":43,"column":null}},"1":{"start":{"line":46,"column":4},"end":{"line":46,"column":null}},"2":{"start":{"line":52,"column":18},"end":{"line":52,"column":null}},"3":{"start":{"line":53,"column":21},"end":{"line":61,"column":null}},"4":{"start":{"line":64,"column":26},"end":{"line":70,"column":null}},"5":{"start":{"line":72,"column":4},"end":{"line":77,"column":null}},"6":{"start":{"line":80,"column":4},"end":{"line":80,"column":null}},"7":{"start":{"line":89,"column":18},"end":{"line":89,"column":null}},"8":{"start":{"line":92,"column":21},"end":{"line":100,"column":null}},"9":{"start":{"line":103,"column":26},"end":{"line":109,"column":null}},"10":{"start":{"line":111,"column":4},"end":{"line":116,"column":null}},"11":{"start":{"line":118,"column":4},"end":{"line":118,"column":null}},"12":{"start":{"line":123,"column":4},"end":{"line":123,"column":null}},"13":{"start":{"line":127,"column":21},"end":{"line":127,"column":null}},"14":{"start":{"line":128,"column":19},"end":{"line":128,"column":null}},"15":{"start":{"line":129,"column":4},"end":{"line":129,"column":null}},"16":{"start":{"line":137,"column":18},"end":{"line":137,"column":null}},"17":{"start":{"line":138,"column":21},"end":{"line":146,"column":null}},"18":{"start":{"line":149,"column":26},"end":{"line":155,"column":null}},"19":{"start":{"line":157,"column":4},"end":{"line":162,"column":null}},"20":{"start":{"line":165,"column":4},"end":{"line":165,"column":null}},"21":{"start":{"line":176,"column":4},"end":{"line":198,"column":null}}},"fnMap":{"0":{"name":"(anonymous_0)","decl":{"start":{"line":45,"column":2},"end":{"line":45,"column":14}},"loc":{"start":{"line":45,"column":49},"end":{"line":47,"column":null}}},"1":{"name":"(anonymous_1)","decl":{"start":{"line":50,"column":2},"end":{"line":50,"column":8}},"loc":{"start":{"line":50,"column":120},"end":{"line":81,"column":null}}},"2":{"name":"(anonymous_2)","decl":{"start":{"line":84,"column":2},"end":{"line":84,"column":8}},"loc":{"start":{"line":88,"column":5},"end":{"line":119,"column":null}}},"3":{"name":"(anonymous_3)","decl":{"start":{"line":122,"column":2},"end":{"line":122,"column":8}},"loc":{"start":{"line":122,"column":67},"end":{"line":124,"column":null}}},"4":{"name":"(anonymous_4)","decl":{"start":{"line":126,"column":2},"end":{"line":126,"column":8}},"loc":{"start":{"line":126,"column":46},"end":{"line":130,"column":null}}},"5":{"name":"(anonymous_5)","decl":{"start":{"line":132,"column":2},"end":{"line":132,"column":8}},"loc":{"start":{"line":135,"column":89},"end":{"line":166,"column":null}}},"6":{"name":"(anonymous_6)","decl":{"start":{"line":169,"column":2},"end":{"line":169,"column":8}},"loc":{"start":{"line":175,"column":6},"end":{"line":199,"column":null}}}},"branchMap":{"0":{"loc":{"start":{"line":57,"column":15},"end":{"line":57,"column":null}},"type":"binary-expr","locations":[{"start":{"line":57,"column":15},"end":{"line":57,"column":24}},{"start":{"line":57,"column":24},"end":{"line":57,"column":null}}]},"1":{"loc":{"start":{"line":96,"column":15},"end":{"line":96,"column":null}},"type":"binary-expr","locations":[{"start":{"line":96,"column":15},"end":{"line":96,"column":24}},{"start":{"line":96,"column":24},"end":{"line":96,"column":null}}]},"2":{"loc":{"start":{"line":97,"column":19},"end":{"line":97,"column":null}},"type":"binary-expr","locations":[{"start":{"line":97,"column":19},"end":{"line":97,"column":41}},{"start":{"line":97,"column":41},"end":{"line":97,"column":null}}]},"3":{"loc":{"start":{"line":98,"column":25},"end":{"line":98,"column":null}},"type":"binary-expr","locations":[{"start":{"line":98,"column":25},"end":{"line":98,"column":53}},{"start":{"line":98,"column":53},"end":{"line":98,"column":null}}]},"4":{"loc":{"start":{"line":142,"column":15},"end":{"line":142,"column":null}},"type":"binary-expr","locations":[{"start":{"line":142,"column":15},"end":{"line":142,"column":24}},{"start":{"line":142,"column":24},"end":{"line":142,"column":null}}]},"5":{"loc":{"start":{"line":143,"column":19},"end":{"line":143,"column":null}},"type":"binary-expr","locations":[{"start":{"line":143,"column":19},"end":{"line":143,"column":41}},{"start":{"line":143,"column":41},"end":{"line":143,"column":null}}]},"6":{"loc":{"start":{"line":144,"column":25},"end":{"line":144,"column":null}},"type":"binary-expr","locations":[{"start":{"line":144,"column":25},"end":{"line":144,"column":53}},{"start":{"line":144,"column":53},"end":{"line":144,"column":null}}]}},"s":{"0":11,"1":11,"2":2,"3":2,"4":2,"5":2,"6":2,"7":2,"8":2,"9":2,"10":2,"11":2,"12":2,"13":1,"14":1,"15":1,"16":2,"17":2,"18":2,"19":2,"20":2,"21":1},"f":{"0":11,"1":2,"2":2,"3":2,"4":1,"5":2,"6":1},"b":{"0":[2,1],"1":[2,1],"2":[2,1],"3":[2,1],"4":[2,1],"5":[2,1],"6":[2,1]}}
,"C:/Users/Administrator/AppData/Local/Temp/deploy-20250831232725/private/src/durable-objects/notion-api-client.ts": {"path":"C:/Users/Administrator/AppData/Local/Temp/deploy-20250831232725/private/src/durable-objects/notion-api-client.ts","statementMap":{"0":{"start":{"line":37,"column":4},"end":{"line":43,"column":null}},"1":{"start":{"line":38,"column":6},"end":{"line":42,"column":null}},"2":{"start":{"line":45,"column":4},"end":{"line":50,"column":null}},"3":{"start":{"line":52,"column":4},"end":{"line":52,"column":null}},"4":{"start":{"line":59,"column":4},"end":{"line":72,"column":null}},"5":{"start":{"line":60,"column":19},"end":{"line":60,"column":null}},"6":{"start":{"line":61,"column":6},"end":{"line":61,"column":null}},"7":{"start":{"line":63,"column":6},"end":{"line":65,"column":null}},"8":{"start":{"line":64,"column":8},"end":{"line":64,"column":null}},"9":{"start":{"line":66,"column":6},"end":{"line":71,"column":null}},"10":{"start":{"line":79,"column":4},"end":{"line":89,"column":null}},"11":{"start":{"line":80,"column":21},"end":{"line":80,"column":null}},"12":{"start":{"line":81,"column":6},"end":{"line":81,"column":null}},"13":{"start":{"line":83,"column":6},"end":{"line":88,"column":null}},"14":{"start":{"line":96,"column":4},"end":{"line":106,"column":null}},"15":{"start":{"line":97,"column":19},"end":{"line":97,"column":null}},"16":{"start":{"line":98,"column":6},"end":{"line":98,"column":null}},"17":{"start":{"line":100,"column":6},"end":{"line":105,"column":null}},"18":{"start":{"line":116,"column":4},"end":{"line":134,"column":null}},"19":{"start":{"line":117,"column":23},"end":{"line":120,"column":null}},"20":{"start":{"line":122,"column":6},"end":{"line":126,"column":null}},"21":{"start":{"line":128,"column":6},"end":{"line":133,"column":null}},"22":{"start":{"line":144,"column":4},"end":{"line":159,"column":null}},"23":{"start":{"line":145,"column":22},"end":{"line":149,"column":null}},"24":{"start":{"line":151,"column":6},"end":{"line":151,"column":null}},"25":{"start":{"line":153,"column":6},"end":{"line":158,"column":null}},"26":{"start":{"line":166,"column":4},"end":{"line":170,"column":null}}},"fnMap":{"0":{"name":"(anonymous_0)","decl":{"start":{"line":36,"column":2},"end":{"line":36,"column":14}},"loc":{"start":{"line":36,"column":49},"end":{"line":53,"column":null}}},"1":{"name":"(anonymous_1)","decl":{"start":{"line":58,"column":2},"end":{"line":58,"column":8}},"loc":{"start":{"line":58,"column":62},"end":{"line":73,"column":null}}},"2":{"name":"(anonymous_2)","decl":{"start":{"line":78,"column":2},"end":{"line":78,"column":8}},"loc":{"start":{"line":78,"column":52},"end":{"line":90,"column":null}}},"3":{"name":"(anonymous_3)","decl":{"start":{"line":95,"column":2},"end":{"line":95,"column":8}},"loc":{"start":{"line":95,"column":70},"end":{"line":107,"column":null}}},"4":{"name":"(anonymous_4)","decl":{"start":{"line":112,"column":2},"end":{"line":112,"column":8}},"loc":{"start":{"line":115,"column":77},"end":{"line":135,"column":null}}},"5":{"name":"(anonymous_5)","decl":{"start":{"line":140,"column":2},"end":{"line":140,"column":8}},"loc":{"start":{"line":143,"column":27},"end":{"line":160,"column":null}}},"6":{"name":"(anonymous_6)","decl":{"start":{"line":165,"column":2},"end":{"line":165,"column":39}},"loc":{"start":{"line":165,"column":39},"end":{"line":171,"column":null}}}},"branchMap":{"0":{"loc":{"start":{"line":37,"column":4},"end":{"line":43,"column":null}},"type":"if","locations":[{"start":{"line":37,"column":4},"end":{"line":43,"column":null}},{"start":{},"end":{}}]},"1":{"loc":{"start":{"line":63,"column":6},"end":{"line":65,"column":null}},"type":"if","locations":[{"start":{"line":63,"column":6},"end":{"line":65,"column":null}},{"start":{},"end":{}}]},"2":{"loc":{"start":{"line":81,"column":13},"end":{"line":81,"column":null}},"type":"binary-expr","locations":[{"start":{"line":81,"column":13},"end":{"line":81,"column":23}},{"start":{"line":81,"column":23},"end":{"line":81,"column":null}}]},"3":{"loc":{"start":{"line":98,"column":13},"end":{"line":98,"column":null}},"type":"binary-expr","locations":[{"start":{"line":98,"column":13},"end":{"line":98,"column":33}},{"start":{"line":98,"column":33},"end":{"line":98,"column":null}}]},"4":{"loc":{"start":{"line":118,"column":19},"end":{"line":118,"column":null}},"type":"binary-expr","locations":[{"start":{"line":118,"column":19},"end":{"line":118,"column":37}},{"start":{"line":118,"column":37},"end":{"line":118,"column":null}}]},"5":{"loc":{"start":{"line":125,"column":20},"end":{"line":125,"column":null}},"type":"binary-expr","locations":[{"start":{"line":125,"column":20},"end":{"line":125,"column":44}},{"start":{"line":125,"column":44},"end":{"line":125,"column":null}}]},"6":{"loc":{"start":{"line":148,"column":19},"end":{"line":148,"column":null}},"type":"binary-expr","locations":[{"start":{"line":148,"column":19},"end":{"line":148,"column":37}},{"start":{"line":148,"column":37},"end":{"line":148,"column":null}}]}},"s":{"0":31,"1":3,"2":28,"3":28,"4":5,"5":5,"6":1,"7":4,"8":1,"9":3,"10":5,"11":5,"12":3,"13":2,"14":5,"15":5,"16":3,"17":2,"18":5,"19":5,"20":3,"21":2,"22":5,"23":5,"24":3,"25":2,"26":2},"f":{"0":31,"1":5,"2":5,"3":5,"4":5,"5":5,"6":2},"b":{"0":[3,28],"1":[1,3],"2":[3,2],"3":[3,2],"4":[5,4],"5":[3,2],"6":[5,5]}}
,"C:/Users/Administrator/AppData/Local/Temp/deploy-20250831232725/private/src/durable-objects/notion-manager.ts": {"path":"C:/Users/Administrator/AppData/Local/Temp/deploy-20250831232725/private/src/durable-objects/notion-manager.ts","statementMap":{"0":{"start":{"line":63,"column":37},"end":{"line":79,"column":null}},"1":{"start":{"line":82,"column":4},"end":{"line":82,"column":null}},"2":{"start":{"line":86,"column":4},"end":{"line":92,"column":null}},"3":{"start":{"line":87,"column":26},"end":{"line":87,"column":null}},"4":{"start":{"line":88,"column":6},"end":{"line":90,"column":null}},"5":{"start":{"line":89,"column":8},"end":{"line":89,"column":null}},"6":{"start":{"line":91,"column":6},"end":{"line":91,"column":null}},"7":{"start":{"line":93,"column":4},"end":{"line":93,"column":null}},"8":{"start":{"line":97,"column":4},"end":{"line":97,"column":null}},"9":{"start":{"line":109,"column":18},"end":{"line":109,"column":null}},"10":{"start":{"line":112,"column":21},"end":{"line":121,"column":null}},"11":{"start":{"line":124,"column":41},"end":{"line":140,"column":null}},"12":{"start":{"line":143,"column":4},"end":{"line":153,"column":null}},"13":{"start":{"line":156,"column":4},"end":{"line":162,"column":null}},"14":{"start":{"line":164,"column":4},"end":{"line":164,"column":null}},"15":{"start":{"line":184,"column":22},"end":{"line":184,"column":null}},"16":{"start":{"line":185,"column":24},"end":{"line":185,"column":null}},"17":{"start":{"line":186,"column":21},"end":{"line":186,"column":null}},"18":{"start":{"line":189,"column":4},"end":{"line":209,"column":null}},"19":{"start":{"line":190,"column":6},"end":{"line":208,"column":null}},"20":{"start":{"line":191,"column":23},"end":{"line":195,"column":null}},"21":{"start":{"line":197,"column":8},"end":{"line":201,"column":null}},"22":{"start":{"line":203,"column":8},"end":{"line":207,"column":null}},"23":{"start":{"line":212,"column":45},"end":{"line":226,"column":null}},"24":{"start":{"line":228,"column":4},"end":{"line":234,"column":null}},"25":{"start":{"line":236,"column":4},"end":{"line":236,"column":null}},"26":{"start":{"line":245,"column":16},"end":{"line":245,"column":null}},"27":{"start":{"line":246,"column":4},"end":{"line":246,"column":null}},"28":{"start":{"line":246,"column":14},"end":{"line":246,"column":null}},"29":{"start":{"line":248,"column":43},"end":{"line":254,"column":null}},"30":{"start":{"line":257,"column":4},"end":{"line":276,"column":null}},"31":{"start":{"line":279,"column":4},"end":{"line":286,"column":null}},"32":{"start":{"line":291,"column":4},"end":{"line":291,"column":null}},"33":{"start":{"line":296,"column":4},"end":{"line":296,"column":null}},"34":{"start":{"line":301,"column":4},"end":{"line":303,"column":null}},"35":{"start":{"line":302,"column":13},"end":{"line":302,"column":null}},"36":{"start":{"line":308,"column":4},"end":{"line":308,"column":null}},"37":{"start":{"line":315,"column":4},"end":{"line":321,"column":null}},"38":{"start":{"line":326,"column":4},"end":{"line":326,"column":null}},"39":{"start":{"line":331,"column":26},"end":{"line":331,"column":null}},"40":{"start":{"line":334,"column":15},"end":{"line":334,"column":null}},"41":{"start":{"line":337,"column":4},"end":{"line":343,"column":null}},"42":{"start":{"line":338,"column":25},"end":{"line":338,"column":null}},"43":{"start":{"line":339,"column":6},"end":{"line":342,"column":null}},"44":{"start":{"line":340,"column":8},"end":{"line":340,"column":null}},"45":{"start":{"line":341,"column":8},"end":{"line":341,"column":null}},"46":{"start":{"line":345,"column":4},"end":{"line":345,"column":null}},"47":{"start":{"line":354,"column":26},"end":{"line":354,"column":null}},"48":{"start":{"line":357,"column":26},"end":{"line":357,"column":null}},"49":{"start":{"line":359,"column":4},"end":{"line":364,"column":null}},"50":{"start":{"line":360,"column":6},"end":{"line":363,"column":null}},"51":{"start":{"line":367,"column":19},"end":{"line":369,"column":null}},"52":{"start":{"line":372,"column":4},"end":{"line":374,"column":null}},"53":{"start":{"line":373,"column":6},"end":{"line":373,"column":null}},"54":{"start":{"line":376,"column":4},"end":{"line":376,"column":null}},"55":{"start":{"line":382,"column":19},"end":{"line":382,"column":null}},"56":{"start":{"line":383,"column":23},"end":{"line":383,"column":null}},"57":{"start":{"line":384,"column":17},"end":{"line":384,"column":null}},"58":{"start":{"line":385,"column":31},"end":{"line":385,"column":null}},"59":{"start":{"line":387,"column":4},"end":{"line":391,"column":null}},"60":{"start":{"line":388,"column":6},"end":{"line":390,"column":null}},"61":{"start":{"line":389,"column":8},"end":{"line":389,"column":null}},"62":{"start":{"line":393,"column":4},"end":{"line":395,"column":null}},"63":{"start":{"line":394,"column":6},"end":{"line":394,"column":null}},"64":{"start":{"line":397,"column":20},"end":{"line":397,"column":null}},"65":{"start":{"line":398,"column":4},"end":{"line":398,"column":null}},"66":{"start":{"line":398,"column":30},"end":{"line":398,"column":51}},"67":{"start":{"line":400,"column":4},"end":{"line":403,"column":null}},"68":{"start":{"line":406,"column":4},"end":{"line":408,"column":null}},"69":{"start":{"line":407,"column":6},"end":{"line":407,"column":null}},"70":{"start":{"line":410,"column":4},"end":{"line":410,"column":null}},"71":{"start":{"line":415,"column":4},"end":{"line":421,"column":null}},"72":{"start":{"line":416,"column":23},"end":{"line":416,"column":null}},"73":{"start":{"line":417,"column":6},"end":{"line":417,"column":null}},"74":{"start":{"line":419,"column":6},"end":{"line":419,"column":null}},"75":{"start":{"line":420,"column":6},"end":{"line":420,"column":null}}},"fnMap":{"0":{"name":"(anonymous_0)","decl":{"start":{"line":81,"column":2},"end":{"line":81,"column":14}},"loc":{"start":{"line":81,"column":49},"end":{"line":83,"column":null}}},"1":{"name":"(anonymous_1)","decl":{"start":{"line":85,"column":10},"end":{"line":85,"column":44}},"loc":{"start":{"line":85,"column":44},"end":{"line":94,"column":null}}},"2":{"name":"(anonymous_2)","decl":{"start":{"line":96,"column":2},"end":{"line":96,"column":14}},"loc":{"start":{"line":96,"column":19},"end":{"line":98,"column":null}}},"3":{"name":"(anonymous_3)","decl":{"start":{"line":101,"column":2},"end":{"line":101,"column":8}},"loc":{"start":{"line":108,"column":68},"end":{"line":165,"column":null}}},"4":{"name":"(anonymous_4)","decl":{"start":{"line":168,"column":2},"end":{"line":168,"column":8}},"loc":{"start":{"line":183,"column":5},"end":{"line":237,"column":null}}},"5":{"name":"(anonymous_5)","decl":{"start":{"line":240,"column":2},"end":{"line":240,"column":8}},"loc":{"start":{"line":244,"column":19},"end":{"line":287,"column":null}}},"6":{"name":"(anonymous_6)","decl":{"start":{"line":290,"column":2},"end":{"line":290,"column":8}},"loc":{"start":{"line":290,"column":72},"end":{"line":292,"column":null}}},"7":{"name":"(anonymous_7)","decl":{"start":{"line":295,"column":2},"end":{"line":295,"column":8}},"loc":{"start":{"line":295,"column":52},"end":{"line":297,"column":null}}},"8":{"name":"(anonymous_8)","decl":{"start":{"line":300,"column":2},"end":{"line":300,"column":8}},"loc":{"start":{"line":300,"column":55},"end":{"line":304,"column":null}}},"9":{"name":"(anonymous_9)","decl":{"start":{"line":302,"column":6},"end":{"line":302,"column":13}},"loc":{"start":{"line":302,"column":13},"end":{"line":302,"column":null}}},"10":{"name":"(anonymous_10)","decl":{"start":{"line":307,"column":2},"end":{"line":307,"column":8}},"loc":{"start":{"line":307,"column":41},"end":{"line":309,"column":null}}},"11":{"name":"(anonymous_11)","decl":{"start":{"line":312,"column":2},"end":{"line":312,"column":8}},"loc":{"start":{"line":314,"column":19},"end":{"line":322,"column":null}}},"12":{"name":"(anonymous_12)","decl":{"start":{"line":325,"column":2},"end":{"line":325,"column":8}},"loc":{"start":{"line":325,"column":63},"end":{"line":327,"column":null}}},"13":{"name":"(anonymous_13)","decl":{"start":{"line":330,"column":2},"end":{"line":330,"column":8}},"loc":{"start":{"line":330,"column":86},"end":{"line":346,"column":null}}},"14":{"name":"(anonymous_14)","decl":{"start":{"line":349,"column":2},"end":{"line":349,"column":8}},"loc":{"start":{"line":353,"column":64},"end":{"line":377,"column":null}}},"15":{"name":"(anonymous_15)","decl":{"start":{"line":380,"column":2},"end":{"line":380,"column":8}},"loc":{"start":{"line":380,"column":69},"end":{"line":411,"column":null}}},"16":{"name":"(anonymous_16)","decl":{"start":{"line":398,"column":21},"end":{"line":398,"column":30}},"loc":{"start":{"line":398,"column":30},"end":{"line":398,"column":51}}},"17":{"name":"(anonymous_17)","decl":{"start":{"line":414,"column":2},"end":{"line":414,"column":8}},"loc":{"start":{"line":414,"column":46},"end":{"line":422,"column":null}}}},"branchMap":{"0":{"loc":{"start":{"line":86,"column":4},"end":{"line":92,"column":null}},"type":"if","locations":[{"start":{"line":86,"column":4},"end":{"line":92,"column":null}},{"start":{},"end":{}}]},"1":{"loc":{"start":{"line":88,"column":6},"end":{"line":90,"column":null}},"type":"if","locations":[{"start":{"line":88,"column":6},"end":{"line":90,"column":null}},{"start":{},"end":{}}]},"2":{"loc":{"start":{"line":103,"column":4},"end":{"line":107,"column":null}},"type":"default-arg","locations":[{"start":{"line":107,"column":8},"end":{"line":107,"column":null}}]},"3":{"loc":{"start":{"line":117,"column":23},"end":{"line":117,"column":null}},"type":"binary-expr","locations":[{"start":{"line":117,"column":23},"end":{"line":117,"column":48}},{"start":{"line":117,"column":48},"end":{"line":117,"column":null}}]},"4":{"loc":{"start":{"line":118,"column":27},"end":{"line":118,"column":null}},"type":"binary-expr","locations":[{"start":{"line":118,"column":27},"end":{"line":118,"column":56}},{"start":{"line":118,"column":56},"end":{"line":118,"column":null}}]},"5":{"loc":{"start":{"line":119,"column":19},"end":{"line":119,"column":null}},"type":"binary-expr","locations":[{"start":{"line":119,"column":19},"end":{"line":119,"column":40}},{"start":{"line":119,"column":40},"end":{"line":119,"column":null}}]},"6":{"loc":{"start":{"line":170,"column":4},"end":{"line":175,"column":null}},"type":"default-arg","locations":[{"start":{"line":175,"column":8},"end":{"line":175,"column":null}}]},"7":{"loc":{"start":{"line":185,"column":41},"end":{"line":185,"column":63}},"type":"binary-expr","locations":[{"start":{"line":185,"column":41},"end":{"line":185,"column":61}},{"start":{"line":185,"column":61},"end":{"line":185,"column":63}}]},"8":{"loc":{"start":{"line":246,"column":4},"end":{"line":246,"column":null}},"type":"if","locations":[{"start":{"line":246,"column":4},"end":{"line":246,"column":null}},{"start":{},"end":{}}]},"9":{"loc":{"start":{"line":252,"column":10},"end":{"line":252,"column":null}},"type":"binary-expr","locations":[{"start":{"line":252,"column":10},"end":{"line":252,"column":36}},{"start":{"line":252,"column":36},"end":{"line":252,"column":null}}]},"10":{"loc":{"start":{"line":253,"column":10},"end":{"line":253,"column":null}},"type":"binary-expr","locations":[{"start":{"line":253,"column":10},"end":{"line":253,"column":33}},{"start":{"line":253,"column":33},"end":{"line":253,"column":null}}]},"11":{"loc":{"start":{"line":265,"column":23},"end":{"line":267,"column":null}},"type":"cond-expr","locations":[{"start":{"line":266,"column":12},"end":{"line":266,"column":null}},{"start":{"line":267,"column":12},"end":{"line":267,"column":null}}]},"12":{"loc":{"start":{"line":268,"column":20},"end":{"line":270,"column":null}},"type":"cond-expr","locations":[{"start":{"line":269,"column":12},"end":{"line":269,"column":null}},{"start":{"line":270,"column":12},"end":{"line":270,"column":null}}]},"13":{"loc":{"start":{"line":271,"column":29},"end":{"line":273,"column":null}},"type":"cond-expr","locations":[{"start":{"line":272,"column":12},"end":{"line":272,"column":null}},{"start":{"line":273,"column":12},"end":{"line":273,"column":null}}]},"14":{"loc":{"start":{"line":274,"column":20},"end":{"line":274,"column":null}},"type":"cond-expr","locations":[{"start":{"line":274,"column":31},"end":{"line":274,"column":72}},{"start":{"line":274,"column":72},"end":{"line":274,"column":null}}]},"15":{"loc":{"start":{"line":291,"column":11},"end":{"line":291,"column":null}},"type":"binary-expr","locations":[{"start":{"line":291,"column":11},"end":{"line":291,"column":41}},{"start":{"line":291,"column":41},"end":{"line":291,"column":null}}]},"16":{"loc":{"start":{"line":302,"column":13},"end":{"line":302,"column":null}},"type":"binary-expr","locations":[{"start":{"line":302,"column":13},"end":{"line":302,"column":41}},{"start":{"line":302,"column":41},"end":{"line":302,"column":null}}]},"17":{"loc":{"start":{"line":337,"column":4},"end":{"line":343,"column":null}},"type":"if","locations":[{"start":{"line":337,"column":4},"end":{"line":343,"column":null}},{"start":{},"end":{}}]},"18":{"loc":{"start":{"line":339,"column":6},"end":{"line":342,"column":null}},"type":"if","locations":[{"start":{"line":339,"column":6},"end":{"line":342,"column":null}},{"start":{},"end":{}}]},"19":{"loc":{"start":{"line":349,"column":18},"end":{"line":353,"column":64}},"type":"default-arg","locations":[{"start":{"line":353,"column":6},"end":{"line":353,"column":64}}]},"20":{"loc":{"start":{"line":359,"column":4},"end":{"line":364,"column":null}},"type":"if","locations":[{"start":{"line":359,"column":4},"end":{"line":364,"column":null}},{"start":{},"end":{}}]},"21":{"loc":{"start":{"line":380,"column":23},"end":{"line":380,"column":69}},"type":"default-arg","locations":[{"start":{"line":380,"column":48},"end":{"line":380,"column":69}}]},"22":{"loc":{"start":{"line":388,"column":6},"end":{"line":390,"column":null}},"type":"if","locations":[{"start":{"line":388,"column":6},"end":{"line":390,"column":null}},{"start":{},"end":{}}]},"23":{"loc":{"start":{"line":388,"column":10},"end":{"line":388,"column":97}},"type":"binary-expr","locations":[{"start":{"line":388,"column":10},"end":{"line":388,"column":41}},{"start":{"line":388,"column":41},"end":{"line":388,"column":71}},{"start":{"line":388,"column":71},"end":{"line":388,"column":97}}]},"24":{"loc":{"start":{"line":393,"column":4},"end":{"line":395,"column":null}},"type":"if","locations":[{"start":{"line":393,"column":4},"end":{"line":395,"column":null}},{"start":{},"end":{}}]}},"s":{"0":31,"1":31,"2":9,"3":2,"4":2,"5":1,"6":1,"7":8,"8":42,"9":33,"10":33,"11":33,"12":33,"13":33,"14":33,"15":3,"16":3,"17":3,"18":3,"19":16,"20":16,"21":15,"22":1,"23":3,"24":3,"25":3,"26":7,"27":7,"28":1,"29":6,"30":6,"31":6,"32":2,"33":1,"34":1,"35":3,"36":1,"37":1,"38":1,"39":3,"40":3,"41":3,"42":2,"43":2,"44":1,"45":1,"46":3,"47":3,"48":3,"49":3,"50":1,"51":2,"52":2,"53":2,"54":2,"55":4,"56":4,"57":4,"58":4,"59":4,"60":6,"61":3,"62":4,"63":2,"64":2,"65":2,"66":3,"67":2,"68":2,"69":3,"70":2,"71":2,"72":2,"73":1,"74":1,"75":1},"f":{"0":31,"1":9,"2":42,"3":33,"4":3,"5":7,"6":2,"7":1,"8":1,"9":3,"10":1,"11":1,"12":1,"13":3,"14":3,"15":4,"16":3,"17":2},"b":{"0":[2,7],"1":[1,1],"2":[19],"3":[33,32],"4":[33,32],"5":[33,32],"6":[2],"7":[3,2],"8":[1,6],"9":[6,5],"10":[6,1],"11":[5,1],"12":[1,5],"13":[2,4],"14":[5,1],"15":[2,1],"16":[3,1],"17":[2,1],"18":[1,1],"19":[1],"20":[1,2],"21":[1],"22":[3,3],"23":[6,4,2],"24":[2,2]}}
,"C:/Users/Administrator/AppData/Local/Temp/deploy-20250831232725/private/src/durable-objects/notion-sync-manager.ts": {"path":"C:/Users/Administrator/AppData/Local/Temp/deploy-20250831232725/private/src/durable-objects/notion-sync-manager.ts","statementMap":{"0":{"start":{"line":57,"column":34},"end":{"line":63,"column":null}},"1":{"start":{"line":65,"column":28},"end":{"line":65,"column":null}},"2":{"start":{"line":66,"column":32},"end":{"line":66,"column":null}},"3":{"start":{"line":67,"column":32},"end":{"line":67,"column":null}},"4":{"start":{"line":70,"column":4},"end":{"line":70,"column":null}},"5":{"start":{"line":88,"column":4},"end":{"line":94,"column":null}},"6":{"start":{"line":89,"column":6},"end":{"line":93,"column":null}},"7":{"start":{"line":97,"column":4},"end":{"line":107,"column":null}},"8":{"start":{"line":98,"column":26},"end":{"line":98,"column":null}},"9":{"start":{"line":99,"column":6},"end":{"line":106,"column":null}},"10":{"start":{"line":100,"column":8},"end":{"line":105,"column":null}},"11":{"start":{"line":109,"column":4},"end":{"line":113,"column":null}},"12":{"start":{"line":113,"column":19},"end":{"line":113,"column":25}},"13":{"start":{"line":120,"column":4},"end":{"line":120,"column":null}},"14":{"start":{"line":127,"column":4},"end":{"line":131,"column":null}},"15":{"start":{"line":129,"column":8},"end":{"line":130,"column":null}},"16":{"start":{"line":146,"column":4},"end":{"line":150,"column":null}},"17":{"start":{"line":160,"column":16},"end":{"line":160,"column":null}},"18":{"start":{"line":161,"column":4},"end":{"line":167,"column":null}},"19":{"start":{"line":162,"column":6},"end":{"line":166,"column":null}},"20":{"start":{"line":169,"column":28},"end":{"line":174,"column":null}},"21":{"start":{"line":176,"column":4},"end":{"line":182,"column":null}},"22":{"start":{"line":192,"column":4},"end":{"line":196,"column":null}},"23":{"start":{"line":203,"column":4},"end":{"line":203,"column":null}},"24":{"start":{"line":205,"column":4},"end":{"line":212,"column":null}},"25":{"start":{"line":206,"column":6},"end":{"line":206,"column":null}},"26":{"start":{"line":207,"column":6},"end":{"line":207,"column":null}},"27":{"start":{"line":208,"column":6},"end":{"line":208,"column":null}},"28":{"start":{"line":209,"column":6},"end":{"line":209,"column":null}},"29":{"start":{"line":211,"column":6},"end":{"line":211,"column":null}},"30":{"start":{"line":215,"column":26},"end":{"line":217,"column":null}},"31":{"start":{"line":216,"column":13},"end":{"line":216,"column":null}},"32":{"start":{"line":219,"column":4},"end":{"line":227,"column":null}},"33":{"start":{"line":220,"column":24},"end":{"line":224,"column":null}},"34":{"start":{"line":221,"column":22},"end":{"line":221,"column":null}},"35":{"start":{"line":222,"column":20},"end":{"line":222,"column":null}},"36":{"start":{"line":223,"column":8},"end":{"line":223,"column":null}},"37":{"start":{"line":226,"column":6},"end":{"line":226,"column":null}},"38":{"start":{"line":234,"column":4},"end":{"line":234,"column":null}},"39":{"start":{"line":241,"column":23},"end":{"line":241,"column":null}},"40":{"start":{"line":242,"column":4},"end":{"line":242,"column":null}},"41":{"start":{"line":244,"column":35},"end":{"line":244,"column":null}},"42":{"start":{"line":246,"column":4},"end":{"line":255,"column":null}},"43":{"start":{"line":247,"column":6},"end":{"line":249,"column":null}},"44":{"start":{"line":248,"column":8},"end":{"line":248,"column":null}},"45":{"start":{"line":251,"column":22},"end":{"line":251,"column":null}},"46":{"start":{"line":252,"column":6},"end":{"line":254,"column":null}},"47":{"start":{"line":253,"column":8},"end":{"line":253,"column":null}},"48":{"start":{"line":257,"column":4},"end":{"line":259,"column":null}},"49":{"start":{"line":258,"column":6},"end":{"line":258,"column":null}},"50":{"start":{"line":261,"column":4},"end":{"line":261,"column":null}},"51":{"start":{"line":268,"column":4},"end":{"line":270,"column":null}},"52":{"start":{"line":269,"column":13},"end":{"line":269,"column":null}},"53":{"start":{"line":277,"column":4},"end":{"line":279,"column":null}},"54":{"start":{"line":278,"column":13},"end":{"line":278,"column":null}}},"fnMap":{"0":{"name":"(anonymous_0)","decl":{"start":{"line":69,"column":2},"end":{"line":69,"column":14}},"loc":{"start":{"line":69,"column":57},"end":{"line":71,"column":null}}},"1":{"name":"(anonymous_1)","decl":{"start":{"line":76,"column":12},"end":{"line":76,"column":39}},"loc":{"start":{"line":76,"column":39},"end":{"line":78,"column":null}}},"2":{"name":"(anonymous_2)","decl":{"start":{"line":83,"column":2},"end":{"line":83,"column":8}},"loc":{"start":{"line":86,"column":21},"end":{"line":114,"column":null}}},"3":{"name":"(anonymous_3)","decl":{"start":{"line":113,"column":12},"end":{"line":113,"column":19}},"loc":{"start":{"line":113,"column":19},"end":{"line":113,"column":25}}},"4":{"name":"(anonymous_4)","decl":{"start":{"line":119,"column":10},"end":{"line":119,"column":25}},"loc":{"start":{"line":119,"column":62},"end":{"line":121,"column":null}}},"5":{"name":"(anonymous_5)","decl":{"start":{"line":126,"column":10},"end":{"line":126,"column":32}},"loc":{"start":{"line":126,"column":93},"end":{"line":132,"column":null}}},"6":{"name":"(anonymous_6)","decl":{"start":{"line":128,"column":6},"end":{"line":128,"column":null}},"loc":{"start":{"line":129,"column":8},"end":{"line":130,"column":null}}},"7":{"name":"(anonymous_7)","decl":{"start":{"line":137,"column":2},"end":{"line":137,"column":8}},"loc":{"start":{"line":145,"column":21},"end":{"line":151,"column":null}}},"8":{"name":"(anonymous_8)","decl":{"start":{"line":156,"column":2},"end":{"line":156,"column":null}},"loc":{"start":{"line":159,"column":10},"end":{"line":183,"column":null}}},"9":{"name":"(anonymous_9)","decl":{"start":{"line":188,"column":2},"end":{"line":188,"column":18}},"loc":{"start":{"line":190,"column":28},"end":{"line":197,"column":null}}},"10":{"name":"(anonymous_10)","decl":{"start":{"line":202,"column":2},"end":{"line":202,"column":19}},"loc":{"start":{"line":202,"column":48},"end":{"line":228,"column":null}}},"11":{"name":"(anonymous_11)","decl":{"start":{"line":216,"column":6},"end":{"line":216,"column":13}},"loc":{"start":{"line":216,"column":13},"end":{"line":216,"column":null}}},"12":{"name":"(anonymous_12)","decl":{"start":{"line":220,"column":45},"end":{"line":220,"column":46}},"loc":{"start":{"line":220,"column":59},"end":{"line":224,"column":9}}},"13":{"name":"(anonymous_13)","decl":{"start":{"line":233,"column":2},"end":{"line":233,"column":34}},"loc":{"start":{"line":233,"column":34},"end":{"line":235,"column":null}}},"14":{"name":"(anonymous_14)","decl":{"start":{"line":240,"column":2},"end":{"line":240,"column":8}},"loc":{"start":{"line":240,"column":61},"end":{"line":262,"column":null}}},"15":{"name":"(anonymous_15)","decl":{"start":{"line":257,"column":25},"end":{"line":257,"column":34}},"loc":{"start":{"line":257,"column":34},"end":{"line":259,"column":5}}},"16":{"name":"(anonymous_16)","decl":{"start":{"line":267,"column":2},"end":{"line":267,"column":17}},"loc":{"start":{"line":267,"column":68},"end":{"line":271,"column":null}}},"17":{"name":"(anonymous_17)","decl":{"start":{"line":269,"column":6},"end":{"line":269,"column":13}},"loc":{"start":{"line":269,"column":13},"end":{"line":269,"column":null}}},"18":{"name":"(anonymous_18)","decl":{"start":{"line":276,"column":2},"end":{"line":276,"column":30}},"loc":{"start":{"line":276,"column":30},"end":{"line":280,"column":null}}},"19":{"name":"(anonymous_19)","decl":{"start":{"line":278,"column":6},"end":{"line":278,"column":13}},"loc":{"start":{"line":278,"column":13},"end":{"line":278,"column":null}}}},"branchMap":{"0":{"loc":{"start":{"line":69,"column":14},"end":{"line":69,"column":46}},"type":"default-arg","locations":[{"start":{"line":69,"column":32},"end":{"line":69,"column":46}}]},"1":{"loc":{"start":{"line":85,"column":4},"end":{"line":85,"column":null}},"type":"default-arg","locations":[{"start":{"line":85,"column":23},"end":{"line":85,"column":null}}]},"2":{"loc":{"start":{"line":88,"column":4},"end":{"line":94,"column":null}},"type":"if","locations":[{"start":{"line":88,"column":4},"end":{"line":94,"column":null}},{"start":{},"end":{}}]},"3":{"loc":{"start":{"line":97,"column":4},"end":{"line":107,"column":null}},"type":"if","locations":[{"start":{"line":97,"column":4},"end":{"line":107,"column":null}},{"start":{},"end":{}}]},"4":{"loc":{"start":{"line":99,"column":6},"end":{"line":106,"column":null}},"type":"if","locations":[{"start":{"line":99,"column":6},"end":{"line":106,"column":null}},{"start":{},"end":{}}]},"5":{"loc":{"start":{"line":129,"column":8},"end":{"line":130,"column":null}},"type":"binary-expr","locations":[{"start":{"line":129,"column":8},"end":{"line":129,"column":null}},{"start":{"line":130,"column":9},"end":{"line":130,"column":45}},{"start":{"line":130,"column":45},"end":{"line":130,"column":null}}]},"6":{"loc":{"start":{"line":161,"column":4},"end":{"line":167,"column":null}},"type":"if","locations":[{"start":{"line":161,"column":4},"end":{"line":167,"column":null}},{"start":{},"end":{}}]},"7":{"loc":{"start":{"line":169,"column":28},"end":{"line":174,"column":null}},"type":"binary-expr","locations":[{"start":{"line":169,"column":28},"end":{"line":169,"column":44}},{"start":{"line":169,"column":44},"end":{"line":174,"column":null}}]},"8":{"loc":{"start":{"line":179,"column":23},"end":{"line":181,"column":null}},"type":"cond-expr","locations":[{"start":{"line":180,"column":10},"end":{"line":180,"column":null}},{"start":{"line":181,"column":10},"end":{"line":181,"column":null}}]},"9":{"loc":{"start":{"line":180,"column":22},"end":{"line":180,"column":54}},"type":"binary-expr","locations":[{"start":{"line":180,"column":22},"end":{"line":180,"column":49}},{"start":{"line":180,"column":49},"end":{"line":180,"column":54}}]},"10":{"loc":{"start":{"line":205,"column":4},"end":{"line":212,"column":null}},"type":"if","locations":[{"start":{"line":205,"column":4},"end":{"line":212,"column":null}},{"start":{"line":210,"column":11},"end":{"line":212,"column":null}}]},"11":{"loc":{"start":{"line":207,"column":40},"end":{"line":207,"column":null}},"type":"binary-expr","locations":[{"start":{"line":207,"column":40},"end":{"line":207,"column":65}},{"start":{"line":207,"column":65},"end":{"line":207,"column":null}}]},"12":{"loc":{"start":{"line":208,"column":31},"end":{"line":208,"column":null}},"type":"binary-expr","locations":[{"start":{"line":208,"column":31},"end":{"line":208,"column":56}},{"start":{"line":208,"column":56},"end":{"line":208,"column":null}}]},"13":{"loc":{"start":{"line":219,"column":4},"end":{"line":227,"column":null}},"type":"if","locations":[{"start":{"line":219,"column":4},"end":{"line":227,"column":null}},{"start":{},"end":{}}]},"14":{"loc":{"start":{"line":222,"column":20},"end":{"line":222,"column":null}},"type":"cond-expr","locations":[{"start":{"line":222,"column":38},"end":{"line":222,"column":76}},{"start":{"line":222,"column":76},"end":{"line":222,"column":null}}]},"15":{"loc":{"start":{"line":240,"column":23},"end":{"line":240,"column":61}},"type":"default-arg","locations":[{"start":{"line":240,"column":41},"end":{"line":240,"column":61}}]},"16":{"loc":{"start":{"line":247,"column":6},"end":{"line":249,"column":null}},"type":"if","locations":[{"start":{"line":247,"column":6},"end":{"line":249,"column":null}},{"start":{},"end":{}}]},"17":{"loc":{"start":{"line":247,"column":10},"end":{"line":247,"column":81}},"type":"binary-expr","locations":[{"start":{"line":247,"column":10},"end":{"line":247,"column":48}},{"start":{"line":247,"column":48},"end":{"line":247,"column":81}}]},"18":{"loc":{"start":{"line":251,"column":31},"end":{"line":251,"column":63}},"type":"binary-expr","locations":[{"start":{"line":251,"column":31},"end":{"line":251,"column":50}},{"start":{"line":251,"column":50},"end":{"line":251,"column":63}}]},"19":{"loc":{"start":{"line":252,"column":6},"end":{"line":254,"column":null}},"type":"if","locations":[{"start":{"line":252,"column":6},"end":{"line":254,"column":null}},{"start":{},"end":{}}]},"20":{"loc":{"start":{"line":278,"column":13},"end":{"line":278,"column":null}},"type":"binary-expr","locations":[{"start":{"line":278,"column":13},"end":{"line":278,"column":49}},{"start":{"line":278,"column":49},"end":{"line":278,"column":null}}]}},"s":{"0":34,"1":34,"2":34,"3":34,"4":34,"5":20,"6":5,"7":15,"8":8,"9":8,"10":4,"11":11,"12":11,"13":20,"14":8,"15":6,"16":2,"17":4,"18":4,"19":2,"20":2,"21":2,"22":2,"23":4,"24":4,"25":3,"26":3,"27":3,"28":3,"29":1,"30":4,"31":3,"32":4,"33":2,"34":3,"35":3,"36":3,"37":2,"38":6,"39":4,"40":4,"41":4,"42":4,"43":5,"44":1,"45":4,"46":4,"47":3,"48":4,"49":3,"50":4,"51":2,"52":3,"53":2,"54":4},"f":{"0":34,"1":1,"2":20,"3":11,"4":20,"5":8,"6":6,"7":2,"8":4,"9":2,"10":4,"11":3,"12":3,"13":6,"14":4,"15":3,"16":2,"17":3,"18":2,"19":4},"b":{"0":[1],"1":[17],"2":[5,15],"3":[8,7],"4":[4,4],"5":[6,6,5],"6":[2,2],"7":[2,0],"8":[1,1],"9":[1,0],"10":[3,1],"11":[3,2],"12":[3,2],"13":[2,2],"14":[2,1],"15":[1],"16":[1,4],"17":[5,2],"18":[4,4],"19":[3,1],"20":[4,3]}}
[...]
,"C:/Users/Administrator/AppData/Local/Temp/deploy-20250831232725/private/src/workflows/vector-generator.ts": {"path":"C:/Users/Administrator/AppData/Local/Temp/deploy-20250831232725/private/src/workflows/vector-generator.ts","statementMap":{"0":{"start":{"line":37,"column":40},"end":{"line":37,"column":null}},"1":{"start":{"line":38,"column":36},"end":{"line":38,"column":null}},"2":{"start":{"line":39,"column":33},"end":{"line":39,"column":null}},"3":{"start":{"line":48,"column":4},"end":{"line":52,"column":null}},"4":{"start":{"line":54,"column":4},"end":{"line":61,"column":null}},"5":{"start":{"line":55,"column":6},"end":{"line":55,"column":null}},"6":{"start":{"line":56,"column":6},"end":{"line":60,"column":null}},"7":{"start":{"line":64,"column":22},"end":{"line":64,"column":null}},"8":{"start":{"line":67,"column":20},"end":{"line":67,"column":null}},"9":{"start":{"line":68,"column":4},"end":{"line":68,"column":null}},"10":{"start":{"line":71,"column":20},"end":{"line":71,"column":null}},"11":{"start":{"line":74,"column":4},"end":{"line":74,"column":null}},"12":{"start":{"line":81,"column":4},"end":{"line":83,"column":null}},"13":{"start":{"line":82,"column":6},"end":{"line":82,"column":null}},"14":{"start":{"line":85,"column":4},"end":{"line":88,"column":null}},"15":{"start":{"line":86,"column":6},"end":{"line":86,"column":null}},"16":{"start":{"line":87,"column":6},"end":{"line":87,"column":null}},"17":{"start":{"line":90,"column":4},"end":{"line":93,"column":null}},"18":{"start":{"line":91,"column":6},"end":{"line":91,"column":null}},"19":{"start":{"line":92,"column":6},"end":{"line":92,"column":null}},"20":{"start":{"line":95,"column":4},"end":{"line":95,"column":null}},"21":{"start":{"line":102,"column":35},"end":{"line":102,"column":null}},"22":{"start":{"line":104,"column":4},"end":{"line":106,"column":null}},"23":{"start":{"line":104,"column":17},"end":{"line":104,"column":20}},"24":{"start":{"line":105,"column":6},"end":{"line":105,"column":null}},"25":{"start":{"line":108,"column":4},"end":{"line":108,"column":null}},"26":{"start":{"line":119,"column":68},"end":{"line":119,"column":null}},"27":{"start":{"line":121,"column":4},"end":{"line":143,"column":null}},"28":{"start":{"line":121,"column":17},"end":{"line":121,"column":20}},"29":{"start":{"line":122,"column":20},"end":{"line":122,"column":null}},"30":{"start":{"line":123,"column":24},"end":{"line":123,"column":null}},"31":{"start":{"line":125,"column":6},"end":{"line":125,"column":null}},"32":{"start":{"line":127,"column":21},"end":{"line":135,"column":null}},"33":{"start":{"line":130,"column":14},"end":{"line":130,"column":null}},"34":{"start":{"line":137,"column":6},"end":{"line":142,"column":null}},"35":{"start":{"line":138,"column":8},"end":{"line":138,"column":null}},"36":{"start":{"line":140,"column":8},"end":{"line":140,"column":null}},"37":{"start":{"line":141,"column":8},"end":{"line":141,"column":null}},"38":{"start":{"line":145,"column":4},"end":{"line":145,"column":null}},"39":{"start":{"line":155,"column":32},"end":{"line":155,"column":null}},"40":{"start":{"line":156,"column":22},"end":{"line":156,"column":null}},"41":{"start":{"line":159,"column":21},"end":{"line":161,"column":null}},"42":{"start":{"line":160,"column":6},"end":{"line":160,"column":null}},"43":{"start":{"line":163,"column":20},"end":{"line":163,"column":null}},"44":{"start":{"line":165,"column":4},"end":{"line":174,"column":null}},"45":{"start":{"line":166,"column":6},"end":{"line":173,"column":null}},"46":{"start":{"line":167,"column":8},"end":{"line":167,"column":null}},"47":{"start":{"line":169,"column":8},"end":{"line":169,"column":null}},"48":{"start":{"line":170,"column":8},"end":{"line":172,"column":null}},"49":{"start":{"line":171,"column":10},"end":{"line":171,"column":null}},"50":{"start":{"line":176,"column":4},"end":{"line":176,"column":null}},"51":{"start":{"line":187,"column":22},"end":{"line":187,"column":null}},"52":{"start":{"line":189,"column":4},"end":{"line":191,"column":null}},"53":{"start":{"line":190,"column":6},"end":{"line":190,"column":null}},"54":{"start":{"line":194,"column":21},"end":{"line":204,"column":null}},"55":{"start":{"line":206,"column":4},"end":{"line":206,"column":null}},"56":{"start":{"line":216,"column":4},"end":{"line":260,"column":null}},"57":{"start":{"line":217,"column":29},"end":{"line":217,"column":null}},"58":{"start":{"line":219,"column":23},"end":{"line":224,"column":null}},"59":{"start":{"line":227,"column":6},"end":{"line":233,"column":null}},"60":{"start":{"line":228,"column":8},"end":{"line":232,"column":null}},"61":{"start":{"line":235,"column":6},"end":{"line":241,"column":null}},"62":{"start":{"line":236,"column":8},"end":{"line":240,"column":null}},"63":{"start":{"line":243,"column":6},"end":{"line":249,"column":null}},"64":{"start":{"line":244,"column":8},"end":{"line":248,"column":null}},"65":{"start":{"line":251,"column":6},"end":{"line":251,"column":null}},"66":{"start":{"line":253,"column":6},"end":{"line":253,"column":null}},"67":{"start":{"line":254,"column":6},"end":{"line":259,"column":null}},"68":{"start":{"line":272,"column":4},"end":{"line":292,"column":null}},"69":{"start":{"line":274,"column":6},"end":{"line":274,"column":null}},"70":{"start":{"line":276,"column":6},"end":{"line":279,"column":null}},"71":{"start":{"line":281,"column":6},"end":{"line":281,"column":null}},"72":{"start":{"line":283,"column":6},"end":{"line":285,"column":null}},"73":{"start":{"line":286,"column":6},"end":{"line":291,"column":null}},"74":{"start":{"line":301,"column":32},"end":{"line":301,"column":null}},"75":{"start":{"line":302,"column":23},"end":{"line":302,"column":null}},"76":{"start":{"line":304,"column":4},"end":{"line":307,"column":null}},"77":{"start":{"line":305,"column":6},"end":{"line":305,"column":null}},"78":{"start":{"line":306,"column":6},"end":{"line":306,"column":null}},"79":{"start":{"line":309,"column":24},"end":{"line":311,"column":null}},"80":{"start":{"line":313,"column":4},"end":{"line":317,"column":null}},"81":{"start":{"line":319,"column":4},"end":{"line":327,"column":null}}},"fnMap":{"0":{"name":"(anonymous_0)","decl":{"start":{"line":44,"column":2},"end":{"line":44,"column":18}},"loc":{"start":{"line":47,"column":37},"end":{"line":75,"column":null}}},"1":{"name":"(anonymous_1)","decl":{"start":{"line":80,"column":10},"end":{"line":80,"column":29}},"loc":{"start":{"line":80,"column":61},"end":{"line":96,"column":null}}},"2":{"name":"(anonymous_2)","decl":{"start":{"line":101,"column":10},"end":{"line":101,"column":24}},"loc":{"start":{"line":101,"column":79},"end":{"line":109,"column":null}}},"3":{"name":"(anonymous_3)","decl":{"start":{"line":114,"column":2},"end":{"line":114,"column":16}},"loc":{"start":{"line":118,"column":61},"end":{"line":146,"column":null}}},"4":{"name":"(anonymous_4)","decl":{"start":{"line":130,"column":8},"end":{"line":130,"column":14}},"loc":{"start":{"line":130,"column":14},"end":{"line":130,"column":null}}},"5":{"name":"(anonymous_5)","decl":{"start":{"line":151,"column":2},"end":{"line":151,"column":16}},"loc":{"start":{"line":154,"column":54},"end":{"line":177,"column":null}}},"6":{"name":"(anonymous_6)","decl":{"start":{"line":159,"column":31},"end":{"line":159,"column":null}},"loc":{"start":{"line":160,"column":6},"end":{"line":160,"column":null}}},"7":{"name":"(anonymous_7)","decl":{"start":{"line":182,"column":2},"end":{"line":182,"column":16}},"loc":{"start":{"line":185,"column":21},"end":{"line":207,"column":null}}},"8":{"name":"(anonymous_8)","decl":{"start":{"line":212,"column":2},"end":{"line":212,"column":16}},"loc":{"start":{"line":215,"column":30},"end":{"line":261,"column":null}}},"9":{"name":"(anonymous_9)","decl":{"start":{"line":266,"column":2},"end":{"line":266,"column":16}},"loc":{"start":{"line":271,"column":22},"end":{"line":293,"column":null}}},"10":{"name":"(anonymous_10)","decl":{"start":{"line":298,"column":10},"end":{"line":298,"column":null}},"loc":{"start":{"line":300,"column":28},"end":{"line":328,"column":null}}}},"branchMap":{"0":{"loc":{"start":{"line":49,"column":14},"end":{"line":49,"column":null}},"type":"binary-expr","locations":[{"start":{"line":49,"column":14},"end":{"line":49,"column":39}},{"start":{"line":49,"column":39},"end":{"line":49,"column":null}}]},"1":{"loc":{"start":{"line":54,"column":4},"end":{"line":61,"column":null}},"type":"if","locations":[{"start":{"line":54,"column":4},"end":{"line":61,"column":null}},{"start":{},"end":{}}]},"2":{"loc":{"start":{"line":54,"column":8},"end":{"line":54,"column":54}},"type":"binary-expr","locations":[{"start":{"line":54,"column":8},"end":{"line":54,"column":26}},{"start":{"line":54,"column":26},"end":{"line":54,"column":54}}]},"3":{"loc":{"start":{"line":81,"column":4},"end":{"line":83,"column":null}},"type":"if","locations":[{"start":{"line":81,"column":4},"end":{"line":83,"column":null}},{"start":{},"end":{}}]},"4":{"loc":{"start":{"line":85,"column":4},"end":{"line":88,"column":null}},"type":"if","locations":[{"start":{"line":85,"column":4},"end":{"line":88,"column":null}},{"start":{},"end":{}}]},"5":{"loc":{"start":{"line":90,"column":4},"end":{"line":93,"column":null}},"type":"if","locations":[{"start":{"line":90,"column":4},"end":{"line":93,"column":null}},{"start":{},"end":{}}]},"6":{"loc":{"start":{"line":137,"column":6},"end":{"line":142,"column":null}},"type":"if","locations":[{"start":{"line":137,"column":6},"end":{"line":142,"column":null}},{"start":{"line":139,"column":13},"end":{"line":142,"column":null}}]},"7":{"loc":{"start":{"line":137,"column":10},"end":{"line":137,"column":41}},"type":"binary-expr","locations":[{"start":{"line":137,"column":10},"end":{"line":137,"column":28}},{"start":{"line":137,"column":28},"end":{"line":137,"column":41}}]},"8":{"loc":{"start":{"line":166,"column":6},"end":{"line":173,"column":null}},"type":"if","locations":[{"start":{"line":166,"column":6},"end":{"line":173,"column":null}},{"start":{"line":168,"column":13},"end":{"line":173,"column":null}}]},"9":{"loc":{"start":{"line":166,"column":10},"end":{"line":166,"column":57}},"type":"binary-expr","locations":[{"start":{"line":166,"column":10},"end":{"line":166,"column":43}},{"start":{"line":166,"column":43},"end":{"line":166,"column":57}}]},"10":{"loc":{"start":{"line":170,"column":8},"end":{"line":172,"column":null}},"type":"if","locations":[{"start":{"line":170,"column":8},"end":{"line":172,"column":null}},{"start":{},"end":{}}]},"11":{"loc":{"start":{"line":189,"column":4},"end":{"line":191,"column":null}},"type":"if","locations":[{"start":{"line":189,"column":4},"end":{"line":191,"column":null}},{"start":{},"end":{}}]},"12":{"loc":{"start":{"line":189,"column":8},"end":{"line":189,"column":52}},"type":"binary-expr","locations":[{"start":{"line":189,"column":8},"end":{"line":189,"column":30}},{"start":{"line":189,"column":30},"end":{"line":189,"column":52}}]},"13":{"loc":{"start":{"line":197,"column":17},"end":{"line":197,"column":null}},"type":"binary-expr","locations":[{"start":{"line":197,"column":17},"end":{"line":197,"column":37}},{"start":{"line":197,"column":37},"end":{"line":197,"column":null}}]},"14":{"loc":{"start":{"line":217,"column":29},"end":{"line":217,"column":null}},"type":"binary-expr","locations":[{"start":{"line":217,"column":29},"end":{"line":217,"column":38}},{"start":{"line":217,"column":38},"end":{"line":217,"column":null}}]},"15":{"loc":{"start":{"line":227,"column":6},"end":{"line":233,"column":null}},"type":"if","locations":[{"start":{"line":227,"column":6},"end":{"line":233,"column":null}},{"start":{},"end":{}}]},"16":{"loc":{"start":{"line":235,"column":6},"end":{"line":241,"column":null}},"type":"if","locations":[{"start":{"line":235,"column":6},"end":{"line":241,"column":null}},{"start":{},"end":{}}]},"17":{"loc":{"start":{"line":235,"column":10},"end":{"line":235,"column":58}},"type":"binary-expr","locations":[{"start":{"line":235,"column":10},"end":{"line":235,"column":28}},{"start":{"line":235,"column":28},"end":{"line":235,"column":58}}]},"18":{"loc":{"start":{"line":243,"column":6},"end":{"line":249,"column":null}},"type":"if","locations":[{"start":{"line":243,"column":6},"end":{"line":249,"column":null}},{"start":{},"end":{}}]},"19":{"loc":{"start":{"line":243,"column":10},"end":{"line":243,"column":62}},"type":"binary-expr","locations":[{"start":{"line":243,"column":10},"end":{"line":243,"column":30}},{"start":{"line":243,"column":30},"end":{"line":243,"column":62}}]},"20":{"loc":{"start":{"line":256,"column":15},"end":{"line":256,"column":null}},"type":"cond-expr","locations":[{"start":{"line":256,"column":40},"end":{"line":256,"column":56}},{"start":{"line":256,"column":56},"end":{"line":256,"column":null}}]},"21":{"loc":{"start":{"line":258,"column":15},"end":{"line":258,"column":null}},"type":"binary-expr","locations":[{"start":{"line":258,"column":15},"end":{"line":258,"column":24}},{"start":{"line":258,"column":24},"end":{"line":258,"column":null}}]},"22":{"loc":{"start":{"line":309,"column":24},"end":{"line":311,"column":null}},"type":"cond-expr","locations":[{"start":{"line":310,"column":8},"end":{"line":310,"column":null}},{"start":{"line":311,"column":8},"end":{"line":311,"column":null}}]}},"s":{"0":28,"1":28,"2":28,"3":4,"4":4,"5":2,"6":2,"7":2,"8":2,"9":2,"10":2,"11":2,"12":7,"13":4,"14":3,"15":1,"16":1,"17":2,"18":1,"19":1,"20":1,"21":5,"22":5,"23":5,"24":5,"25":5,"26":2,"27":2,"28":2,"29":2,"30":2,"31":2,"32":2,"33":2,"34":2,"35":2,"36":0,"37":0,"38":2,"39":4,"40":4,"41":4,"42":10,"43":4,"44":4,"45":10,"46":8,"47":2,"48":2,"49":2,"50":4,"51":13,"52":13,"53":4,"54":9,"55":9,"56":19,"57":19,"58":19,"59":14,"60":11,"61":3,"62":1,"63":2,"64":1,"65":1,"66":6,"67":6,"68":12,"69":12,"70":10,"71":10,"72":2,"73":2,"74":5,"75":5,"76":5,"77":7,"78":7,"79":5,"80":5,"81":5},"f":{"0":4,"1":7,"2":5,"3":2,"4":2,"5":4,"6":10,"7":13,"8":19,"9":12,"10":5},"b":{"0":[4,2],"1":[2,2],"2":[4,3],"3":[4,3],"4":[1,2],"5":[1,1],"6":[2,0],"7":[2,2],"8":[8,2],"9":[10,8],"10":[2,0],"11":[4,9],"12":[13,9],"13":[9,0],"14":[19,13],"15":[11,3],"16":[1,2],"17":[3,1],"18":[1,1],"19":[2,1],"20":[5,1],"21":[6,6],"22":[3,2]}}
,"C:/Users/Administrator/AppData/Local/Temp/deploy-20250831232725/private/src/workflows/vector-operations.ts": {"path":"C:/Users/Administrator/AppData/Local/Temp/deploy-20250831232725/private/src/workflows/vector-operations.ts","statementMap":{"0":{"start":{"line":5,"column":36},"end":{"line":11,"column":null}},"1":{"start":{"line":13,"column":36},"end":{"line":16,"column":null}},"2":{"start":{"line":18,"column":43},"end":{"line":21,"column":null}},"3":{"start":{"line":41,"column":19},"end":{"line":41,"column":null}},"4":{"start":{"line":43,"column":4},"end":{"line":47,"column":null}},"5":{"start":{"line":44,"column":6},"end":{"line":44,"column":null}},"6":{"start":{"line":46,"column":6},"end":{"line":46,"column":null}},"7":{"start":{"line":54,"column":4},"end":{"line":90,"column":null}},"8":{"start":{"line":56,"column":23},"end":{"line":58,"column":null}},"9":{"start":{"line":57,"column":8},"end":{"line":57,"column":null}},"10":{"start":{"line":61,"column":6},"end":{"line":74,"column":null}},"11":{"start":{"line":62,"column":40},"end":{"line":71,"column":null}},"12":{"start":{"line":73,"column":8},"end":{"line":73,"column":null}},"13":{"start":{"line":76,"column":6},"end":{"line":82,"column":null}},"14":{"start":{"line":84,"column":6},"end":{"line":89,"column":null}},"15":{"start":{"line":97,"column":4},"end":{"line":116,"column":null}},"16":{"start":{"line":99,"column":21},"end":{"line":101,"column":null}},"17":{"start":{"line":100,"column":8},"end":{"line":100,"column":null}},"18":{"start":{"line":103,"column":6},"end":{"line":108,"column":null}},"19":{"start":{"line":110,"column":6},"end":{"line":115,"column":null}}},"fnMap":{"0":{"name":"(anonymous_0)","decl":{"start":{"line":39,"column":2},"end":{"line":39,"column":8}},"loc":{"start":{"line":39,"column":109},"end":{"line":48,"column":null}}},"1":{"name":"(anonymous_1)","decl":{"start":{"line":50,"column":2},"end":{"line":50,"column":16}},"loc":{"start":{"line":53,"column":36},"end":{"line":91,"column":null}}},"2":{"name":"(anonymous_2)","decl":{"start":{"line":56,"column":57},"end":{"line":56,"column":69}},"loc":{"start":{"line":56,"column":69},"end":{"line":58,"column":7}}},"3":{"name":"(anonymous_3)","decl":{"start":{"line":61,"column":41},"end":{"line":61,"column":53}},"loc":{"start":{"line":61,"column":53},"end":{"line":74,"column":7}}},"4":{"name":"(anonymous_4)","decl":{"start":{"line":93,"column":2},"end":{"line":93,"column":16}},"loc":{"start":{"line":96,"column":36},"end":{"line":117,"column":null}}},"5":{"name":"(anonymous_5)","decl":{"start":{"line":99,"column":60},"end":{"line":99,"column":72}},"loc":{"start":{"line":99,"column":72},"end":{"line":101,"column":7}}}},"branchMap":{"0":{"loc":{"start":{"line":43,"column":4},"end":{"line":47,"column":null}},"type":"if","locations":[{"start":{"line":43,"column":4},"end":{"line":47,"column":null}},{"start":{"line":45,"column":11},"end":{"line":47,"column":null}}]},"1":{"loc":{"start":{"line":57,"column":15},"end":{"line":57,"column":null}},"type":"binary-expr","locations":[{"start":{"line":57,"column":15},"end":{"line":57,"column":34}},{"start":{"line":57,"column":34},"end":{"line":57,"column":null}}]},"2":{"loc":{"start":{"line":65,"column":21},"end":{"line":65,"column":null}},"type":"binary-expr","locations":[{"start":{"line":65,"column":21},"end":{"line":65,"column":41}},{"start":{"line":65,"column":41},"end":{"line":65,"column":null}}]},"3":{"loc":{"start":{"line":87,"column":15},"end":{"line":87,"column":null}},"type":"cond-expr","locations":[{"start":{"line":87,"column":40},"end":{"line":87,"column":56}},{"start":{"line":87,"column":56},"end":{"line":87,"column":null}}]},"4":{"loc":{"start":{"line":113,"column":15},"end":{"line":113,"column":null}},"type":"cond-expr","locations":[{"start":{"line":113,"column":40},"end":{"line":113,"column":56}},{"start":{"line":113,"column":56},"end":{"line":113,"column":null}}]}},"s":{"0":1,"1":1,"2":1,"3":13,"4":12,"5":7,"6":5,"7":7,"8":7,"9":7,"10":7,"11":6,"12":6,"13":5,"14":2,"15":5,"16":5,"17":4,"18":3,"19":2},"f":{"0":13,"1":7,"2":7,"3":6,"4":5,"5":4},"b":{"0":[7,5],"1":[7,6],"2":[6,4],"3":[1,1],"4":[1,1]}}
,"C:/Users/Administrator/AppData/Local/Temp/deploy-20250831232725/private/src/workflows/schemas/workflow.schema.ts": {"path":"C:/Users/Administrator/AppData/Local/Temp/deploy-20250831232725/private/src/workflows/schemas/workflow.schema.ts","statementMap":{"0":{"start":{"line":4,"column":42},"end":{"line":9,"column":null}},"1":{"start":{"line":11,"column":42},"end":{"line":15,"column":null}},"2":{"start":{"line":18,"column":42},"end":{"line":25,"column":null}},"3":{"start":{"line":28,"column":38},"end":{"line":34,"column":null}},"4":{"start":{"line":37,"column":43},"end":{"line":46,"column":null}}},"fnMap":{},"branchMap":{},"s":{"0":2,"1":2,"2":2,"3":2,"4":2},"f":{},"b":{}}
}
