TN:
SF:src\base\durable-object.ts
FN:16,(anonymous_0)
FN:25,(anonymous_1)
FN:32,(anonymous_2)
FN:49,(anonymous_3)
FN:66,(anonymous_4)
FN:83,(anonymous_5)
FN:102,(anonymous_6)
FN:121,(anonymous_7)
FN:125,(anonymous_8)
FN:142,(anonymous_9)
FN:160,(anonymous_10)
FN:177,(anonymous_11)
FN:184,(anonymous_12)
FN:191,(anonymous_13)
FN:198,(anonymous_14)
FN:248,(anonymous_15)
FN:258,(anonymous_16)
FNF:17
FNH:15
FNDA:34,(anonymous_0)
FNDA:0,(anonymous_1)
FNDA:3,(anonymous_2)
FNDA:3,(anonymous_3)
FNDA:3,(anonymous_4)
FNDA:3,(anonymous_5)
FNDA:3,(anonymous_6)
FNDA:2,(anonymous_7)
FNDA:1,(anonymous_8)
FNDA:2,(anonymous_9)
FNDA:2,(anonymous_10)
FNDA:0,(anonymous_11)
FNDA:2,(anonymous_12)
FNDA:3,(anonymous_13)
FNDA:6,(anonymous_14)
FNDA:6,(anonymous_15)
FNDA:3,(anonymous_16)
DA:17,34
DA:18,34
DA:19,34
DA:33,3
DA:34,3
DA:36,1
DA:37,1
DA:50,3
DA:51,3
DA:53,1
DA:54,1
DA:67,3
DA:68,3
DA:70,1
DA:71,1
DA:86,3
DA:87,3
DA:89,1
DA:90,1
DA:105,3
DA:106,3
DA:108,1
DA:109,1
DA:124,2
DA:125,2
DA:126,1
DA:129,1
DA:130,1
DA:143,2
DA:144,2
DA:145,2
DA:147,1
DA:148,1
DA:161,2
DA:162,2
DA:164,1
DA:165,1
DA:185,2
DA:192,3
DA:199,6
DA:200,6
DA:201,6
DA:202,6
DA:205,6
DA:207,2
DA:212,2
DA:213,1
DA:222,1
DA:249,6
DA:263,3
LF:50
LH:50
BRDA:212,0,0,1
BRDA:212,0,1,1
BRDA:248,1,0,1
BRDA:260,2,0,1
BRDA:266,3,0,3
BRDA:266,3,1,1
BRF:6
BRH:6
end_of_record
TN:
SF:src\base\job-manager.ts
FN:11,(anonymous_0)
FN:24,(anonymous_1)
FN:89,(anonymous_2)
FN:105,(anonymous_3)
FN:136,(anonymous_4)
FN:138,(anonymous_5)
FN:155,(anonymous_6)
FN:166,(anonymous_7)
FN:173,(anonymous_8)
FN:183,(anonymous_9)
FN:245,(anonymous_10)
FN:265,(anonymous_11)
FN:272,(anonymous_12)
FN:279,(anonymous_13)
FN:286,(anonymous_14)
FN:293,(anonymous_15)
FN:294,(anonymous_16)
FN:300,(anonymous_17)
FN:301,(anonymous_18)
FN:307,(anonymous_19)
FN:321,(anonymous_20)
FN:335,(anonymous_21)
FN:352,(anonymous_22)
FN:376,(anonymous_23)
FN:383,(anonymous_24)
FN:401,(anonymous_25)
FN:409,(anonymous_26)
FNF:27
FNH:26
FNDA:2,(anonymous_0)
FNDA:2,(anonymous_1)
FNDA:48,(anonymous_2)
FNDA:59,(anonymous_3)
FNDA:66,(anonymous_4)
FNDA:3,(anonymous_5)
FNDA:54,(anonymous_6)
FNDA:1,(anonymous_7)
FNDA:3039,(anonymous_8)
FNDA:42,(anonymous_9)
FNDA:7,(anonymous_10)
FNDA:32,(anonymous_11)
FNDA:0,(anonymous_12)
FNDA:34,(anonymous_13)
FNDA:30,(anonymous_14)
FNDA:17,(anonymous_15)
FNDA:41,(anonymous_16)
FNDA:4,(anonymous_17)
FNDA:11,(anonymous_18)
FNDA:4,(anonymous_19)
FNDA:1,(anonymous_20)
FNDA:5,(anonymous_21)
FNDA:3,(anonymous_22)
FNDA:59,(anonymous_23)
FNDA:2,(anonymous_24)
FNDA:92,(anonymous_25)
FNDA:50,(anonymous_26)
DA:11,2
DA:12,2
DA:13,2
DA:14,2
DA:15,2
DA:16,2
DA:17,2
DA:18,2
DA:24,2
DA:25,2
DA:26,2
DA:27,2
DA:28,2
DA:80,48
DA:81,48
DA:82,48
DA:83,48
DA:85,48
DA:86,48
DA:87,48
DA:90,48
DA:93,48
DA:94,48
DA:106,59
DA:118,59
DA:119,59
DA:121,59
DA:128,59
DA:130,59
DA:138,66
DA:139,3
DA:140,3
DA:143,66
DA:144,65
DA:146,1
DA:149,66
DA:156,54
DA:158,38
DA:159,38
DA:161,38
DA:163,3039
DA:164,40
DA:165,40
DA:166,40
DA:167,1
DA:173,3039
DA:176,18
DA:177,18
DA:184,42
DA:185,42
DA:186,1
DA:187,1
DA:190,41
DA:191,41
DA:192,41
DA:194,41
DA:199,41
DA:200,41
DA:201,41
DA:202,1
DA:209,40
DA:210,40
DA:211,32
DA:213,32
DA:214,32
DA:215,32
DA:217,32
DA:223,32
DA:225,9
DA:227,9
DA:232,9
DA:234,8
DA:235,8
DA:236,8
DA:238,8
DA:244,8
DA:245,8
DA:246,7
DA:250,1
DA:251,1
DA:252,1
DA:255,1
DA:258,41
DA:280,34
DA:287,30
DA:294,41
DA:301,11
DA:310,4
DA:323,1
DA:324,1
DA:325,1
DA:328,1
DA:329,1
DA:336,5
DA:337,5
DA:339,4
DA:340,3
DA:341,3
DA:344,1
DA:345,1
DA:346,1
DA:353,3
DA:355,3
DA:356,1
DA:357,1
DA:358,2
DA:359,1
DA:360,1
DA:364,2
DA:365,2
DA:366,2
DA:369,3
DA:370,3
DA:377,59
DA:384,2
DA:391,2
DA:392,14
DA:395,2
DA:402,92
DA:403,92
DA:413,50
DA:414,1
DA:416,50
DA:417,49
DA:420,50
LF:125
LH:125
BRDA:11,0,0,2
BRDA:11,0,1,2
BRDA:24,1,0,2
BRDA:24,1,1,2
BRDA:110,2,0,59
BRDA:110,2,1,56
BRDA:113,3,0,59
BRDA:113,3,1,56
BRDA:140,4,0,3
BRDA:140,4,1,3
BRDA:143,5,0,65
BRDA:143,5,1,1
BRDA:156,6,0,16
BRDA:156,6,1,38
BRDA:161,7,0,3057
BRDA:161,7,1,3017
BRDA:163,8,0,3079
BRDA:163,8,1,3079
BRDA:165,9,0,40
BRDA:165,9,1,0
BRDA:185,10,0,1
BRDA:185,10,1,41
BRDA:201,11,0,1
BRDA:201,11,1,40
BRDA:232,12,0,8
BRDA:232,12,1,1
BRDA:311,13,0,4
BRDA:311,13,1,3
BRDA:311,13,2,1
BRDA:311,13,3,1
BRDA:324,14,0,1
BRDA:324,14,1,0
BRDA:337,15,0,1
BRDA:337,15,1,4
BRDA:339,16,0,3
BRDA:339,16,1,1
BRDA:352,17,0,2
BRDA:355,18,0,1
BRDA:355,18,1,2
BRDA:358,19,0,1
BRDA:358,19,1,1
BRDA:413,20,0,1
BRDA:413,20,1,49
BRDA:416,21,0,49
BRDA:416,21,1,1
BRF:45
BRH:43
end_of_record
TN:
SF:src\base\workflow.ts
FN:13,(anonymous_0)
FN:53,(anonymous_1)
FN:61,(anonymous_2)
FN:121,(anonymous_3)
FN:144,(anonymous_4)
FN:148,(anonymous_5)
FN:190,(anonymous_6)
FN:200,(anonymous_7)
FN:206,(anonymous_8)
FN:217,(anonymous_9)
FN:236,(anonymous_10)
FN:244,(anonymous_11)
FN:250,(anonymous_12)
FN:273,(anonymous_13)
FN:280,(anonymous_14)
FN:287,(anonymous_15)
FN:307,(anonymous_16)
FNF:17
FNH:17
FNDA:3,(anonymous_0)
FNDA:68,(anonymous_1)
FNDA:20,(anonymous_2)
FNDA:26,(anonymous_3)
FNDA:26,(anonymous_4)
FNDA:2,(anonymous_5)
FNDA:2,(anonymous_6)
FNDA:6,(anonymous_7)
FNDA:6,(anonymous_8)
FNDA:3,(anonymous_9)
FNDA:2,(anonymous_10)
FNDA:2,(anonymous_11)
FNDA:2,(anonymous_12)
FNDA:4,(anonymous_13)
FNDA:5,(anonymous_14)
FNDA:6,(anonymous_15)
FNDA:3,(anonymous_16)
DA:13,3
DA:14,3
DA:15,3
DA:16,3
DA:17,3
DA:18,3
DA:50,68
DA:51,68
DA:54,68
DA:55,68
DA:62,20
DA:63,20
DA:65,20
DA:66,20
DA:72,20
DA:74,18
DA:75,18
DA:77,18
DA:82,18
DA:92,2
DA:93,2
DA:94,2
DA:96,2
DA:101,2
DA:131,26
DA:133,26
DA:134,26
DA:137,26
DA:144,26
DA:145,26
DA:146,13
DA:149,2
DA:157,13
DA:160,23
DA:162,23
DA:167,3
DA:169,3
DA:171,3
DA:172,1
DA:180,2
DA:198,2
DA:200,2
DA:201,6
DA:204,2
DA:206,6
DA:207,2
DA:208,1
DA:211,2
DA:223,3
DA:225,3
DA:226,1
DA:227,1
DA:230,2
DA:237,2
DA:238,2
DA:250,2
DA:251,2
DA:255,2
DA:257,2
DA:258,1
DA:261,1
DA:274,4
DA:281,5
DA:288,6
DA:290,6
DA:297,6
DA:308,3
DA:313,3
DA:314,1
DA:317,2
LF:70
LH:70
BRDA:13,0,0,3
BRDA:13,0,1,3
BRDA:137,1,0,11
BRDA:137,1,1,15
BRDA:139,2,0,1
BRDA:139,2,1,14
BRDA:145,3,0,13
BRDA:145,3,1,13
BRDA:171,4,0,1
BRDA:171,4,1,2
BRDA:207,5,0,1
BRDA:207,5,1,1
BRDA:225,6,0,1
BRDA:225,6,1,2
BRDA:257,7,0,1
BRDA:257,7,1,1
BRDA:313,8,0,1
BRDA:313,8,1,2
BRF:18
BRH:18
end_of_record
TN:
SF:src\db\index.ts
FN:4,getDb
FNF:1
FNH:1
FNDA:18,getDb
DA:5,18
LF:1
LH:1
BRF:0
BRH:0
end_of_record
TN:
SF:src\durable-objects\ai-embeddings.ts
FN:45,(anonymous_0)
FN:50,(anonymous_1)
FN:84,(anonymous_2)
FN:122,(anonymous_3)
FN:126,(anonymous_4)
FN:132,(anonymous_5)
FN:169,(anonymous_6)
FNF:7
FNH:7
FNDA:11,(anonymous_0)
FNDA:2,(anonymous_1)
FNDA:2,(anonymous_2)
FNDA:2,(anonymous_3)
FNDA:1,(anonymous_4)
FNDA:2,(anonymous_5)
FNDA:1,(anonymous_6)
DA:41,11
DA:46,11
DA:52,2
DA:53,2
DA:64,2
DA:72,2
DA:80,2
DA:89,2
DA:92,2
DA:103,2
DA:111,2
DA:118,2
DA:123,2
DA:127,1
DA:128,1
DA:129,1
DA:137,2
DA:138,2
DA:149,2
DA:157,2
DA:165,2
DA:176,1
LF:22
LH:22
BRDA:57,0,0,2
BRDA:57,0,1,1
BRDA:96,1,0,2
BRDA:96,1,1,1
BRDA:97,2,0,2
BRDA:97,2,1,1
BRDA:98,3,0,2
BRDA:98,3,1,1
BRDA:142,4,0,2
BRDA:142,4,1,1
BRDA:143,5,0,2
BRDA:143,5,1,1
BRDA:144,6,0,2
BRDA:144,6,1,1
BRF:14
BRH:14
end_of_record
TN:
SF:src\durable-objects\notion-api-client.ts
FN:36,(anonymous_0)
FN:58,(anonymous_1)
FN:78,(anonymous_2)
FN:95,(anonymous_3)
FN:112,(anonymous_4)
FN:140,(anonymous_5)
FN:165,(anonymous_6)
FNF:7
FNH:7
FNDA:31,(anonymous_0)
FNDA:5,(anonymous_1)
FNDA:5,(anonymous_2)
FNDA:5,(anonymous_3)
FNDA:5,(anonymous_4)
FNDA:5,(anonymous_5)
FNDA:2,(anonymous_6)
DA:37,31
DA:38,3
DA:45,28
DA:52,28
DA:59,5
DA:60,5
DA:61,1
DA:63,4
DA:64,1
DA:66,3
DA:79,5
DA:80,5
DA:81,3
DA:83,2
DA:96,5
DA:97,5
DA:98,3
DA:100,2
DA:116,5
DA:117,5
DA:122,3
DA:128,2
DA:144,5
DA:145,5
DA:151,3
DA:153,2
DA:166,2
LF:27
LH:27
BRDA:37,0,0,3
BRDA:37,0,1,28
BRDA:63,1,0,1
BRDA:63,1,1,3
BRDA:81,2,0,3
BRDA:81,2,1,2
BRDA:98,3,0,3
BRDA:98,3,1,2
BRDA:118,4,0,5
BRDA:118,4,1,4
BRDA:125,5,0,3
BRDA:125,5,1,2
BRDA:148,6,0,5
BRDA:148,6,1,5
BRF:14
BRH:14
end_of_record
TN:
SF:src\durable-objects\notion-manager.ts
FN:81,(anonymous_0)
FN:85,(anonymous_1)
FN:96,(anonymous_2)
FN:101,(anonymous_3)
FN:168,(anonymous_4)
FN:240,(anonymous_5)
FN:290,(anonymous_6)
FN:295,(anonymous_7)
FN:300,(anonymous_8)
FN:302,(anonymous_9)
FN:307,(anonymous_10)
FN:312,(anonymous_11)
FN:325,(anonymous_12)
FN:330,(anonymous_13)
FN:349,(anonymous_14)
FN:380,(anonymous_15)
FN:398,(anonymous_16)
FN:414,(anonymous_17)
FNF:18
FNH:18
FNDA:31,(anonymous_0)
FNDA:9,(anonymous_1)
FNDA:42,(anonymous_2)
FNDA:33,(anonymous_3)
FNDA:3,(anonymous_4)
FNDA:7,(anonymous_5)
FNDA:2,(anonymous_6)
FNDA:1,(anonymous_7)
FNDA:1,(anonymous_8)
FNDA:3,(anonymous_9)
FNDA:1,(anonymous_10)
FNDA:1,(anonymous_11)
FNDA:1,(anonymous_12)
FNDA:3,(anonymous_13)
FNDA:3,(anonymous_14)
FNDA:4,(anonymous_15)
FNDA:3,(anonymous_16)
FNDA:2,(anonymous_17)
DA:63,31
DA:82,31
DA:86,9
DA:87,2
DA:88,2
DA:89,1
DA:91,1
DA:93,8
DA:97,42
DA:109,33
DA:112,33
DA:124,33
DA:143,33
DA:156,33
DA:164,33
DA:184,3
DA:185,3
DA:186,3
DA:189,3
DA:190,16
DA:191,16
DA:197,15
DA:203,1
DA:212,3
DA:228,3
DA:236,3
DA:245,7
DA:246,7
DA:248,6
DA:257,6
DA:279,6
DA:291,2
DA:296,1
DA:301,1
DA:302,3
DA:308,1
DA:315,1
DA:326,1
DA:331,3
DA:334,3
DA:337,3
DA:338,2
DA:339,2
DA:340,1
DA:341,1
DA:345,3
DA:354,3
DA:357,3
DA:359,3
DA:360,1
DA:367,2
DA:372,2
DA:373,2
DA:376,2
DA:382,4
DA:383,4
DA:384,4
DA:385,4
DA:387,4
DA:388,6
DA:389,3
DA:393,4
DA:394,2
DA:397,2
DA:398,3
DA:400,2
DA:406,2
DA:407,3
DA:410,2
DA:415,2
DA:416,2
DA:417,1
DA:419,1
DA:420,1
LF:74
LH:74
BRDA:86,0,0,2
BRDA:86,0,1,7
BRDA:88,1,0,1
BRDA:88,1,1,1
BRDA:103,2,0,19
BRDA:117,3,0,33
BRDA:117,3,1,32
BRDA:118,4,0,33
BRDA:118,4,1,32
BRDA:119,5,0,33
BRDA:119,5,1,32
BRDA:170,6,0,2
BRDA:185,7,0,3
BRDA:185,7,1,2
BRDA:246,8,0,1
BRDA:246,8,1,6
BRDA:252,9,0,6
BRDA:252,9,1,5
BRDA:253,10,0,6
BRDA:253,10,1,1
BRDA:265,11,0,5
BRDA:265,11,1,1
BRDA:268,12,0,1
BRDA:268,12,1,5
BRDA:271,13,0,2
BRDA:271,13,1,4
BRDA:274,14,0,5
BRDA:274,14,1,1
BRDA:291,15,0,2
BRDA:291,15,1,1
BRDA:302,16,0,3
BRDA:302,16,1,1
BRDA:337,17,0,2
BRDA:337,17,1,1
BRDA:339,18,0,1
BRDA:339,18,1,1
BRDA:349,19,0,1
BRDA:359,20,0,1
BRDA:359,20,1,2
BRDA:380,21,0,1
BRDA:388,22,0,3
BRDA:388,22,1,3
BRDA:388,23,0,6
BRDA:388,23,1,4
BRDA:388,23,2,2
BRDA:393,24,0,2
BRDA:393,24,1,2
BRF:47
BRH:47
end_of_record
TN:
SF:src\durable-objects\notion-sync-manager.ts
FN:69,(anonymous_0)
FN:76,(anonymous_1)
FN:83,(anonymous_2)
FN:113,(anonymous_3)
FN:119,(anonymous_4)
FN:126,(anonymous_5)
FN:128,(anonymous_6)
FN:137,(anonymous_7)
FN:156,(anonymous_8)
FN:188,(anonymous_9)
FN:202,(anonymous_10)
FN:216,(anonymous_11)
FN:220,(anonymous_12)
FN:233,(anonymous_13)
FN:240,(anonymous_14)
FN:257,(anonymous_15)
FN:267,(anonymous_16)
FN:269,(anonymous_17)
FN:276,(anonymous_18)
FN:278,(anonymous_19)
FNF:20
FNH:20
FNDA:34,(anonymous_0)
FNDA:1,(anonymous_1)
FNDA:20,(anonymous_2)
FNDA:11,(anonymous_3)
FNDA:20,(anonymous_4)
FNDA:8,(anonymous_5)
FNDA:6,(anonymous_6)
FNDA:2,(anonymous_7)
FNDA:4,(anonymous_8)
FNDA:2,(anonymous_9)
FNDA:4,(anonymous_10)
FNDA:3,(anonymous_11)
FNDA:3,(anonymous_12)
FNDA:6,(anonymous_13)
FNDA:4,(anonymous_14)
FNDA:3,(anonymous_15)
FNDA:2,(anonymous_16)
FNDA:3,(anonymous_17)
FNDA:2,(anonymous_18)
FNDA:4,(anonymous_19)
DA:57,34
DA:65,34
DA:66,34
DA:67,34
DA:70,34
DA:88,20
DA:89,5
DA:97,15
DA:98,8
DA:99,8
DA:100,4
DA:109,11
DA:113,11
DA:120,20
DA:127,8
DA:129,6
DA:146,2
DA:160,4
DA:161,4
DA:162,2
DA:169,2
DA:176,2
DA:192,2
DA:203,4
DA:205,4
DA:206,3
DA:207,3
DA:208,3
DA:209,3
DA:211,1
DA:215,4
DA:216,3
DA:219,4
DA:220,2
DA:221,3
DA:222,3
DA:223,3
DA:226,2
DA:234,6
DA:241,4
DA:242,4
DA:244,4
DA:246,4
DA:247,5
DA:248,1
DA:251,4
DA:252,4
DA:253,3
DA:257,4
DA:258,3
DA:261,4
DA:268,2
DA:269,3
DA:277,2
DA:278,4
LF:55
LH:55
BRDA:69,0,0,1
BRDA:85,1,0,17
BRDA:88,2,0,5
BRDA:88,2,1,15
BRDA:97,3,0,8
BRDA:97,3,1,7
BRDA:99,4,0,4
BRDA:99,4,1,4
BRDA:129,5,0,6
BRDA:129,5,1,6
BRDA:129,5,2,5
BRDA:161,6,0,2
BRDA:161,6,1,2
BRDA:169,7,0,2
BRDA:169,7,1,0
BRDA:179,8,0,1
BRDA:179,8,1,1
BRDA:180,9,0,1
BRDA:180,9,1,0
BRDA:205,10,0,3
BRDA:205,10,1,1
BRDA:207,11,0,3
BRDA:207,11,1,2
BRDA:208,12,0,3
BRDA:208,12,1,2
BRDA:219,13,0,2
BRDA:219,13,1,2
BRDA:222,14,0,2
BRDA:222,14,1,1
BRDA:240,15,0,1
BRDA:247,16,0,1
BRDA:247,16,1,4
BRDA:247,17,0,5
BRDA:247,17,1,2
BRDA:251,18,0,4
BRDA:251,18,1,4
BRDA:252,19,0,3
BRDA:252,19,1,1
BRDA:278,20,0,4
BRDA:278,20,1,3
BRF:40
BRH:38
end_of_record
TN:
SF:src\durable-objects\vector-job-manager.ts
FN:13,(anonymous_0)
FN:53,(anonymous_1)
FN:63,(anonymous_2)
FN:65,(anonymous_3)
FN:70,(anonymous_4)
FN:75,(anonymous_5)
FN:83,(anonymous_6)
FN:149,(anonymous_7)
FN:169,(anonymous_8)
FN:208,(anonymous_9)
FN:231,(anonymous_10)
FN:241,(anonymous_11)
FNF:12
FNH:12
FNDA:1,(anonymous_0)
FNDA:22,(anonymous_1)
FNDA:22,(anonymous_2)
FNDA:14,(anonymous_3)
FNDA:6,(anonymous_4)
FNDA:3,(anonymous_5)
FNDA:14,(anonymous_6)
FNDA:6,(anonymous_7)
FNDA:3,(anonymous_8)
FNDA:28,(anonymous_9)
FNDA:30,(anonymous_10)
FNDA:2,(anonymous_11)
DA:13,1
DA:14,1
DA:15,1
DA:16,1
DA:54,22
DA:55,22
DA:57,22
DA:65,22
DA:66,14
DA:70,22
DA:71,6
DA:75,22
DA:76,3
DA:86,14
DA:88,14
DA:89,0
DA:93,14
DA:94,14
DA:103,14
DA:109,12
DA:110,0
DA:114,12
DA:115,12
DA:130,12
DA:136,12
DA:137,0
DA:140,12
DA:152,6
DA:154,6
DA:155,1
DA:158,5
DA:160,5
DA:172,3
DA:174,3
DA:175,1
DA:179,2
DA:180,2
DA:193,2
DA:198,2
DA:213,28
DA:214,28
DA:215,28
DA:217,28
DA:218,57
DA:220,57
DA:225,57
DA:226,26
DA:227,31
DA:228,1
DA:231,30
DA:232,30
DA:235,1
DA:242,2
DA:243,2
DA:244,2
DA:246,2
DA:248,2
DA:250,4
DA:251,4
DA:252,4
DA:253,1
DA:254,1
DA:259,2
DA:260,2
LF:64
LH:61
BRDA:13,0,0,1
BRDA:13,0,1,1
BRDA:88,1,0,0
BRDA:88,1,1,14
BRDA:98,2,0,14
BRDA:98,2,1,12
BRDA:109,3,0,0
BRDA:109,3,1,12
BRDA:109,4,0,12
BRDA:109,4,1,12
BRDA:110,5,0,0
BRDA:110,5,1,0
BRDA:136,6,0,0
BRDA:136,6,1,12
BRDA:136,7,0,12
BRDA:136,7,1,12
BRDA:137,8,0,0
BRDA:137,8,1,0
BRDA:154,9,0,1
BRDA:154,9,1,5
BRDA:154,10,0,6
BRDA:154,10,1,6
BRDA:174,11,0,1
BRDA:174,11,1,2
BRDA:174,12,0,3
BRDA:174,12,1,2
BRDA:225,13,0,26
BRDA:225,13,1,31
BRDA:225,14,0,57
BRDA:225,14,1,26
BRDA:226,15,0,24
BRDA:226,15,1,2
BRDA:227,16,0,1
BRDA:227,16,1,30
BRDA:228,17,0,1
BRDA:228,17,1,0
BRDA:241,18,0,1
BRDA:250,19,0,4
BRDA:250,19,1,0
BRDA:252,20,0,1
BRDA:252,20,1,3
BRF:41
BRH:32
end_of_record
TN:
SF:src\durable-objects\vector-manager.ts
FN:67,(anonymous_0)
FN:73,(anonymous_1)
FN:93,(anonymous_2)
FN:98,(anonymous_3)
FN:102,(anonymous_4)
FN:111,(anonymous_5)
FN:115,(anonymous_6)
FN:119,(anonymous_7)
FN:123,(anonymous_8)
FN:146,(anonymous_9)
FN:153,(anonymous_10)
FN:160,(anonymous_11)
FN:167,(anonymous_12)
FN:205,(anonymous_13)
FN:248,(anonymous_14)
FN:302,(anonymous_15)
FN:337,(anonymous_16)
FN:344,(anonymous_17)
FN:362,(anonymous_18)
FN:367,(anonymous_19)
FN:372,(anonymous_20)
FN:390,(anonymous_21)
FN:401,(anonymous_22)
FN:448,(anonymous_23)
FN:453,(anonymous_24)
FN:458,(anonymous_25)
FN:465,(anonymous_26)
FN:487,(anonymous_27)
FN:505,(anonymous_28)
FN:516,(anonymous_29)
FN:531,(anonymous_30)
FN:548,(anonymous_31)
FN:559,(anonymous_32)
FN:566,(anonymous_33)
FN:579,(anonymous_34)
FN:583,(anonymous_35)
FN:600,(anonymous_36)
FNF:37
FNH:37
FNDA:58,(anonymous_0)
FNDA:103,(anonymous_1)
FNDA:2,(anonymous_2)
FNDA:1,(anonymous_3)
FNDA:1,(anonymous_4)
FNDA:1,(anonymous_5)
FNDA:1,(anonymous_6)
FNDA:1,(anonymous_7)
FNDA:5,(anonymous_8)
FNDA:15,(anonymous_9)
FNDA:1,(anonymous_10)
FNDA:2,(anonymous_11)
FNDA:12,(anonymous_12)
FNDA:30,(anonymous_13)
FNDA:60,(anonymous_14)
FNDA:4,(anonymous_15)
FNDA:1,(anonymous_16)
FNDA:2,(anonymous_17)
FNDA:1,(anonymous_18)
FNDA:3,(anonymous_19)
FNDA:3,(anonymous_20)
FNDA:1,(anonymous_21)
FNDA:4,(anonymous_22)
FNDA:1,(anonymous_23)
FNDA:1,(anonymous_24)
FNDA:1,(anonymous_25)
FNDA:2,(anonymous_26)
FNDA:5,(anonymous_27)
FNDA:2,(anonymous_28)
FNDA:4,(anonymous_29)
FNDA:3,(anonymous_30)
FNDA:2,(anonymous_31)
FNDA:3,(anonymous_32)
FNDA:6,(anonymous_33)
FNDA:3,(anonymous_34)
FNDA:6,(anonymous_35)
FNDA:3,(anonymous_36)
DA:60,58
DA:68,58
DA:69,58
DA:74,103
DA:75,103
DA:83,103
DA:84,1
DA:87,103
DA:94,2
DA:99,1
DA:103,1
DA:106,1
DA:108,1
DA:112,1
DA:116,1
DA:120,1
DA:127,5
DA:128,5
DA:129,1
DA:133,4
DA:135,4
DA:142,4
DA:144,4
DA:145,2
DA:146,15
DA:150,4
DA:159,1
DA:161,2
DA:173,12
DA:176,12
DA:177,12
DA:186,12
DA:189,12
DA:190,12
DA:191,12
DA:193,12
DA:194,41
DA:195,41
DA:197,41
DA:198,9
DA:199,9
DA:200,32
DA:201,2
DA:205,30
DA:206,30
DA:209,10
DA:210,1
DA:213,9
DA:214,2
DA:215,2
DA:218,7
DA:233,7
DA:234,7
DA:235,7
DA:237,7
DA:238,65
DA:239,65
DA:241,65
DA:242,3
DA:243,3
DA:244,62
DA:245,2
DA:248,60
DA:249,60
DA:252,5
DA:253,3
DA:256,2
DA:259,2
DA:272,2
DA:273,2
DA:276,2
DA:289,2
DA:298,2
DA:305,4
DA:308,4
DA:317,4
DA:325,4
DA:333,4
DA:338,1
DA:339,1
DA:340,1
DA:345,2
DA:346,2
DA:348,1
DA:363,1
DA:368,3
DA:374,3
DA:375,3
DA:376,3
DA:377,3
DA:379,3
DA:380,3
DA:381,1
DA:385,3
DA:386,2
DA:389,1
DA:390,1
DA:392,1
DA:397,1
DA:409,4
DA:412,4
DA:425,4
DA:436,4
DA:444,4
DA:449,1
DA:454,1
DA:459,1
DA:460,1
DA:461,1
DA:470,2
DA:471,2
DA:473,1
DA:489,5
DA:490,5
DA:491,5
DA:492,5
DA:494,5
DA:495,3
DA:496,2
DA:500,5
DA:501,3
DA:504,2
DA:505,2
DA:507,2
DA:512,2
DA:526,4
DA:529,4
DA:530,4
DA:531,3
DA:535,4
DA:536,4
DA:538,4
DA:549,2
DA:552,2
DA:553,1
DA:554,1
DA:555,1
DA:558,1
DA:559,3
DA:560,1
DA:567,6
DA:569,6
DA:570,6
DA:573,6
DA:574,1
DA:578,5
DA:579,3
DA:582,5
DA:583,6
DA:584,3
DA:586,3
DA:588,3
DA:590,2
DA:591,2
DA:593,1
DA:599,5
DA:600,3
DA:602,4
DA:605,5
DA:607,5
DA:612,1
DA:613,1
LF:162
LH:162
BRDA:79,0,0,103
BRDA:79,0,1,101
BRDA:83,1,0,1
BRDA:83,1,1,102
BRDA:128,2,0,1
BRDA:128,2,1,4
BRDA:128,3,0,5
BRDA:128,3,1,5
BRDA:133,4,0,4
BRDA:133,4,1,1
BRDA:136,5,0,2
BRDA:136,5,1,2
BRDA:137,6,0,4
BRDA:137,6,1,3
BRDA:144,7,0,2
BRDA:144,7,1,2
BRDA:181,8,0,12
BRDA:181,8,1,12
BRDA:197,9,0,9
BRDA:197,9,1,32
BRDA:197,10,0,41
BRDA:197,10,1,9
BRDA:200,11,0,2
BRDA:200,11,1,30
BRDA:201,12,0,2
BRDA:201,12,1,1
BRDA:209,13,0,1
BRDA:209,13,1,9
BRDA:213,14,0,2
BRDA:213,14,1,7
BRDA:213,15,0,9
BRDA:213,15,1,7
BRDA:215,16,0,2
BRDA:215,16,1,1
BRDA:241,17,0,3
BRDA:241,17,1,62
BRDA:241,18,0,65
BRDA:241,18,1,33
BRDA:244,19,0,2
BRDA:244,19,1,60
BRDA:245,20,0,2
BRDA:245,20,1,1
BRDA:252,21,0,3
BRDA:252,21,1,2
BRDA:252,22,0,5
BRDA:252,22,1,3
BRDA:253,23,0,3
BRDA:253,23,1,2
BRDA:262,24,0,2
BRDA:262,24,1,1
BRDA:272,25,0,2
BRDA:272,25,1,1
BRDA:346,26,0,1
BRDA:346,26,1,1
BRDA:372,27,0,1
BRDA:380,28,0,1
BRDA:380,28,1,2
BRDA:380,29,0,3
BRDA:380,29,1,2
BRDA:380,29,2,1
BRDA:385,30,0,2
BRDA:385,30,1,1
BRDA:471,31,0,1
BRDA:471,31,1,1
BRDA:487,32,0,1
BRDA:495,33,0,2
BRDA:495,33,1,1
BRDA:495,34,0,3
BRDA:495,34,1,2
BRDA:495,34,2,1
BRDA:500,35,0,3
BRDA:500,35,1,2
BRDA:526,36,0,4
BRDA:526,36,1,1
BRDA:530,37,0,1
BRDA:530,37,1,3
BRDA:535,38,0,4
BRDA:535,38,1,3
BRDA:552,39,0,1
BRDA:552,39,1,1
BRDA:567,40,0,1
BRDA:567,40,1,5
BRDA:573,41,0,1
BRDA:573,41,1,4
BRDA:578,42,0,1
BRDA:578,42,1,4
BRDA:582,43,0,3
BRDA:582,43,1,2
BRDA:599,44,0,1
BRDA:599,44,1,4
BRF:90
BRH:90
end_of_record
TN:
SF:src\durable-objects\vector-statistics.ts
FN:62,(anonymous_0)
FN:73,(anonymous_1)
FN:108,(anonymous_2)
FN:136,(anonymous_3)
FN:139,(anonymous_4)
FN:158,(anonymous_5)
FN:185,(anonymous_6)
FN:195,(anonymous_7)
FN:202,(anonymous_8)
FN:209,(anonymous_9)
FN:224,(anonymous_10)
FN:232,(anonymous_11)
FN:251,(anonymous_12)
FN:266,(anonymous_13)
FN:277,(anonymous_14)
FN:295,(anonymous_15)
FNF:16
FNH:16
FNDA:16,(anonymous_0)
FNDA:34,(anonymous_1)
FNDA:18,(anonymous_2)
FNDA:3,(anonymous_3)
FNDA:10,(anonymous_4)
FNDA:34,(anonymous_5)
FNDA:5,(anonymous_6)
FNDA:3,(anonymous_7)
FNDA:5,(anonymous_8)
FNDA:1,(anonymous_9)
FNDA:1,(anonymous_10)
FNDA:2,(anonymous_11)
FNDA:5,(anonymous_12)
FNDA:2,(anonymous_13)
FNDA:1,(anonymous_14)
FNDA:2,(anonymous_15)
DA:50,16
DA:51,16
DA:52,16
DA:63,16
DA:64,16
DA:67,16
DA:79,34
DA:88,34
DA:91,34
DA:92,5
DA:96,34
DA:98,34
DA:110,18
DA:111,18
DA:112,2
DA:116,18
DA:118,18
DA:119,18
DA:120,5
DA:125,18
DA:127,18
DA:138,3
DA:139,10
DA:142,3
DA:144,3
DA:145,2
DA:149,3
DA:159,34
DA:162,34
DA:163,34
DA:166,34
DA:167,6
DA:168,6
DA:172,34
DA:173,34
DA:174,9
DA:179,34
DA:186,5
DA:187,1
DA:189,4
DA:196,3
DA:203,5
DA:210,1
DA:218,1
DA:225,1
DA:226,1
DA:250,2
DA:251,5
DA:254,2
DA:266,2
DA:282,1
DA:283,1
DA:284,1
DA:286,1
DA:300,2
LF:55
LH:55
BRDA:63,0,0,0
BRDA:64,1,0,0
BRDA:83,2,0,34
BRDA:83,2,1,0
BRDA:91,3,0,5
BRDA:91,3,1,29
BRDA:111,4,0,2
BRDA:111,4,1,16
BRDA:118,5,0,18
BRDA:118,5,1,0
BRDA:119,6,0,5
BRDA:119,6,1,13
BRDA:144,7,0,2
BRDA:144,7,1,1
BRDA:144,8,0,3
BRDA:144,8,1,3
BRDA:166,9,0,6
BRDA:166,9,1,28
BRDA:172,10,0,34
BRDA:172,10,1,27
BRDA:173,11,0,9
BRDA:173,11,1,25
BRDA:186,12,0,1
BRDA:186,12,1,4
BRDA:282,13,0,1
BRDA:282,13,1,0
BRDA:283,14,0,1
BRDA:283,14,1,0
BRDA:284,15,0,1
BRDA:284,15,1,0
BRF:30
BRH:23
end_of_record
TN:
SF:src\durable-objects\schemas\notion-manager.schema.ts
FNF:0
FNH:0
DA:4,1
DA:14,1
DA:19,1
LF:3
LH:3
BRF:0
BRH:0
end_of_record
TN:
SF:src\durable-objects\schemas\vector-manager.schema.ts
FNF:0
FNH:0
DA:4,2
DA:13,2
DA:18,2
LF:3
LH:3
BRF:0
BRH:0
end_of_record
TN:
SF:src\middleware\auth.ts
FN:11,apiKeyAuth
FN:62,notionAuth
FN:82,bearerAuth
FN:129,rateLimitAuth
FN:135,(anonymous_4)
FN:175,corsAuth
FN:192,(anonymous_6)
FNF:7
FNH:7
FNDA:7,apiKeyAuth
FNDA:2,notionAuth
FNDA:4,bearerAuth
FNDA:5,rateLimitAuth
FNDA:10,(anonymous_4)
FNDA:10,corsAuth
FNDA:6,(anonymous_6)
DA:24,7
DA:26,7
DA:27,7
DA:30,7
DA:31,1
DA:39,6
DA:40,1
DA:48,5
DA:49,1
DA:56,4
DA:63,2
DA:65,2
DA:66,1
DA:74,1
DA:76,1
DA:87,4
DA:89,4
DA:90,1
DA:97,3
DA:98,3
DA:99,1
DA:106,2
DA:109,2
DA:110,1
DA:111,1
DA:112,1
DA:121,1
DA:123,1
DA:133,5
DA:135,5
DA:136,10
DA:140,10
DA:141,10
DA:143,10
DA:145,5
DA:151,5
DA:153,5
DA:154,1
DA:163,9
DA:164,9
DA:165,9
DA:166,9
DA:168,9
DA:190,10
DA:192,10
DA:193,6
DA:196,6
DA:197,6
DA:198,4
DA:199,2
DA:200,1
DA:201,1
DA:203,1
DA:204,1
DA:205,1
DA:210,6
DA:212,6
DA:213,1
DA:217,6
DA:218,2
DA:219,2
DA:221,2
DA:222,1
DA:225,2
DA:226,2
DA:229,2
DA:232,4
LF:67
LH:67
BRDA:21,0,0,6
BRDA:22,1,0,6
BRDA:23,2,0,6
BRDA:24,3,0,7
BRDA:24,3,1,4
BRDA:30,4,0,1
BRDA:30,4,1,6
BRDA:30,5,0,7
BRDA:30,5,1,6
BRDA:39,6,0,1
BRDA:39,6,1,5
BRDA:39,7,0,6
BRDA:39,7,1,5
BRDA:48,8,0,1
BRDA:48,8,1,4
BRDA:48,9,0,5
BRDA:48,9,1,4
BRDA:48,9,2,4
BRDA:65,10,0,1
BRDA:65,10,1,1
BRDA:89,11,0,1
BRDA:89,11,1,3
BRDA:98,12,0,1
BRDA:98,12,1,2
BRDA:109,13,0,1
BRDA:109,13,1,1
BRDA:111,14,0,1
BRDA:111,14,1,0
BRDA:130,15,0,0
BRDA:131,16,0,0
BRDA:136,17,0,10
BRDA:136,17,1,2
BRDA:136,17,2,1
BRDA:143,18,0,5
BRDA:143,18,1,5
BRDA:143,19,0,10
BRDA:143,19,1,5
BRDA:153,20,0,1
BRDA:153,20,1,4
BRDA:184,21,0,7
BRDA:185,22,0,9
BRDA:186,23,0,10
BRDA:187,24,0,10
BRDA:188,25,0,9
BRDA:189,26,0,10
BRDA:190,27,0,10
BRDA:190,27,1,6
BRDA:193,28,0,6
BRDA:193,28,1,0
BRDA:197,29,0,4
BRDA:197,29,1,2
BRDA:199,30,0,1
BRDA:199,30,1,1
BRDA:200,31,0,1
BRDA:200,31,1,0
BRDA:203,32,0,1
BRDA:203,32,1,0
BRDA:204,33,0,1
BRDA:204,33,1,0
BRDA:212,34,0,1
BRDA:212,34,1,5
BRDA:217,35,0,2
BRDA:217,35,1,4
BRDA:221,36,0,1
BRDA:221,36,1,1
BRDA:225,37,0,2
BRDA:225,37,1,0
BRF:67
BRH:59
end_of_record
TN:
SF:src\middleware\error.ts
FN:17,errorMiddleware
FN:41,notFoundHandler
FN:55,devErrorMiddleware
FNF:3
FNH:3
FNDA:6,errorMiddleware
FNDA:2,notFoundHandler
FNDA:6,devErrorMiddleware
DA:18,6
DA:19,6
DA:22,5
DA:28,5
DA:31,5
DA:34,5
DA:42,2
DA:48,2
DA:49,2
DA:56,6
DA:57,6
DA:59,5
DA:61,5
DA:63,2
DA:77,3
LF:15
LH:15
BRDA:61,0,0,2
BRDA:61,0,1,3
BRDA:61,1,0,5
BRDA:61,1,1,3
BRF:4
BRH:4
end_of_record
TN:
SF:src\middleware\logging.ts
FN:10,(anonymous_0)
FN:38,generateRequestId
FN:45,writeLog
FN:64,loggingMiddleware
FN:128,performanceMiddleware
FN:164,(anonymous_5)
FN:169,(anonymous_6)
FN:184,(anonymous_7)
FN:190,(anonymous_8)
FN:194,(anonymous_9)
FN:198,(anonymous_10)
FN:213,createLogger
FN:220,auditMiddleware
FN:223,(anonymous_13)
FNF:14
FNH:14
FNDA:12,(anonymous_0)
FNDA:5,generateRequestId
FNDA:339,writeLog
FNDA:5,loggingMiddleware
FNDA:2,performanceMiddleware
FNDA:136,(anonymous_5)
FNDA:323,(anonymous_6)
FNDA:241,(anonymous_7)
FNDA:238,(anonymous_8)
FNDA:8,(anonymous_9)
FNDA:47,(anonymous_10)
FNDA:131,createLogger
FNDA:8,auditMiddleware
FNDA:7,(anonymous_13)
DA:10,12
DA:11,12
DA:12,12
DA:13,12
DA:14,12
DA:39,5
DA:46,339
DA:48,209
DA:49,209
DA:52,209
DA:53,209
DA:57,130
DA:65,5
DA:66,5
DA:67,5
DA:70,5
DA:73,5
DA:84,5
DA:86,5
DA:87,5
DA:90,3
DA:91,3
DA:101,3
DA:104,2
DA:105,2
DA:120,2
DA:121,2
DA:129,2
DA:130,2
DA:132,2
DA:134,2
DA:135,2
DA:138,2
DA:139,2
DA:142,2
DA:143,0
DA:145,0
DA:156,0
DA:165,136
DA:166,136
DA:170,323
DA:181,323
DA:185,241
DA:186,30
DA:191,238
DA:195,8
DA:199,47
DA:214,131
DA:223,8
DA:224,7
DA:225,1
DA:226,1
DA:229,6
DA:245,6
DA:246,4
DA:247,4
DA:249,2
DA:250,2
DA:251,2
DA:252,2
DA:254,2
DA:260,6
DA:262,6
LF:63
LH:60
BRDA:10,0,0,12
BRDA:10,0,1,12
BRDA:45,1,0,0
BRDA:46,2,0,209
BRDA:46,2,1,130
BRDA:50,3,0,209
BRDA:50,3,1,209
BRDA:50,4,0,0
BRDA:50,4,1,209
BRDA:52,5,0,209
BRDA:52,5,1,0
BRDA:80,6,0,5
BRDA:80,6,1,1
BRDA:93,7,0,1
BRDA:93,7,1,2
BRDA:113,8,0,1
BRDA:113,8,1,1
BRDA:139,9,0,2
BRDA:139,9,1,1
BRDA:142,10,0,0
BRDA:142,10,1,2
BRDA:166,11,0,0
BRDA:185,12,0,30
BRDA:185,12,1,211
BRDA:200,13,0,39
BRDA:200,13,1,8
BRDA:221,14,0,7
BRDA:224,15,0,1
BRDA:224,15,1,6
BRDA:236,16,0,6
BRDA:236,16,1,0
BRDA:240,17,0,6
BRDA:240,17,1,1
BRDA:245,18,0,4
BRDA:245,18,1,2
BRDA:245,19,0,6
BRDA:245,19,1,5
BRF:37
BRH:31
end_of_record
TN:
SF:src\middleware\validation.ts
FN:18,bodyValidator
FN:19,(anonymous_1)
FN:39,queryValidator
FN:40,(anonymous_3)
FN:60,paramsValidator
FN:61,(anonymous_5)
FN:81,validator
FN:86,(anonymous_7)
FN:131,(anonymous_8)
FN:132,(anonymous_9)
FN:157,contentTypeValidator
FN:160,(anonymous_11)
FN:188,fileValidator
FN:199,(anonymous_13)
FNF:14
FNH:14
FNDA:4,bodyValidator
FNDA:4,(anonymous_1)
FNDA:3,queryValidator
FNDA:3,(anonymous_3)
FNDA:2,paramsValidator
FNDA:2,(anonymous_5)
FNDA:7,validator
FNDA:7,(anonymous_7)
FNDA:2,(anonymous_8)
FNDA:2,(anonymous_9)
FNDA:6,contentTypeValidator
FNDA:6,(anonymous_11)
FNDA:6,fileValidator
FNDA:6,(anonymous_13)
DA:19,4
DA:20,4
DA:21,4
DA:22,1
DA:23,1
DA:25,3
DA:26,1
DA:28,2
DA:40,3
DA:41,3
DA:42,3
DA:43,1
DA:44,1
DA:46,2
DA:47,1
DA:49,1
DA:61,2
DA:62,2
DA:63,2
DA:64,1
DA:65,1
DA:67,1
DA:68,0
DA:70,1
DA:86,7
DA:87,7
DA:88,7
DA:91,7
DA:92,5
DA:93,5
DA:95,3
DA:96,1
DA:98,2
DA:104,5
DA:105,3
DA:106,3
DA:108,2
DA:109,1
DA:111,1
DA:117,4
DA:118,3
DA:119,3
DA:121,1
DA:122,0
DA:124,1
DA:130,3
DA:131,2
DA:132,2
DA:140,1
DA:149,2
DA:150,2
DA:160,6
DA:161,6
DA:163,6
DA:164,1
DA:171,5
DA:173,5
DA:174,1
DA:181,4
DA:197,6
DA:199,6
DA:200,6
DA:202,6
DA:203,2
DA:204,1
DA:210,1
DA:211,1
DA:214,4
DA:216,4
DA:217,1
DA:225,3
DA:230,3
LF:72
LH:70
BRDA:25,0,0,1
BRDA:25,0,1,2
BRDA:29,1,0,1
BRDA:29,1,1,1
BRDA:46,2,0,1
BRDA:46,2,1,1
BRDA:50,3,0,1
BRDA:50,3,1,0
BRDA:67,4,0,0
BRDA:67,4,1,1
BRDA:71,5,0,1
BRDA:71,5,1,0
BRDA:91,6,0,5
BRDA:91,6,1,2
BRDA:95,7,0,1
BRDA:95,7,1,2
BRDA:104,8,0,3
BRDA:104,8,1,2
BRDA:108,9,0,1
BRDA:108,9,1,1
BRDA:117,10,0,3
BRDA:117,10,1,1
BRDA:121,11,0,0
BRDA:121,11,1,1
BRDA:130,12,0,1
BRDA:130,12,1,2
BRDA:132,13,0,2
BRDA:132,13,1,0
BRDA:132,13,2,0
BRDA:158,14,0,1
BRDA:163,15,0,1
BRDA:163,15,1,5
BRDA:173,16,0,1
BRDA:173,16,1,4
BRDA:194,17,0,3
BRDA:195,18,0,5
BRDA:196,19,0,3
BRDA:202,20,0,2
BRDA:202,20,1,4
BRDA:203,21,0,1
BRDA:203,21,1,1
BRDA:216,22,0,1
BRDA:216,22,1,3
BRDA:216,23,0,4
BRDA:216,23,1,3
BRF:45
BRH:39
end_of_record
TN:
SF:src\routes\api\embeddings\batch.ts
FN:65,(anonymous_0)
FN:82,(anonymous_1)
FNF:2
FNH:2
FNDA:6,(anonymous_0)
FNDA:12,(anonymous_1)
DA:21,1
DA:65,1
DA:66,6
DA:67,6
DA:69,6
DA:70,6
DA:73,6
DA:74,0
DA:82,12
DA:83,6
DA:84,2
DA:91,4
DA:99,4
DA:100,4
DA:103,4
DA:112,2
DA:114,2
DA:121,2
DA:127,2
DA:130,4
DA:132,4
DA:133,2
DA:139,2
DA:146,2
DA:148,2
LF:25
LH:24
BRDA:73,0,0,0
BRDA:73,0,1,6
BRDA:73,1,0,6
BRDA:73,1,1,6
BRDA:82,2,0,12
BRDA:82,2,1,11
BRDA:83,3,0,2
BRDA:83,3,1,4
BRDA:94,4,0,4
BRDA:94,4,1,3
BRDA:95,5,0,4
BRDA:95,5,1,3
BRDA:132,6,0,2
BRDA:132,6,1,2
BRDA:151,7,0,1
BRDA:151,7,1,1
BRF:16
BRH:15
end_of_record
TN:
SF:src\routes\api\embeddings\embedding-service.ts
FN:57,(anonymous_0)
FN:68,(anonymous_1)
FN:102,(anonymous_2)
FN:171,(anonymous_3)
FN:202,(anonymous_4)
FN:246,(anonymous_5)
FN:277,(anonymous_6)
FN:304,(anonymous_7)
FNF:8
FNH:8
FNDA:31,(anonymous_0)
FNDA:6,(anonymous_1)
FNDA:14,(anonymous_2)
FNDA:6,(anonymous_3)
FNDA:4,(anonymous_4)
FNDA:3,(anonymous_5)
FNDA:4,(anonymous_6)
FNDA:3,(anonymous_7)
DA:57,31
DA:58,31
DA:61,31
DA:62,31
DA:72,6
DA:73,6
DA:78,6
DA:83,2
DA:87,2
DA:89,4
DA:90,4
DA:112,14
DA:114,14
DA:115,3
DA:122,11
DA:123,2
DA:130,9
DA:136,9
DA:147,4
DA:152,4
DA:154,10
DA:155,6
DA:158,4
DA:159,4
DA:172,6
DA:173,6
DA:175,3
DA:176,2
DA:183,1
DA:185,5
DA:186,3
DA:189,2
DA:190,2
DA:212,4
DA:213,4
DA:219,4
DA:226,2
DA:231,2
DA:233,2
DA:234,2
DA:256,3
DA:257,3
DA:259,1
DA:264,2
DA:265,2
DA:278,4
DA:279,4
DA:281,4
DA:283,2
DA:284,1
DA:286,1
DA:289,2
DA:291,2
DA:292,2
DA:311,3
DA:312,3
DA:314,1
DA:317,1
LF:58
LH:58
BRDA:75,0,0,6
BRDA:75,0,1,5
BRDA:80,1,0,6
BRDA:80,1,1,5
BRDA:92,2,0,2
BRDA:92,2,1,2
BRDA:105,3,0,9
BRDA:114,4,0,3
BRDA:114,4,1,11
BRDA:114,5,0,14
BRDA:114,5,1,13
BRDA:122,6,0,2
BRDA:122,6,1,9
BRDA:132,7,0,9
BRDA:132,7,1,7
BRDA:133,8,0,9
BRDA:133,8,1,7
BRDA:138,9,0,9
BRDA:138,9,1,7
BRDA:140,10,0,9
BRDA:140,10,1,7
BRDA:141,11,0,9
BRDA:141,11,1,7
BRDA:154,12,0,6
BRDA:154,12,1,4
BRDA:161,13,0,3
BRDA:161,13,1,1
BRDA:175,14,0,2
BRDA:175,14,1,1
BRDA:185,15,0,3
BRDA:185,15,1,2
BRDA:192,16,0,2
BRDA:192,16,1,0
BRDA:206,17,0,3
BRDA:216,18,0,4
BRDA:216,18,1,3
BRDA:222,19,0,4
BRDA:222,19,1,3
BRDA:236,20,0,2
BRDA:236,20,1,0
BRDA:267,21,0,2
BRDA:267,21,1,0
BRDA:283,22,0,1
BRDA:283,22,1,1
BRDA:294,23,0,2
BRDA:294,23,1,0
BRF:46
BRH:42
end_of_record
TN:
SF:src\routes\api\embeddings\generate.ts
FN:66,(anonymous_0)
FNF:1
FNH:1
FNDA:7,(anonymous_0)
DA:22,2
DA:66,2
DA:67,7
DA:68,7
DA:70,7
DA:71,7
DA:74,7
DA:75,1
DA:82,6
DA:88,6
DA:91,6
DA:96,3
DA:98,3
DA:104,3
DA:110,3
DA:113,4
DA:115,4
DA:116,2
DA:122,2
DA:129,2
DA:131,2
LF:21
LH:21
BRDA:74,0,0,1
BRDA:74,0,1,6
BRDA:74,1,0,7
BRDA:74,1,1,7
BRDA:115,2,0,2
BRDA:115,2,1,2
BRDA:134,3,0,1
BRDA:134,3,1,1
BRF:8
BRH:8
end_of_record
TN:
SF:src\routes\api\embeddings\index.ts
FN:8,(anonymous_0)
FNF:1
FNH:1
FNDA:4,(anonymous_0)
DA:9,4
DA:10,4
DA:11,4
DA:12,4
LF:4
LH:4
BRF:0
BRH:0
end_of_record
TN:
SF:src\routes\api\embeddings\models.ts
FN:61,(anonymous_0)
FN:168,(anonymous_1)
FN:182,(anonymous_2)
FN:242,getModelDescription
FN:256,getModelPerformance
FNF:5
FNH:5
FNDA:6,(anonymous_0)
FNDA:8,(anonymous_1)
FNDA:4,(anonymous_2)
FNDA:3,getModelDescription
FNDA:3,getModelPerformance
DA:18,1
DA:34,1
DA:61,1
DA:62,6
DA:64,6
DA:65,6
DA:68,6
DA:71,6
DA:73,2
DA:79,2
DA:86,4
DA:87,1
DA:92,1
DA:99,3
DA:101,3
DA:110,1
DA:168,1
DA:169,8
DA:170,8
DA:172,8
DA:173,8
DA:176,8
DA:179,8
DA:182,5
DA:184,4
DA:185,1
DA:193,3
DA:199,3
DA:202,3
DA:209,5
DA:210,3
DA:216,3
DA:217,2
DA:224,1
DA:231,2
DA:233,2
DA:243,3
DA:252,3
DA:257,3
DA:266,3
LF:40
LH:40
BRDA:86,0,0,1
BRDA:86,0,1,3
BRDA:104,1,0,2
BRDA:104,1,1,1
BRDA:184,2,0,1
BRDA:184,2,1,3
BRDA:209,3,0,3
BRDA:209,3,1,2
BRDA:216,4,0,2
BRDA:216,4,1,1
BRDA:236,5,0,1
BRDA:236,5,1,1
BRDA:252,6,0,3
BRDA:252,6,1,1
BRDA:266,7,0,3
BRDA:266,7,1,1
BRF:16
BRH:16
end_of_record
TN:
SF:src\routes\api\embeddings\schedule.ts
FN:63,(anonymous_0)
FNF:1
FNH:1
FNDA:4,(anonymous_0)
DA:20,1
DA:63,1
DA:64,4
DA:65,4
DA:68,4
DA:73,4
DA:83,2
DA:88,2
DA:89,2
DA:92,2
LF:10
LH:10
BRDA:85,0,0,2
BRDA:85,0,1,0
BRF:2
BRH:1
end_of_record
TN:
SF:src\routes\api\files\file-processor.ts
FN:5,(anonymous_0)
FN:7,(anonymous_1)
FN:39,(anonymous_2)
FN:58,(anonymous_3)
FN:83,(anonymous_4)
FN:94,(anonymous_5)
FNF:6
FNH:6
FNDA:21,(anonymous_0)
FNDA:220,(anonymous_1)
FNDA:18,(anonymous_2)
FNDA:16,(anonymous_3)
FNDA:20,(anonymous_4)
FNDA:19,(anonymous_5)
DA:6,21
DA:7,220
DA:9,21
DA:11,21
DA:12,21
DA:13,220
DA:17,21
DA:18,21
DA:19,20
DA:22,20
DA:23,3
DA:24,3
DA:26,17
DA:27,17
DA:31,1
DA:32,1
DA:40,18
DA:41,18
DA:44,18
DA:45,18
DA:46,18
DA:47,19
DA:48,19
DA:52,18
DA:67,16
DA:68,16
DA:70,16
DA:84,20
DA:95,19
LF:29
LH:29
BRDA:22,0,0,3
BRDA:22,0,1,17
BRF:2
BRH:2
end_of_record
TN:
SF:src\routes\api\files\file-validator.ts
FN:17,(anonymous_0)
FN:31,(anonymous_1)
FN:35,(anonymous_2)
FN:49,(anonymous_3)
FN:64,(anonymous_4)
FNF:5
FNH:5
FNDA:19,(anonymous_0)
FNDA:24,(anonymous_1)
FNDA:20,(anonymous_2)
FNDA:26,(anonymous_3)
FNDA:19,(anonymous_4)
DA:4,2
DA:6,2
DA:17,2
DA:18,19
DA:19,4
DA:20,4
DA:22,2
DA:26,2
DA:32,24
DA:36,20
DA:37,2
DA:46,18
DA:50,26
DA:51,26
DA:52,5
DA:61,21
DA:69,19
DA:70,19
DA:71,2
DA:72,2
DA:81,17
LF:21
LH:21
BRDA:18,0,0,15
BRDA:18,0,1,4
BRDA:36,1,0,2
BRDA:36,1,1,18
BRDA:51,2,0,5
BRDA:51,2,1,21
BRDA:70,3,0,2
BRDA:70,3,1,17
BRF:8
BRH:8
end_of_record
TN:
SF:src\routes\api\files\index.ts
FN:6,(anonymous_0)
FNF:1
FNH:1
FNDA:3,(anonymous_0)
DA:7,3
DA:8,3
LF:2
LH:2
BRF:0
BRH:0
end_of_record
TN:
SF:src\routes\api\files\status.ts
FN:60,(anonymous_0)
FNF:1
FNH:1
FNDA:11,(anonymous_0)
DA:12,1
DA:60,1
DA:61,11
DA:62,11
DA:65,11
DA:66,11
DA:69,11
DA:70,8
DA:71,1
DA:79,7
DA:83,7
DA:84,4
DA:85,3
DA:86,1
DA:87,2
DA:88,1
DA:90,1
DA:93,7
DA:104,3
DA:105,1
DA:112,2
DA:113,2
LF:22
LH:22
BRDA:70,0,0,1
BRDA:70,0,1,7
BRDA:83,1,0,4
BRDA:83,1,1,3
BRDA:83,2,0,7
BRDA:83,2,1,4
BRDA:85,3,0,1
BRDA:85,3,1,2
BRDA:85,4,0,3
BRDA:85,4,1,2
BRDA:87,5,0,1
BRDA:87,5,1,1
BRDA:87,6,0,2
BRDA:87,6,1,1
BRDA:98,7,0,1
BRDA:98,7,1,6
BRDA:99,8,0,7
BRDA:99,8,1,6
BRDA:99,8,2,5
BRDA:104,9,0,1
BRDA:104,9,1,2
BRDA:104,10,0,3
BRDA:104,10,1,2
BRDA:116,11,0,1
BRDA:116,11,1,1
BRF:25
BRH:25
end_of_record
TN:
SF:src\routes\api\files\upload.ts
FN:93,(anonymous_0)
FNF:1
FNH:1
FNDA:19,(anonymous_0)
DA:17,1
DA:93,1
DA:94,19
DA:96,19
DA:103,19
DA:104,19
DA:105,19
DA:106,19
DA:109,19
DA:110,1
DA:111,1
DA:119,18
DA:122,18
DA:125,18
DA:126,18
DA:127,1
DA:131,17
DA:132,17
DA:133,1
DA:137,16
DA:138,16
DA:139,1
DA:143,15
DA:146,15
DA:156,13
DA:171,2
DA:172,2
LF:27
LH:27
BRDA:109,0,0,1
BRDA:109,0,1,18
BRDA:126,1,0,1
BRDA:126,1,1,17
BRDA:132,2,0,1
BRDA:132,2,1,16
BRDA:138,3,0,1
BRDA:138,3,1,15
BRDA:152,4,0,15
BRDA:152,4,1,14
BRDA:175,5,0,1
BRDA:175,5,1,1
BRF:12
BRH:12
end_of_record
TN:
SF:src\routes\api\notion\bulk-sync.ts
FN:78,(anonymous_0)
FN:109,(anonymous_1)
FNF:2
FNH:2
FNDA:9,(anonymous_0)
FNDA:5,(anonymous_1)
DA:12,1
DA:27,1
DA:78,1
DA:79,9
DA:80,9
DA:83,9
DA:84,9
DA:85,1
DA:93,8
DA:94,8
DA:96,8
DA:99,8
DA:100,3
DA:103,5
DA:109,4
DA:110,5
DA:112,4
DA:113,4
DA:116,1
DA:121,7
DA:128,6
DA:137,2
DA:138,2
LF:23
LH:23
BRDA:84,0,0,1
BRDA:84,0,1,8
BRDA:99,1,0,3
BRDA:99,1,1,5
BRDA:99,2,0,8
BRDA:99,2,1,4
BRDA:110,3,0,4
BRDA:110,3,1,1
BRDA:110,4,0,5
BRDA:110,4,1,4
BRDA:141,5,0,1
BRDA:141,5,1,1
BRF:12
BRH:12
end_of_record
TN:
SF:src\routes\api\notion\index.ts
FN:8,notionRoutes
FNF:1
FNH:1
FNDA:3,notionRoutes
DA:10,3
DA:13,3
DA:16,3
DA:19,3
DA:22,3
LF:5
LH:5
BRF:0
BRH:0
end_of_record
TN:
SF:src\routes\api\notion\list-pages.ts
FN:38,(anonymous_0)
FN:39,(anonymous_1)
FN:40,(anonymous_2)
FN:83,(anonymous_3)
FN:101,(anonymous_4)
FN:117,(anonymous_5)
FNF:6
FNH:6
FNDA:17,(anonymous_0)
FNDA:17,(anonymous_1)
FNDA:17,(anonymous_2)
FNDA:16,(anonymous_3)
FNDA:17,(anonymous_4)
FNDA:17,(anonymous_5)
DA:13,1
DA:37,1
DA:38,17
DA:39,17
DA:40,17
DA:44,1
DA:91,16
DA:92,16
DA:94,16
DA:102,17
DA:103,1
DA:112,16
DA:117,1
DA:118,17
DA:119,17
DA:122,17
DA:123,17
DA:124,1
DA:128,16
DA:135,14
DA:138,14
DA:140,14
DA:149,2
DA:150,2
LF:24
LH:24
BRDA:102,0,0,1
BRDA:102,0,1,16
BRDA:123,1,0,1
BRDA:123,1,1,16
BRDA:138,2,0,14
BRDA:138,2,1,9
BRDA:153,3,0,1
BRDA:153,3,1,1
BRF:8
BRH:8
end_of_record
TN:
SF:src\routes\api\notion\page-formatter.ts
FN:22,(anonymous_0)
FN:31,(anonymous_1)
FN:40,(anonymous_2)
FN:54,(anonymous_3)
FN:68,(anonymous_4)
FN:92,(anonymous_5)
FN:116,(anonymous_6)
FN:127,(anonymous_7)
FN:131,(anonymous_8)
FNF:9
FNH:9
FNDA:128,(anonymous_0)
FNDA:21,(anonymous_1)
FNDA:15,(anonymous_2)
FNDA:15,(anonymous_3)
FNDA:12,(anonymous_4)
FNDA:110,(anonymous_5)
FNDA:119,(anonymous_6)
FNDA:15,(anonymous_7)
FNDA:114,(anonymous_8)
DA:23,128
DA:25,127
DA:26,127
DA:27,112
DA:30,15
DA:31,21
DA:34,15
DA:41,15
DA:42,13
DA:43,13
DA:45,1
DA:48,2
DA:55,15
DA:56,13
DA:57,13
DA:59,1
DA:62,2
DA:69,12
DA:70,12
DA:71,12
DA:73,12
DA:93,110
DA:94,110
DA:95,110
DA:97,110
DA:117,119
DA:118,11
DA:120,108
DA:131,114
LF:29
LH:29
BRDA:23,0,0,1
BRDA:23,0,1,127
BRDA:26,1,0,112
BRDA:26,1,1,15
BRDA:26,2,0,127
BRDA:26,2,1,18
BRDA:26,2,2,17
BRDA:31,3,0,21
BRDA:31,3,1,4
BRDA:34,4,0,15
BRDA:34,4,1,2
BRDA:41,5,0,13
BRDA:41,5,1,2
BRDA:55,6,0,13
BRDA:55,6,1,2
BRDA:81,7,0,12
BRDA:81,7,1,1
BRDA:82,8,0,2
BRDA:82,8,1,10
BRDA:83,9,0,1
BRDA:83,9,1,11
BRDA:84,10,0,8
BRDA:84,10,1,4
BRDA:93,11,0,110
BRDA:93,11,1,2
BRDA:94,12,0,110
BRDA:94,12,1,2
BRDA:98,13,0,110
BRDA:98,13,1,0
BRDA:100,14,0,110
BRDA:100,14,1,1
BRDA:101,15,0,110
BRDA:101,15,1,2
BRDA:102,16,0,110
BRDA:102,16,1,2
BRDA:105,17,0,110
BRDA:105,17,1,3
BRDA:106,18,0,2
BRDA:106,18,1,108
BRDA:107,19,0,1
BRDA:107,19,1,109
BRDA:108,20,0,104
BRDA:108,20,1,6
BRDA:117,21,0,11
BRDA:117,21,1,108
BRDA:117,22,0,119
BRDA:117,22,1,12
BRF:47
BRH:46
end_of_record
TN:
SF:src\routes\api\notion\retrieve-blocks.ts
FN:21,(anonymous_0)
FN:64,(anonymous_1)
FN:85,(anonymous_2)
FNF:3
FNH:3
FNDA:4,(anonymous_0)
FNDA:9,(anonymous_1)
FNDA:4,(anonymous_2)
DA:13,1
DA:21,4
DA:64,1
DA:65,9
DA:66,9
DA:67,9
DA:70,9
DA:71,9
DA:72,1
DA:79,8
DA:82,8
DA:83,3
DA:84,3
DA:85,4
DA:104,2
DA:116,6
DA:118,4
DA:119,2
DA:130,2
DA:132,2
DA:141,2
DA:142,2
LF:22
LH:22
BRDA:71,0,0,1
BRDA:71,0,1,8
BRDA:82,1,0,3
BRDA:82,1,1,5
BRDA:84,2,0,2
BRDA:84,2,1,1
BRDA:90,3,0,2
BRDA:90,3,1,2
BRDA:91,4,0,2
BRDA:91,4,1,2
BRDA:118,5,0,2
BRDA:118,5,1,2
BRDA:145,6,0,1
BRDA:145,6,1,1
BRF:14
BRH:14
end_of_record
TN:
SF:src\routes\api\notion\retrieve-page.ts
FN:28,(anonymous_0)
FN:70,(anonymous_1)
FNF:2
FNH:2
FNDA:3,(anonymous_0)
FNDA:10,(anonymous_1)
DA:20,1
DA:28,3
DA:70,1
DA:71,10
DA:72,10
DA:73,10
DA:75,10
DA:76,10
DA:77,1
DA:78,1
DA:84,9
DA:85,9
DA:87,7
DA:88,2
DA:89,2
DA:97,5
DA:98,5
DA:99,5
DA:102,2
LF:19
LH:19
BRDA:76,0,0,1
BRDA:76,0,1,9
BRDA:87,1,0,2
BRDA:87,1,1,5
BRF:4
BRH:4
end_of_record
TN:
SF:src\routes\api\notion\sync-page.ts
FN:65,(anonymous_0)
FNF:1
FNH:1
FNDA:6,(anonymous_0)
DA:19,1
DA:65,1
DA:66,6
DA:67,6
DA:68,6
DA:70,6
DA:71,6
DA:72,1
DA:73,1
DA:79,5
DA:80,5
DA:82,3
DA:86,3
DA:87,3
DA:93,2
LF:15
LH:15
BRDA:71,0,0,1
BRDA:71,0,1,5
BRF:2
BRH:2
end_of_record
TN:
SF:src\routes\api\search\index.ts
FN:7,(anonymous_0)
FNF:1
FNH:1
FNDA:3,(anonymous_0)
DA:8,3
DA:9,3
DA:10,3
LF:3
LH:3
BRF:0
BRH:0
end_of_record
TN:
SF:src\routes\api\search\search-service.ts
FN:16,(anonymous_0)
FN:23,(anonymous_1)
FN:55,(anonymous_2)
FN:79,(anonymous_3)
FN:111,(anonymous_4)
FN:152,(anonymous_5)
FN:157,(anonymous_6)
FN:178,(anonymous_7)
FNF:8
FNH:8
FNDA:30,(anonymous_0)
FNDA:14,(anonymous_1)
FNDA:11,(anonymous_2)
FNDA:11,(anonymous_3)
FNDA:11,(anonymous_4)
FNDA:14,(anonymous_5)
FNDA:18,(anonymous_6)
FNDA:1,(anonymous_7)
DA:16,30
DA:17,30
DA:24,14
DA:25,14
DA:30,13
DA:31,3
DA:38,10
DA:40,4
DA:41,3
DA:43,1
DA:64,11
DA:65,11
DA:67,3
DA:90,11
DA:93,9
DA:101,7
DA:119,11
DA:120,11
DA:130,7
DA:132,4
DA:133,2
DA:140,2
DA:157,14
DA:158,18
DA:163,18
DA:164,14
DA:167,18
DA:168,0
DA:171,18
DA:184,1
LF:30
LH:29
BRDA:30,0,0,3
BRDA:30,0,1,10
BRDA:30,1,0,13
BRDA:30,1,1,12
BRDA:30,1,2,12
BRDA:40,2,0,3
BRDA:40,2,1,1
BRDA:45,3,0,1
BRDA:45,3,1,0
BRDA:57,4,0,1
BRDA:81,5,0,0
BRDA:113,6,0,1
BRDA:132,7,0,2
BRDA:132,7,1,2
BRDA:132,8,0,4
BRDA:132,8,1,3
BRDA:154,9,0,1
BRDA:155,10,0,3
BRDA:163,11,0,14
BRDA:163,11,1,4
BRDA:163,12,0,18
BRDA:163,12,1,15
BRDA:167,13,0,0
BRDA:167,13,1,18
BRDA:167,14,0,18
BRDA:167,14,1,1
BRF:26
BRH:23
end_of_record
TN:
SF:src\routes\api\search\search-validator.ts
FN:66,(anonymous_0)
FN:90,validateSearchResults
FN:99,(anonymous_2)
FN:111,normalizeSearchParams
FNF:4
FNH:4
FNDA:16,(anonymous_0)
FNDA:7,validateSearchResults
FNDA:4,(anonymous_2)
FNDA:36,normalizeSearchParams
DA:10,4
DA:23,4
DA:44,4
DA:61,4
DA:66,16
DA:75,4
DA:91,7
DA:92,3
DA:95,4
DA:96,1
DA:99,3
DA:100,4
DA:112,36
DA:115,36
DA:116,33
DA:120,36
DA:121,1
DA:125,36
DA:126,1
DA:129,36
LF:20
LH:20
BRDA:66,0,0,6
BRDA:66,0,1,10
BRDA:91,1,0,3
BRDA:91,1,1,4
BRDA:91,2,0,7
BRDA:91,2,1,5
BRDA:95,3,0,1
BRDA:95,3,1,3
BRDA:100,4,0,4
BRDA:100,4,1,4
BRDA:100,4,2,4
BRDA:100,4,3,3
BRDA:100,4,4,3
BRDA:115,5,0,33
BRDA:115,5,1,3
BRDA:120,6,0,1
BRDA:120,6,1,35
BRDA:125,7,0,1
BRDA:125,7,1,35
BRDA:125,8,0,36
BRDA:125,8,1,3
BRF:21
BRH:21
end_of_record
TN:
SF:src\routes\api\search\semantic.ts
FN:57,(anonymous_0)
FN:175,(anonymous_1)
FNF:2
FNH:2
FNDA:9,(anonymous_0)
FNDA:6,(anonymous_1)
DA:19,1
DA:57,1
DA:58,9
DA:59,9
DA:61,9
DA:63,9
DA:65,9
DA:72,9
DA:75,9
DA:82,5
DA:84,5
DA:90,5
DA:104,4
DA:106,4
DA:107,0
DA:113,0
DA:120,4
DA:122,4
DA:131,1
DA:175,1
DA:176,6
DA:177,6
DA:179,6
DA:181,6
DA:183,6
DA:190,6
DA:193,6
DA:200,2
DA:202,2
DA:208,2
DA:222,4
DA:224,4
DA:225,1
DA:231,1
DA:238,3
DA:240,3
LF:36
LH:34
BRDA:98,0,0,3
BRDA:98,0,1,2
BRDA:106,1,0,0
BRDA:106,1,1,4
BRDA:125,2,0,3
BRDA:125,2,1,1
BRDA:216,3,0,1
BRDA:216,3,1,1
BRDA:224,4,0,1
BRDA:224,4,1,3
BRDA:243,5,0,2
BRDA:243,5,1,1
BRF:12
BRH:11
end_of_record
TN:
SF:src\routes\api\search\similar.ts
FN:63,(anonymous_0)
FNF:1
FNH:1
FNDA:8,(anonymous_0)
DA:19,1
DA:63,1
DA:64,8
DA:65,8
DA:67,8
DA:69,8
DA:71,8
DA:79,8
DA:82,8
DA:88,5
DA:90,5
DA:97,5
DA:111,3
DA:113,3
DA:116,3
DA:117,3
DA:119,3
LF:17
LH:17
BRDA:105,0,0,3
BRDA:105,0,1,2
BRF:2
BRH:2
end_of_record
TN:
SF:src\routes\api\search\vectors.ts
FN:63,(anonymous_0)
FNF:1
FNH:1
FNDA:8,(anonymous_0)
DA:19,1
DA:63,1
DA:64,8
DA:65,8
DA:67,8
DA:69,8
DA:71,8
DA:78,8
DA:81,8
DA:89,4
DA:91,4
DA:97,4
DA:111,4
DA:113,4
DA:116,4
DA:117,4
DA:119,4
LF:17
LH:17
BRDA:105,0,0,3
BRDA:105,0,1,1
BRF:2
BRH:2
end_of_record
TN:
SF:src\routes\api\vectors\bulk-delete.ts
FN:77,(anonymous_0)
FNF:1
FNH:1
FNDA:9,(anonymous_0)
DA:11,1
DA:25,1
DA:33,1
DA:77,1
DA:78,9
DA:79,9
DA:81,7
DA:82,1
DA:89,6
DA:90,1
DA:97,5
DA:100,5
DA:101,5
DA:102,5
DA:105,5
DA:106,5
DA:107,9
DA:109,9
DA:110,9
DA:112,7
DA:113,7
DA:115,2
DA:116,2
DA:117,2
DA:122,5
DA:123,5
DA:124,5
DA:125,5
DA:127,1
DA:131,5
DA:143,2
DA:144,2
LF:32
LH:32
BRDA:81,0,0,1
BRDA:81,0,1,6
BRDA:81,1,0,7
BRDA:81,1,1,6
BRDA:81,1,2,6
BRDA:89,2,0,1
BRDA:89,2,1,5
BRDA:117,3,0,1
BRDA:117,3,1,1
BRDA:137,4,0,2
BRDA:137,4,1,3
BRDA:139,5,0,2
BRDA:139,5,1,3
BRDA:147,6,0,1
BRDA:147,6,1,1
BRF:15
BRH:15
end_of_record
TN:
SF:src\routes\api\vectors\create.ts
FN:59,(anonymous_0)
FNF:1
FNH:1
FNDA:4,(anonymous_0)
DA:15,1
DA:59,1
DA:60,4
DA:61,4
DA:64,4
DA:65,4
DA:68,4
DA:75,2
DA:85,2
DA:86,2
LF:10
LH:10
BRDA:89,0,0,1
BRDA:89,0,1,1
BRF:2
BRH:2
end_of_record
TN:
SF:src\routes\api\vectors\delete-all.ts
FN:70,(anonymous_0)
FNF:1
FNH:1
FNDA:11,(anonymous_0)
DA:11,1
DA:23,1
DA:70,1
DA:71,11
DA:72,11
DA:75,11
DA:76,2
DA:84,9
DA:85,9
DA:87,9
DA:89,7
DA:100,2
DA:101,2
LF:13
LH:13
BRDA:75,0,0,2
BRDA:75,0,1,9
BRDA:92,1,0,7
BRDA:92,1,1,2
BRDA:93,2,0,2
BRDA:93,2,1,5
BRDA:97,3,0,7
BRDA:97,3,1,2
BRDA:104,4,0,1
BRDA:104,4,1,1
BRF:10
BRH:10
end_of_record
TN:
SF:src\routes\api\vectors\delete.ts
FN:57,(anonymous_0)
FNF:1
FNH:1
FNDA:10,(anonymous_0)
DA:18,1
DA:57,1
DA:58,10
DA:59,10
DA:61,10
DA:62,10
DA:64,8
DA:65,8
DA:71,2
LF:9
LH:9
BRF:0
BRH:0
end_of_record
TN:
SF:src\routes\api\vectors\get.ts
FN:57,(anonymous_0)
FNF:1
FNH:1
FNDA:9,(anonymous_0)
DA:18,1
DA:57,1
DA:58,9
DA:59,9
DA:61,9
DA:62,7
DA:64,7
DA:65,1
DA:66,1
DA:72,6
DA:73,6
DA:76,2
LF:12
LH:12
BRDA:62,0,0,6
BRDA:62,0,1,1
BRDA:62,1,0,7
BRDA:62,1,1,7
BRDA:64,2,0,1
BRDA:64,2,1,6
BRF:6
BRH:6
end_of_record
TN:
SF:src\routes\api\vectors\index.ts
FN:11,(anonymous_0)
FNF:1
FNH:1
FNDA:3,(anonymous_0)
DA:13,3
DA:14,3
DA:15,3
DA:16,3
DA:17,3
DA:18,3
DA:19,3
DA:20,3
LF:8
LH:8
BRF:0
BRH:0
end_of_record
TN:
SF:src\routes\api\vectors\job-service.ts
FN:11,(anonymous_0)
FN:19,(anonymous_1)
FN:54,(anonymous_2)
FN:77,(anonymous_3)
FN:98,(anonymous_4)
FN:100,(anonymous_5)
FN:106,(anonymous_6)
FN:107,(anonymous_7)
FN:117,(anonymous_8)
FN:126,(anonymous_9)
FN:127,(anonymous_10)
FN:128,(anonymous_11)
FN:129,(anonymous_12)
FNF:13
FNH:13
FNDA:32,(anonymous_0)
FNDA:8,(anonymous_1)
FNDA:7,(anonymous_2)
FNDA:10,(anonymous_3)
FNDA:4,(anonymous_4)
FNDA:4,(anonymous_5)
FNDA:5,(anonymous_6)
FNDA:10,(anonymous_7)
FNDA:2,(anonymous_8)
FNDA:5,(anonymous_9)
FNDA:5,(anonymous_10)
FNDA:5,(anonymous_11)
FNDA:5,(anonymous_12)
DA:12,32
DA:13,32
DA:24,8
DA:25,8
DA:27,5
DA:28,2
DA:39,3
DA:41,2
DA:46,4
DA:47,4
DA:58,7
DA:59,7
DA:62,5
DA:64,4
DA:69,3
DA:70,3
DA:82,10
DA:83,10
DA:84,8
DA:90,2
DA:91,2
DA:99,4
DA:100,4
DA:107,5
DA:108,10
DA:109,10
DA:110,10
DA:124,2
DA:126,5
DA:127,5
DA:128,5
DA:129,5
LF:32
LH:32
BRDA:27,0,0,2
BRDA:27,0,1,3
BRDA:86,1,0,8
BRDA:86,1,1,0
BRDA:87,2,0,8
BRDA:87,2,1,8
BRDA:99,3,0,3
BRDA:99,3,1,1
BRDA:106,4,0,2
BRDA:110,5,0,7
BRDA:110,5,1,3
BRF:11
BRH:10
end_of_record
TN:
SF:src\routes\api\vectors\list.ts
FN:49,(anonymous_0)
FNF:1
FNH:1
FNDA:8,(anonymous_0)
DA:15,1
DA:49,1
DA:50,8
DA:51,8
DA:54,8
DA:55,8
DA:58,8
DA:64,6
DA:72,2
DA:73,2
LF:10
LH:10
BRDA:66,0,0,6
BRDA:66,0,1,1
BRDA:67,1,0,6
BRDA:67,1,1,5
BRDA:76,2,0,1
BRDA:76,2,1,1
BRF:6
BRH:6
end_of_record
TN:
SF:src\routes\api\vectors\status.ts
FN:62,(anonymous_0)
FN:107,(anonymous_1)
FN:141,(anonymous_2)
FNF:3
FNH:3
FNDA:5,(anonymous_0)
FNDA:5,(anonymous_1)
FNDA:5,(anonymous_2)
DA:13,1
DA:18,1
DA:24,1
DA:62,1
DA:63,5
DA:64,5
DA:66,5
DA:67,5
DA:69,2
DA:70,1
DA:73,1
DA:78,3
DA:79,3
DA:88,1
DA:104,1
DA:107,5
DA:111,1
DA:141,1
DA:142,5
DA:143,5
DA:145,5
DA:146,5
DA:149,2
DA:152,2
DA:155,2
DA:161,2
DA:162,0
DA:165,2
DA:170,3
DA:171,3
LF:30
LH:29
BRDA:69,0,0,1
BRDA:69,0,1,1
BRDA:82,1,0,2
BRDA:82,1,1,1
BRDA:161,2,0,0
BRDA:161,2,1,2
BRDA:174,3,0,2
BRDA:174,3,1,1
BRF:8
BRH:7
end_of_record
TN:
SF:src\schemas\cloudflare.schema.ts
FNF:0
FNH:0
DA:4,1
DA:11,1
DA:17,1
DA:21,1
DA:29,1
DA:34,1
DA:40,1
DA:45,1
DA:62,1
LF:9
LH:9
BRF:0
BRH:0
end_of_record
TN:
SF:src\schemas\embedding-result.schema.ts
FNF:0
FNH:0
DA:4,3
LF:1
LH:1
BRF:0
BRH:0
end_of_record
TN:
SF:src\schemas\embedding.schema.ts
FNF:0
FNH:0
DA:4,5
DA:15,5
DA:26,5
DA:36,5
DA:48,5
DA:52,5
DA:64,5
DA:72,5
LF:8
LH:8
BRF:0
BRH:0
end_of_record
TN:
SF:src\schemas\error.schema.ts
FNF:0
FNH:0
DA:3,22
LF:1
LH:1
BRF:0
BRH:0
end_of_record
TN:
SF:src\schemas\file-upload.schema.ts
FN:10,(anonymous_0)
FNF:1
FNH:1
FNDA:4,(anonymous_0)
DA:5,3
DA:8,3
DA:10,4
DA:18,3
DA:34,3
LF:5
LH:5
BRF:0
BRH:0
end_of_record
TN:
SF:src\schemas\notion.schema.ts
FNF:0
FNH:0
DA:4,3
DA:10,3
DA:30,3
DA:48,3
DA:83,3
DA:104,3
DA:123,3
DA:127,3
DA:132,3
DA:140,3
DA:146,3
DA:156,3
LF:12
LH:12
BRF:0
BRH:0
end_of_record
TN:
SF:src\schemas\search.schema.ts
FNF:0
FNH:0
DA:5,3
DA:32,3
DA:42,3
LF:3
LH:3
BRF:0
BRH:0
end_of_record
TN:
SF:src\schemas\vector.schema.ts
FNF:0
FNH:0
DA:3,9
DA:10,9
DA:31,9
DA:49,9
DA:55,9
DA:62,9
DA:69,9
DA:80,9
LF:8
LH:8
BRF:0
BRH:0
end_of_record
TN:
SF:src\services\notion-api-client.ts
FN:7,(anonymous_0)
FN:16,(anonymous_1)
FN:35,(anonymous_2)
FN:71,(anonymous_3)
FN:92,(anonymous_4)
FN:139,(anonymous_5)
FNF:6
FNH:6
FNDA:11,(anonymous_0)
FNDA:3,(anonymous_1)
FNDA:3,(anonymous_2)
FNDA:2,(anonymous_3)
FNDA:3,(anonymous_4)
FNDA:3,(anonymous_5)
DA:4,11
DA:8,11
DA:17,3
DA:18,3
DA:22,3
DA:23,2
DA:24,1
DA:27,1
DA:29,1
DA:30,1
DA:36,3
DA:37,3
DA:39,3
DA:40,3
DA:41,4
DA:42,4
DA:43,4
DA:45,4
DA:49,4
DA:50,1
DA:53,3
DA:59,3
DA:60,3
DA:63,2
DA:65,1
DA:66,1
DA:72,2
DA:73,2
DA:80,2
DA:81,1
DA:84,1
DA:86,1
DA:87,1
DA:104,3
DA:105,3
DA:109,3
DA:110,1
DA:113,3
DA:114,1
DA:122,3
DA:128,3
DA:129,1
DA:132,2
DA:138,2
DA:139,3
DA:144,1
DA:145,1
LF:47
LH:47
BRDA:22,0,0,2
BRDA:22,0,1,1
BRDA:23,1,0,1
BRDA:23,1,1,1
BRDA:42,2,0,1
BRDA:42,2,1,3
BRDA:49,3,0,1
BRDA:49,3,1,3
BRDA:60,4,0,1
BRDA:60,4,1,2
BRDA:80,5,0,1
BRDA:80,5,1,1
BRDA:92,6,0,1
BRDA:106,7,0,3
BRDA:106,7,1,2
BRDA:109,8,0,1
BRDA:109,8,1,2
BRDA:113,9,0,1
BRDA:113,9,1,2
BRDA:128,10,0,1
BRDA:128,10,1,2
BRF:21
BRH:21
end_of_record
TN:
SF:src\services\notion-data-manager.ts
FN:20,(anonymous_0)
FN:22,(anonymous_1)
FN:27,(anonymous_2)
FN:54,(anonymous_3)
FN:57,(anonymous_4)
FN:88,(anonymous_5)
FN:118,(anonymous_6)
FN:137,(anonymous_7)
FN:147,(anonymous_8)
FN:176,(anonymous_9)
FN:184,(anonymous_10)
FN:192,(anonymous_11)
FN:203,(anonymous_12)
FN:204,(anonymous_13)
FN:214,(anonymous_14)
FN:224,(anonymous_15)
FN:230,(anonymous_16)
FN:237,(anonymous_17)
FN:248,(anonymous_18)
FN:256,(anonymous_19)
FN:270,(anonymous_20)
FN:272,(anonymous_21)
FN:280,(anonymous_22)
FNF:23
FNH:23
FNDA:24,(anonymous_0)
FNDA:11,(anonymous_1)
FNDA:1,(anonymous_2)
FNDA:2,(anonymous_3)
FNDA:1,(anonymous_4)
FNDA:1,(anonymous_5)
FNDA:1,(anonymous_6)
FNDA:2,(anonymous_7)
FNDA:3,(anonymous_8)
FNDA:1,(anonymous_9)
FNDA:4,(anonymous_10)
FNDA:1,(anonymous_11)
FNDA:2,(anonymous_12)
FNDA:2,(anonymous_13)
FNDA:3,(anonymous_14)
FNDA:1,(anonymous_15)
FNDA:10,(anonymous_16)
FNDA:1,(anonymous_17)
FNDA:2,(anonymous_18)
FNDA:2,(anonymous_19)
FNDA:2,(anonymous_20)
FNDA:2,(anonymous_21)
FNDA:2,(anonymous_22)
DA:20,24
DA:23,11
DA:28,1
DA:45,1
DA:55,2
DA:57,1
DA:77,1
DA:78,1
DA:89,1
DA:91,1
DA:92,2
DA:93,2
DA:94,2
DA:95,2
DA:97,2
DA:108,2
DA:125,1
DA:133,1
DA:138,2
DA:143,2
DA:151,3
DA:152,3
DA:153,2
DA:156,3
DA:161,3
DA:162,2
DA:163,2
DA:164,1
DA:166,1
DA:169,1
DA:170,0
DA:172,1
DA:177,1
DA:185,4
DA:188,3
DA:189,1
DA:190,1
DA:191,1
DA:192,1
DA:198,2
DA:199,2
DA:200,2
DA:201,2
DA:202,1
DA:204,2
DA:210,1
DA:215,3
DA:220,3
DA:225,1
DA:226,1
DA:231,10
DA:233,10
DA:236,1
DA:237,1
DA:241,1
DA:244,1
DA:247,1
DA:248,2
DA:252,1
DA:255,1
DA:256,2
DA:262,3
DA:265,1
DA:271,2
DA:272,2
DA:275,2
DA:276,1
DA:279,1
DA:280,2
LF:69
LH:68
BRDA:35,0,0,0
BRDA:35,0,1,1
BRDA:36,1,0,0
BRDA:36,1,1,1
BRDA:42,2,0,1
BRDA:42,2,1,1
BRDA:55,3,0,1
BRDA:55,3,1,1
BRDA:69,4,0,1
BRDA:69,4,1,1
BRDA:95,5,0,0
BRDA:95,5,1,2
BRDA:143,6,0,2
BRDA:143,6,1,1
BRDA:147,7,0,1
BRDA:152,8,0,2
BRDA:152,8,1,1
BRDA:161,9,0,2
BRDA:161,9,1,1
BRDA:163,10,0,1
BRDA:163,10,1,1
BRDA:169,11,0,0
BRDA:169,11,1,1
BRDA:185,12,0,1
BRDA:185,12,1,3
BRDA:188,13,0,1
BRDA:188,13,1,2
BRDA:190,14,0,1
BRDA:190,14,1,0
BRDA:192,15,0,1
BRDA:192,15,1,0
BRDA:198,16,0,2
BRDA:198,16,1,0
BRDA:201,17,0,1
BRDA:201,17,1,1
BRDA:201,18,0,2
BRDA:201,18,1,2
BRDA:204,19,0,2
BRDA:204,19,1,0
BRDA:226,20,0,1
BRDA:226,20,1,0
BRDA:226,21,0,1
BRDA:226,21,1,1
BRDA:231,22,0,0
BRDA:231,22,1,10
BRDA:233,23,0,1
BRDA:233,23,1,1
BRDA:233,23,2,1
BRDA:233,23,3,1
BRDA:233,23,4,1
BRDA:233,23,5,1
BRDA:233,23,6,1
BRDA:233,23,7,1
BRDA:233,23,8,2
BRDA:233,23,9,3
BRDA:233,23,10,1
BRDA:236,24,0,1
BRDA:236,24,1,0
BRDA:237,25,0,1
BRDA:237,25,1,0
BRDA:241,26,0,1
BRDA:241,26,1,0
BRDA:244,27,0,1
BRDA:244,27,1,0
BRDA:247,28,0,1
BRDA:247,28,1,0
BRDA:252,29,0,1
BRDA:252,29,1,0
BRDA:255,30,0,1
BRDA:255,30,1,0
BRDA:256,31,0,2
BRDA:256,31,1,1
BRDA:262,32,0,3
BRDA:262,32,1,0
BRDA:275,33,0,1
BRDA:275,33,1,1
BRDA:275,34,0,2
BRDA:275,34,1,1
BRDA:279,35,0,1
BRDA:279,35,1,0
BRDA:280,36,0,2
BRDA:280,36,1,0
BRF:82
BRH:62
end_of_record
TN:
SF:src\services\notion-orchestrator.ts
FN:10,(anonymous_0)
FN:19,(anonymous_1)
FN:47,(anonymous_2)
FN:79,(anonymous_3)
FN:97,(anonymous_4)
FN:111,(anonymous_5)
FN:119,(anonymous_6)
FN:136,(anonymous_7)
FNF:8
FNH:8
FNDA:13,(anonymous_0)
FNDA:11,(anonymous_1)
FNDA:2,(anonymous_2)
FNDA:3,(anonymous_3)
FNDA:2,(anonymous_4)
FNDA:1,(anonymous_5)
FNDA:1,(anonymous_6)
FNDA:1,(anonymous_7)
DA:11,13
DA:14,13
DA:15,13
DA:24,11
DA:25,10
DA:26,1
DA:30,9
DA:33,9
DA:34,9
DA:35,2
DA:39,9
DA:40,1
DA:43,9
DA:59,2
DA:61,2
DA:62,2
DA:63,5
DA:64,5
DA:65,4
DA:67,1
DA:71,2
DA:80,3
DA:81,2
DA:82,2
DA:83,1
DA:88,2
DA:89,2
DA:90,0
DA:93,2
DA:98,2
DA:99,2
DA:100,2
DA:101,1
DA:106,1
DA:107,1
DA:115,1
DA:126,1
DA:137,1
LF:38
LH:37
BRDA:25,0,0,1
BRDA:25,0,1,9
BRDA:34,1,0,2
BRDA:34,1,1,7
BRDA:39,2,0,1
BRDA:39,2,1,8
BRDA:47,3,0,2
BRDA:79,4,0,2
BRDA:80,5,0,2
BRDA:80,5,1,1
BRDA:82,6,0,1
BRDA:82,6,1,1
BRDA:89,7,0,0
BRDA:89,7,1,2
BRDA:97,8,0,2
BRDA:98,9,0,2
BRDA:98,9,1,0
BRDA:100,10,0,1
BRDA:100,10,1,1
BRDA:111,11,0,0
BRF:20
BRH:17
end_of_record
TN:
SF:src\services\notion.service.ts
FN:21,(anonymous_0)
FN:26,(anonymous_1)
FN:31,(anonymous_2)
FN:53,(anonymous_3)
FN:92,(anonymous_4)
FN:116,(anonymous_5)
FN:143,(anonymous_6)
FN:146,(anonymous_7)
FN:177,(anonymous_8)
FN:207,(anonymous_9)
FN:226,(anonymous_10)
FN:236,(anonymous_11)
FN:265,(anonymous_12)
FN:316,(anonymous_13)
FN:327,(anonymous_14)
FN:335,(anonymous_15)
FN:344,(anonymous_16)
FN:355,(anonymous_17)
FN:356,(anonymous_18)
FN:366,(anonymous_19)
FN:376,(anonymous_20)
FN:382,(anonymous_21)
FN:389,(anonymous_22)
FN:400,(anonymous_23)
FN:408,(anonymous_24)
FN:422,(anonymous_25)
FN:425,(anonymous_26)
FN:433,(anonymous_27)
FNF:28
FNH:28
FNDA:37,(anonymous_0)
FNDA:15,(anonymous_1)
FNDA:4,(anonymous_2)
FNDA:3,(anonymous_3)
FNDA:3,(anonymous_4)
FNDA:2,(anonymous_5)
FNDA:2,(anonymous_6)
FNDA:1,(anonymous_7)
FNDA:2,(anonymous_8)
FNDA:2,(anonymous_9)
FNDA:3,(anonymous_10)
FNDA:4,(anonymous_11)
FNDA:3,(anonymous_12)
FNDA:3,(anonymous_13)
FNDA:1,(anonymous_14)
FNDA:10,(anonymous_15)
FNDA:7,(anonymous_16)
FNDA:2,(anonymous_17)
FNDA:3,(anonymous_18)
FNDA:13,(anonymous_19)
FNDA:7,(anonymous_20)
FNDA:23,(anonymous_21)
FNDA:5,(anonymous_22)
FNDA:2,(anonymous_23)
FNDA:2,(anonymous_24)
FNDA:5,(anonymous_25)
FNDA:5,(anonymous_26)
FNDA:4,(anonymous_27)
DA:22,37
DA:23,37
DA:27,15
DA:32,4
DA:33,4
DA:40,3
DA:41,2
DA:42,1
DA:45,1
DA:47,2
DA:48,2
DA:54,3
DA:55,3
DA:57,3
DA:58,3
DA:59,4
DA:60,4
DA:61,4
DA:63,4
DA:70,4
DA:71,1
DA:74,3
DA:80,3
DA:81,3
DA:84,2
DA:86,1
DA:87,1
DA:93,3
DA:94,3
DA:104,2
DA:105,1
DA:108,1
DA:110,2
DA:111,2
DA:117,2
DA:134,2
DA:144,2
DA:146,1
DA:166,1
DA:167,1
DA:178,2
DA:180,2
DA:181,2
DA:182,2
DA:183,2
DA:184,2
DA:186,2
DA:197,2
DA:214,2
DA:222,2
DA:227,3
DA:232,3
DA:240,4
DA:241,4
DA:242,2
DA:245,4
DA:250,4
DA:251,2
DA:252,2
DA:253,1
DA:255,1
DA:258,2
DA:259,1
DA:261,1
DA:277,3
DA:278,3
DA:282,3
DA:283,1
DA:286,3
DA:287,1
DA:295,3
DA:305,3
DA:306,1
DA:309,2
DA:315,2
DA:316,3
DA:321,1
DA:322,1
DA:328,1
DA:337,10
DA:340,9
DA:341,4
DA:342,4
DA:343,3
DA:344,7
DA:350,6
DA:351,3
DA:352,3
DA:353,3
DA:354,1
DA:356,3
DA:362,5
DA:367,13
DA:372,13
DA:377,7
DA:378,7
DA:383,23
DA:385,22
DA:388,5
DA:389,5
DA:393,3
DA:396,2
DA:399,2
DA:400,2
DA:404,2
DA:407,2
DA:408,2
DA:414,5
DA:417,1
DA:424,5
DA:425,5
DA:428,5
DA:429,2
DA:432,3
DA:433,4
LF:115
LH:115
BRDA:40,0,0,2
BRDA:40,0,1,1
BRDA:41,1,0,1
BRDA:41,1,1,1
BRDA:60,2,0,1
BRDA:60,2,1,3
BRDA:70,3,0,1
BRDA:70,3,1,3
BRDA:81,4,0,1
BRDA:81,4,1,2
BRDA:104,5,0,1
BRDA:104,5,1,1
BRDA:124,6,0,1
BRDA:124,6,1,1
BRDA:125,7,0,1
BRDA:125,7,1,1
BRDA:131,8,0,2
BRDA:131,8,1,1
BRDA:144,9,0,1
BRDA:144,9,1,1
BRDA:158,10,0,1
BRDA:158,10,1,1
BRDA:184,11,0,1
BRDA:184,11,1,1
BRDA:232,12,0,3
BRDA:232,12,1,1
BRDA:236,13,0,1
BRDA:241,14,0,2
BRDA:241,14,1,2
BRDA:250,15,0,2
BRDA:250,15,1,2
BRDA:252,16,0,1
BRDA:252,16,1,1
BRDA:258,17,0,1
BRDA:258,17,1,1
BRDA:265,18,0,1
BRDA:279,19,0,3
BRDA:279,19,1,2
BRDA:282,20,0,1
BRDA:282,20,1,2
BRDA:286,21,0,1
BRDA:286,21,1,2
BRDA:305,22,0,1
BRDA:305,22,1,2
BRDA:337,23,0,1
BRDA:337,23,1,9
BRDA:340,24,0,4
BRDA:340,24,1,5
BRDA:342,25,0,3
BRDA:342,25,1,1
BRDA:344,26,0,7
BRDA:344,26,1,4
BRDA:350,27,0,3
BRDA:350,27,1,3
BRDA:353,28,0,1
BRDA:353,28,1,2
BRDA:353,29,0,3
BRDA:353,29,1,2
BRDA:356,30,0,3
BRDA:356,30,1,1
BRDA:378,31,0,4
BRDA:378,31,1,3
BRDA:378,32,0,7
BRDA:378,32,1,5
BRDA:383,33,0,1
BRDA:383,33,1,22
BRDA:385,34,0,4
BRDA:385,34,1,5
BRDA:385,34,2,3
BRDA:385,34,3,2
BRDA:385,34,4,2
BRDA:385,34,5,2
BRDA:385,34,6,2
BRDA:385,34,7,1
BRDA:385,34,8,3
BRDA:385,34,9,5
BRDA:385,34,10,1
BRDA:388,35,0,5
BRDA:388,35,1,2
BRDA:389,36,0,5
BRDA:389,36,1,2
BRDA:393,37,0,3
BRDA:393,37,1,1
BRDA:396,38,0,2
BRDA:396,38,1,1
BRDA:399,39,0,2
BRDA:399,39,1,1
BRDA:404,40,0,2
BRDA:404,40,1,1
BRDA:407,41,0,2
BRDA:407,41,1,1
BRDA:408,42,0,2
BRDA:408,42,1,1
BRDA:414,43,0,5
BRDA:414,43,1,2
BRDA:428,44,0,2
BRDA:428,44,1,3
BRDA:428,45,0,5
BRDA:428,45,1,4
BRDA:432,46,0,3
BRDA:432,46,1,2
BRDA:433,47,0,4
BRDA:433,47,1,2
BRF:103
BRH:103
end_of_record
TN:
SF:src\services\vector-operations.ts
FN:2,(anonymous_0)
FN:4,(anonymous_1)
FN:8,(anonymous_2)
FN:12,(anonymous_3)
FN:16,(anonymous_4)
FN:20,(anonymous_5)
FNF:6
FNH:6
FNDA:6,(anonymous_0)
FNDA:1,(anonymous_1)
FNDA:1,(anonymous_2)
FNDA:1,(anonymous_3)
FNDA:1,(anonymous_4)
FNDA:3,(anonymous_5)
DA:2,6
DA:5,1
DA:9,1
DA:13,1
DA:17,1
DA:21,3
DA:22,3
DA:23,3
LF:8
LH:8
BRDA:20,0,0,2
BRF:1
BRH:1
end_of_record
TN:
SF:src\services\vector-search.ts
FN:2,(anonymous_0)
FN:4,(anonymous_1)
FN:11,(anonymous_2)
FN:31,(anonymous_3)
FNF:4
FNH:4
FNDA:7,(anonymous_0)
FNDA:6,(anonymous_1)
FNDA:5,(anonymous_2)
FNDA:3,(anonymous_3)
DA:2,7
DA:8,6
DA:15,5
DA:16,5
DA:17,1
DA:20,4
DA:27,4
DA:29,4
DA:30,1
DA:31,3
DA:35,4
LF:11
LH:11
BRDA:16,0,0,1
BRDA:16,0,1,4
BRDA:16,1,0,5
BRDA:16,1,1,5
BRDA:21,2,0,1
BRDA:21,2,1,3
BRDA:21,3,0,1
BRDA:21,3,1,0
BRDA:21,4,0,3
BRDA:21,4,1,2
BRDA:22,5,0,4
BRDA:22,5,1,3
BRDA:23,6,0,4
BRDA:23,6,1,4
BRDA:29,7,0,1
BRDA:29,7,1,3
BRDA:32,8,0,1
BRDA:32,8,1,0
BRF:18
BRH:16
end_of_record
TN:
SF:src\services\vectorize.service.ts
FN:2,(anonymous_0)
FN:6,(anonymous_1)
FN:10,(anonymous_2)
FN:14,(anonymous_3)
FN:21,(anonymous_4)
FN:25,(anonymous_5)
FN:29,(anonymous_6)
FN:49,(anonymous_7)
FN:56,(anonymous_8)
FNF:9
FNH:9
FNDA:15,(anonymous_0)
FNDA:1,(anonymous_1)
FNDA:1,(anonymous_2)
FNDA:7,(anonymous_3)
FNDA:8,(anonymous_4)
FNDA:1,(anonymous_5)
FNDA:7,(anonymous_6)
FNDA:5,(anonymous_7)
FNDA:3,(anonymous_8)
DA:3,15
DA:7,1
DA:11,1
DA:18,7
DA:22,8
DA:26,1
DA:33,7
DA:34,7
DA:35,1
DA:38,6
DA:45,6
DA:47,6
DA:48,2
DA:49,5
DA:53,6
DA:57,3
DA:58,3
DA:59,3
LF:18
LH:18
BRDA:34,0,0,1
BRDA:34,0,1,6
BRDA:34,1,0,7
BRDA:34,1,1,7
BRDA:39,2,0,2
BRDA:39,2,1,4
BRDA:39,3,0,2
BRDA:39,3,1,1
BRDA:39,4,0,4
BRDA:39,4,1,2
BRDA:40,5,0,6
BRDA:40,5,1,5
BRDA:41,6,0,6
BRDA:41,6,1,5
BRDA:47,7,0,2
BRDA:47,7,1,4
BRDA:50,8,0,2
BRDA:50,8,1,1
BRDA:56,9,0,2
BRF:19
BRH:19
end_of_record
TN:
SF:src\utils\error-handler.ts
FN:55,(anonymous_0)
FN:65,(anonymous_1)
FN:103,createErrorResponse
FN:186,getStatusCode
FN:209,logError
FN:245,getErrorMessage
FN:261,handleAsync
FN:285,handleError
FN:300,isRetryableError
FNF:9
FNH:9
FNDA:177,(anonymous_0)
FNDA:2,(anonymous_1)
FNDA:27,createErrorResponse
FNDA:26,getStatusCode
FNDA:14,logError
FNDA:18,getErrorMessage
FNDA:4,handleAsync
FNDA:10,handleError
FNDA:26,isRetryableError
DA:11,28
DA:56,177
DA:58,177
DA:59,177
DA:61,177
DA:62,177
DA:66,2
DA:90,28
DA:108,27
DA:109,11
DA:122,16
DA:123,1
DA:124,1
DA:126,1
DA:138,15
DA:140,10
DA:141,10
DA:143,10
DA:144,2
DA:145,8
DA:146,1
DA:147,7
DA:148,1
DA:149,6
DA:150,1
DA:151,5
DA:152,1
DA:153,1
DA:154,4
DA:155,1
DA:156,1
DA:159,10
DA:171,5
DA:187,26
DA:188,10
DA:191,16
DA:192,1
DA:195,15
DA:196,10
DA:197,9
DA:198,8
DA:199,7
DA:200,6
DA:203,10
DA:214,14
DA:235,14
DA:236,1
DA:238,13
DA:246,18
DA:247,12
DA:249,6
DA:250,1
DA:252,5
DA:253,1
DA:255,4
DA:265,4
DA:266,4
DA:267,1
DA:269,3
DA:277,3
DA:286,10
DA:287,10
DA:289,10
DA:291,10
DA:301,26
DA:302,11
DA:309,15
DA:310,8
DA:315,7
LF:69
LH:69
BRDA:58,0,0,1
BRDA:70,1,0,2
BRDA:70,1,1,1
BRDA:108,2,0,11
BRDA:108,2,1,16
BRDA:113,3,0,11
BRDA:113,3,1,8
BRDA:114,4,0,11
BRDA:114,4,1,10
BRDA:122,5,0,1
BRDA:122,5,1,15
BRDA:124,6,0,1
BRDA:124,6,1,0
BRDA:130,7,0,1
BRDA:130,7,1,1
BRDA:138,8,0,10
BRDA:138,8,1,5
BRDA:143,9,0,2
BRDA:143,9,1,8
BRDA:145,10,0,1
BRDA:145,10,1,7
BRDA:147,11,0,1
BRDA:147,11,1,6
BRDA:149,12,0,1
BRDA:149,12,1,5
BRDA:151,13,0,1
BRDA:151,13,1,4
BRDA:154,14,0,1
BRDA:154,14,1,3
BRDA:163,15,0,10
BRDA:163,15,1,4
BRDA:176,16,0,5
BRDA:176,16,1,5
BRDA:187,17,0,10
BRDA:187,17,1,16
BRDA:191,18,0,1
BRDA:191,18,1,15
BRDA:195,19,0,10
BRDA:195,19,1,5
BRDA:196,20,0,1
BRDA:196,20,1,9
BRDA:197,21,0,1
BRDA:197,21,1,8
BRDA:198,22,0,1
BRDA:198,22,1,7
BRDA:199,23,0,1
BRDA:199,23,1,6
BRDA:200,24,0,1
BRDA:200,24,1,5
BRDA:216,25,0,14
BRDA:216,25,1,13
BRDA:221,26,0,9
BRDA:221,26,1,5
BRDA:225,27,0,9
BRDA:225,27,1,3
BRDA:235,28,0,1
BRDA:235,28,1,13
BRDA:246,29,0,12
BRDA:246,29,1,6
BRDA:249,30,0,1
BRDA:249,30,1,5
BRDA:252,31,0,1
BRDA:252,31,1,4
BRDA:252,32,0,5
BRDA:252,32,1,3
BRDA:252,32,2,2
BRDA:269,33,0,1
BRDA:269,33,1,2
BRDA:273,34,0,2
BRDA:273,34,1,1
BRDA:286,35,0,10
BRDA:286,35,1,0
BRDA:301,36,0,11
BRDA:301,36,1,15
BRDA:309,37,0,8
BRDA:309,37,1,7
BRDA:310,38,0,8
BRDA:310,38,1,7
BRDA:310,38,2,6
BRF:79
BRH:77
end_of_record
TN:
SF:src\utils\response-builder-compat.ts
FN:17,successResponse
FN:40,errorResponse
FN:72,paginatedResponse
FN:111,validationErrorResponse
FN:118,notFoundResponse
FN:126,unauthorizedResponse
FN:133,forbiddenResponse
FN:140,conflictResponse
FN:147,internalErrorResponse
FN:154,streamResponse
FN:168,jsonResponse
FN:182,textResponse
FN:196,htmlResponse
FN:210,redirectResponse
FN:224,noContentResponse
FN:235,createdResponse
FN:263,acceptedResponse
FN:285,getCorsHeaders
FN:297,appendHeaders
FNF:19
FNH:19
FNDA:9,successResponse
FNDA:34,errorResponse
FNDA:8,paginatedResponse
FNDA:3,validationErrorResponse
FNDA:6,notFoundResponse
FNDA:6,unauthorizedResponse
FNDA:4,forbiddenResponse
FNDA:3,conflictResponse
FNDA:4,internalErrorResponse
FNDA:4,streamResponse
FNDA:4,jsonResponse
FNDA:4,textResponse
FNDA:4,htmlResponse
FNDA:4,redirectResponse
FNDA:2,noContentResponse
FNDA:6,createdResponse
FNDA:15,acceptedResponse
FNDA:4,getCorsHeaders
FNDA:6,appendHeaders
DA:7,7
DA:18,9
DA:23,9
DA:24,2
DA:27,9
DA:46,34
DA:51,34
DA:52,30
DA:55,34
DA:56,8
DA:59,34
DA:79,8
DA:81,8
DA:94,8
DA:95,1
DA:98,8
DA:112,3
DA:119,6
DA:120,6
DA:127,6
DA:134,4
DA:141,3
DA:148,4
DA:155,4
DA:169,4
DA:183,4
DA:197,4
DA:211,4
DA:225,2
DA:236,6
DA:240,6
DA:241,4
DA:244,6
DA:249,6
DA:250,2
DA:253,6
DA:264,15
DA:268,15
DA:269,13
DA:272,15
DA:286,4
DA:298,6
LF:42
LH:42
BRDA:17,0,0,7
BRDA:23,1,0,2
BRDA:23,1,1,7
BRDA:42,2,0,2
BRDA:51,3,0,30
BRDA:51,3,1,4
BRDA:55,4,0,8
BRDA:55,4,1,26
BRDA:94,5,0,1
BRDA:94,5,1,7
BRDA:111,6,0,2
BRDA:119,7,0,5
BRDA:119,7,1,1
BRDA:127,8,0,6
BRDA:127,8,1,2
BRDA:134,9,0,4
BRDA:134,9,1,2
BRDA:140,10,0,1
BRDA:148,11,0,4
BRDA:148,11,1,2
BRDA:154,12,0,2
BRDA:168,13,0,2
BRDA:182,14,0,2
BRDA:196,15,0,2
BRDA:210,16,0,2
BRDA:212,17,0,2
BRDA:212,17,1,2
BRDA:240,18,0,4
BRDA:240,18,1,2
BRDA:249,19,0,2
BRDA:249,19,1,4
BRDA:268,20,0,13
BRDA:268,20,1,2
BRDA:285,21,0,2
BRDA:301,22,0,6
BRDA:301,22,1,2
BRF:36
BRH:36
end_of_record
TN:
SF:src\utils\response-builder.ts
FN:64,createSuccessResponse
FN:83,createListResponse
FN:120,createCreatedResponse
FN:139,createUpdatedResponse
FN:149,createDeletedResponse
FN:167,createAcceptedResponse
FN:186,createEmptyResponse
FN:195,jsonResponseWithContext
FN:206,parsePaginationParams
FN:227,parseSortParams
FN:252,parseFilterParams
FN:284,createBatchResponse
FN:318,createJobStatusResponse
FNF:13
FNH:13
FNDA:30,createSuccessResponse
FNDA:5,createListResponse
FNDA:3,createCreatedResponse
FNDA:2,createUpdatedResponse
FNDA:3,createDeletedResponse
FNDA:2,createAcceptedResponse
FNDA:2,createEmptyResponse
FNDA:2,jsonResponseWithContext
FNDA:6,parsePaginationParams
FNDA:6,parseSortParams
FNDA:3,parseFilterParams
FNDA:2,createBatchResponse
FNDA:2,createJobStatusResponse
DA:10,4
DA:69,30
DA:89,5
DA:90,5
DA:93,5
DA:94,2
DA:95,2
DA:96,2
DA:105,5
DA:125,3
DA:143,2
DA:153,3
DA:154,3
DA:158,3
DA:172,2
DA:189,2
DA:200,2
DA:210,6
DA:212,6
DA:213,6
DA:216,6
DA:217,6
DA:219,6
DA:221,6
DA:232,6
DA:234,6
DA:235,6
DA:238,6
DA:239,1
DA:242,5
DA:243,1
DA:246,4
DA:256,3
DA:257,3
DA:259,3
DA:260,4
DA:261,2
DA:265,3
DA:288,2
DA:290,2
DA:321,2
LF:41
LH:41
BRDA:72,0,0,30
BRDA:72,0,1,19
BRDA:73,1,0,30
BRDA:73,1,1,3
BRDA:90,2,0,5
BRDA:90,2,1,1
BRDA:93,3,0,2
BRDA:93,3,1,3
BRDA:94,4,0,0
BRDA:94,5,0,0
BRDA:111,6,0,5
BRDA:111,6,1,2
BRDA:122,7,0,1
BRDA:131,8,0,3
BRDA:131,8,1,1
BRDA:141,9,0,1
BRDA:153,10,0,1
BRDA:153,10,1,2
BRDA:154,11,0,2
BRDA:154,11,1,1
BRDA:160,12,0,3
BRDA:160,12,1,2
BRDA:169,13,0,1
BRDA:178,14,0,2
BRDA:178,14,1,1
BRDA:187,15,0,1
BRDA:198,16,0,1
BRDA:208,17,0,4
BRDA:212,18,0,6
BRDA:212,18,1,4
BRDA:213,19,0,6
BRDA:213,19,1,3
BRDA:230,20,0,5
BRDA:234,21,0,6
BRDA:234,21,1,3
BRDA:234,21,2,2
BRDA:235,22,0,6
BRDA:235,22,1,4
BRDA:235,22,2,3
BRDA:238,23,0,1
BRDA:238,23,1,5
BRDA:242,24,0,1
BRDA:242,24,1,4
BRDA:242,25,0,5
BRDA:242,25,1,2
BRDA:260,26,0,2
BRDA:260,26,1,2
BRDA:286,27,0,1
BRF:48
BRH:46
end_of_record
TN:
SF:src\utils\retry.ts
FN:35,retryWithBackoff
FN:91,(anonymous_1)
FN:100,(anonymous_2)
FN:133,(anonymous_3)
FN:145,(anonymous_4)
FN:154,(anonymous_5)
FN:161,(anonymous_6)
FN:177,withTimeout
FN:181,(anonymous_8)
FN:182,(anonymous_9)
FN:191,(anonymous_10)
FN:195,(anonymous_11)
FN:205,sleep
FN:206,(anonymous_13)
FN:216,(anonymous_14)
FN:224,(anonymous_15)
FN:227,(anonymous_16)
FN:259,(anonymous_17)
FN:273,retryBulkOperation
FN:288,(anonymous_19)
FN:291,(anonymous_20)
FN:352,(anonymous_21)
FNF:22
FNH:22
FNDA:23,retryWithBackoff
FNDA:6,(anonymous_1)
FNDA:12,(anonymous_2)
FNDA:9,(anonymous_3)
FNDA:1,(anonymous_4)
FNDA:5,(anonymous_5)
FNDA:2,(anonymous_6)
FNDA:38,withTimeout
FNDA:38,(anonymous_8)
FNDA:1,(anonymous_9)
FNDA:21,(anonymous_10)
FNDA:16,(anonymous_11)
FNDA:6,sleep
FNDA:6,(anonymous_13)
FNDA:3,(anonymous_14)
FNDA:4,(anonymous_15)
FNDA:1,(anonymous_16)
FNDA:2,(anonymous_17)
FNDA:2,retryBulkOperation
FNDA:6,(anonymous_19)
FNDA:6,(anonymous_20)
FNDA:8,(anonymous_21)
DA:23,3
DA:47,23
DA:50,23
DA:52,23
DA:53,25
DA:55,25
DA:56,24
DA:58,1
DA:60,6
DA:63,6
DA:64,3
DA:68,3
DA:69,3
DA:73,3
DA:76,3
DA:80,1
DA:87,6
DA:88,6
DA:89,6
DA:92,6
DA:93,6
DA:94,6
DA:102,12
DA:103,3
DA:104,3
DA:105,1
DA:112,2
DA:115,11
DA:116,11
DA:119,2
DA:120,1
DA:123,2
DA:125,9
DA:126,9
DA:134,9
DA:135,9
DA:137,9
DA:138,5
DA:146,1
DA:147,1
DA:148,1
DA:155,5
DA:166,2
DA:181,38
DA:182,38
DA:183,1
DA:190,38
DA:192,21
DA:193,21
DA:196,16
DA:197,16
DA:206,6
DA:213,3
DA:214,3
DA:217,3
DA:218,3
DA:226,4
DA:227,1
DA:228,1
DA:232,4
DA:234,4
DA:235,4
DA:236,4
DA:239,4
DA:240,4
DA:241,2
DA:244,4
DA:246,4
DA:249,4
DA:250,4
DA:251,1
DA:263,2
DA:281,2
DA:282,2
DA:283,2
DA:286,2
DA:287,2
DA:288,2
DA:289,6
DA:290,6
DA:291,6
DA:294,5
DA:296,1
DA:300,2
DA:303,2
DA:309,3
DA:353,8
DA:356,6
DA:357,3
DA:360,3
LF:90
LH:90
BRDA:55,0,0,24
BRDA:55,0,1,1
BRDA:63,1,0,3
BRDA:63,1,1,3
BRDA:63,2,0,6
BRDA:63,2,1,4
BRDA:68,3,0,3
BRDA:68,3,1,0
BRDA:92,4,0,0
BRDA:93,5,0,0
BRDA:94,6,0,0
BRDA:102,7,0,3
BRDA:102,7,1,9
BRDA:104,8,0,1
BRDA:104,8,1,2
BRDA:119,9,0,1
BRDA:119,9,1,1
BRDA:137,10,0,5
BRDA:137,10,1,4
BRDA:217,11,0,0
BRDA:218,12,0,0
BRDA:240,13,0,2
BRDA:240,13,1,2
BRDA:250,14,0,1
BRDA:250,14,1,3
BRDA:283,15,0,2
BRDA:283,15,1,2
BRDA:353,16,0,2
BRDA:353,16,1,6
BRDA:356,17,0,3
BRDA:356,17,1,3
BRDA:357,18,0,3
BRDA:357,18,1,3
BRF:33
BRH:27
end_of_record
TN:
SF:src\utils\validation.ts
FN:22,formatZodError
FN:26,(anonymous_1)
FN:53,createValidationError
FN:72,validateBase
FN:86,validateBody
FN:109,validateWithContext
FN:133,validateQuery
FN:150,(anonymous_7)
FN:159,validateInternal
FN:193,validateParams
FN:206,(anonymous_10)
FN:262,(anonymous_11)
FN:269,(anonymous_12)
FN:288,(anonymous_13)
FN:302,(anonymous_14)
FN:313,(anonymous_15)
FN:315,(anonymous_16)
FN:322,(anonymous_17)
FN:336,(anonymous_18)
FN:342,(anonymous_19)
FN:354,(anonymous_20)
FN:362,(anonymous_21)
FN:369,(anonymous_22)
FN:380,(anonymous_23)
FN:387,(anonymous_24)
FN:394,(anonymous_25)
FN:399,(anonymous_26)
FN:415,combineSchemas
FN:428,createOptionalSchema
FN:448,conditionalValidation
FN:453,(anonymous_30)
FN:457,(anonymous_31)
FN:464,(anonymous_32)
FNF:33
FNH:33
FNDA:34,formatZodError
FNDA:34,(anonymous_1)
FNDA:25,createValidationError
FNDA:5,validateBase
FNDA:6,validateBody
FNDA:11,validateWithContext
FNDA:15,validateQuery
FNDA:4,(anonymous_7)
FNDA:41,validateInternal
FNDA:8,validateParams
FNDA:4,(anonymous_10)
FNDA:1,(anonymous_11)
FNDA:1,(anonymous_12)
FNDA:2,(anonymous_13)
FNDA:2,(anonymous_14)
FNDA:3,(anonymous_15)
FNDA:8,(anonymous_16)
FNDA:1,(anonymous_17)
FNDA:1,(anonymous_18)
FNDA:4,(anonymous_19)
FNDA:4,(anonymous_20)
FNDA:4,(anonymous_21)
FNDA:9,(anonymous_22)
FNDA:6,(anonymous_23)
FNDA:4,(anonymous_24)
FNDA:7,(anonymous_25)
FNDA:6,(anonymous_26)
FNDA:3,combineSchemas
FNDA:4,createOptionalSchema
FNDA:4,conditionalValidation
FNDA:4,(anonymous_30)
FNDA:1,(anonymous_31)
FNDA:1,(anonymous_32)
DA:23,34
DA:24,2
DA:26,32
DA:27,34
DA:34,34
DA:35,4
DA:36,30
DA:37,0
DA:38,30
DA:40,1
DA:41,1
DA:42,1
DA:46,34
DA:57,25
DA:61,25
DA:80,5
DA:90,6
DA:91,6
DA:92,2
DA:93,1
DA:95,5
DA:96,3
DA:102,2
DA:114,11
DA:115,11
DA:119,3
DA:138,15
DA:140,11
DA:141,11
DA:142,11
DA:146,4
DA:149,4
DA:150,4
DA:151,4
DA:152,4
DA:153,2
DA:167,41
DA:168,41
DA:169,14
DA:171,27
DA:172,22
DA:173,22
DA:174,20
DA:176,2
DA:179,5
DA:197,8
DA:199,4
DA:200,4
DA:201,4
DA:202,1
DA:205,4
DA:206,4
DA:207,4
DA:208,4
DA:209,2
DA:217,1
DA:263,1
DA:270,1
DA:276,1
DA:289,2
DA:291,2
DA:292,1
DA:295,1
DA:304,2
DA:305,2
DA:314,3
DA:315,8
DA:323,1
DA:337,1
DA:344,4
DA:356,4
DA:363,4
DA:370,9
DA:371,9
DA:373,1
DA:381,6
DA:388,4
DA:395,7
DA:396,7
DA:398,4
DA:399,4
DA:401,6
DA:402,3
DA:405,1
DA:407,3
DA:418,3
DA:419,3
DA:420,6
DA:422,3
DA:432,4
DA:434,4
DA:435,8
DA:436,1
DA:438,7
DA:442,4
DA:453,4
DA:454,4
DA:455,2
DA:456,2
DA:457,1
DA:458,1
DA:460,1
DA:462,2
DA:463,2
DA:464,1
DA:465,1
DA:467,1
LF:107
LH:106
BRDA:23,0,0,2
BRDA:23,0,1,32
BRDA:23,1,0,34
BRDA:23,1,1,33
BRDA:34,2,0,4
BRDA:34,2,1,30
BRDA:36,3,0,0
BRDA:36,3,1,30
BRDA:36,4,0,30
BRDA:36,4,1,18
BRDA:38,5,0,1
BRDA:38,5,1,29
BRDA:38,6,0,30
BRDA:38,6,1,3
BRDA:41,7,0,1
BRDA:41,7,1,0
BRDA:41,8,0,1
BRDA:41,8,1,1
BRDA:55,9,0,16
BRDA:57,10,0,23
BRDA:57,10,1,2
BRDA:95,11,0,3
BRDA:95,11,1,2
BRDA:138,12,0,11
BRDA:138,12,1,4
BRDA:138,13,0,15
BRDA:138,13,1,11
BRDA:171,14,0,22
BRDA:171,14,1,5
BRDA:173,15,0,20
BRDA:173,15,1,2
BRDA:197,16,0,4
BRDA:197,16,1,4
BRDA:291,17,0,1
BRDA:291,17,1,1
BRDA:344,18,0,4
BRDA:344,18,1,3
BRDA:344,18,2,1
BRDA:344,18,3,1
BRDA:344,18,4,1
BRDA:371,19,0,9
BRDA:371,19,1,5
BRDA:396,20,0,3
BRDA:396,20,1,4
BRDA:401,21,0,3
BRDA:401,21,1,3
BRDA:430,22,0,3
BRDA:435,23,0,1
BRDA:435,23,1,7
BRDA:435,24,0,8
BRDA:435,24,1,8
BRDA:454,25,0,2
BRDA:454,25,1,2
BRDA:456,26,0,1
BRDA:456,26,1,1
BRDA:463,27,0,1
BRDA:463,27,1,1
BRF:57
BRH:55
end_of_record
TN:
SF:src\workflows\batch-embeddings.ts
FN:27,(anonymous_0)
FN:56,(anonymous_1)
FN:75,(anonymous_2)
FN:79,(anonymous_3)
FN:94,(anonymous_4)
FN:95,(anonymous_5)
FNF:6
FNH:6
FNDA:45,(anonymous_0)
FNDA:7,(anonymous_1)
FNDA:10,(anonymous_2)
FNDA:39,(anonymous_3)
FNDA:39,(anonymous_4)
FNDA:39,(anonymous_5)
DA:32,45
DA:33,45
DA:34,40
DA:35,38
DA:41,2
DA:48,5
DA:58,7
DA:59,7
DA:62,7
DA:63,7
DA:64,10
DA:72,7
DA:74,7
DA:75,10
DA:76,10
DA:78,10
DA:79,39
DA:82,10
DA:85,10
DA:88,10
DA:89,4
DA:94,39
DA:95,39
DA:103,7
LF:24
LH:24
BRDA:27,0,0,5
BRDA:34,1,0,38
BRDA:34,1,1,2
BRDA:34,2,0,40
BRDA:34,2,1,39
BRDA:34,2,2,39
BRDA:51,3,0,4
BRDA:51,3,1,1
BRDA:88,4,0,4
BRDA:88,4,1,6
BRF:10
BRH:10
end_of_record
TN:
SF:src\workflows\chunk-processor.ts
FN:25,(anonymous_0)
FN:33,(anonymous_1)
FN:48,(anonymous_2)
FN:57,(anonymous_3)
FN:74,(anonymous_4)
FN:95,(anonymous_5)
FN:117,(anonymous_6)
FN:176,(anonymous_7)
FN:187,(anonymous_8)
FN:216,(anonymous_9)
FN:225,(anonymous_10)
FN:229,(anonymous_11)
FN:243,(anonymous_12)
FN:252,(anonymous_13)
FN:253,(anonymous_14)
FNF:15
FNH:15
FNDA:1,(anonymous_0)
FNDA:10,(anonymous_1)
FNDA:10,(anonymous_2)
FNDA:10,(anonymous_3)
FNDA:10,(anonymous_4)
FNDA:10,(anonymous_5)
FNDA:10,(anonymous_6)
FNDA:10,(anonymous_7)
FNDA:13,(anonymous_8)
FNDA:13,(anonymous_9)
FNDA:10,(anonymous_10)
FNDA:13,(anonymous_11)
FNDA:10,(anonymous_12)
FNDA:13,(anonymous_13)
FNDA:13,(anonymous_14)
DA:17,10
DA:18,10
DA:19,10
DA:20,10
DA:26,1
DA:27,1
DA:37,10
DA:44,10
DA:45,10
DA:48,10
DA:49,10
DA:52,10
DA:53,1
DA:57,10
DA:58,10
DA:62,10
DA:64,10
DA:75,10
DA:76,4
DA:79,6
DA:80,1
DA:81,1
DA:84,5
DA:85,1
DA:86,1
DA:89,4
DA:96,10
DA:97,7
DA:100,3
DA:101,3
DA:102,1
DA:103,1
DA:106,2
DA:107,1
DA:108,1
DA:111,1
DA:123,10
DA:124,10
DA:126,10
DA:127,1
DA:128,1
DA:131,9
DA:132,9
DA:134,9
DA:136,13
DA:139,13
DA:142,13
DA:144,13
DA:145,13
DA:157,13
DA:161,13
DA:164,13
DA:165,9
DA:169,9
DA:170,9
DA:177,10
DA:188,13
DA:189,9
DA:193,4
DA:196,4
DA:197,200
DA:198,0
DA:203,4
DA:204,80
DA:205,0
DA:210,4
DA:217,13
DA:218,13
DA:219,13
DA:229,13
DA:248,10
DA:249,1
DA:252,13
DA:253,13
DA:255,9
LF:75
LH:73
BRDA:52,0,0,1
BRDA:52,0,1,9
BRDA:52,1,0,10
BRDA:52,1,1,10
BRDA:58,2,0,10
BRDA:58,2,1,0
BRDA:75,3,0,4
BRDA:75,3,1,6
BRDA:79,4,0,1
BRDA:79,4,1,5
BRDA:84,5,0,1
BRDA:84,5,1,4
BRDA:96,6,0,7
BRDA:96,6,1,3
BRDA:101,7,0,1
BRDA:101,7,1,2
BRDA:106,8,0,1
BRDA:106,8,1,1
BRDA:126,9,0,1
BRDA:126,9,1,9
BRDA:126,10,0,10
BRDA:126,10,1,9
BRDA:144,11,0,13
BRDA:144,11,1,0
BRDA:164,12,0,9
BRDA:164,12,1,4
BRDA:164,13,0,13
BRDA:164,13,1,12
BRDA:188,14,0,9
BRDA:188,14,1,4
BRDA:197,15,0,0
BRDA:197,15,1,200
BRDA:204,16,0,0
BRDA:204,16,1,80
BRDA:248,17,0,1
BRDA:248,17,1,9
BRF:36
BRH:32
end_of_record
TN:
SF:src\workflows\embeddings.ts
FN:27,(anonymous_0)
FN:34,(anonymous_1)
FNF:2
FNH:2
FNDA:10,(anonymous_0)
FNDA:7,(anonymous_1)
DA:5,1
DA:29,10
DA:30,8
DA:32,8
DA:34,8
DA:35,7
DA:37,6
DA:38,2
DA:41,4
DA:47,4
DA:55,4
LF:11
LH:11
BRDA:37,0,0,2
BRDA:37,0,1,4
BRDA:37,1,0,6
BRDA:37,1,1,5
BRDA:37,1,2,5
BRDA:58,2,0,3
BRDA:58,2,1,1
BRF:7
BRH:7
end_of_record
TN:
SF:src\workflows\error-recovery.ts
FN:35,(anonymous_0)
FN:48,(anonymous_1)
FN:67,(anonymous_2)
FN:89,(anonymous_3)
FN:95,(anonymous_4)
FN:96,(anonymous_5)
FN:107,(anonymous_6)
FN:108,(anonymous_7)
FN:109,(anonymous_8)
FN:116,(anonymous_9)
FN:123,(anonymous_10)
FN:168,(anonymous_11)
FN:203,(anonymous_12)
FN:210,(anonymous_13)
FN:231,(anonymous_14)
FN:239,(anonymous_15)
FN:245,(anonymous_16)
FN:250,(anonymous_17)
FN:266,(anonymous_18)
FN:273,(anonymous_19)
FN:280,(anonymous_20)
FNF:21
FNH:21
FNDA:34,(anonymous_0)
FNDA:30,(anonymous_1)
FNDA:43,(anonymous_2)
FNDA:65,(anonymous_3)
FNDA:18,(anonymous_4)
FNDA:29,(anonymous_5)
FNDA:10,(anonymous_6)
FNDA:2,(anonymous_7)
FNDA:2,(anonymous_8)
FNDA:14,(anonymous_9)
FNDA:8,(anonymous_10)
FNDA:4,(anonymous_11)
FNDA:3,(anonymous_12)
FNDA:7,(anonymous_13)
FNDA:1,(anonymous_14)
FNDA:3,(anonymous_15)
FNDA:3,(anonymous_16)
FNDA:2,(anonymous_17)
FNDA:7,(anonymous_18)
FNDA:1,(anonymous_19)
FNDA:2,(anonymous_20)
DA:32,34
DA:36,34
DA:49,30
DA:58,30
DA:59,30
DA:61,30
DA:68,43
DA:70,28
DA:76,28
DA:80,15
DA:88,15
DA:89,65
DA:96,29
DA:97,18
DA:99,18
DA:101,17
DA:108,10
DA:109,10
DA:110,10
DA:117,14
DA:129,8
DA:131,8
DA:132,17
DA:133,17
DA:135,17
DA:136,9
DA:137,9
DA:138,9
DA:141,17
DA:143,3
DA:144,1
DA:147,3
DA:149,14
DA:150,14
DA:152,14
DA:153,5
DA:154,5
DA:157,9
DA:158,9
DA:162,5
DA:174,4
DA:175,4
DA:177,3
DA:178,2
DA:180,2
DA:181,2
DA:182,1
DA:183,1
DA:185,1
DA:186,1
DA:187,1
DA:191,1
DA:192,1
DA:193,1
DA:196,0
DA:207,3
DA:208,3
DA:210,3
DA:211,7
DA:212,4
DA:214,3
DA:215,3
DA:216,3
DA:220,3
DA:221,3
DA:223,3
DA:225,3
DA:238,1
DA:239,3
DA:240,1
DA:242,1
DA:243,1
DA:245,1
DA:246,3
DA:247,3
DA:250,1
DA:251,2
DA:254,1
DA:267,7
DA:274,1
DA:281,2
DA:282,2
LF:82
LH:81
BRDA:35,0,0,1
BRDA:48,1,0,5
BRDA:50,2,0,21
BRDA:50,2,1,9
BRDA:51,3,0,30
BRDA:51,3,1,0
BRDA:68,4,0,28
BRDA:68,4,1,15
BRDA:88,5,0,15
BRDA:88,5,1,0
BRDA:99,6,0,1
BRDA:99,6,1,17
BRDA:101,7,0,17
BRDA:101,7,1,15
BRDA:135,8,0,9
BRDA:135,8,1,8
BRDA:143,9,0,1
BRDA:143,9,1,2
BRDA:152,10,0,5
BRDA:152,10,1,9
BRDA:177,11,0,2
BRDA:177,11,1,1
BRDA:177,12,0,3
BRDA:177,12,1,3
BRDA:191,13,0,1
BRDA:191,13,1,0
BRDA:211,14,0,4
BRDA:211,14,1,3
BRDA:211,15,0,7
BRDA:211,15,1,4
BRDA:214,16,0,3
BRDA:214,16,1,0
BRDA:246,17,0,3
BRDA:246,17,1,2
BRDA:247,18,0,3
BRDA:247,18,1,2
BRDA:251,19,0,1
BRDA:251,19,1,1
BRF:38
BRH:34
end_of_record
TN:
SF:src\workflows\file-analyzer.ts
FN:44,(anonymous_0)
FN:68,(anonymous_1)
FN:70,(anonymous_2)
FN:85,(anonymous_3)
FN:98,(anonymous_4)
FN:119,(anonymous_5)
FN:141,(anonymous_6)
FN:167,(anonymous_7)
FN:168,(anonymous_8)
FN:183,(anonymous_9)
FN:209,(anonymous_10)
FN:237,(anonymous_11)
FN:253,(anonymous_12)
FN:261,(anonymous_13)
FNF:14
FNH:14
FNDA:9,(anonymous_0)
FNDA:8,(anonymous_1)
FNDA:8,(anonymous_2)
FNDA:9,(anonymous_3)
FNDA:8,(anonymous_4)
FNDA:2,(anonymous_5)
FNDA:7,(anonymous_6)
FNDA:7,(anonymous_7)
FNDA:94,(anonymous_8)
FNDA:7,(anonymous_9)
FNDA:7,(anonymous_10)
FNDA:7,(anonymous_11)
FNDA:6,(anonymous_12)
FNDA:6,(anonymous_13)
DA:38,7
DA:39,7
DA:48,9
DA:55,9
DA:56,9
DA:57,1
DA:65,8
DA:68,8
DA:71,8
DA:72,0
DA:78,8
DA:86,9
DA:87,7
DA:89,2
DA:90,1
DA:92,1
DA:103,8
DA:104,1
DA:109,1
DA:113,7
DA:123,2
DA:125,2
DA:145,7
DA:151,7
DA:154,7
DA:161,7
DA:168,94
DA:171,7
DA:172,7
DA:173,7
DA:174,7
DA:177,7
DA:188,7
DA:214,7
DA:216,7
DA:217,1
DA:218,1
DA:221,6
DA:238,7
DA:239,1
DA:241,6
DA:242,4
DA:244,2
DA:245,1
DA:247,1
DA:255,6
DA:263,6
DA:264,6
LF:48
LH:47
BRDA:56,0,0,1
BRDA:56,0,1,8
BRDA:71,1,0,0
BRDA:71,1,1,8
BRDA:86,2,0,7
BRDA:86,2,1,2
BRDA:89,3,0,1
BRDA:89,3,1,1
BRDA:103,4,0,1
BRDA:103,4,1,7
BRDA:198,5,0,6
BRDA:198,5,1,1
BRDA:216,6,0,1
BRDA:216,6,1,6
BRDA:238,7,0,1
BRDA:238,7,1,6
BRDA:241,8,0,4
BRDA:241,8,1,2
BRDA:244,9,0,1
BRDA:244,9,1,1
BRF:20
BRH:19
end_of_record
TN:
SF:src\workflows\file-processing.ts
FN:21,(anonymous_0)
FN:39,(anonymous_1)
FN:47,(anonymous_2)
FN:51,(anonymous_3)
FN:123,(anonymous_4)
FN:131,(anonymous_5)
FN:179,(anonymous_6)
FN:231,(anonymous_7)
FN:282,(anonymous_8)
FN:322,(anonymous_9)
FN:362,(anonymous_10)
FNF:11
FNH:11
FNDA:3,(anonymous_0)
FNDA:39,(anonymous_1)
FNDA:445,(anonymous_2)
FNDA:16,(anonymous_3)
FNDA:13,(anonymous_4)
FNDA:16,(anonymous_5)
FNDA:1,(anonymous_6)
FNDA:1,(anonymous_7)
FNDA:22,(anonymous_8)
FNDA:18,(anonymous_9)
FNDA:5,(anonymous_10)
DA:22,3
DA:23,3
DA:24,3
DA:32,3
DA:33,2
DA:36,1
DA:43,39
DA:44,39
DA:45,39
DA:46,39
DA:47,445
DA:48,39
DA:51,39
DA:52,16
DA:53,16
DA:55,16
DA:56,1
DA:57,1
DA:58,1
DA:68,15
DA:69,15
DA:72,15
DA:73,15
DA:74,15
DA:75,15
DA:76,15
DA:79,15
DA:96,12
DA:97,12
DA:98,12
DA:99,12
DA:101,12
DA:109,3
DA:110,3
DA:112,3
DA:123,36
DA:124,13
DA:125,13
DA:126,13
DA:127,13
DA:131,36
DA:132,16
DA:133,16
DA:134,16
DA:136,16
DA:137,40
DA:139,40
DA:144,40
DA:145,40
DA:148,40
DA:149,40
DA:150,40
DA:159,40
DA:162,40
DA:163,40
DA:164,40
DA:165,40
DA:167,40
DA:168,41
DA:170,41
DA:171,38
DA:172,38
DA:173,38
DA:174,3
DA:175,2
DA:176,2
DA:179,1
DA:180,1
DA:183,40
DA:184,2
DA:185,2
DA:187,38
DA:190,38
DA:191,38
DA:215,38
DA:216,38
DA:217,38
DA:219,38
DA:220,39
DA:222,39
DA:223,37
DA:224,37
DA:225,37
DA:226,2
DA:227,1
DA:228,1
DA:231,1
DA:232,1
DA:235,38
DA:236,36
DA:237,36
DA:239,2
DA:243,16
DA:244,16
DA:247,36
DA:248,36
DA:249,36
DA:268,3
DA:269,3
DA:270,3
DA:271,3
DA:284,22
DA:287,20
DA:288,1
DA:292,19
DA:294,17
DA:295,11
DA:299,6
DA:300,1
DA:304,5
DA:305,1
DA:309,4
DA:310,1
DA:314,3
DA:315,1
DA:319,4
DA:323,18
DA:326,18
DA:327,16
DA:334,18
DA:335,15
DA:336,15
DA:337,1
DA:338,3
DA:344,14
DA:352,18
DA:353,16
DA:359,18
DA:368,5
DA:371,5
DA:372,5
DA:373,5
DA:374,5
DA:376,5
DA:377,5
DA:378,5
DA:379,5
DA:382,5
DA:383,1
DA:386,5
LF:140
LH:140
BRDA:32,0,0,2
BRDA:32,0,1,1
BRDA:32,1,0,3
BRDA:32,1,1,2
BRDA:45,2,0,34
BRDA:45,2,1,5
BRDA:55,3,0,1
BRDA:55,3,1,15
BRDA:89,4,0,13
BRDA:89,4,1,2
BRDA:99,5,0,12
BRDA:99,5,1,2
BRDA:103,6,0,12
BRDA:103,6,1,2
BRDA:110,7,0,2
BRDA:110,7,1,1
BRDA:170,8,0,38
BRDA:170,8,1,3
BRDA:170,9,0,41
BRDA:170,9,1,38
BRDA:174,10,0,2
BRDA:174,10,1,1
BRDA:183,11,0,2
BRDA:183,11,1,38
BRDA:183,12,0,40
BRDA:183,12,1,38
BRDA:183,12,2,38
BRDA:184,13,0,2
BRDA:184,13,1,2
BRDA:197,14,0,38
BRDA:197,14,1,36
BRDA:222,15,0,37
BRDA:222,15,1,2
BRDA:222,16,0,39
BRDA:222,16,1,37
BRDA:226,17,0,1
BRDA:226,17,1,1
BRDA:235,18,0,36
BRDA:235,18,1,2
BRDA:235,19,0,38
BRDA:235,19,1,37
BRDA:269,20,0,2
BRDA:269,20,1,1
BRDA:270,21,0,2
BRDA:270,21,1,1
BRDA:276,22,0,2
BRDA:276,22,1,1
BRDA:284,23,0,2
BRDA:284,23,1,20
BRDA:287,24,0,1
BRDA:287,24,1,19
BRDA:292,25,0,17
BRDA:292,25,1,2
BRDA:294,26,0,11
BRDA:294,26,1,6
BRDA:294,27,0,17
BRDA:294,27,1,12
BRDA:299,28,0,1
BRDA:299,28,1,5
BRDA:299,29,0,6
BRDA:299,29,1,2
BRDA:304,30,0,1
BRDA:304,30,1,4
BRDA:304,31,0,5
BRDA:304,31,1,2
BRDA:309,32,0,1
BRDA:309,32,1,3
BRDA:309,33,0,4
BRDA:309,33,1,2
BRDA:314,34,0,1
BRDA:314,34,1,2
BRDA:314,35,0,3
BRDA:314,35,1,2
BRDA:326,36,0,16
BRDA:326,36,1,2
BRDA:334,37,0,15
BRDA:334,37,1,3
BRDA:336,38,0,1
BRDA:336,38,1,14
BRDA:352,39,0,16
BRDA:352,39,1,2
BRDA:352,40,0,18
BRDA:352,40,1,2
BRDA:376,41,0,4
BRDA:376,41,1,1
BRDA:377,42,0,3
BRDA:377,42,1,2
BRDA:378,43,0,1
BRDA:378,43,1,4
BRDA:379,44,0,2
BRDA:379,44,1,3
BRDA:382,45,0,1
BRDA:382,45,1,4
BRF:93
BRH:93
end_of_record
TN:
SF:src\workflows\notion-sync.ts
FN:23,(anonymous_0)
FN:30,(anonymous_1)
FN:38,(anonymous_2)
FN:45,(anonymous_3)
FN:78,(anonymous_4)
FN:97,(anonymous_5)
FN:107,(anonymous_6)
FN:117,(anonymous_7)
FN:119,(anonymous_8)
FN:126,(anonymous_9)
FN:162,(anonymous_10)
FN:176,(anonymous_11)
FN:181,(anonymous_12)
FN:189,(anonymous_13)
FN:240,(anonymous_14)
FN:291,(anonymous_15)
FN:316,(anonymous_16)
FN:339,(anonymous_17)
FN:353,(anonymous_18)
FN:354,(anonymous_19)
FN:363,(anonymous_20)
FN:364,(anonymous_21)
FN:373,(anonymous_22)
FN:374,(anonymous_23)
FN:375,(anonymous_24)
FNF:25
FNH:25
FNDA:38,(anonymous_0)
FNDA:15,(anonymous_1)
FNDA:10,(anonymous_2)
FNDA:14,(anonymous_3)
FNDA:34,(anonymous_4)
FNDA:19,(anonymous_5)
FNDA:19,(anonymous_6)
FNDA:15,(anonymous_7)
FNDA:15,(anonymous_8)
FNDA:13,(anonymous_9)
FNDA:12,(anonymous_10)
FNDA:11,(anonymous_11)
FNDA:3,(anonymous_12)
FNDA:11,(anonymous_13)
FNDA:4,(anonymous_14)
FNDA:14,(anonymous_15)
FNDA:5,(anonymous_16)
FNDA:34,(anonymous_17)
FNDA:22,(anonymous_18)
FNDA:20,(anonymous_19)
FNDA:2,(anonymous_20)
FNDA:2,(anonymous_21)
FNDA:12,(anonymous_22)
FNDA:9,(anonymous_23)
FNDA:9,(anonymous_24)
DA:9,5
DA:20,5
DA:23,38
DA:27,5
DA:30,15
DA:34,5
DA:38,10
DA:41,5
DA:45,14
DA:48,5
DA:56,5
DA:60,5
DA:64,5
DA:69,5
DA:73,5
DA:78,5
DA:79,34
DA:80,34
DA:98,19
DA:99,19
DA:101,19
DA:102,19
DA:103,19
DA:105,19
DA:107,19
DA:108,19
DA:109,17
DA:110,1
DA:112,16
DA:113,15
DA:117,15
DA:118,15
DA:119,15
DA:122,15
DA:124,14
DA:125,14
DA:126,13
DA:129,14
DA:132,13
DA:133,13
DA:135,13
DA:148,13
DA:155,13
DA:158,15
DA:161,15
DA:162,12
DA:163,12
DA:165,12
DA:168,12
DA:169,25
DA:170,25
DA:171,25
DA:173,25
DA:175,11
DA:176,11
DA:178,11
DA:180,3
DA:181,3
DA:183,3
DA:185,4
DA:186,4
DA:188,7
DA:189,11
DA:191,7
DA:194,25
DA:195,21
DA:203,12
DA:204,12
DA:206,12
DA:207,21
DA:220,21
DA:228,12
DA:234,12
DA:235,12
DA:239,15
DA:240,4
DA:241,4
DA:242,3
DA:244,3
DA:245,3
DA:247,3
DA:250,3
DA:251,6
DA:253,6
DA:254,4
DA:268,4
DA:276,4
DA:280,3
DA:286,3
DA:287,3
DA:291,14
DA:292,14
DA:293,14
DA:306,14
DA:316,5
DA:317,5
DA:318,5
DA:327,5
DA:340,34
DA:341,34
DA:343,34
DA:349,34
DA:350,20
DA:351,20
DA:352,17
DA:353,22
DA:354,20
DA:359,17
DA:360,3
DA:361,3
DA:362,2
DA:363,2
DA:364,2
DA:369,15
DA:370,6
DA:371,6
DA:372,4
DA:374,12
DA:375,9
DA:382,11
LF:120
LH:120
BRDA:23,0,0,38
BRDA:23,0,1,6
BRDA:30,1,0,15
BRDA:30,1,1,6
BRDA:38,2,0,10
BRDA:38,2,1,3
BRDA:45,3,0,14
BRDA:45,3,1,3
BRDA:82,4,0,34
BRDA:82,4,1,2
BRDA:109,5,0,1
BRDA:109,5,1,16
BRDA:122,6,0,1
BRDA:122,6,1,14
BRDA:129,7,0,1
BRDA:129,7,1,13
BRDA:138,8,0,13
BRDA:138,8,1,11
BRDA:151,9,0,13
BRDA:151,9,1,11
BRDA:158,10,0,13
BRDA:158,10,1,2
BRDA:161,11,0,12
BRDA:161,11,1,3
BRDA:173,12,0,11
BRDA:173,12,1,3
BRDA:173,12,2,4
BRDA:173,12,3,7
BRDA:194,13,0,21
BRDA:194,13,1,4
BRDA:210,14,0,21
BRDA:210,14,1,16
BRDA:223,15,0,21
BRDA:223,15,1,16
BRDA:239,16,0,4
BRDA:239,16,1,11
BRDA:253,17,0,4
BRDA:253,17,1,2
BRDA:253,18,0,6
BRDA:253,18,1,5
BRDA:257,19,0,4
BRDA:257,19,1,2
BRDA:271,20,0,4
BRDA:271,20,1,2
BRDA:323,21,0,4
BRDA:323,21,1,1
BRDA:333,22,0,4
BRDA:333,22,1,1
BRDA:349,23,0,20
BRDA:349,23,1,14
BRDA:351,24,0,17
BRDA:351,24,1,3
BRDA:359,25,0,3
BRDA:359,25,1,14
BRDA:361,26,0,2
BRDA:361,26,1,1
BRDA:369,27,0,6
BRDA:369,27,1,9
BRDA:371,28,0,4
BRDA:371,28,1,2
BRF:60
BRH:60
end_of_record
TN:
SF:src\workflows\property-handlers.ts
FN:13,(anonymous_0)
FN:20,(anonymous_1)
FN:28,(anonymous_2)
FN:35,(anonymous_3)
FN:40,(anonymous_4)
FN:52,(anonymous_5)
FN:75,(anonymous_6)
FN:80,(anonymous_7)
FN:86,(anonymous_8)
FN:95,(anonymous_9)
FN:119,(anonymous_10)
FN:127,(anonymous_11)
FN:142,(anonymous_12)
FN:168,(anonymous_13)
FN:230,(anonymous_14)
FNF:15
FNH:15
FNDA:8,(anonymous_0)
FNDA:2,(anonymous_1)
FNDA:5,(anonymous_2)
FNDA:3,(anonymous_3)
FNDA:2,(anonymous_4)
FNDA:2,(anonymous_5)
FNDA:41,(anonymous_6)
FNDA:15,(anonymous_7)
FNDA:4,(anonymous_8)
FNDA:8,(anonymous_9)
FNDA:25,(anonymous_10)
FNDA:13,(anonymous_11)
FNDA:5,(anonymous_12)
FNDA:4,(anonymous_13)
FNDA:3,(anonymous_14)
DA:10,1
DA:13,8
DA:17,1
DA:20,2
DA:24,1
DA:28,5
DA:31,1
DA:35,3
DA:38,1
DA:40,2
DA:43,1
DA:48,1
DA:52,2
DA:55,1
DA:76,41
DA:77,41
DA:79,17
DA:80,15
DA:85,3
DA:86,4
DA:91,7
DA:94,5
DA:95,8
DA:99,2
DA:102,4
DA:105,3
DA:108,0
DA:111,1
DA:112,1
DA:120,25
DA:121,25
DA:128,13
DA:133,13
DA:135,3
DA:136,2
DA:138,3
DA:141,2
DA:142,5
DA:143,2
DA:145,2
DA:148,1
DA:149,1
DA:152,1
DA:153,1
DA:156,1
DA:157,1
DA:159,1
DA:162,13
DA:180,4
DA:182,4
DA:183,10
DA:185,10
DA:186,10
DA:187,2
DA:188,2
DA:191,8
DA:194,8
DA:195,2
DA:199,6
DA:200,6
DA:201,0
DA:205,6
DA:206,6
DA:207,6
DA:210,6
DA:212,6
DA:219,0
DA:220,0
DA:224,4
DA:237,3
DA:238,3
DA:239,3
DA:240,3
DA:242,3
DA:243,8
DA:244,8
DA:245,8
DA:246,5
DA:247,5
DA:250,3
DA:251,3
DA:253,3
DA:254,1
DA:256,2
DA:259,0
DA:263,3
LF:86
LH:81
BRDA:13,0,0,8
BRDA:13,0,1,1
BRDA:20,1,0,2
BRDA:20,1,1,0
BRDA:28,2,0,5
BRDA:28,2,1,1
BRDA:35,3,0,3
BRDA:35,3,1,1
BRDA:40,4,0,2
BRDA:40,4,1,1
BRDA:52,5,0,2
BRDA:52,5,1,1
BRDA:77,6,0,17
BRDA:77,6,1,3
BRDA:77,6,2,7
BRDA:77,6,3,5
BRDA:77,6,4,2
BRDA:77,6,5,4
BRDA:77,6,6,3
BRDA:77,6,7,0
BRDA:91,7,0,7
BRDA:91,7,1,2
BRDA:102,8,0,2
BRDA:102,8,1,2
BRDA:105,9,0,3
BRDA:105,9,1,1
BRDA:121,10,0,25
BRDA:121,10,1,16
BRDA:133,11,0,3
BRDA:133,11,1,2
BRDA:133,11,2,1
BRDA:133,11,3,1
BRDA:133,11,4,1
BRDA:135,12,0,2
BRDA:135,12,1,1
BRDA:141,13,0,2
BRDA:141,13,1,0
BRDA:156,14,0,1
BRDA:156,14,1,0
BRDA:186,15,0,2
BRDA:186,15,1,8
BRDA:194,16,0,2
BRDA:194,16,1,6
BRDA:200,17,0,0
BRDA:200,17,1,6
BRDA:245,18,0,5
BRDA:245,18,1,3
BRDA:253,19,0,1
BRDA:253,19,1,2
BRF:49
BRH:44
end_of_record
TN:
SF:src\workflows\sync-state-machine.ts
FN:40,(anonymous_0)
FN:47,(anonymous_1)
FN:54,(anonymous_2)
FN:62,(anonymous_3)
FN:69,(anonymous_4)
FN:73,(anonymous_5)
FN:112,(anonymous_6)
FN:146,(anonymous_7)
FN:192,(anonymous_8)
FN:238,(anonymous_9)
FN:242,(anonymous_10)
FN:283,(anonymous_11)
FN:290,(anonymous_12)
FN:297,(anonymous_13)
FNF:14
FNH:14
FNDA:35,(anonymous_0)
FNDA:10,(anonymous_1)
FNDA:46,(anonymous_2)
FNDA:11,(anonymous_3)
FNDA:4,(anonymous_4)
FNDA:2,(anonymous_5)
FNDA:3,(anonymous_6)
FNDA:4,(anonymous_7)
FNDA:4,(anonymous_8)
FNDA:3,(anonymous_9)
FNDA:1,(anonymous_10)
FNDA:13,(anonymous_11)
FNDA:1,(anonymous_12)
FNDA:6,(anonymous_13)
DA:37,35
DA:41,35
DA:48,10
DA:55,46
DA:56,46
DA:63,11
DA:70,4
DA:72,4
DA:73,4
DA:75,2
DA:76,1
DA:83,1
DA:84,1
DA:85,1
DA:86,1
DA:88,1
DA:94,2
DA:100,2
DA:101,2
DA:113,3
DA:115,3
DA:116,3
DA:118,2
DA:119,1
DA:126,1
DA:128,1
DA:134,2
DA:135,2
DA:147,4
DA:148,1
DA:149,1
DA:156,3
DA:158,3
DA:159,3
DA:161,2
DA:162,2
DA:164,2
DA:169,2
DA:170,2
DA:172,2
DA:180,1
DA:181,1
DA:193,4
DA:194,1
DA:195,1
DA:202,3
DA:204,3
DA:205,3
DA:207,2
DA:208,2
DA:210,2
DA:215,2
DA:216,2
DA:218,2
DA:226,1
DA:227,1
DA:239,3
DA:241,3
DA:242,3
DA:243,1
DA:244,1
DA:245,1
DA:247,1
DA:248,1
DA:249,1
DA:250,1
DA:252,1
DA:262,2
DA:271,1
DA:272,1
DA:284,13
DA:291,1
DA:298,6
DA:299,6
DA:300,6
DA:301,6
DA:302,6
DA:304,6
LF:78
LH:78
BRDA:75,0,0,1
BRDA:75,0,1,1
BRDA:86,1,0,1
BRDA:86,1,1,0
BRDA:118,2,0,1
BRDA:118,2,1,1
BRDA:147,3,0,1
BRDA:147,3,1,3
BRDA:161,4,0,2
BRDA:161,4,1,0
BRDA:162,5,0,2
BRDA:162,5,1,0
BRDA:193,6,0,1
BRDA:193,6,1,3
BRDA:207,7,0,2
BRDA:207,7,1,0
BRDA:208,8,0,2
BRDA:208,8,1,0
BRF:18
BRH:13
end_of_record
TN:
SF:src\workflows\vector-generator.ts
FN:44,(anonymous_0)
FN:80,(anonymous_1)
FN:101,(anonymous_2)
FN:114,(anonymous_3)
FN:130,(anonymous_4)
FN:151,(anonymous_5)
FN:159,(anonymous_6)
FN:182,(anonymous_7)
FN:212,(anonymous_8)
FN:266,(anonymous_9)
FN:298,(anonymous_10)
FNF:11
FNH:11
FNDA:4,(anonymous_0)
FNDA:7,(anonymous_1)
FNDA:5,(anonymous_2)
FNDA:2,(anonymous_3)
FNDA:2,(anonymous_4)
FNDA:4,(anonymous_5)
FNDA:10,(anonymous_6)
FNDA:13,(anonymous_7)
FNDA:19,(anonymous_8)
FNDA:12,(anonymous_9)
FNDA:5,(anonymous_10)
DA:37,28
DA:38,28
DA:39,28
DA:48,4
DA:54,4
DA:55,2
DA:56,2
DA:64,2
DA:67,2
DA:68,2
DA:71,2
DA:74,2
DA:81,7
DA:82,4
DA:85,3
DA:86,1
DA:87,1
DA:90,2
DA:91,1
DA:92,1
DA:95,1
DA:102,5
DA:104,5
DA:105,5
DA:108,5
DA:119,2
DA:121,2
DA:122,2
DA:123,2
DA:125,2
DA:127,2
DA:130,2
DA:137,2
DA:138,2
DA:140,0
DA:141,0
DA:145,2
DA:155,4
DA:156,4
DA:159,4
DA:160,10
DA:163,4
DA:165,4
DA:166,10
DA:167,8
DA:169,2
DA:170,2
DA:171,2
DA:176,4
DA:187,13
DA:189,13
DA:190,4
DA:194,9
DA:206,9
DA:216,19
DA:217,19
DA:219,19
DA:227,14
DA:228,11
DA:235,3
DA:236,1
DA:243,2
DA:244,1
DA:251,1
DA:253,6
DA:254,6
DA:272,12
DA:274,12
DA:276,10
DA:281,10
DA:283,2
DA:286,2
DA:301,5
DA:302,5
DA:304,5
DA:305,7
DA:306,7
DA:309,5
DA:313,5
DA:319,5
LF:80
LH:78
BRDA:49,0,0,4
BRDA:49,0,1,2
BRDA:54,1,0,2
BRDA:54,1,1,2
BRDA:54,2,0,4
BRDA:54,2,1,3
BRDA:81,3,0,4
BRDA:81,3,1,3
BRDA:85,4,0,1
BRDA:85,4,1,2
BRDA:90,5,0,1
BRDA:90,5,1,1
BRDA:137,6,0,2
BRDA:137,6,1,0
BRDA:137,7,0,2
BRDA:137,7,1,2
BRDA:166,8,0,8
BRDA:166,8,1,2
BRDA:166,9,0,10
BRDA:166,9,1,8
BRDA:170,10,0,2
BRDA:170,10,1,0
BRDA:189,11,0,4
BRDA:189,11,1,9
BRDA:189,12,0,13
BRDA:189,12,1,9
BRDA:197,13,0,9
BRDA:197,13,1,0
BRDA:217,14,0,19
BRDA:217,14,1,13
BRDA:227,15,0,11
BRDA:227,15,1,3
BRDA:235,16,0,1
BRDA:235,16,1,2
BRDA:235,17,0,3
BRDA:235,17,1,1
BRDA:243,18,0,1
BRDA:243,18,1,1
BRDA:243,19,0,2
BRDA:243,19,1,1
BRDA:256,20,0,5
BRDA:256,20,1,1
BRDA:258,21,0,6
BRDA:258,21,1,6
BRDA:309,22,0,3
BRDA:309,22,1,2
BRF:46
BRH:43
end_of_record
TN:
SF:src\workflows\vector-operations.ts
FN:39,(anonymous_0)
FN:50,(anonymous_1)
FN:56,(anonymous_2)
FN:61,(anonymous_3)
FN:93,(anonymous_4)
FN:99,(anonymous_5)
FNF:6
FNH:6
FNDA:13,(anonymous_0)
FNDA:7,(anonymous_1)
FNDA:7,(anonymous_2)
FNDA:6,(anonymous_3)
FNDA:5,(anonymous_4)
FNDA:4,(anonymous_5)
DA:5,1
DA:13,1
DA:18,1
DA:41,13
DA:43,12
DA:44,7
DA:46,5
DA:54,7
DA:56,7
DA:57,7
DA:61,7
DA:62,6
DA:73,6
DA:76,5
DA:84,2
DA:97,5
DA:99,5
DA:100,4
DA:103,3
DA:110,2
LF:20
LH:20
BRDA:43,0,0,7
BRDA:43,0,1,5
BRDA:57,1,0,7
BRDA:57,1,1,6
BRDA:65,2,0,6
BRDA:65,2,1,4
BRDA:87,3,0,1
BRDA:87,3,1,1
BRDA:113,4,0,1
BRDA:113,4,1,1
BRF:10
BRH:10
end_of_record
TN:
SF:src\workflows\schemas\workflow.schema.ts
FNF:0
FNH:0
DA:4,2
DA:11,2
DA:18,2
DA:28,2
DA:37,2
LF:5
LH:5
BRF:0
BRH:0
end_of_record
