TN:
SF:src\embeddings.ts
FN:17,(anonymous_0)
FN:55,(anonymous_1)
FN:66,(anonymous_2)
FNF:3
FNH:3
FNDA:11,(anonymous_0)
FNDA:8,(anonymous_1)
FNDA:9,(anonymous_2)
DA:17,7
DA:18,11
DA:19,11
DA:20,11
DA:22,10
DA:27,7
DA:28,7
DA:29,2
DA:32,5
DA:41,6
DA:42,6
DA:43,1
DA:45,5
DA:46,4
DA:48,1
DA:55,7
DA:56,8
DA:57,8
DA:58,8
DA:61,7
DA:62,7
DA:64,7
DA:65,7
DA:66,7
DA:67,9
DA:73,7
DA:74,4
DA:75,6
DA:76,6
DA:77,3
DA:82,4
DA:83,2
DA:86,2
DA:96,6
DA:97,6
DA:98,1
DA:100,5
DA:101,3
DA:103,2
LF:39
LH:39
BRDA:28,0,0,2
BRDA:28,0,1,5
BRDA:42,1,0,1
BRDA:42,1,1,5
BRDA:45,2,0,4
BRDA:45,2,1,1
BRDA:76,3,0,3
BRDA:76,3,1,3
BRDA:82,4,0,2
BRDA:82,4,1,2
BRDA:97,5,0,1
BRDA:97,5,1,5
BRDA:100,6,0,3
BRDA:100,6,1,2
BRF:14
BRH:14
end_of_record
TN:
SF:src\routes.ts
FNF:0
FNH:0
DA:26,6
DA:46,6
DA:97,6
DA:150,6
DA:201,6
DA:251,6
DA:301,6
DA:357,6
DA:410,6
DA:457,6
DA:526,6
LF:11
LH:11
BRF:0
BRH:0
end_of_record
TN:
SF:src\schemas.ts
FN:209,(anonymous_0)
FN:215,(anonymous_1)
FN:222,(anonymous_2)
FN:228,(anonymous_3)
FNF:4
FNH:4
FNDA:25,(anonymous_0)
FNDA:18,(anonymous_1)
FNDA:25,(anonymous_2)
FNDA:20,(anonymous_3)
DA:9,9
DA:23,9
DA:37,9
DA:55,9
DA:79,9
DA:91,9
DA:102,9
DA:115,9
DA:136,9
DA:161,9
DA:178,9
DA:198,9
DA:208,9
DA:210,25
DA:211,11
DA:212,11
DA:216,18
DA:217,4
DA:223,25
DA:224,9
DA:225,9
DA:229,20
DA:230,4
DA:240,9
DA:270,9
LF:25
LH:25
BRDA:210,0,0,14
BRDA:210,0,1,11
BRDA:212,1,0,11
BRDA:212,1,1,8
BRDA:212,1,2,6
BRDA:216,2,0,14
BRDA:216,2,1,4
BRDA:223,3,0,16
BRDA:223,3,1,9
BRDA:225,4,0,9
BRDA:225,4,1,5
BRDA:229,5,0,16
BRDA:229,5,1,4
BRF:13
BRH:13
end_of_record
TN:
SF:src\vectors.ts
FN:13,generateId
FN:20,(anonymous_1)
FN:68,(anonymous_2)
FN:90,(anonymous_3)
FN:117,(anonymous_4)
FN:168,(anonymous_5)
FN:176,(anonymous_6)
FN:187,(anonymous_7)
FN:209,(anonymous_8)
FN:224,(anonymous_9)
FN:237,(anonymous_10)
FN:251,(anonymous_11)
FN:285,(anonymous_12)
FNF:13
FNH:13
FNDA:11,generateId
FNDA:9,(anonymous_1)
FNDA:6,(anonymous_2)
FNDA:6,(anonymous_3)
FNDA:14,(anonymous_4)
FNDA:5,(anonymous_5)
FNDA:6,(anonymous_6)
FNDA:3,(anonymous_7)
FNDA:3,(anonymous_8)
FNDA:10,(anonymous_9)
FNDA:5,(anonymous_10)
FNDA:6,(anonymous_11)
FNDA:5,(anonymous_12)
DA:14,11
DA:20,9
DA:21,9
DA:22,9
DA:23,9
DA:24,8
DA:27,8
DA:34,4
DA:35,4
DA:48,4
DA:54,5
DA:55,5
DA:56,1
DA:58,4
DA:59,2
DA:61,2
DA:68,9
DA:69,6
DA:70,6
DA:72,3
DA:73,1
DA:76,2
DA:81,3
DA:82,3
DA:83,3
DA:90,9
DA:91,6
DA:92,6
DA:94,3
DA:95,1
DA:99,2
DA:100,2
DA:102,2
DA:108,3
DA:109,3
DA:110,3
DA:117,9
DA:118,14
DA:119,14
DA:120,14
DA:124,13
DA:125,9
DA:126,4
DA:128,3
DA:132,3
DA:133,3
DA:134,1
DA:136,2
DA:138,1
DA:141,11
DA:146,7
DA:154,6
DA:155,6
DA:156,1
DA:158,5
DA:159,3
DA:161,2
DA:168,9
DA:169,5
DA:170,5
DA:172,5
DA:173,1
DA:176,6
DA:183,4
DA:186,1
DA:187,3
DA:194,1
DA:195,3
DA:205,1
DA:209,3
DA:214,3
DA:215,3
DA:216,3
DA:224,9
DA:226,10
DA:227,6
DA:230,6
DA:237,6
DA:245,6
DA:251,9
DA:252,6
DA:253,6
DA:254,6
DA:256,5
DA:259,5
DA:261,1
DA:271,5
DA:272,5
DA:273,1
DA:275,4
DA:276,3
DA:278,1
DA:285,9
DA:286,5
DA:287,5
DA:288,5
DA:290,4
DA:291,2
DA:294,2
DA:295,2
DA:297,2
DA:306,3
DA:307,3
DA:308,1
DA:310,2
DA:311,1
DA:313,1
LF:107
LH:107
BRDA:24,0,0,8
BRDA:24,0,1,6
BRDA:30,1,0,8
BRDA:30,1,1,6
BRDA:55,2,0,1
BRDA:55,2,1,4
BRDA:58,3,0,2
BRDA:58,3,1,2
BRDA:72,4,0,1
BRDA:72,4,1,2
BRDA:72,5,0,3
BRDA:72,5,1,3
BRDA:82,6,0,1
BRDA:82,6,1,2
BRDA:94,7,0,1
BRDA:94,7,1,2
BRDA:109,8,0,1
BRDA:109,8,1,2
BRDA:124,9,0,9
BRDA:124,9,1,4
BRDA:126,10,0,3
BRDA:126,10,1,1
BRDA:133,11,0,1
BRDA:133,11,1,2
BRDA:155,12,0,1
BRDA:155,12,1,5
BRDA:158,13,0,3
BRDA:158,13,1,2
BRDA:172,14,0,1
BRDA:172,14,1,4
BRDA:172,15,0,5
BRDA:172,15,1,5
BRDA:177,16,0,6
BRDA:177,16,1,5
BRDA:179,17,0,6
BRDA:179,17,1,5
BRDA:215,18,0,1
BRDA:215,18,1,2
BRDA:227,19,0,6
BRDA:227,19,1,3
BRDA:272,20,0,1
BRDA:272,20,1,4
BRDA:275,21,0,3
BRDA:275,21,1,1
BRDA:291,22,0,2
BRDA:291,22,1,1
BRDA:307,23,0,1
BRDA:307,23,1,2
BRDA:310,24,0,1
BRDA:310,24,1,1
BRF:50
BRH:50
end_of_record
TN:
SF:src\db\index.ts
FN:8,createDbClient
FNF:1
FNH:1
FNDA:15,createDbClient
DA:9,15
LF:1
LH:1
BRF:0
BRH:0
end_of_record
TN:
SF:src\handlers\text-to-vector.ts
FN:7,(anonymous_0)
FN:51,(anonymous_1)
FNF:2
FNH:2
FNDA:9,(anonymous_0)
FNDA:3,(anonymous_1)
DA:7,6
DA:8,9
DA:9,9
DA:12,9
DA:13,4
DA:20,5
DA:23,5
DA:32,2
DA:42,3
DA:43,3
DA:44,3
DA:51,6
DA:52,3
DA:53,3
DA:54,3
DA:56,3
DA:57,1
DA:59,1
DA:68,2
DA:69,2
DA:70,2
LF:21
LH:21
BRDA:12,0,0,4
BRDA:12,0,1,5
BRDA:12,1,0,9
BRDA:12,1,1,7
BRDA:12,1,2,6
BRDA:36,2,0,2
BRDA:36,2,1,1
BRDA:43,3,0,2
BRDA:43,3,1,1
BRDA:69,4,0,1
BRDA:69,4,1,1
BRF:11
BRH:11
end_of_record
TN:
SF:src\lib\vector-utils.ts
FN:11,generateVectorId
FN:18,generateEmbeddingFromText
FN:36,storeInVectorize
FN:52,storeVectorMetadata
FN:77,createVectorFromTextComplete
FNF:5
FNH:5
FNDA:3,generateVectorId
FNDA:5,generateEmbeddingFromText
FNDA:4,storeInVectorize
FNDA:2,storeVectorMetadata
FNDA:2,createVectorFromTextComplete
DA:12,3
DA:23,5
DA:25,5
DA:26,5
DA:27,1
DA:30,4
DA:42,4
DA:58,2
DA:59,2
DA:84,2
DA:87,2
DA:90,2
DA:93,2
DA:95,2
LF:14
LH:14
BRDA:21,0,0,4
BRDA:26,1,0,1
BRDA:26,1,1,4
BRDA:45,2,0,4
BRDA:45,2,1,2
BRDA:87,3,0,2
BRDA:87,3,1,1
BRF:7
BRH:7
end_of_record
TN:
SF:src\workflows\text-to-vector.ts
FN:32,(anonymous_0)
FN:36,(anonymous_1)
FN:41,(anonymous_2)
FN:46,(anonymous_3)
FN:51,(anonymous_4)
FNF:5
FNH:5
FNDA:4,(anonymous_0)
FNDA:4,(anonymous_1)
FNDA:4,(anonymous_2)
FNDA:4,(anonymous_3)
FNDA:4,(anonymous_4)
DA:33,4
DA:36,4
DA:37,4
DA:41,4
DA:42,4
DA:46,4
DA:47,4
DA:51,4
DA:52,4
DA:56,4
LF:10
LH:10
BRDA:42,0,0,4
BRDA:42,0,1,3
BRF:2
BRH:2
end_of_record
