{"C:/Users/Administrator/AppData/Local/Temp/deploy-20250903083427/private/src/embeddings.ts": {"path":"C:/Users/Administrator/AppData/Local/Temp/deploy-20250903083427/private/src/embeddings.ts","statementMap":{"0":{"start":{"line":17,"column":33},"end":{"line":50,"column":null}},"1":{"start":{"line":18,"column":2},"end":{"line":49,"column":null}},"2":{"start":{"line":19,"column":17},"end":{"line":19,"column":null}},"3":{"start":{"line":20,"column":19},"end":{"line":20,"column":null}},"4":{"start":{"line":22,"column":19},"end":{"line":25,"column":null}},"5":{"start":{"line":27,"column":22},"end":{"line":27,"column":null}},"6":{"start":{"line":28,"column":4},"end":{"line":30,"column":null}},"7":{"start":{"line":29,"column":6},"end":{"line":29,"column":null}},"8":{"start":{"line":32,"column":4},"end":{"line":39,"column":null}},"9":{"start":{"line":41,"column":4},"end":{"line":41,"column":null}},"10":{"start":{"line":42,"column":4},"end":{"line":44,"column":null}},"11":{"start":{"line":43,"column":6},"end":{"line":43,"column":null}},"12":{"start":{"line":45,"column":4},"end":{"line":47,"column":null}},"13":{"start":{"line":46,"column":6},"end":{"line":46,"column":null}},"14":{"start":{"line":48,"column":4},"end":{"line":48,"column":null}},"15":{"start":{"line":55,"column":30},"end":{"line":105,"column":null}},"16":{"start":{"line":56,"column":2},"end":{"line":104,"column":null}},"17":{"start":{"line":57,"column":17},"end":{"line":57,"column":null}},"18":{"start":{"line":58,"column":19},"end":{"line":58,"column":null}},"19":{"start":{"line":61,"column":22},"end":{"line":61,"column":null}},"20":{"start":{"line":62,"column":35},"end":{"line":62,"column":null}},"21":{"start":{"line":64,"column":4},"end":{"line":80,"column":null}},"22":{"start":{"line":64,"column":17},"end":{"line":64,"column":20}},"23":{"start":{"line":65,"column":20},"end":{"line":65,"column":null}},"24":{"start":{"line":66,"column":23},"end":{"line":71,"column":null}},"25":{"start":{"line":67,"column":8},"end":{"line":70,"column":null}},"26":{"start":{"line":73,"column":22},"end":{"line":73,"column":null}},"27":{"start":{"line":74,"column":6},"end":{"line":79,"column":null}},"28":{"start":{"line":75,"column":26},"end":{"line":75,"column":null}},"29":{"start":{"line":76,"column":8},"end":{"line":78,"column":null}},"30":{"start":{"line":77,"column":10},"end":{"line":77,"column":null}},"31":{"start":{"line":82,"column":4},"end":{"line":84,"column":null}},"32":{"start":{"line":83,"column":6},"end":{"line":83,"column":null}},"33":{"start":{"line":86,"column":4},"end":{"line":94,"column":null}},"34":{"start":{"line":96,"column":4},"end":{"line":96,"column":null}},"35":{"start":{"line":97,"column":4},"end":{"line":99,"column":null}},"36":{"start":{"line":98,"column":6},"end":{"line":98,"column":null}},"37":{"start":{"line":100,"column":4},"end":{"line":102,"column":null}},"38":{"start":{"line":101,"column":6},"end":{"line":101,"column":null}},"39":{"start":{"line":103,"column":4},"end":{"line":103,"column":null}}},"fnMap":{"0":{"name":"(anonymous_0)","decl":{"start":{"line":17,"column":33},"end":{"line":17,"column":40}},"loc":{"start":{"line":17,"column":51},"end":{"line":50,"column":null}}},"1":{"name":"(anonymous_1)","decl":{"start":{"line":55,"column":30},"end":{"line":55,"column":37}},"loc":{"start":{"line":55,"column":48},"end":{"line":105,"column":null}}},"2":{"name":"(anonymous_2)","decl":{"start":{"line":66,"column":33},"end":{"line":66,"column":null}},"loc":{"start":{"line":67,"column":8},"end":{"line":70,"column":null}}}},"branchMap":{"0":{"loc":{"start":{"line":28,"column":4},"end":{"line":30,"column":null}},"type":"if","locations":[{"start":{"line":28,"column":4},"end":{"line":30,"column":null}},{"start":{},"end":{}}]},"1":{"loc":{"start":{"line":42,"column":4},"end":{"line":44,"column":null}},"type":"if","locations":[{"start":{"line":42,"column":4},"end":{"line":44,"column":null}},{"start":{},"end":{}}]},"2":{"loc":{"start":{"line":45,"column":4},"end":{"line":47,"column":null}},"type":"if","locations":[{"start":{"line":45,"column":4},"end":{"line":47,"column":null}},{"start":{},"end":{}}]},"3":{"loc":{"start":{"line":76,"column":8},"end":{"line":78,"column":null}},"type":"if","locations":[{"start":{"line":76,"column":8},"end":{"line":78,"column":null}},{"start":{},"end":{}}]},"4":{"loc":{"start":{"line":82,"column":4},"end":{"line":84,"column":null}},"type":"if","locations":[{"start":{"line":82,"column":4},"end":{"line":84,"column":null}},{"start":{},"end":{}}]},"5":{"loc":{"start":{"line":97,"column":4},"end":{"line":99,"column":null}},"type":"if","locations":[{"start":{"line":97,"column":4},"end":{"line":99,"column":null}},{"start":{},"end":{}}]},"6":{"loc":{"start":{"line":100,"column":4},"end":{"line":102,"column":null}},"type":"if","locations":[{"start":{"line":100,"column":4},"end":{"line":102,"column":null}},{"start":{},"end":{}}]}},"s":{"0":7,"1":11,"2":11,"3":11,"4":10,"5":7,"6":7,"7":2,"8":5,"9":6,"10":6,"11":1,"12":5,"13":4,"14":1,"15":7,"16":8,"17":8,"18":8,"19":7,"20":7,"21":7,"22":7,"23":7,"24":7,"25":9,"26":7,"27":4,"28":6,"29":6,"30":3,"31":4,"32":2,"33":2,"34":6,"35":6,"36":1,"37":5,"38":3,"39":2},"f":{"0":11,"1":8,"2":9},"b":{"0":[2,5],"1":[1,5],"2":[4,1],"3":[3,3],"4":[2,2],"5":[1,5],"6":[3,2]}}
,"C:/Users/Administrator/AppData/Local/Temp/deploy-20250903083427/private/src/routes.ts": {"path":"C:/Users/Administrator/AppData/Local/Temp/deploy-20250903083427/private/src/routes.ts","statementMap":{"0":{"start":{"line":26,"column":27},"end":{"line":42,"column":null}},"1":{"start":{"line":46,"column":30},"end":{"line":95,"column":null}},"2":{"start":{"line":97,"column":35},"end":{"line":146,"column":null}},"3":{"start":{"line":150,"column":33},"end":{"line":199,"column":null}},"4":{"start":{"line":201,"column":30},"end":{"line":249,"column":null}},"5":{"start":{"line":251,"column":33},"end":{"line":299,"column":null}},"6":{"start":{"line":301,"column":38},"end":{"line":353,"column":null}},"7":{"start":{"line":357,"column":27},"end":{"line":406,"column":null}},"8":{"start":{"line":410,"column":32},"end":{"line":453,"column":null}},"9":{"start":{"line":457,"column":33},"end":{"line":522,"column":null}},"10":{"start":{"line":526,"column":33},"end":{"line":556,"column":null}},"11":{"start":{"line":560,"column":35},"end":{"line":607,"column":null}},"12":{"start":{"line":611,"column":37},"end":{"line":652,"column":null}}},"fnMap":{},"branchMap":{},"s":{"0":6,"1":6,"2":6,"3":6,"4":6,"5":6,"6":6,"7":6,"8":6,"9":6,"10":6,"11":6,"12":6},"f":{},"b":{}}
,"C:/Users/Administrator/AppData/Local/Temp/deploy-20250903083427/private/src/schemas.ts": {"path":"C:/Users/Administrator/AppData/Local/Temp/deploy-20250903083427/private/src/schemas.ts","statementMap":{"0":{"start":{"line":9,"column":38},"end":{"line":21,"column":null}},"1":{"start":{"line":23,"column":43},"end":{"line":35,"column":null}},"2":{"start":{"line":37,"column":34},"end":{"line":53,"column":null}},"3":{"start":{"line":55,"column":28},"end":{"line":75,"column":null}},"4":{"start":{"line":79,"column":37},"end":{"line":89,"column":null}},"5":{"start":{"line":91,"column":35},"end":{"line":100,"column":null}},"6":{"start":{"line":102,"column":36},"end":{"line":113,"column":null}},"7":{"start":{"line":115,"column":39},"end":{"line":134,"column":null}},"8":{"start":{"line":136,"column":44},"end":{"line":159,"column":null}},"9":{"start":{"line":161,"column":36},"end":{"line":176,"column":null}},"10":{"start":{"line":178,"column":36},"end":{"line":200,"column":null}},"11":{"start":{"line":202,"column":45},"end":{"line":210,"column":null}},"12":{"start":{"line":212,"column":40},"end":{"line":242,"column":null}},"13":{"start":{"line":214,"column":4},"end":{"line":214,"column":null}},"14":{"start":{"line":214,"column":14},"end":{"line":214,"column":null}},"15":{"start":{"line":215,"column":19},"end":{"line":215,"column":null}},"16":{"start":{"line":216,"column":4},"end":{"line":216,"column":null}},"17":{"start":{"line":220,"column":4},"end":{"line":220,"column":null}},"18":{"start":{"line":220,"column":14},"end":{"line":220,"column":null}},"19":{"start":{"line":221,"column":4},"end":{"line":221,"column":null}},"20":{"start":{"line":227,"column":4},"end":{"line":227,"column":null}},"21":{"start":{"line":227,"column":14},"end":{"line":227,"column":null}},"22":{"start":{"line":228,"column":19},"end":{"line":228,"column":null}},"23":{"start":{"line":229,"column":4},"end":{"line":229,"column":null}},"24":{"start":{"line":233,"column":4},"end":{"line":233,"column":null}},"25":{"start":{"line":233,"column":14},"end":{"line":233,"column":null}},"26":{"start":{"line":234,"column":4},"end":{"line":234,"column":null}},"27":{"start":{"line":244,"column":41},"end":{"line":272,"column":null}},"28":{"start":{"line":274,"column":46},"end":{"line":293,"column":null}}},"fnMap":{"0":{"name":"(anonymous_0)","decl":{"start":{"line":213,"column":38},"end":{"line":213,"column":39}},"loc":{"start":{"line":213,"column":47},"end":{"line":217,"column":5}}},"1":{"name":"(anonymous_1)","decl":{"start":{"line":219,"column":15},"end":{"line":219,"column":16}},"loc":{"start":{"line":219,"column":24},"end":{"line":222,"column":3}}},"2":{"name":"(anonymous_2)","decl":{"start":{"line":226,"column":39},"end":{"line":226,"column":40}},"loc":{"start":{"line":226,"column":48},"end":{"line":230,"column":5}}},"3":{"name":"(anonymous_3)","decl":{"start":{"line":232,"column":15},"end":{"line":232,"column":16}},"loc":{"start":{"line":232,"column":24},"end":{"line":235,"column":3}}}},"branchMap":{"0":{"loc":{"start":{"line":214,"column":4},"end":{"line":214,"column":null}},"type":"if","locations":[{"start":{"line":214,"column":4},"end":{"line":214,"column":null}},{"start":{},"end":{}}]},"1":{"loc":{"start":{"line":216,"column":11},"end":{"line":216,"column":null}},"type":"binary-expr","locations":[{"start":{"line":216,"column":11},"end":{"line":216,"column":29}},{"start":{"line":216,"column":29},"end":{"line":216,"column":44}},{"start":{"line":216,"column":44},"end":{"line":216,"column":null}}]},"2":{"loc":{"start":{"line":220,"column":4},"end":{"line":220,"column":null}},"type":"if","locations":[{"start":{"line":220,"column":4},"end":{"line":220,"column":null}},{"start":{},"end":{}}]},"3":{"loc":{"start":{"line":227,"column":4},"end":{"line":227,"column":null}},"type":"if","locations":[{"start":{"line":227,"column":4},"end":{"line":227,"column":null}},{"start":{},"end":{}}]},"4":{"loc":{"start":{"line":229,"column":11},"end":{"line":229,"column":null}},"type":"binary-expr","locations":[{"start":{"line":229,"column":11},"end":{"line":229,"column":29}},{"start":{"line":229,"column":29},"end":{"line":229,"column":null}}]},"5":{"loc":{"start":{"line":233,"column":4},"end":{"line":233,"column":null}},"type":"if","locations":[{"start":{"line":233,"column":4},"end":{"line":233,"column":null}},{"start":{},"end":{}}]}},"s":{"0":9,"1":9,"2":9,"3":9,"4":9,"5":9,"6":9,"7":9,"8":9,"9":9,"10":9,"11":9,"12":9,"13":25,"14":14,"15":11,"16":11,"17":18,"18":14,"19":4,"20":25,"21":16,"22":9,"23":9,"24":20,"25":16,"26":4,"27":9,"28":9},"f":{"0":25,"1":18,"2":25,"3":20},"b":{"0":[14,11],"1":[11,8,6],"2":[14,4],"3":[16,9],"4":[9,5],"5":[16,4]}}
,"C:/Users/Administrator/AppData/Local/Temp/deploy-20250903083427/private/src/vectors.ts": {"path":"C:/Users/Administrator/AppData/Local/Temp/deploy-20250903083427/private/src/vectors.ts","statementMap":{"0":{"start":{"line":14,"column":2},"end":{"line":14,"column":null}},"1":{"start":{"line":20,"column":28},"end":{"line":63,"column":null}},"2":{"start":{"line":21,"column":2},"end":{"line":62,"column":null}},"3":{"start":{"line":22,"column":17},"end":{"line":22,"column":null}},"4":{"start":{"line":23,"column":19},"end":{"line":23,"column":null}},"5":{"start":{"line":24,"column":15},"end":{"line":24,"column":null}},"6":{"start":{"line":27,"column":4},"end":{"line":31,"column":null}},"7":{"start":{"line":34,"column":15},"end":{"line":34,"column":null}},"8":{"start":{"line":35,"column":4},"end":{"line":46,"column":null}},"9":{"start":{"line":48,"column":4},"end":{"line":52,"column":null}},"10":{"start":{"line":54,"column":4},"end":{"line":54,"column":null}},"11":{"start":{"line":55,"column":4},"end":{"line":57,"column":null}},"12":{"start":{"line":56,"column":6},"end":{"line":56,"column":null}},"13":{"start":{"line":58,"column":4},"end":{"line":60,"column":null}},"14":{"start":{"line":59,"column":6},"end":{"line":59,"column":null}},"15":{"start":{"line":61,"column":4},"end":{"line":61,"column":null}},"16":{"start":{"line":68,"column":25},"end":{"line":85,"column":null}},"17":{"start":{"line":69,"column":2},"end":{"line":84,"column":null}},"18":{"start":{"line":70,"column":20},"end":{"line":70,"column":null}},"19":{"start":{"line":72,"column":4},"end":{"line":74,"column":null}},"20":{"start":{"line":73,"column":6},"end":{"line":73,"column":null}},"21":{"start":{"line":76,"column":4},"end":{"line":79,"column":null}},"22":{"start":{"line":81,"column":4},"end":{"line":81,"column":null}},"23":{"start":{"line":82,"column":20},"end":{"line":82,"column":null}},"24":{"start":{"line":83,"column":4},"end":{"line":83,"column":null}},"25":{"start":{"line":90,"column":28},"end":{"line":112,"column":null}},"26":{"start":{"line":91,"column":2},"end":{"line":111,"column":null}},"27":{"start":{"line":92,"column":19},"end":{"line":92,"column":null}},"28":{"start":{"line":94,"column":4},"end":{"line":96,"column":null}},"29":{"start":{"line":95,"column":6},"end":{"line":95,"column":null}},"30":{"start":{"line":99,"column":15},"end":{"line":99,"column":null}},"31":{"start":{"line":100,"column":4},"end":{"line":100,"column":null}},"32":{"start":{"line":102,"column":4},"end":{"line":106,"column":null}},"33":{"start":{"line":108,"column":4},"end":{"line":108,"column":null}},"34":{"start":{"line":109,"column":20},"end":{"line":109,"column":null}},"35":{"start":{"line":110,"column":4},"end":{"line":110,"column":null}},"36":{"start":{"line":117,"column":29},"end":{"line":169,"column":null}},"37":{"start":{"line":118,"column":2},"end":{"line":168,"column":null}},"38":{"start":{"line":119,"column":17},"end":{"line":119,"column":null}},"39":{"start":{"line":120,"column":19},"end":{"line":120,"column":null}},"40":{"start":{"line":124,"column":4},"end":{"line":139,"column":null}},"41":{"start":{"line":125,"column":6},"end":{"line":125,"column":null}},"42":{"start":{"line":126,"column":4},"end":{"line":139,"column":null}},"43":{"start":{"line":128,"column":21},"end":{"line":131,"column":null}},"44":{"start":{"line":132,"column":24},"end":{"line":132,"column":null}},"45":{"start":{"line":133,"column":6},"end":{"line":135,"column":null}},"46":{"start":{"line":134,"column":8},"end":{"line":134,"column":null}},"47":{"start":{"line":136,"column":6},"end":{"line":136,"column":null}},"48":{"start":{"line":138,"column":6},"end":{"line":138,"column":null}},"49":{"start":{"line":141,"column":20},"end":{"line":144,"column":null}},"50":{"start":{"line":147,"column":28},"end":{"line":150,"column":null}},"51":{"start":{"line":147,"column":65},"end":{"line":150,"column":6}},"52":{"start":{"line":152,"column":4},"end":{"line":158,"column":null}},"53":{"start":{"line":160,"column":4},"end":{"line":160,"column":null}},"54":{"start":{"line":161,"column":4},"end":{"line":163,"column":null}},"55":{"start":{"line":162,"column":6},"end":{"line":162,"column":null}},"56":{"start":{"line":164,"column":4},"end":{"line":166,"column":null}},"57":{"start":{"line":165,"column":6},"end":{"line":165,"column":null}},"58":{"start":{"line":167,"column":4},"end":{"line":167,"column":null}},"59":{"start":{"line":174,"column":34},"end":{"line":224,"column":null}},"60":{"start":{"line":175,"column":2},"end":{"line":223,"column":null}},"61":{"start":{"line":176,"column":17},"end":{"line":176,"column":null}},"62":{"start":{"line":178,"column":4},"end":{"line":180,"column":null}},"63":{"start":{"line":179,"column":6},"end":{"line":179,"column":null}},"64":{"start":{"line":182,"column":24},"end":{"line":186,"column":null}},"65":{"start":{"line":182,"column":42},"end":{"line":186,"column":6}},"66":{"start":{"line":189,"column":4},"end":{"line":189,"column":null}},"67":{"start":{"line":192,"column":15},"end":{"line":192,"column":null}},"68":{"start":{"line":193,"column":27},"end":{"line":197,"column":null}},"69":{"start":{"line":193,"column":54},"end":{"line":197,"column":6}},"70":{"start":{"line":200,"column":4},"end":{"line":209,"column":null}},"71":{"start":{"line":201,"column":6},"end":{"line":208,"column":null}},"72":{"start":{"line":211,"column":4},"end":{"line":218,"column":null}},"73":{"start":{"line":215,"column":34},"end":{"line":215,"column":38}},"74":{"start":{"line":220,"column":4},"end":{"line":220,"column":null}},"75":{"start":{"line":221,"column":20},"end":{"line":221,"column":null}},"76":{"start":{"line":222,"column":4},"end":{"line":222,"column":null}},"77":{"start":{"line":230,"column":32},"end":{"line":252,"column":null}},"78":{"start":{"line":232,"column":24},"end":{"line":232,"column":null}},"79":{"start":{"line":233,"column":16},"end":{"line":233,"column":null}},"80":{"start":{"line":236,"column":22},"end":{"line":240,"column":null}},"81":{"start":{"line":243,"column":24},"end":{"line":249,"column":null}},"82":{"start":{"line":243,"column":56},"end":{"line":249,"column":4}},"83":{"start":{"line":251,"column":2},"end":{"line":251,"column":null}},"84":{"start":{"line":257,"column":27},"end":{"line":286,"column":null}},"85":{"start":{"line":258,"column":2},"end":{"line":285,"column":null}},"86":{"start":{"line":259,"column":18},"end":{"line":259,"column":null}},"87":{"start":{"line":260,"column":19},"end":{"line":260,"column":null}},"88":{"start":{"line":262,"column":15},"end":{"line":262,"column":null}},"89":{"start":{"line":265,"column":31},"end":{"line":265,"column":null}},"90":{"start":{"line":267,"column":4},"end":{"line":275,"column":null}},"91":{"start":{"line":277,"column":4},"end":{"line":277,"column":null}},"92":{"start":{"line":278,"column":4},"end":{"line":280,"column":null}},"93":{"start":{"line":279,"column":6},"end":{"line":279,"column":null}},"94":{"start":{"line":281,"column":4},"end":{"line":283,"column":null}},"95":{"start":{"line":282,"column":6},"end":{"line":282,"column":null}},"96":{"start":{"line":284,"column":4},"end":{"line":284,"column":null}},"97":{"start":{"line":291,"column":32},"end":{"line":321,"column":null}},"98":{"start":{"line":292,"column":2},"end":{"line":320,"column":null}},"99":{"start":{"line":293,"column":17},"end":{"line":293,"column":null}},"100":{"start":{"line":294,"column":19},"end":{"line":294,"column":null}},"101":{"start":{"line":296,"column":25},"end":{"line":296,"column":null}},"102":{"start":{"line":297,"column":25},"end":{"line":297,"column":null}},"103":{"start":{"line":300,"column":15},"end":{"line":300,"column":null}},"104":{"start":{"line":301,"column":4},"end":{"line":301,"column":null}},"105":{"start":{"line":303,"column":4},"end":{"line":310,"column":null}},"106":{"start":{"line":312,"column":4},"end":{"line":312,"column":null}},"107":{"start":{"line":313,"column":4},"end":{"line":315,"column":null}},"108":{"start":{"line":314,"column":6},"end":{"line":314,"column":null}},"109":{"start":{"line":316,"column":4},"end":{"line":318,"column":null}},"110":{"start":{"line":317,"column":6},"end":{"line":317,"column":null}},"111":{"start":{"line":319,"column":4},"end":{"line":319,"column":null}}},"fnMap":{"0":{"name":"generateId","decl":{"start":{"line":13,"column":9},"end":{"line":13,"column":30}},"loc":{"start":{"line":13,"column":30},"end":{"line":15,"column":null}}},"1":{"name":"(anonymous_1)","decl":{"start":{"line":20,"column":28},"end":{"line":20,"column":35}},"loc":{"start":{"line":20,"column":46},"end":{"line":63,"column":null}}},"2":{"name":"(anonymous_2)","decl":{"start":{"line":68,"column":25},"end":{"line":68,"column":32}},"loc":{"start":{"line":68,"column":55},"end":{"line":85,"column":null}}},"3":{"name":"(anonymous_3)","decl":{"start":{"line":90,"column":28},"end":{"line":90,"column":35}},"loc":{"start":{"line":90,"column":58},"end":{"line":112,"column":null}}},"4":{"name":"(anonymous_4)","decl":{"start":{"line":117,"column":29},"end":{"line":117,"column":36}},"loc":{"start":{"line":117,"column":47},"end":{"line":169,"column":null}}},"5":{"name":"(anonymous_5)","decl":{"start":{"line":147,"column":48},"end":{"line":147,"column":49}},"loc":{"start":{"line":147,"column":65},"end":{"line":150,"column":6}}},"6":{"name":"(anonymous_6)","decl":{"start":{"line":174,"column":34},"end":{"line":174,"column":41}},"loc":{"start":{"line":174,"column":52},"end":{"line":224,"column":null}}},"7":{"name":"(anonymous_7)","decl":{"start":{"line":182,"column":33},"end":{"line":182,"column":42}},"loc":{"start":{"line":182,"column":42},"end":{"line":186,"column":6}}},"8":{"name":"(anonymous_8)","decl":{"start":{"line":193,"column":43},"end":{"line":193,"column":54}},"loc":{"start":{"line":193,"column":54},"end":{"line":197,"column":6}}},"9":{"name":"(anonymous_9)","decl":{"start":{"line":215,"column":29},"end":{"line":215,"column":34}},"loc":{"start":{"line":215,"column":34},"end":{"line":215,"column":38}}},"10":{"name":"(anonymous_10)","decl":{"start":{"line":230,"column":32},"end":{"line":230,"column":39}},"loc":{"start":{"line":230,"column":82},"end":{"line":252,"column":null}}},"11":{"name":"(anonymous_11)","decl":{"start":{"line":243,"column":40},"end":{"line":243,"column":41}},"loc":{"start":{"line":243,"column":56},"end":{"line":249,"column":4}}},"12":{"name":"(anonymous_12)","decl":{"start":{"line":257,"column":27},"end":{"line":257,"column":34}},"loc":{"start":{"line":257,"column":45},"end":{"line":286,"column":null}}},"13":{"name":"(anonymous_13)","decl":{"start":{"line":291,"column":32},"end":{"line":291,"column":39}},"loc":{"start":{"line":291,"column":50},"end":{"line":321,"column":null}}}},"branchMap":{"0":{"loc":{"start":{"line":24,"column":15},"end":{"line":24,"column":null}},"type":"binary-expr","locations":[{"start":{"line":24,"column":15},"end":{"line":24,"column":28}},{"start":{"line":24,"column":28},"end":{"line":24,"column":null}}]},"1":{"loc":{"start":{"line":30,"column":16},"end":{"line":30,"column":null}},"type":"binary-expr","locations":[{"start":{"line":30,"column":16},"end":{"line":30,"column":35}},{"start":{"line":30,"column":35},"end":{"line":30,"column":null}}]},"2":{"loc":{"start":{"line":55,"column":4},"end":{"line":57,"column":null}},"type":"if","locations":[{"start":{"line":55,"column":4},"end":{"line":57,"column":null}},{"start":{},"end":{}}]},"3":{"loc":{"start":{"line":58,"column":4},"end":{"line":60,"column":null}},"type":"if","locations":[{"start":{"line":58,"column":4},"end":{"line":60,"column":null}},{"start":{},"end":{}}]},"4":{"loc":{"start":{"line":72,"column":4},"end":{"line":74,"column":null}},"type":"if","locations":[{"start":{"line":72,"column":4},"end":{"line":74,"column":null}},{"start":{},"end":{}}]},"5":{"loc":{"start":{"line":72,"column":8},"end":{"line":72,"column":42}},"type":"binary-expr","locations":[{"start":{"line":72,"column":8},"end":{"line":72,"column":20}},{"start":{"line":72,"column":20},"end":{"line":72,"column":42}}]},"6":{"loc":{"start":{"line":82,"column":20},"end":{"line":82,"column":null}},"type":"cond-expr","locations":[{"start":{"line":82,"column":43},"end":{"line":82,"column":57}},{"start":{"line":82,"column":57},"end":{"line":82,"column":null}}]},"7":{"loc":{"start":{"line":94,"column":4},"end":{"line":96,"column":null}},"type":"if","locations":[{"start":{"line":94,"column":4},"end":{"line":96,"column":null}},{"start":{},"end":{}}]},"8":{"loc":{"start":{"line":109,"column":20},"end":{"line":109,"column":null}},"type":"cond-expr","locations":[{"start":{"line":109,"column":43},"end":{"line":109,"column":57}},{"start":{"line":109,"column":57},"end":{"line":109,"column":null}}]},"9":{"loc":{"start":{"line":124,"column":4},"end":{"line":139,"column":null}},"type":"if","locations":[{"start":{"line":124,"column":4},"end":{"line":139,"column":null}},{"start":{"line":126,"column":4},"end":{"line":139,"column":null}}]},"10":{"loc":{"start":{"line":126,"column":4},"end":{"line":139,"column":null}},"type":"if","locations":[{"start":{"line":126,"column":4},"end":{"line":139,"column":null}},{"start":{"line":137,"column":11},"end":{"line":139,"column":null}}]},"11":{"loc":{"start":{"line":133,"column":6},"end":{"line":135,"column":null}},"type":"if","locations":[{"start":{"line":133,"column":6},"end":{"line":135,"column":null}},{"start":{},"end":{}}]},"12":{"loc":{"start":{"line":149,"column":12},"end":{"line":149,"column":null}},"type":"binary-expr","locations":[{"start":{"line":149,"column":12},"end":{"line":149,"column":36}},{"start":{"line":149,"column":36},"end":{"line":149,"column":null}}]},"13":{"loc":{"start":{"line":161,"column":4},"end":{"line":163,"column":null}},"type":"if","locations":[{"start":{"line":161,"column":4},"end":{"line":163,"column":null}},{"start":{},"end":{}}]},"14":{"loc":{"start":{"line":164,"column":4},"end":{"line":166,"column":null}},"type":"if","locations":[{"start":{"line":164,"column":4},"end":{"line":166,"column":null}},{"start":{},"end":{}}]},"15":{"loc":{"start":{"line":178,"column":4},"end":{"line":180,"column":null}},"type":"if","locations":[{"start":{"line":178,"column":4},"end":{"line":180,"column":null}},{"start":{},"end":{}}]},"16":{"loc":{"start":{"line":178,"column":8},"end":{"line":178,"column":51}},"type":"binary-expr","locations":[{"start":{"line":178,"column":8},"end":{"line":178,"column":32}},{"start":{"line":178,"column":32},"end":{"line":178,"column":51}}]},"17":{"loc":{"start":{"line":183,"column":10},"end":{"line":183,"column":null}},"type":"binary-expr","locations":[{"start":{"line":183,"column":10},"end":{"line":183,"column":21}},{"start":{"line":183,"column":21},"end":{"line":183,"column":null}}]},"18":{"loc":{"start":{"line":185,"column":16},"end":{"line":185,"column":null}},"type":"binary-expr","locations":[{"start":{"line":185,"column":16},"end":{"line":185,"column":33}},{"start":{"line":185,"column":33},"end":{"line":185,"column":null}}]},"19":{"loc":{"start":{"line":221,"column":20},"end":{"line":221,"column":null}},"type":"cond-expr","locations":[{"start":{"line":221,"column":43},"end":{"line":221,"column":57}},{"start":{"line":221,"column":57},"end":{"line":221,"column":null}}]},"20":{"loc":{"start":{"line":233,"column":16},"end":{"line":233,"column":null}},"type":"binary-expr","locations":[{"start":{"line":233,"column":16},"end":{"line":233,"column":38}},{"start":{"line":233,"column":38},"end":{"line":233,"column":null}}]},"21":{"loc":{"start":{"line":278,"column":4},"end":{"line":280,"column":null}},"type":"if","locations":[{"start":{"line":278,"column":4},"end":{"line":280,"column":null}},{"start":{},"end":{}}]},"22":{"loc":{"start":{"line":281,"column":4},"end":{"line":283,"column":null}},"type":"if","locations":[{"start":{"line":281,"column":4},"end":{"line":283,"column":null}},{"start":{},"end":{}}]},"23":{"loc":{"start":{"line":297,"column":25},"end":{"line":297,"column":null}},"type":"binary-expr","locations":[{"start":{"line":297,"column":25},"end":{"line":297,"column":47}},{"start":{"line":297,"column":47},"end":{"line":297,"column":null}}]},"24":{"loc":{"start":{"line":313,"column":4},"end":{"line":315,"column":null}},"type":"if","locations":[{"start":{"line":313,"column":4},"end":{"line":315,"column":null}},{"start":{},"end":{}}]},"25":{"loc":{"start":{"line":316,"column":4},"end":{"line":318,"column":null}},"type":"if","locations":[{"start":{"line":316,"column":4},"end":{"line":318,"column":null}},{"start":{},"end":{}}]}},"s":{"0":11,"1":9,"2":9,"3":9,"4":9,"5":8,"6":8,"7":4,"8":4,"9":4,"10":5,"11":5,"12":1,"13":4,"14":2,"15":2,"16":9,"17":6,"18":6,"19":3,"20":1,"21":2,"22":3,"23":3,"24":3,"25":9,"26":6,"27":6,"28":3,"29":1,"30":2,"31":2,"32":2,"33":3,"34":3,"35":3,"36":9,"37":14,"38":14,"39":14,"40":13,"41":9,"42":4,"43":3,"44":3,"45":3,"46":1,"47":2,"48":1,"49":11,"50":7,"51":5,"52":7,"53":6,"54":6,"55":1,"56":5,"57":3,"58":2,"59":9,"60":5,"61":5,"62":5,"63":1,"64":4,"65":6,"66":4,"67":1,"68":1,"69":3,"70":1,"71":3,"72":1,"73":3,"74":3,"75":3,"76":3,"77":9,"78":10,"79":6,"80":6,"81":6,"82":5,"83":6,"84":9,"85":6,"86":6,"87":6,"88":5,"89":5,"90":1,"91":5,"92":5,"93":1,"94":4,"95":3,"96":1,"97":9,"98":5,"99":5,"100":5,"101":4,"102":2,"103":2,"104":2,"105":2,"106":3,"107":3,"108":1,"109":2,"110":1,"111":1},"f":{"0":11,"1":9,"2":6,"3":6,"4":14,"5":5,"6":5,"7":6,"8":3,"9":3,"10":10,"11":5,"12":6,"13":5},"b":{"0":[8,6],"1":[8,6],"2":[1,4],"3":[2,2],"4":[1,2],"5":[3,3],"6":[1,2],"7":[1,2],"8":[1,2],"9":[9,4],"10":[3,1],"11":[1,2],"12":[5,5],"13":[1,5],"14":[3,2],"15":[1,4],"16":[5,5],"17":[6,5],"18":[6,5],"19":[1,2],"20":[6,3],"21":[1,4],"22":[3,1],"23":[2,1],"24":[1,2],"25":[1,1]}}
,"C:/Users/Administrator/AppData/Local/Temp/deploy-20250903083427/private/src/db/index.ts": {"path":"C:/Users/Administrator/AppData/Local/Temp/deploy-20250903083427/private/src/db/index.ts","statementMap":{"0":{"start":{"line":9,"column":2},"end":{"line":9,"column":null}}},"fnMap":{"0":{"name":"createDbClient","decl":{"start":{"line":8,"column":16},"end":{"line":8,"column":31}},"loc":{"start":{"line":8,"column":47},"end":{"line":10,"column":null}}}},"branchMap":{},"s":{"0":15},"f":{"0":15},"b":{}}
,"C:/Users/Administrator/AppData/Local/Temp/deploy-20250903083427/private/src/handlers/text-to-vector.ts": {"path":"C:/Users/Administrator/AppData/Local/Temp/deploy-20250903083427/private/src/handlers/text-to-vector.ts","statementMap":{"0":{"start":{"line":8,"column":36},"end":{"line":62,"column":null}},"1":{"start":{"line":9,"column":2},"end":{"line":61,"column":null}},"2":{"start":{"line":10,"column":17},"end":{"line":10,"column":null}},"3":{"start":{"line":13,"column":4},"end":{"line":18,"column":null}},"4":{"start":{"line":14,"column":6},"end":{"line":17,"column":null}},"5":{"start":{"line":21,"column":21},"end":{"line":21,"column":null}},"6":{"start":{"line":24,"column":21},"end":{"line":30,"column":null}},"7":{"start":{"line":33,"column":15},"end":{"line":33,"column":null}},"8":{"start":{"line":34,"column":4},"end":{"line":45,"column":null}},"9":{"start":{"line":48,"column":4},"end":{"line":56,"column":null}},"10":{"start":{"line":58,"column":4},"end":{"line":58,"column":null}},"11":{"start":{"line":59,"column":20},"end":{"line":59,"column":null}},"12":{"start":{"line":60,"column":4},"end":{"line":60,"column":null}},"13":{"start":{"line":67,"column":29},"end":{"line":124,"column":null}},"14":{"start":{"line":68,"column":2},"end":{"line":123,"column":null}},"15":{"start":{"line":69,"column":15},"end":{"line":69,"column":null}},"16":{"start":{"line":72,"column":18},"end":{"line":72,"column":null}},"17":{"start":{"line":73,"column":18},"end":{"line":73,"column":null}},"18":{"start":{"line":74,"column":19},"end":{"line":74,"column":null}},"19":{"start":{"line":75,"column":19},"end":{"line":75,"column":null}},"20":{"start":{"line":78,"column":24},"end":{"line":78,"column":null}},"21":{"start":{"line":81,"column":4},"end":{"line":84,"column":null}},"22":{"start":{"line":82,"column":21},"end":{"line":82,"column":null}},"23":{"start":{"line":83,"column":6},"end":{"line":83,"column":null}},"24":{"start":{"line":87,"column":21},"end":{"line":87,"column":null}},"25":{"start":{"line":88,"column":26},"end":{"line":91,"column":null}},"26":{"start":{"line":94,"column":22},"end":{"line":94,"column":null}},"27":{"start":{"line":95,"column":26},"end":{"line":95,"column":null}},"28":{"start":{"line":96,"column":18},"end":{"line":96,"column":null}},"29":{"start":{"line":99,"column":28},"end":{"line":108,"column":null}},"30":{"start":{"line":99,"column":52},"end":{"line":108,"column":6}},"31":{"start":{"line":110,"column":4},"end":{"line":118,"column":null}},"32":{"start":{"line":120,"column":4},"end":{"line":120,"column":null}},"33":{"start":{"line":121,"column":20},"end":{"line":121,"column":null}},"34":{"start":{"line":122,"column":4},"end":{"line":122,"column":null}},"35":{"start":{"line":129,"column":33},"end":{"line":162,"column":null}},"36":{"start":{"line":130,"column":2},"end":{"line":161,"column":null}},"37":{"start":{"line":131,"column":23},"end":{"line":131,"column":null}},"38":{"start":{"line":132,"column":21},"end":{"line":132,"column":null}},"39":{"start":{"line":134,"column":21},"end":{"line":134,"column":null}},"40":{"start":{"line":135,"column":19},"end":{"line":135,"column":null}},"41":{"start":{"line":138,"column":15},"end":{"line":138,"column":null}},"42":{"start":{"line":139,"column":19},"end":{"line":139,"column":null}},"43":{"start":{"line":140,"column":4},"end":{"line":147,"column":null}},"44":{"start":{"line":149,"column":4},"end":{"line":156,"column":null}},"45":{"start":{"line":158,"column":4},"end":{"line":158,"column":null}},"46":{"start":{"line":159,"column":20},"end":{"line":159,"column":null}},"47":{"start":{"line":160,"column":4},"end":{"line":160,"column":null}}},"fnMap":{"0":{"name":"(anonymous_0)","decl":{"start":{"line":8,"column":36},"end":{"line":8,"column":43}},"loc":{"start":{"line":8,"column":54},"end":{"line":62,"column":null}}},"1":{"name":"(anonymous_1)","decl":{"start":{"line":67,"column":29},"end":{"line":67,"column":36}},"loc":{"start":{"line":67,"column":47},"end":{"line":124,"column":null}}},"2":{"name":"(anonymous_2)","decl":{"start":{"line":99,"column":46},"end":{"line":99,"column":52}},"loc":{"start":{"line":99,"column":52},"end":{"line":108,"column":6}}},"3":{"name":"(anonymous_3)","decl":{"start":{"line":129,"column":33},"end":{"line":129,"column":40}},"loc":{"start":{"line":129,"column":51},"end":{"line":162,"column":null}}}},"branchMap":{"0":{"loc":{"start":{"line":13,"column":4},"end":{"line":18,"column":null}},"type":"if","locations":[{"start":{"line":13,"column":4},"end":{"line":18,"column":null}},{"start":{},"end":{}}]},"1":{"loc":{"start":{"line":13,"column":8},"end":{"line":13,"column":86}},"type":"binary-expr","locations":[{"start":{"line":13,"column":8},"end":{"line":13,"column":22}},{"start":{"line":13,"column":22},"end":{"line":13,"column":55}},{"start":{"line":13,"column":55},"end":{"line":13,"column":86}}]},"2":{"loc":{"start":{"line":36,"column":16},"end":{"line":36,"column":null}},"type":"binary-expr","locations":[{"start":{"line":36,"column":16},"end":{"line":36,"column":27}},{"start":{"line":36,"column":27},"end":{"line":36,"column":null}}]},"3":{"loc":{"start":{"line":52,"column":18},"end":{"line":52,"column":null}},"type":"binary-expr","locations":[{"start":{"line":52,"column":18},"end":{"line":52,"column":29}},{"start":{"line":52,"column":29},"end":{"line":52,"column":null}}]},"4":{"loc":{"start":{"line":59,"column":20},"end":{"line":59,"column":null}},"type":"cond-expr","locations":[{"start":{"line":59,"column":43},"end":{"line":59,"column":57}},{"start":{"line":59,"column":57},"end":{"line":59,"column":null}}]},"5":{"loc":{"start":{"line":73,"column":27},"end":{"line":73,"column":47}},"type":"binary-expr","locations":[{"start":{"line":73,"column":27},"end":{"line":73,"column":42}},{"start":{"line":73,"column":42},"end":{"line":73,"column":47}}]},"6":{"loc":{"start":{"line":74,"column":28},"end":{"line":74,"column":47}},"type":"binary-expr","locations":[{"start":{"line":74,"column":28},"end":{"line":74,"column":44}},{"start":{"line":74,"column":44},"end":{"line":74,"column":47}}]},"7":{"loc":{"start":{"line":81,"column":4},"end":{"line":84,"column":null}},"type":"if","locations":[{"start":{"line":81,"column":4},"end":{"line":84,"column":null}},{"start":{},"end":{}}]},"8":{"loc":{"start":{"line":96,"column":18},"end":{"line":96,"column":null}},"type":"binary-expr","locations":[{"start":{"line":96,"column":18},"end":{"line":96,"column":40}},{"start":{"line":96,"column":40},"end":{"line":96,"column":null}}]},"9":{"loc":{"start":{"line":121,"column":20},"end":{"line":121,"column":null}},"type":"cond-expr","locations":[{"start":{"line":121,"column":43},"end":{"line":121,"column":57}},{"start":{"line":121,"column":57},"end":{"line":121,"column":null}}]},"10":{"loc":{"start":{"line":144,"column":15},"end":{"line":144,"column":null}},"type":"binary-expr","locations":[{"start":{"line":144,"column":15},"end":{"line":144,"column":31}},{"start":{"line":144,"column":31},"end":{"line":144,"column":null}}]},"11":{"loc":{"start":{"line":159,"column":20},"end":{"line":159,"column":null}},"type":"cond-expr","locations":[{"start":{"line":159,"column":43},"end":{"line":159,"column":57}},{"start":{"line":159,"column":57},"end":{"line":159,"column":null}}]}},"s":{"0":8,"1":16,"2":16,"3":16,"4":7,"5":9,"6":9,"7":4,"8":4,"9":4,"10":5,"11":5,"12":5,"13":8,"14":4,"15":4,"16":2,"17":2,"18":2,"19":2,"20":2,"21":2,"22":1,"23":1,"24":2,"25":2,"26":2,"27":2,"28":2,"29":2,"30":1,"31":2,"32":2,"33":2,"34":2,"35":8,"36":6,"37":6,"38":6,"39":6,"40":3,"41":3,"42":3,"43":3,"44":3,"45":3,"46":3,"47":3},"f":{"0":16,"1":4,"2":1,"3":6},"b":{"0":[7,9],"1":[16,13,11],"2":[4,2],"3":[4,2],"4":[3,2],"5":[2,2],"6":[2,2],"7":[1,1],"8":[2,1],"9":[1,1],"10":[3,3],"11":[2,1]}}
,"C:/Users/Administrator/AppData/Local/Temp/deploy-20250903083427/private/src/lib/vector-utils.ts": {"path":"C:/Users/Administrator/AppData/Local/Temp/deploy-20250903083427/private/src/lib/vector-utils.ts","statementMap":{"0":{"start":{"line":12,"column":2},"end":{"line":12,"column":null}},"1":{"start":{"line":23,"column":17},"end":{"line":23,"column":null}},"2":{"start":{"line":25,"column":20},"end":{"line":25,"column":null}},"3":{"start":{"line":26,"column":2},"end":{"line":28,"column":null}},"4":{"start":{"line":27,"column":4},"end":{"line":27,"column":null}},"5":{"start":{"line":30,"column":2},"end":{"line":30,"column":null}},"6":{"start":{"line":44,"column":27},"end":{"line":46,"column":null}},"7":{"start":{"line":49,"column":2},"end":{"line":53,"column":null}},"8":{"start":{"line":65,"column":19},"end":{"line":65,"column":null}},"9":{"start":{"line":66,"column":2},"end":{"line":77,"column":null}},"10":{"start":{"line":91,"column":20},"end":{"line":91,"column":null}},"11":{"start":{"line":94,"column":13},"end":{"line":94,"column":null}},"12":{"start":{"line":96,"column":2},"end":{"line":125,"column":null}},"13":{"start":{"line":98,"column":4},"end":{"line":98,"column":null}},"14":{"start":{"line":101,"column":29},"end":{"line":101,"column":null}},"15":{"start":{"line":102,"column":4},"end":{"line":102,"column":null}},"16":{"start":{"line":104,"column":4},"end":{"line":104,"column":null}},"17":{"start":{"line":107,"column":42},"end":{"line":107,"column":null}},"18":{"start":{"line":108,"column":15},"end":{"line":108,"column":null}},"19":{"start":{"line":111,"column":4},"end":{"line":118,"column":null}},"20":{"start":{"line":121,"column":29},"end":{"line":121,"column":null}},"21":{"start":{"line":122,"column":4},"end":{"line":122,"column":null}},"22":{"start":{"line":124,"column":4},"end":{"line":124,"column":null}}},"fnMap":{"0":{"name":"generateVectorId","decl":{"start":{"line":11,"column":16},"end":{"line":11,"column":43}},"loc":{"start":{"line":11,"column":43},"end":{"line":13,"column":null}}},"1":{"name":"generateEmbeddingFromText","decl":{"start":{"line":18,"column":22},"end":{"line":18,"column":null}},"loc":{"start":{"line":22,"column":21},"end":{"line":31,"column":null}}},"2":{"name":"storeInVectorize","decl":{"start":{"line":36,"column":22},"end":{"line":36,"column":null}},"loc":{"start":{"line":42,"column":17},"end":{"line":54,"column":null}}},"3":{"name":"storeVectorMetadata","decl":{"start":{"line":59,"column":22},"end":{"line":59,"column":null}},"loc":{"start":{"line":64,"column":17},"end":{"line":78,"column":null}}},"4":{"name":"createVectorFromTextComplete","decl":{"start":{"line":84,"column":22},"end":{"line":84,"column":null}},"loc":{"start":{"line":89,"column":64},"end":{"line":126,"column":null}}}},"branchMap":{"0":{"loc":{"start":{"line":21,"column":2},"end":{"line":21,"column":null}},"type":"default-arg","locations":[{"start":{"line":21,"column":18},"end":{"line":21,"column":null}}]},"1":{"loc":{"start":{"line":26,"column":2},"end":{"line":28,"column":null}},"type":"if","locations":[{"start":{"line":26,"column":2},"end":{"line":28,"column":null}},{"start":{},"end":{}}]},"2":{"loc":{"start":{"line":44,"column":27},"end":{"line":46,"column":null}},"type":"cond-expr","locations":[{"start":{"line":45,"column":6},"end":{"line":45,"column":null}},{"start":{"line":46,"column":6},"end":{"line":46,"column":null}}]},"3":{"loc":{"start":{"line":46,"column":6},"end":{"line":46,"column":null}},"type":"binary-expr","locations":[{"start":{"line":46,"column":6},"end":{"line":46,"column":18}},{"start":{"line":46,"column":18},"end":{"line":46,"column":null}}]},"4":{"loc":{"start":{"line":94,"column":13},"end":{"line":94,"column":null}},"type":"binary-expr","locations":[{"start":{"line":94,"column":13},"end":{"line":94,"column":25}},{"start":{"line":94,"column":25},"end":{"line":94,"column":null}}]},"5":{"loc":{"start":{"line":116,"column":13},"end":{"line":116,"column":null}},"type":"binary-expr","locations":[{"start":{"line":116,"column":13},"end":{"line":116,"column":30}},{"start":{"line":116,"column":30},"end":{"line":116,"column":null}}]},"6":{"loc":{"start":{"line":124,"column":35},"end":{"line":124,"column":83}},"type":"binary-expr","locations":[{"start":{"line":124,"column":35},"end":{"line":124,"column":52}},{"start":{"line":124,"column":52},"end":{"line":124,"column":83}}]}},"s":{"0":4,"1":9,"2":9,"3":9,"4":1,"5":8,"6":8,"7":8,"8":6,"9":6,"10":6,"11":6,"12":6,"13":6,"14":3,"15":3,"16":3,"17":3,"18":3,"19":3,"20":3,"21":3,"22":3},"f":{"0":4,"1":9,"2":8,"3":6,"4":6},"b":{"0":[8],"1":[1,8],"2":[6,2],"3":[2,1],"4":[6,2],"5":[3,1],"6":[3,1]}}
,"C:/Users/Administrator/AppData/Local/Temp/deploy-20250903083427/private/src/workflows/text-to-vector.ts": {"path":"C:/Users/Administrator/AppData/Local/Temp/deploy-20250903083427/private/src/workflows/text-to-vector.ts","statementMap":{"0":{"start":{"line":33,"column":35},"end":{"line":33,"column":null}},"1":{"start":{"line":36,"column":4},"end":{"line":110,"column":null}},"2":{"start":{"line":38,"column":24},"end":{"line":40,"column":null}},"3":{"start":{"line":39,"column":8},"end":{"line":39,"column":null}},"4":{"start":{"line":43,"column":6},"end":{"line":45,"column":null}},"5":{"start":{"line":44,"column":8},"end":{"line":44,"column":null}},"6":{"start":{"line":49,"column":6},"end":{"line":76,"column":null}},"7":{"start":{"line":50,"column":8},"end":{"line":52,"column":null}},"8":{"start":{"line":51,"column":10},"end":{"line":51,"column":null}},"9":{"start":{"line":55,"column":8},"end":{"line":67,"column":null}},"10":{"start":{"line":56,"column":48},"end":{"line":56,"column":null}},"11":{"start":{"line":57,"column":21},"end":{"line":57,"column":null}},"12":{"start":{"line":59,"column":10},"end":{"line":66,"column":null}},"13":{"start":{"line":70,"column":8},"end":{"line":75,"column":null}},"14":{"start":{"line":79,"column":6},"end":{"line":82,"column":null}},"15":{"start":{"line":80,"column":33},"end":{"line":80,"column":null}},"16":{"start":{"line":81,"column":8},"end":{"line":81,"column":null}},"17":{"start":{"line":85,"column":6},"end":{"line":89,"column":null}},"18":{"start":{"line":92,"column":6},"end":{"line":104,"column":null}},"19":{"start":{"line":93,"column":46},"end":{"line":93,"column":null}},"20":{"start":{"line":94,"column":19},"end":{"line":94,"column":null}},"21":{"start":{"line":96,"column":8},"end":{"line":103,"column":null}},"22":{"start":{"line":106,"column":6},"end":{"line":109,"column":null}}},"fnMap":{"0":{"name":"(anonymous_0)","decl":{"start":{"line":32,"column":2},"end":{"line":32,"column":8}},"loc":{"start":{"line":32,"column":73},"end":{"line":111,"column":null}}},"1":{"name":"(anonymous_1)","decl":{"start":{"line":38,"column":60},"end":{"line":38,"column":72}},"loc":{"start":{"line":38,"column":72},"end":{"line":40,"column":7}}},"2":{"name":"(anonymous_2)","decl":{"start":{"line":43,"column":46},"end":{"line":43,"column":58}},"loc":{"start":{"line":43,"column":58},"end":{"line":45,"column":7}}},"3":{"name":"(anonymous_3)","decl":{"start":{"line":50,"column":44},"end":{"line":50,"column":56}},"loc":{"start":{"line":50,"column":56},"end":{"line":52,"column":9}}},"4":{"name":"(anonymous_4)","decl":{"start":{"line":55,"column":43},"end":{"line":55,"column":55}},"loc":{"start":{"line":55,"column":55},"end":{"line":67,"column":9}}},"5":{"name":"(anonymous_5)","decl":{"start":{"line":79,"column":35},"end":{"line":79,"column":47}},"loc":{"start":{"line":79,"column":47},"end":{"line":82,"column":7}}},"6":{"name":"(anonymous_6)","decl":{"start":{"line":92,"column":43},"end":{"line":92,"column":55}},"loc":{"start":{"line":92,"column":55},"end":{"line":104,"column":7}}}},"branchMap":{"0":{"loc":{"start":{"line":44,"column":15},"end":{"line":44,"column":null}},"type":"binary-expr","locations":[{"start":{"line":44,"column":15},"end":{"line":44,"column":21}},{"start":{"line":44,"column":21},"end":{"line":44,"column":null}}]},"1":{"loc":{"start":{"line":64,"column":19},"end":{"line":64,"column":null}},"type":"binary-expr","locations":[{"start":{"line":64,"column":19},"end":{"line":64,"column":45}},{"start":{"line":64,"column":45},"end":{"line":64,"column":null}}]},"2":{"loc":{"start":{"line":98,"column":20},"end":{"line":98,"column":null}},"type":"binary-expr","locations":[{"start":{"line":98,"column":20},"end":{"line":98,"column":32}},{"start":{"line":98,"column":32},"end":{"line":98,"column":null}}]},"3":{"loc":{"start":{"line":101,"column":17},"end":{"line":101,"column":null}},"type":"binary-expr","locations":[{"start":{"line":101,"column":17},"end":{"line":101,"column":34}},{"start":{"line":101,"column":34},"end":{"line":101,"column":null}}]},"4":{"loc":{"start":{"line":108,"column":15},"end":{"line":108,"column":null}},"type":"binary-expr","locations":[{"start":{"line":108,"column":15},"end":{"line":108,"column":32}},{"start":{"line":108,"column":32},"end":{"line":108,"column":null}}]}},"s":{"0":9,"1":9,"2":9,"3":9,"4":7,"5":7,"6":6,"7":6,"8":6,"9":2,"10":2,"11":2,"12":2,"13":2,"14":4,"15":4,"16":4,"17":4,"18":3,"19":3,"20":3,"21":3,"22":3},"f":{"0":9,"1":9,"2":7,"3":6,"4":2,"5":4,"6":3},"b":{"0":[7,5],"1":[2,1],"2":[3,3],"3":[3,1],"4":[3,1]}}
}
