{"C:/Users/Administrator/AppData/Local/Temp/deploy-20250902230432/private/src/embeddings.ts": {"path":"C:/Users/Administrator/AppData/Local/Temp/deploy-20250902230432/private/src/embeddings.ts","statementMap":{"0":{"start":{"line":17,"column":33},"end":{"line":50,"column":null}},"1":{"start":{"line":18,"column":2},"end":{"line":49,"column":null}},"2":{"start":{"line":19,"column":17},"end":{"line":19,"column":null}},"3":{"start":{"line":20,"column":19},"end":{"line":20,"column":null}},"4":{"start":{"line":22,"column":19},"end":{"line":25,"column":null}},"5":{"start":{"line":27,"column":22},"end":{"line":27,"column":null}},"6":{"start":{"line":28,"column":4},"end":{"line":30,"column":null}},"7":{"start":{"line":29,"column":6},"end":{"line":29,"column":null}},"8":{"start":{"line":32,"column":4},"end":{"line":39,"column":null}},"9":{"start":{"line":41,"column":4},"end":{"line":41,"column":null}},"10":{"start":{"line":42,"column":4},"end":{"line":44,"column":null}},"11":{"start":{"line":43,"column":6},"end":{"line":43,"column":null}},"12":{"start":{"line":45,"column":4},"end":{"line":47,"column":null}},"13":{"start":{"line":46,"column":6},"end":{"line":46,"column":null}},"14":{"start":{"line":48,"column":4},"end":{"line":48,"column":null}},"15":{"start":{"line":55,"column":30},"end":{"line":105,"column":null}},"16":{"start":{"line":56,"column":2},"end":{"line":104,"column":null}},"17":{"start":{"line":57,"column":17},"end":{"line":57,"column":null}},"18":{"start":{"line":58,"column":19},"end":{"line":58,"column":null}},"19":{"start":{"line":61,"column":22},"end":{"line":61,"column":null}},"20":{"start":{"line":62,"column":35},"end":{"line":62,"column":null}},"21":{"start":{"line":64,"column":4},"end":{"line":80,"column":null}},"22":{"start":{"line":64,"column":17},"end":{"line":64,"column":20}},"23":{"start":{"line":65,"column":20},"end":{"line":65,"column":null}},"24":{"start":{"line":66,"column":23},"end":{"line":71,"column":null}},"25":{"start":{"line":67,"column":8},"end":{"line":70,"column":null}},"26":{"start":{"line":73,"column":22},"end":{"line":73,"column":null}},"27":{"start":{"line":74,"column":6},"end":{"line":79,"column":null}},"28":{"start":{"line":75,"column":26},"end":{"line":75,"column":null}},"29":{"start":{"line":76,"column":8},"end":{"line":78,"column":null}},"30":{"start":{"line":77,"column":10},"end":{"line":77,"column":null}},"31":{"start":{"line":82,"column":4},"end":{"line":84,"column":null}},"32":{"start":{"line":83,"column":6},"end":{"line":83,"column":null}},"33":{"start":{"line":86,"column":4},"end":{"line":94,"column":null}},"34":{"start":{"line":96,"column":4},"end":{"line":96,"column":null}},"35":{"start":{"line":97,"column":4},"end":{"line":99,"column":null}},"36":{"start":{"line":98,"column":6},"end":{"line":98,"column":null}},"37":{"start":{"line":100,"column":4},"end":{"line":102,"column":null}},"38":{"start":{"line":101,"column":6},"end":{"line":101,"column":null}},"39":{"start":{"line":103,"column":4},"end":{"line":103,"column":null}}},"fnMap":{"0":{"name":"(anonymous_0)","decl":{"start":{"line":17,"column":33},"end":{"line":17,"column":40}},"loc":{"start":{"line":17,"column":51},"end":{"line":50,"column":null}}},"1":{"name":"(anonymous_1)","decl":{"start":{"line":55,"column":30},"end":{"line":55,"column":37}},"loc":{"start":{"line":55,"column":48},"end":{"line":105,"column":null}}},"2":{"name":"(anonymous_2)","decl":{"start":{"line":66,"column":33},"end":{"line":66,"column":null}},"loc":{"start":{"line":67,"column":8},"end":{"line":70,"column":null}}}},"branchMap":{"0":{"loc":{"start":{"line":28,"column":4},"end":{"line":30,"column":null}},"type":"if","locations":[{"start":{"line":28,"column":4},"end":{"line":30,"column":null}},{"start":{},"end":{}}]},"1":{"loc":{"start":{"line":42,"column":4},"end":{"line":44,"column":null}},"type":"if","locations":[{"start":{"line":42,"column":4},"end":{"line":44,"column":null}},{"start":{},"end":{}}]},"2":{"loc":{"start":{"line":45,"column":4},"end":{"line":47,"column":null}},"type":"if","locations":[{"start":{"line":45,"column":4},"end":{"line":47,"column":null}},{"start":{},"end":{}}]},"3":{"loc":{"start":{"line":76,"column":8},"end":{"line":78,"column":null}},"type":"if","locations":[{"start":{"line":76,"column":8},"end":{"line":78,"column":null}},{"start":{},"end":{}}]},"4":{"loc":{"start":{"line":82,"column":4},"end":{"line":84,"column":null}},"type":"if","locations":[{"start":{"line":82,"column":4},"end":{"line":84,"column":null}},{"start":{},"end":{}}]},"5":{"loc":{"start":{"line":97,"column":4},"end":{"line":99,"column":null}},"type":"if","locations":[{"start":{"line":97,"column":4},"end":{"line":99,"column":null}},{"start":{},"end":{}}]},"6":{"loc":{"start":{"line":100,"column":4},"end":{"line":102,"column":null}},"type":"if","locations":[{"start":{"line":100,"column":4},"end":{"line":102,"column":null}},{"start":{},"end":{}}]}},"s":{"0":6,"1":11,"2":11,"3":11,"4":10,"5":7,"6":7,"7":2,"8":5,"9":6,"10":6,"11":1,"12":5,"13":4,"14":1,"15":6,"16":8,"17":8,"18":8,"19":7,"20":7,"21":7,"22":7,"23":7,"24":7,"25":9,"26":7,"27":4,"28":6,"29":6,"30":3,"31":4,"32":2,"33":2,"34":6,"35":6,"36":1,"37":5,"38":3,"39":2},"f":{"0":11,"1":8,"2":9},"b":{"0":[2,5],"1":[1,5],"2":[4,1],"3":[3,3],"4":[2,2],"5":[1,5],"6":[3,2]}}
,"C:/Users/Administrator/AppData/Local/Temp/deploy-20250902230432/private/src/routes.ts": {"path":"C:/Users/Administrator/AppData/Local/Temp/deploy-20250902230432/private/src/routes.ts","statementMap":{"0":{"start":{"line":26,"column":27},"end":{"line":42,"column":null}},"1":{"start":{"line":46,"column":30},"end":{"line":95,"column":null}},"2":{"start":{"line":97,"column":35},"end":{"line":146,"column":null}},"3":{"start":{"line":150,"column":33},"end":{"line":199,"column":null}},"4":{"start":{"line":201,"column":30},"end":{"line":249,"column":null}},"5":{"start":{"line":251,"column":33},"end":{"line":299,"column":null}},"6":{"start":{"line":301,"column":38},"end":{"line":353,"column":null}},"7":{"start":{"line":357,"column":27},"end":{"line":406,"column":null}},"8":{"start":{"line":410,"column":32},"end":{"line":453,"column":null}},"9":{"start":{"line":457,"column":37},"end":{"line":498,"column":null}}},"fnMap":{},"branchMap":{},"s":{"0":5,"1":5,"2":5,"3":5,"4":5,"5":5,"6":5,"7":5,"8":5,"9":5},"f":{},"b":{}}
,"C:/Users/Administrator/AppData/Local/Temp/deploy-20250902230432/private/src/schemas.ts": {"path":"C:/Users/Administrator/AppData/Local/Temp/deploy-20250902230432/private/src/schemas.ts","statementMap":{"0":{"start":{"line":9,"column":38},"end":{"line":21,"column":null}},"1":{"start":{"line":23,"column":43},"end":{"line":35,"column":null}},"2":{"start":{"line":37,"column":34},"end":{"line":53,"column":null}},"3":{"start":{"line":55,"column":28},"end":{"line":75,"column":null}},"4":{"start":{"line":79,"column":37},"end":{"line":89,"column":null}},"5":{"start":{"line":91,"column":35},"end":{"line":100,"column":null}},"6":{"start":{"line":102,"column":36},"end":{"line":113,"column":null}},"7":{"start":{"line":115,"column":39},"end":{"line":134,"column":null}},"8":{"start":{"line":136,"column":44},"end":{"line":159,"column":null}},"9":{"start":{"line":161,"column":36},"end":{"line":176,"column":null}},"10":{"start":{"line":178,"column":36},"end":{"line":196,"column":null}},"11":{"start":{"line":198,"column":45},"end":{"line":206,"column":null}},"12":{"start":{"line":208,"column":40},"end":{"line":238,"column":null}},"13":{"start":{"line":210,"column":4},"end":{"line":210,"column":null}},"14":{"start":{"line":210,"column":14},"end":{"line":210,"column":null}},"15":{"start":{"line":211,"column":19},"end":{"line":211,"column":null}},"16":{"start":{"line":212,"column":4},"end":{"line":212,"column":null}},"17":{"start":{"line":216,"column":4},"end":{"line":216,"column":null}},"18":{"start":{"line":216,"column":14},"end":{"line":216,"column":null}},"19":{"start":{"line":217,"column":4},"end":{"line":217,"column":null}},"20":{"start":{"line":223,"column":4},"end":{"line":223,"column":null}},"21":{"start":{"line":223,"column":14},"end":{"line":223,"column":null}},"22":{"start":{"line":224,"column":19},"end":{"line":224,"column":null}},"23":{"start":{"line":225,"column":4},"end":{"line":225,"column":null}},"24":{"start":{"line":229,"column":4},"end":{"line":229,"column":null}},"25":{"start":{"line":229,"column":14},"end":{"line":229,"column":null}},"26":{"start":{"line":230,"column":4},"end":{"line":230,"column":null}},"27":{"start":{"line":240,"column":41},"end":{"line":268,"column":null}},"28":{"start":{"line":270,"column":46},"end":{"line":289,"column":null}}},"fnMap":{"0":{"name":"(anonymous_0)","decl":{"start":{"line":209,"column":38},"end":{"line":209,"column":39}},"loc":{"start":{"line":209,"column":47},"end":{"line":213,"column":5}}},"1":{"name":"(anonymous_1)","decl":{"start":{"line":215,"column":15},"end":{"line":215,"column":16}},"loc":{"start":{"line":215,"column":24},"end":{"line":218,"column":3}}},"2":{"name":"(anonymous_2)","decl":{"start":{"line":222,"column":39},"end":{"line":222,"column":40}},"loc":{"start":{"line":222,"column":48},"end":{"line":226,"column":5}}},"3":{"name":"(anonymous_3)","decl":{"start":{"line":228,"column":15},"end":{"line":228,"column":16}},"loc":{"start":{"line":228,"column":24},"end":{"line":231,"column":3}}}},"branchMap":{"0":{"loc":{"start":{"line":210,"column":4},"end":{"line":210,"column":null}},"type":"if","locations":[{"start":{"line":210,"column":4},"end":{"line":210,"column":null}},{"start":{},"end":{}}]},"1":{"loc":{"start":{"line":212,"column":11},"end":{"line":212,"column":null}},"type":"binary-expr","locations":[{"start":{"line":212,"column":11},"end":{"line":212,"column":29}},{"start":{"line":212,"column":29},"end":{"line":212,"column":44}},{"start":{"line":212,"column":44},"end":{"line":212,"column":null}}]},"2":{"loc":{"start":{"line":216,"column":4},"end":{"line":216,"column":null}},"type":"if","locations":[{"start":{"line":216,"column":4},"end":{"line":216,"column":null}},{"start":{},"end":{}}]},"3":{"loc":{"start":{"line":223,"column":4},"end":{"line":223,"column":null}},"type":"if","locations":[{"start":{"line":223,"column":4},"end":{"line":223,"column":null}},{"start":{},"end":{}}]},"4":{"loc":{"start":{"line":225,"column":11},"end":{"line":225,"column":null}},"type":"binary-expr","locations":[{"start":{"line":225,"column":11},"end":{"line":225,"column":29}},{"start":{"line":225,"column":29},"end":{"line":225,"column":null}}]},"5":{"loc":{"start":{"line":229,"column":4},"end":{"line":229,"column":null}},"type":"if","locations":[{"start":{"line":229,"column":4},"end":{"line":229,"column":null}},{"start":{},"end":{}}]}},"s":{"0":6,"1":6,"2":6,"3":6,"4":6,"5":6,"6":6,"7":6,"8":6,"9":6,"10":6,"11":6,"12":6,"13":23,"14":14,"15":9,"16":9,"17":17,"18":14,"19":3,"20":23,"21":15,"22":8,"23":8,"24":18,"25":15,"26":3,"27":6,"28":6},"f":{"0":23,"1":17,"2":23,"3":18},"b":{"0":[14,9],"1":[9,6,4],"2":[14,3],"3":[15,8],"4":[8,4],"5":[15,3]}}
,"C:/Users/Administrator/AppData/Local/Temp/deploy-20250902230432/private/src/vectors.ts": {"path":"C:/Users/Administrator/AppData/Local/Temp/deploy-20250902230432/private/src/vectors.ts","statementMap":{"0":{"start":{"line":14,"column":2},"end":{"line":14,"column":null}},"1":{"start":{"line":20,"column":28},"end":{"line":63,"column":null}},"2":{"start":{"line":21,"column":2},"end":{"line":62,"column":null}},"3":{"start":{"line":22,"column":17},"end":{"line":22,"column":null}},"4":{"start":{"line":23,"column":19},"end":{"line":23,"column":null}},"5":{"start":{"line":24,"column":15},"end":{"line":24,"column":null}},"6":{"start":{"line":27,"column":4},"end":{"line":31,"column":null}},"7":{"start":{"line":34,"column":15},"end":{"line":34,"column":null}},"8":{"start":{"line":35,"column":4},"end":{"line":46,"column":null}},"9":{"start":{"line":48,"column":4},"end":{"line":52,"column":null}},"10":{"start":{"line":54,"column":4},"end":{"line":54,"column":null}},"11":{"start":{"line":55,"column":4},"end":{"line":57,"column":null}},"12":{"start":{"line":56,"column":6},"end":{"line":56,"column":null}},"13":{"start":{"line":58,"column":4},"end":{"line":60,"column":null}},"14":{"start":{"line":59,"column":6},"end":{"line":59,"column":null}},"15":{"start":{"line":61,"column":4},"end":{"line":61,"column":null}},"16":{"start":{"line":68,"column":25},"end":{"line":85,"column":null}},"17":{"start":{"line":69,"column":2},"end":{"line":84,"column":null}},"18":{"start":{"line":70,"column":20},"end":{"line":70,"column":null}},"19":{"start":{"line":72,"column":4},"end":{"line":74,"column":null}},"20":{"start":{"line":73,"column":6},"end":{"line":73,"column":null}},"21":{"start":{"line":76,"column":4},"end":{"line":79,"column":null}},"22":{"start":{"line":81,"column":4},"end":{"line":81,"column":null}},"23":{"start":{"line":82,"column":20},"end":{"line":82,"column":null}},"24":{"start":{"line":83,"column":4},"end":{"line":83,"column":null}},"25":{"start":{"line":90,"column":28},"end":{"line":112,"column":null}},"26":{"start":{"line":91,"column":2},"end":{"line":111,"column":null}},"27":{"start":{"line":92,"column":19},"end":{"line":92,"column":null}},"28":{"start":{"line":94,"column":4},"end":{"line":96,"column":null}},"29":{"start":{"line":95,"column":6},"end":{"line":95,"column":null}},"30":{"start":{"line":99,"column":15},"end":{"line":99,"column":null}},"31":{"start":{"line":100,"column":4},"end":{"line":100,"column":null}},"32":{"start":{"line":102,"column":4},"end":{"line":106,"column":null}},"33":{"start":{"line":108,"column":4},"end":{"line":108,"column":null}},"34":{"start":{"line":109,"column":20},"end":{"line":109,"column":null}},"35":{"start":{"line":110,"column":4},"end":{"line":110,"column":null}},"36":{"start":{"line":117,"column":29},"end":{"line":163,"column":null}},"37":{"start":{"line":118,"column":2},"end":{"line":162,"column":null}},"38":{"start":{"line":119,"column":17},"end":{"line":119,"column":null}},"39":{"start":{"line":120,"column":19},"end":{"line":120,"column":null}},"40":{"start":{"line":124,"column":4},"end":{"line":139,"column":null}},"41":{"start":{"line":125,"column":6},"end":{"line":125,"column":null}},"42":{"start":{"line":126,"column":4},"end":{"line":139,"column":null}},"43":{"start":{"line":128,"column":21},"end":{"line":131,"column":null}},"44":{"start":{"line":132,"column":24},"end":{"line":132,"column":null}},"45":{"start":{"line":133,"column":6},"end":{"line":135,"column":null}},"46":{"start":{"line":134,"column":8},"end":{"line":134,"column":null}},"47":{"start":{"line":136,"column":6},"end":{"line":136,"column":null}},"48":{"start":{"line":138,"column":6},"end":{"line":138,"column":null}},"49":{"start":{"line":141,"column":20},"end":{"line":144,"column":null}},"50":{"start":{"line":146,"column":4},"end":{"line":152,"column":null}},"51":{"start":{"line":154,"column":4},"end":{"line":154,"column":null}},"52":{"start":{"line":155,"column":4},"end":{"line":157,"column":null}},"53":{"start":{"line":156,"column":6},"end":{"line":156,"column":null}},"54":{"start":{"line":158,"column":4},"end":{"line":160,"column":null}},"55":{"start":{"line":159,"column":6},"end":{"line":159,"column":null}},"56":{"start":{"line":161,"column":4},"end":{"line":161,"column":null}},"57":{"start":{"line":168,"column":34},"end":{"line":218,"column":null}},"58":{"start":{"line":169,"column":2},"end":{"line":217,"column":null}},"59":{"start":{"line":170,"column":17},"end":{"line":170,"column":null}},"60":{"start":{"line":172,"column":4},"end":{"line":174,"column":null}},"61":{"start":{"line":173,"column":6},"end":{"line":173,"column":null}},"62":{"start":{"line":176,"column":24},"end":{"line":180,"column":null}},"63":{"start":{"line":176,"column":42},"end":{"line":180,"column":6}},"64":{"start":{"line":183,"column":4},"end":{"line":183,"column":null}},"65":{"start":{"line":186,"column":15},"end":{"line":186,"column":null}},"66":{"start":{"line":187,"column":27},"end":{"line":191,"column":null}},"67":{"start":{"line":187,"column":54},"end":{"line":191,"column":6}},"68":{"start":{"line":194,"column":4},"end":{"line":203,"column":null}},"69":{"start":{"line":195,"column":6},"end":{"line":202,"column":null}},"70":{"start":{"line":205,"column":4},"end":{"line":212,"column":null}},"71":{"start":{"line":209,"column":34},"end":{"line":209,"column":38}},"72":{"start":{"line":214,"column":4},"end":{"line":214,"column":null}},"73":{"start":{"line":215,"column":20},"end":{"line":215,"column":null}},"74":{"start":{"line":216,"column":4},"end":{"line":216,"column":null}},"75":{"start":{"line":224,"column":27},"end":{"line":267,"column":null}},"76":{"start":{"line":225,"column":2},"end":{"line":266,"column":null}},"77":{"start":{"line":226,"column":18},"end":{"line":226,"column":null}},"78":{"start":{"line":227,"column":19},"end":{"line":227,"column":null}},"79":{"start":{"line":229,"column":15},"end":{"line":229,"column":null}},"80":{"start":{"line":232,"column":26},"end":{"line":232,"column":null}},"81":{"start":{"line":233,"column":18},"end":{"line":233,"column":null}},"82":{"start":{"line":236,"column":24},"end":{"line":240,"column":null}},"83":{"start":{"line":242,"column":4},"end":{"line":256,"column":null}},"84":{"start":{"line":245,"column":39},"end":{"line":251,"column":10}},"85":{"start":{"line":258,"column":4},"end":{"line":258,"column":null}},"86":{"start":{"line":259,"column":4},"end":{"line":261,"column":null}},"87":{"start":{"line":260,"column":6},"end":{"line":260,"column":null}},"88":{"start":{"line":262,"column":4},"end":{"line":264,"column":null}},"89":{"start":{"line":263,"column":6},"end":{"line":263,"column":null}},"90":{"start":{"line":265,"column":4},"end":{"line":265,"column":null}},"91":{"start":{"line":272,"column":32},"end":{"line":302,"column":null}},"92":{"start":{"line":273,"column":2},"end":{"line":301,"column":null}},"93":{"start":{"line":274,"column":17},"end":{"line":274,"column":null}},"94":{"start":{"line":275,"column":19},"end":{"line":275,"column":null}},"95":{"start":{"line":277,"column":25},"end":{"line":277,"column":null}},"96":{"start":{"line":278,"column":25},"end":{"line":278,"column":null}},"97":{"start":{"line":281,"column":15},"end":{"line":281,"column":null}},"98":{"start":{"line":282,"column":4},"end":{"line":282,"column":null}},"99":{"start":{"line":284,"column":4},"end":{"line":291,"column":null}},"100":{"start":{"line":293,"column":4},"end":{"line":293,"column":null}},"101":{"start":{"line":294,"column":4},"end":{"line":296,"column":null}},"102":{"start":{"line":295,"column":6},"end":{"line":295,"column":null}},"103":{"start":{"line":297,"column":4},"end":{"line":299,"column":null}},"104":{"start":{"line":298,"column":6},"end":{"line":298,"column":null}},"105":{"start":{"line":300,"column":4},"end":{"line":300,"column":null}}},"fnMap":{"0":{"name":"generateId","decl":{"start":{"line":13,"column":9},"end":{"line":13,"column":30}},"loc":{"start":{"line":13,"column":30},"end":{"line":15,"column":null}}},"1":{"name":"(anonymous_1)","decl":{"start":{"line":20,"column":28},"end":{"line":20,"column":35}},"loc":{"start":{"line":20,"column":46},"end":{"line":63,"column":null}}},"2":{"name":"(anonymous_2)","decl":{"start":{"line":68,"column":25},"end":{"line":68,"column":32}},"loc":{"start":{"line":68,"column":55},"end":{"line":85,"column":null}}},"3":{"name":"(anonymous_3)","decl":{"start":{"line":90,"column":28},"end":{"line":90,"column":35}},"loc":{"start":{"line":90,"column":58},"end":{"line":112,"column":null}}},"4":{"name":"(anonymous_4)","decl":{"start":{"line":117,"column":29},"end":{"line":117,"column":36}},"loc":{"start":{"line":117,"column":47},"end":{"line":163,"column":null}}},"5":{"name":"(anonymous_5)","decl":{"start":{"line":168,"column":34},"end":{"line":168,"column":41}},"loc":{"start":{"line":168,"column":52},"end":{"line":218,"column":null}}},"6":{"name":"(anonymous_6)","decl":{"start":{"line":176,"column":33},"end":{"line":176,"column":42}},"loc":{"start":{"line":176,"column":42},"end":{"line":180,"column":6}}},"7":{"name":"(anonymous_7)","decl":{"start":{"line":187,"column":43},"end":{"line":187,"column":54}},"loc":{"start":{"line":187,"column":54},"end":{"line":191,"column":6}}},"8":{"name":"(anonymous_8)","decl":{"start":{"line":209,"column":29},"end":{"line":209,"column":34}},"loc":{"start":{"line":209,"column":34},"end":{"line":209,"column":38}}},"9":{"name":"(anonymous_9)","decl":{"start":{"line":224,"column":27},"end":{"line":224,"column":34}},"loc":{"start":{"line":224,"column":45},"end":{"line":267,"column":null}}},"10":{"name":"(anonymous_10)","decl":{"start":{"line":245,"column":33},"end":{"line":245,"column":39}},"loc":{"start":{"line":245,"column":39},"end":{"line":251,"column":10}}},"11":{"name":"(anonymous_11)","decl":{"start":{"line":272,"column":32},"end":{"line":272,"column":39}},"loc":{"start":{"line":272,"column":50},"end":{"line":302,"column":null}}}},"branchMap":{"0":{"loc":{"start":{"line":24,"column":15},"end":{"line":24,"column":null}},"type":"binary-expr","locations":[{"start":{"line":24,"column":15},"end":{"line":24,"column":28}},{"start":{"line":24,"column":28},"end":{"line":24,"column":null}}]},"1":{"loc":{"start":{"line":30,"column":16},"end":{"line":30,"column":null}},"type":"binary-expr","locations":[{"start":{"line":30,"column":16},"end":{"line":30,"column":35}},{"start":{"line":30,"column":35},"end":{"line":30,"column":null}}]},"2":{"loc":{"start":{"line":55,"column":4},"end":{"line":57,"column":null}},"type":"if","locations":[{"start":{"line":55,"column":4},"end":{"line":57,"column":null}},{"start":{},"end":{}}]},"3":{"loc":{"start":{"line":58,"column":4},"end":{"line":60,"column":null}},"type":"if","locations":[{"start":{"line":58,"column":4},"end":{"line":60,"column":null}},{"start":{},"end":{}}]},"4":{"loc":{"start":{"line":72,"column":4},"end":{"line":74,"column":null}},"type":"if","locations":[{"start":{"line":72,"column":4},"end":{"line":74,"column":null}},{"start":{},"end":{}}]},"5":{"loc":{"start":{"line":72,"column":8},"end":{"line":72,"column":42}},"type":"binary-expr","locations":[{"start":{"line":72,"column":8},"end":{"line":72,"column":20}},{"start":{"line":72,"column":20},"end":{"line":72,"column":42}}]},"6":{"loc":{"start":{"line":82,"column":20},"end":{"line":82,"column":null}},"type":"cond-expr","locations":[{"start":{"line":82,"column":43},"end":{"line":82,"column":57}},{"start":{"line":82,"column":57},"end":{"line":82,"column":null}}]},"7":{"loc":{"start":{"line":94,"column":4},"end":{"line":96,"column":null}},"type":"if","locations":[{"start":{"line":94,"column":4},"end":{"line":96,"column":null}},{"start":{},"end":{}}]},"8":{"loc":{"start":{"line":109,"column":20},"end":{"line":109,"column":null}},"type":"cond-expr","locations":[{"start":{"line":109,"column":43},"end":{"line":109,"column":57}},{"start":{"line":109,"column":57},"end":{"line":109,"column":null}}]},"9":{"loc":{"start":{"line":124,"column":4},"end":{"line":139,"column":null}},"type":"if","locations":[{"start":{"line":124,"column":4},"end":{"line":139,"column":null}},{"start":{"line":126,"column":4},"end":{"line":139,"column":null}}]},"10":{"loc":{"start":{"line":126,"column":4},"end":{"line":139,"column":null}},"type":"if","locations":[{"start":{"line":126,"column":4},"end":{"line":139,"column":null}},{"start":{"line":137,"column":11},"end":{"line":139,"column":null}}]},"11":{"loc":{"start":{"line":133,"column":6},"end":{"line":135,"column":null}},"type":"if","locations":[{"start":{"line":133,"column":6},"end":{"line":135,"column":null}},{"start":{},"end":{}}]},"12":{"loc":{"start":{"line":155,"column":4},"end":{"line":157,"column":null}},"type":"if","locations":[{"start":{"line":155,"column":4},"end":{"line":157,"column":null}},{"start":{},"end":{}}]},"13":{"loc":{"start":{"line":158,"column":4},"end":{"line":160,"column":null}},"type":"if","locations":[{"start":{"line":158,"column":4},"end":{"line":160,"column":null}},{"start":{},"end":{}}]},"14":{"loc":{"start":{"line":172,"column":4},"end":{"line":174,"column":null}},"type":"if","locations":[{"start":{"line":172,"column":4},"end":{"line":174,"column":null}},{"start":{},"end":{}}]},"15":{"loc":{"start":{"line":172,"column":8},"end":{"line":172,"column":51}},"type":"binary-expr","locations":[{"start":{"line":172,"column":8},"end":{"line":172,"column":32}},{"start":{"line":172,"column":32},"end":{"line":172,"column":51}}]},"16":{"loc":{"start":{"line":177,"column":10},"end":{"line":177,"column":null}},"type":"binary-expr","locations":[{"start":{"line":177,"column":10},"end":{"line":177,"column":21}},{"start":{"line":177,"column":21},"end":{"line":177,"column":null}}]},"17":{"loc":{"start":{"line":179,"column":16},"end":{"line":179,"column":null}},"type":"binary-expr","locations":[{"start":{"line":179,"column":16},"end":{"line":179,"column":33}},{"start":{"line":179,"column":33},"end":{"line":179,"column":null}}]},"18":{"loc":{"start":{"line":215,"column":20},"end":{"line":215,"column":null}},"type":"cond-expr","locations":[{"start":{"line":215,"column":43},"end":{"line":215,"column":57}},{"start":{"line":215,"column":57},"end":{"line":215,"column":null}}]},"19":{"loc":{"start":{"line":233,"column":18},"end":{"line":233,"column":null}},"type":"binary-expr","locations":[{"start":{"line":233,"column":18},"end":{"line":233,"column":40}},{"start":{"line":233,"column":40},"end":{"line":233,"column":null}}]},"20":{"loc":{"start":{"line":259,"column":4},"end":{"line":261,"column":null}},"type":"if","locations":[{"start":{"line":259,"column":4},"end":{"line":261,"column":null}},{"start":{},"end":{}}]},"21":{"loc":{"start":{"line":262,"column":4},"end":{"line":264,"column":null}},"type":"if","locations":[{"start":{"line":262,"column":4},"end":{"line":264,"column":null}},{"start":{},"end":{}}]},"22":{"loc":{"start":{"line":278,"column":25},"end":{"line":278,"column":null}},"type":"binary-expr","locations":[{"start":{"line":278,"column":25},"end":{"line":278,"column":47}},{"start":{"line":278,"column":47},"end":{"line":278,"column":null}}]},"23":{"loc":{"start":{"line":294,"column":4},"end":{"line":296,"column":null}},"type":"if","locations":[{"start":{"line":294,"column":4},"end":{"line":296,"column":null}},{"start":{},"end":{}}]},"24":{"loc":{"start":{"line":297,"column":4},"end":{"line":299,"column":null}},"type":"if","locations":[{"start":{"line":297,"column":4},"end":{"line":299,"column":null}},{"start":{},"end":{}}]}},"s":{"0":11,"1":6,"2":9,"3":9,"4":9,"5":8,"6":8,"7":4,"8":4,"9":4,"10":5,"11":5,"12":1,"13":4,"14":2,"15":2,"16":6,"17":6,"18":6,"19":3,"20":1,"21":2,"22":3,"23":3,"24":3,"25":6,"26":6,"27":6,"28":3,"29":1,"30":2,"31":2,"32":2,"33":3,"34":3,"35":3,"36":6,"37":14,"38":14,"39":14,"40":13,"41":9,"42":4,"43":3,"44":3,"45":3,"46":1,"47":2,"48":1,"49":11,"50":7,"51":6,"52":6,"53":1,"54":5,"55":3,"56":2,"57":6,"58":5,"59":5,"60":5,"61":1,"62":4,"63":6,"64":4,"65":1,"66":1,"67":3,"68":1,"69":3,"70":1,"71":3,"72":3,"73":3,"74":3,"75":6,"76":4,"77":4,"78":4,"79":4,"80":4,"81":0,"82":0,"83":0,"84":0,"85":4,"86":4,"87":0,"88":4,"89":3,"90":1,"91":6,"92":5,"93":5,"94":5,"95":4,"96":2,"97":2,"98":2,"99":2,"100":3,"101":3,"102":1,"103":2,"104":1,"105":1},"f":{"0":11,"1":9,"2":6,"3":6,"4":14,"5":5,"6":6,"7":3,"8":3,"9":4,"10":0,"11":5},"b":{"0":[8,6],"1":[8,6],"2":[1,4],"3":[2,2],"4":[1,2],"5":[3,3],"6":[1,2],"7":[1,2],"8":[1,2],"9":[9,4],"10":[3,1],"11":[1,2],"12":[1,5],"13":[3,2],"14":[1,4],"15":[5,5],"16":[6,5],"17":[6,5],"18":[1,2],"19":[0,0],"20":[0,4],"21":[3,1],"22":[2,1],"23":[1,2],"24":[1,1]}}
,"C:/Users/Administrator/AppData/Local/Temp/deploy-20250902230432/private/src/db/index.ts": {"path":"C:/Users/Administrator/AppData/Local/Temp/deploy-20250902230432/private/src/db/index.ts","statementMap":{"0":{"start":{"line":9,"column":2},"end":{"line":9,"column":null}}},"fnMap":{"0":{"name":"createDbClient","decl":{"start":{"line":8,"column":16},"end":{"line":8,"column":31}},"loc":{"start":{"line":8,"column":47},"end":{"line":10,"column":null}}}},"branchMap":{},"s":{"0":13},"f":{"0":13},"b":{}}
}
