TN:
SF:src\embeddings.ts
FN:17,(anonymous_0)
FN:55,(anonymous_1)
FN:66,(anonymous_2)
FNF:3
FNH:3
FNDA:11,(anonymous_0)
FNDA:8,(anonymous_1)
FNDA:9,(anonymous_2)
DA:17,7
DA:18,11
DA:19,11
DA:20,11
DA:22,10
DA:27,7
DA:28,7
DA:29,2
DA:32,5
DA:41,6
DA:42,6
DA:43,1
DA:45,5
DA:46,4
DA:48,1
DA:55,7
DA:56,8
DA:57,8
DA:58,8
DA:61,7
DA:62,7
DA:64,7
DA:65,7
DA:66,7
DA:67,9
DA:73,7
DA:74,4
DA:75,6
DA:76,6
DA:77,3
DA:82,4
DA:83,2
DA:86,2
DA:96,6
DA:97,6
DA:98,1
DA:100,5
DA:101,3
DA:103,2
LF:39
LH:39
BRDA:28,0,0,2
BRDA:28,0,1,5
BRDA:42,1,0,1
BRDA:42,1,1,5
BRDA:45,2,0,4
BRDA:45,2,1,1
BRDA:76,3,0,3
BRDA:76,3,1,3
BRDA:82,4,0,2
BRDA:82,4,1,2
BRDA:97,5,0,1
BRDA:97,5,1,5
BRDA:100,6,0,3
BRDA:100,6,1,2
BRF:14
BRH:14
end_of_record
TN:
SF:src\routes.ts
FNF:0
FNH:0
DA:26,6
DA:46,6
DA:97,6
DA:150,6
DA:201,6
DA:251,6
DA:301,6
DA:357,6
DA:410,6
DA:457,6
DA:526,6
DA:560,6
DA:611,6
LF:13
LH:13
BRF:0
BRH:0
end_of_record
TN:
SF:src\schemas.ts
FN:213,(anonymous_0)
FN:219,(anonymous_1)
FN:226,(anonymous_2)
FN:232,(anonymous_3)
FNF:4
FNH:4
FNDA:25,(anonymous_0)
FNDA:18,(anonymous_1)
FNDA:25,(anonymous_2)
FNDA:20,(anonymous_3)
DA:9,9
DA:23,9
DA:37,9
DA:55,9
DA:79,9
DA:91,9
DA:102,9
DA:115,9
DA:136,9
DA:161,9
DA:178,9
DA:202,9
DA:212,9
DA:214,25
DA:215,11
DA:216,11
DA:220,18
DA:221,4
DA:227,25
DA:228,9
DA:229,9
DA:233,20
DA:234,4
DA:244,9
DA:274,9
LF:25
LH:25
BRDA:214,0,0,14
BRDA:214,0,1,11
BRDA:216,1,0,11
BRDA:216,1,1,8
BRDA:216,1,2,6
BRDA:220,2,0,14
BRDA:220,2,1,4
BRDA:227,3,0,16
BRDA:227,3,1,9
BRDA:229,4,0,9
BRDA:229,4,1,5
BRDA:233,5,0,16
BRDA:233,5,1,4
BRF:13
BRH:13
end_of_record
TN:
SF:src\vectors.ts
FN:13,generateId
FN:20,(anonymous_1)
FN:68,(anonymous_2)
FN:90,(anonymous_3)
FN:117,(anonymous_4)
FN:147,(anonymous_5)
FN:174,(anonymous_6)
FN:182,(anonymous_7)
FN:193,(anonymous_8)
FN:215,(anonymous_9)
FN:230,(anonymous_10)
FN:243,(anonymous_11)
FN:257,(anonymous_12)
FN:291,(anonymous_13)
FNF:14
FNH:14
FNDA:11,generateId
FNDA:9,(anonymous_1)
FNDA:6,(anonymous_2)
FNDA:6,(anonymous_3)
FNDA:14,(anonymous_4)
FNDA:5,(anonymous_5)
FNDA:5,(anonymous_6)
FNDA:6,(anonymous_7)
FNDA:3,(anonymous_8)
FNDA:3,(anonymous_9)
FNDA:10,(anonymous_10)
FNDA:5,(anonymous_11)
FNDA:6,(anonymous_12)
FNDA:5,(anonymous_13)
DA:14,11
DA:20,9
DA:21,9
DA:22,9
DA:23,9
DA:24,8
DA:27,8
DA:34,4
DA:35,4
DA:48,4
DA:54,5
DA:55,5
DA:56,1
DA:58,4
DA:59,2
DA:61,2
DA:68,9
DA:69,6
DA:70,6
DA:72,3
DA:73,1
DA:76,2
DA:81,3
DA:82,3
DA:83,3
DA:90,9
DA:91,6
DA:92,6
DA:94,3
DA:95,1
DA:99,2
DA:100,2
DA:102,2
DA:108,3
DA:109,3
DA:110,3
DA:117,9
DA:118,14
DA:119,14
DA:120,14
DA:124,13
DA:125,9
DA:126,4
DA:128,3
DA:132,3
DA:133,3
DA:134,1
DA:136,2
DA:138,1
DA:141,11
DA:147,7
DA:152,7
DA:160,6
DA:161,6
DA:162,1
DA:164,5
DA:165,3
DA:167,2
DA:174,9
DA:175,5
DA:176,5
DA:178,5
DA:179,1
DA:182,6
DA:189,4
DA:192,1
DA:193,3
DA:200,1
DA:201,3
DA:211,1
DA:215,3
DA:220,3
DA:221,3
DA:222,3
DA:230,9
DA:232,10
DA:233,6
DA:236,6
DA:243,6
DA:251,6
DA:257,9
DA:258,6
DA:259,6
DA:260,6
DA:262,5
DA:265,5
DA:267,1
DA:277,5
DA:278,5
DA:279,1
DA:281,4
DA:282,3
DA:284,1
DA:291,9
DA:292,5
DA:293,5
DA:294,5
DA:296,4
DA:297,2
DA:300,2
DA:301,2
DA:303,2
DA:312,3
DA:313,3
DA:314,1
DA:316,2
DA:317,1
DA:319,1
LF:108
LH:108
BRDA:24,0,0,8
BRDA:24,0,1,6
BRDA:30,1,0,8
BRDA:30,1,1,6
BRDA:55,2,0,1
BRDA:55,2,1,4
BRDA:58,3,0,2
BRDA:58,3,1,2
BRDA:72,4,0,1
BRDA:72,4,1,2
BRDA:72,5,0,3
BRDA:72,5,1,3
BRDA:82,6,0,1
BRDA:82,6,1,2
BRDA:94,7,0,1
BRDA:94,7,1,2
BRDA:109,8,0,1
BRDA:109,8,1,2
BRDA:124,9,0,9
BRDA:124,9,1,4
BRDA:126,10,0,3
BRDA:126,10,1,1
BRDA:133,11,0,1
BRDA:133,11,1,2
BRDA:149,12,0,5
BRDA:149,12,1,5
BRDA:161,13,0,1
BRDA:161,13,1,5
BRDA:164,14,0,3
BRDA:164,14,1,2
BRDA:178,15,0,1
BRDA:178,15,1,4
BRDA:178,16,0,5
BRDA:178,16,1,5
BRDA:183,17,0,6
BRDA:183,17,1,5
BRDA:185,18,0,6
BRDA:185,18,1,5
BRDA:221,19,0,1
BRDA:221,19,1,2
BRDA:233,20,0,6
BRDA:233,20,1,3
BRDA:278,21,0,1
BRDA:278,21,1,4
BRDA:281,22,0,3
BRDA:281,22,1,1
BRDA:297,23,0,2
BRDA:297,23,1,1
BRDA:313,24,0,1
BRDA:313,24,1,2
BRDA:316,25,0,1
BRDA:316,25,1,1
BRF:52
BRH:52
end_of_record
TN:
SF:src\db\index.ts
FN:8,createDbClient
FNF:1
FNH:1
FNDA:15,createDbClient
DA:9,15
LF:1
LH:1
BRF:0
BRH:0
end_of_record
TN:
SF:src\handlers\text-to-vector.ts
FN:8,(anonymous_0)
FN:67,(anonymous_1)
FN:99,(anonymous_2)
FN:129,(anonymous_3)
FNF:4
FNH:4
FNDA:16,(anonymous_0)
FNDA:4,(anonymous_1)
FNDA:1,(anonymous_2)
FNDA:6,(anonymous_3)
DA:8,8
DA:9,16
DA:10,16
DA:13,16
DA:14,7
DA:21,9
DA:24,9
DA:33,4
DA:34,4
DA:48,4
DA:58,5
DA:59,5
DA:60,5
DA:67,8
DA:68,4
DA:69,4
DA:72,2
DA:73,2
DA:74,2
DA:75,2
DA:78,2
DA:81,2
DA:82,1
DA:83,1
DA:87,2
DA:88,2
DA:94,2
DA:95,2
DA:96,2
DA:99,2
DA:110,2
DA:120,2
DA:121,2
DA:122,2
DA:129,8
DA:130,6
DA:131,6
DA:132,6
DA:134,6
DA:135,3
DA:138,3
DA:139,3
DA:140,3
DA:149,3
DA:158,3
DA:159,3
DA:160,3
LF:47
LH:47
BRDA:13,0,0,7
BRDA:13,0,1,9
BRDA:13,1,0,16
BRDA:13,1,1,13
BRDA:13,1,2,11
BRDA:36,2,0,4
BRDA:36,2,1,2
BRDA:52,3,0,4
BRDA:52,3,1,2
BRDA:59,4,0,3
BRDA:59,4,1,2
BRDA:73,5,0,2
BRDA:73,5,1,2
BRDA:74,6,0,2
BRDA:74,6,1,2
BRDA:81,7,0,1
BRDA:81,7,1,1
BRDA:96,8,0,2
BRDA:96,8,1,1
BRDA:121,9,0,1
BRDA:121,9,1,1
BRDA:144,10,0,3
BRDA:144,10,1,3
BRDA:159,11,0,2
BRDA:159,11,1,1
BRF:25
BRH:25
end_of_record
TN:
SF:src\lib\vector-utils.ts
FN:11,generateVectorId
FN:18,generateEmbeddingFromText
FN:36,storeInVectorize
FN:59,storeVectorMetadata
FN:84,createVectorFromTextComplete
FNF:5
FNH:5
FNDA:4,generateVectorId
FNDA:9,generateEmbeddingFromText
FNDA:8,storeInVectorize
FNDA:6,storeVectorMetadata
FNDA:6,createVectorFromTextComplete
DA:12,4
DA:23,9
DA:25,9
DA:26,9
DA:27,1
DA:30,8
DA:44,8
DA:49,8
DA:65,6
DA:66,6
DA:91,6
DA:94,6
DA:96,6
DA:98,6
DA:101,3
DA:102,3
DA:104,3
DA:107,3
DA:108,3
DA:111,3
DA:121,3
DA:122,3
DA:124,3
LF:23
LH:23
BRDA:21,0,0,8
BRDA:26,1,0,1
BRDA:26,1,1,8
BRDA:44,2,0,6
BRDA:44,2,1,2
BRDA:46,3,0,2
BRDA:46,3,1,1
BRDA:94,4,0,6
BRDA:94,4,1,2
BRDA:116,5,0,3
BRDA:116,5,1,1
BRDA:124,6,0,3
BRDA:124,6,1,1
BRF:13
BRH:13
end_of_record
TN:
SF:src\workflows\text-to-vector.ts
FN:32,(anonymous_0)
FN:38,(anonymous_1)
FN:43,(anonymous_2)
FN:50,(anonymous_3)
FN:55,(anonymous_4)
FN:79,(anonymous_5)
FN:92,(anonymous_6)
FNF:7
FNH:7
FNDA:9,(anonymous_0)
FNDA:9,(anonymous_1)
FNDA:7,(anonymous_2)
FNDA:6,(anonymous_3)
FNDA:2,(anonymous_4)
FNDA:4,(anonymous_5)
FNDA:3,(anonymous_6)
DA:33,9
DA:36,9
DA:38,9
DA:39,9
DA:43,7
DA:44,7
DA:49,6
DA:50,6
DA:51,6
DA:55,2
DA:56,2
DA:57,2
DA:59,2
DA:70,2
DA:79,4
DA:80,4
DA:81,4
DA:85,4
DA:92,3
DA:93,3
DA:94,3
DA:96,3
DA:106,3
LF:23
LH:23
BRDA:44,0,0,7
BRDA:44,0,1,5
BRDA:64,1,0,2
BRDA:64,1,1,1
BRDA:98,2,0,3
BRDA:98,2,1,3
BRDA:101,3,0,3
BRDA:101,3,1,1
BRDA:108,4,0,3
BRDA:108,4,1,1
BRF:10
BRH:10
end_of_record
