TN:
SF:src\embeddings.ts
FN:17,(anonymous_0)
FN:55,(anonymous_1)
FN:66,(anonymous_2)
FNF:3
FNH:3
FNDA:11,(anonymous_0)
FNDA:8,(anonymous_1)
FNDA:9,(anonymous_2)
DA:17,6
DA:18,11
DA:19,11
DA:20,11
DA:22,10
DA:27,7
DA:28,7
DA:29,2
DA:32,5
DA:41,6
DA:42,6
DA:43,1
DA:45,5
DA:46,4
DA:48,1
DA:55,6
DA:56,8
DA:57,8
DA:58,8
DA:61,7
DA:62,7
DA:64,7
DA:65,7
DA:66,7
DA:67,9
DA:73,7
DA:74,4
DA:75,6
DA:76,6
DA:77,3
DA:82,4
DA:83,2
DA:86,2
DA:96,6
DA:97,6
DA:98,1
DA:100,5
DA:101,3
DA:103,2
LF:39
LH:39
BRDA:28,0,0,2
BRDA:28,0,1,5
BRDA:42,1,0,1
BRDA:42,1,1,5
BRDA:45,2,0,4
BRDA:45,2,1,1
BRDA:76,3,0,3
BRDA:76,3,1,3
BRDA:82,4,0,2
BRDA:82,4,1,2
BRDA:97,5,0,1
BRDA:97,5,1,5
BRDA:100,6,0,3
BRDA:100,6,1,2
BRF:14
BRH:14
end_of_record
TN:
SF:src\routes.ts
FNF:0
FNH:0
DA:26,5
DA:46,5
DA:97,5
DA:150,5
DA:201,5
DA:251,5
DA:301,5
DA:357,5
DA:410,5
DA:457,5
LF:10
LH:10
BRF:0
BRH:0
end_of_record
TN:
SF:src\schemas.ts
FN:209,(anonymous_0)
FN:215,(anonymous_1)
FN:222,(anonymous_2)
FN:228,(anonymous_3)
FNF:4
FNH:4
FNDA:23,(anonymous_0)
FNDA:17,(anonymous_1)
FNDA:23,(anonymous_2)
FNDA:18,(anonymous_3)
DA:9,6
DA:23,6
DA:37,6
DA:55,6
DA:79,6
DA:91,6
DA:102,6
DA:115,6
DA:136,6
DA:161,6
DA:178,6
DA:198,6
DA:208,6
DA:210,23
DA:211,9
DA:212,9
DA:216,17
DA:217,3
DA:223,23
DA:224,8
DA:225,8
DA:229,18
DA:230,3
DA:240,6
DA:270,6
LF:25
LH:25
BRDA:210,0,0,14
BRDA:210,0,1,9
BRDA:212,1,0,9
BRDA:212,1,1,6
BRDA:212,1,2,4
BRDA:216,2,0,14
BRDA:216,2,1,3
BRDA:223,3,0,15
BRDA:223,3,1,8
BRDA:225,4,0,8
BRDA:225,4,1,4
BRDA:229,5,0,15
BRDA:229,5,1,3
BRF:13
BRH:13
end_of_record
TN:
SF:src\vectors.ts
FN:13,generateId
FN:20,(anonymous_1)
FN:68,(anonymous_2)
FN:90,(anonymous_3)
FN:117,(anonymous_4)
FN:168,(anonymous_5)
FN:176,(anonymous_6)
FN:187,(anonymous_7)
FN:209,(anonymous_8)
FN:224,(anonymous_9)
FN:245,(anonymous_10)
FN:272,(anonymous_11)
FNF:12
FNH:11
FNDA:11,generateId
FNDA:9,(anonymous_1)
FNDA:6,(anonymous_2)
FNDA:6,(anonymous_3)
FNDA:14,(anonymous_4)
FNDA:5,(anonymous_5)
FNDA:6,(anonymous_6)
FNDA:3,(anonymous_7)
FNDA:3,(anonymous_8)
FNDA:4,(anonymous_9)
FNDA:0,(anonymous_10)
FNDA:5,(anonymous_11)
DA:14,11
DA:20,6
DA:21,9
DA:22,9
DA:23,9
DA:24,8
DA:27,8
DA:34,4
DA:35,4
DA:48,4
DA:54,5
DA:55,5
DA:56,1
DA:58,4
DA:59,2
DA:61,2
DA:68,6
DA:69,6
DA:70,6
DA:72,3
DA:73,1
DA:76,2
DA:81,3
DA:82,3
DA:83,3
DA:90,6
DA:91,6
DA:92,6
DA:94,3
DA:95,1
DA:99,2
DA:100,2
DA:102,2
DA:108,3
DA:109,3
DA:110,3
DA:117,6
DA:118,14
DA:119,14
DA:120,14
DA:124,13
DA:125,9
DA:126,4
DA:128,3
DA:132,3
DA:133,3
DA:134,1
DA:136,2
DA:138,1
DA:141,11
DA:146,7
DA:154,6
DA:155,6
DA:156,1
DA:158,5
DA:159,3
DA:161,2
DA:168,6
DA:169,5
DA:170,5
DA:172,5
DA:173,1
DA:176,6
DA:183,4
DA:186,1
DA:187,3
DA:194,1
DA:195,3
DA:205,1
DA:209,3
DA:214,3
DA:215,3
DA:216,3
DA:224,6
DA:225,4
DA:226,4
DA:227,4
DA:229,4
DA:232,4
DA:233,0
DA:236,0
DA:242,0
DA:245,0
DA:258,4
DA:259,4
DA:260,0
DA:262,4
DA:263,3
DA:265,1
DA:272,6
DA:273,5
DA:274,5
DA:275,5
DA:277,4
DA:278,2
DA:281,2
DA:282,2
DA:284,2
DA:293,3
DA:294,3
DA:295,1
DA:297,2
DA:298,1
DA:300,1
LF:104
LH:99
BRDA:24,0,0,8
BRDA:24,0,1,6
BRDA:30,1,0,8
BRDA:30,1,1,6
BRDA:55,2,0,1
BRDA:55,2,1,4
BRDA:58,3,0,2
BRDA:58,3,1,2
BRDA:72,4,0,1
BRDA:72,4,1,2
BRDA:72,5,0,3
BRDA:72,5,1,3
BRDA:82,6,0,1
BRDA:82,6,1,2
BRDA:94,7,0,1
BRDA:94,7,1,2
BRDA:109,8,0,1
BRDA:109,8,1,2
BRDA:124,9,0,9
BRDA:124,9,1,4
BRDA:126,10,0,3
BRDA:126,10,1,1
BRDA:133,11,0,1
BRDA:133,11,1,2
BRDA:155,12,0,1
BRDA:155,12,1,5
BRDA:158,13,0,3
BRDA:158,13,1,2
BRDA:172,14,0,1
BRDA:172,14,1,4
BRDA:172,15,0,5
BRDA:172,15,1,5
BRDA:177,16,0,6
BRDA:177,16,1,5
BRDA:179,17,0,6
BRDA:179,17,1,5
BRDA:215,18,0,1
BRDA:215,18,1,2
BRDA:233,19,0,0
BRDA:233,19,1,0
BRDA:259,20,0,0
BRDA:259,20,1,4
BRDA:262,21,0,3
BRDA:262,21,1,1
BRDA:278,22,0,2
BRDA:278,22,1,1
BRDA:294,23,0,1
BRDA:294,23,1,2
BRDA:297,24,0,1
BRDA:297,24,1,1
BRF:50
BRH:47
end_of_record
TN:
SF:src\db\index.ts
FN:8,createDbClient
FNF:1
FNH:1
FNDA:13,createDbClient
DA:9,13
LF:1
LH:1
BRF:0
BRH:0
end_of_record
